12-09-2022 @ 10:49:26 - ---[ New import started at 2022-12-09 10:49:26 ] PHP Memory: 1 GB, WP Memory: 40 MB
12-09-2022 @ 10:49:26 - Preparing for import.
12-09-2022 @ 10:49:26 - Row :1 - Parsing item.
12-09-2022 @ 10:49:26 - Row :1 - Processing item.
12-09-2022 @ 10:49:26 - Found simple product object. ID:560
12-09-2022 @ 10:49:26 - Setting Featured Image. URL:/wp-content/2022/12/20100087/product_image_1/20100087-1.jpg
12-09-2022 @ 10:49:26 - Unable to use image "/wp-content/2022/12/20100087/product_image_1/20100087-1.jpg".
12-09-2022 @ 10:49:26 - Row :1 - Product updated successfully.
12-09-2022 @ 10:49:26 - Row :2 - Parsing item.
12-09-2022 @ 10:49:26 - Row :2 - Processing item.
12-09-2022 @ 10:49:26 - Found simple product object. ID:561
12-09-2022 @ 10:49:26 - Setting Featured Image. URL:/wp-content/2022/12/20100538/product_image_1/ST1510E_1.jpg
12-09-2022 @ 10:49:26 - Unable to use image "/wp-content/2022/12/20100538/product_image_1/ST1510E_1.jpg".
12-09-2022 @ 10:49:26 - Row :2 - Product updated successfully.
12-09-2022 @ 10:49:26 - Row :3 - Parsing item.
12-09-2022 @ 10:49:26 - Row :3 - Processing item.
12-09-2022 @ 10:49:26 - Found simple product object. ID:562
12-09-2022 @ 10:49:26 - Setting Featured Image. URL:/wp-content/2022/12/20100567/product_image_1/20100567-1.jpg
12-09-2022 @ 10:49:26 - Unable to use image "/wp-content/2022/12/20100567/product_image_1/20100567-1.jpg".
12-09-2022 @ 10:49:26 - Row :3 - Product updated successfully.
12-09-2022 @ 10:49:26 - Row :4 - Parsing item.
12-09-2022 @ 10:49:26 - Row :4 - Processing item.
12-09-2022 @ 10:49:26 - Found simple product object. ID:563
12-09-2022 @ 10:49:26 - Setting Featured Image. URL:/wp-content/2022/12/20100572/product_image_1/EGO Chain Saw_14inch_CS1400E.jpg
12-09-2022 @ 10:49:26 - Unable to use image "/wp-content/2022/12/20100572/product_image_1/EGO Chain Saw_14inch_CS1400E.jpg".
12-09-2022 @ 10:49:26 - Row :4 - Product updated successfully.
12-09-2022 @ 10:49:26 - Row :5 - Parsing item.
12-09-2022 @ 10:49:26 - Row :5 - Processing item.
12-09-2022 @ 10:49:26 - Found simple product object. ID:564
12-09-2022 @ 10:49:26 - Setting Featured Image. URL:/wp-content/2022/12/20100627/product_image_1/20100627-1.jpg
12-09-2022 @ 10:49:26 - Unable to use image "/wp-content/2022/12/20100627/product_image_1/20100627-1.jpg".
12-09-2022 @ 10:49:26 - Row :5 - Product updated successfully.
12-09-2022 @ 10:49:26 - Row :6 - Parsing item.
12-09-2022 @ 10:49:26 - Row :6 - Processing item.
12-09-2022 @ 10:49:26 - Found simple product object. ID:565
12-09-2022 @ 10:49:26 - Setting Featured Image. URL:/wp-content/2022/12/20100629/product_image_1/20100629-1.jpg
12-09-2022 @ 10:49:26 - Unable to use image "/wp-content/2022/12/20100629/product_image_1/20100629-1.jpg".
12-09-2022 @ 10:49:26 - Row :6 - Product updated successfully.
12-09-2022 @ 10:49:26 - Row :7 - Parsing item.
12-09-2022 @ 10:49:26 - Row :7 - Processing item.
12-09-2022 @ 10:49:26 - Found simple product object. ID:566
12-09-2022 @ 10:49:26 - Setting Featured Image. URL:/wp-content/2022/12/20100720/product_image_1/10AMP_EGO_G3_Battery_4P_3DID_CMYK_new1.png
12-09-2022 @ 10:49:26 - Unable to use image "/wp-content/2022/12/20100720/product_image_1/10AMP_EGO_G3_Battery_4P_3DID_CMYK_new1.png".
12-09-2022 @ 10:49:26 - Row :7 - Product updated successfully.
12-09-2022 @ 10:49:26 - Row :8 - Parsing item.
12-09-2022 @ 10:49:26 - Row :8 - Processing item.
12-09-2022 @ 10:49:26 - Found simple product object. ID:567
12-09-2022 @ 10:49:26 - Setting Featured Image. URL:/wp-content/2022/12/20100740/product_image_1/RTA2300_Rotocut attachment_0628_CMYK_new.jpg
12-09-2022 @ 10:49:26 - Unable to use image "/wp-content/2022/12/20100740/product_image_1/RTA2300_Rotocut attachment_0628_CMYK_new.jpg".
12-09-2022 @ 10:49:26 - Row :8 - Product updated successfully.
12-09-2022 @ 10:49:26 - Row :9 - Parsing item.
12-09-2022 @ 10:49:26 - Row :9 - Processing item.
12-09-2022 @ 10:49:26 - Found simple product object. ID:568
12-09-2022 @ 10:49:26 - Setting Featured Image. URL:/wp-content/2022/12/20100748/product_image_1/OSA1000.jpg
12-09-2022 @ 10:49:26 - Unable to use image "/wp-content/2022/12/20100748/product_image_1/OSA1000.jpg".
12-09-2022 @ 10:49:26 - Row :9 - Product updated successfully.
12-09-2022 @ 10:49:26 - Row :10 - Parsing item.
12-09-2022 @ 10:49:26 - Row :10 - Processing item.
12-09-2022 @ 10:49:26 - Found simple product object. ID:569
12-09-2022 @ 10:49:26 - Setting Featured Image. URL:/wp-content/2022/12/20100750/product_image_1/CS1800E_45cm chain saw_0628_cmyk.jpg
12-09-2022 @ 10:49:26 - Unable to use image "/wp-content/2022/12/20100750/product_image_1/CS1800E_45cm chain saw_0628_cmyk.jpg".
12-09-2022 @ 10:49:26 - Row :10 - Product updated successfully.
12-09-2022 @ 10:49:26 - Row :11 - Parsing item.
12-09-2022 @ 10:49:26 - Row :11 - Processing item.
12-09-2022 @ 10:49:26 - Found simple product object. ID:570
12-09-2022 @ 10:49:26 - Setting Featured Image. URL:/wp-content/2022/12/20100755/product_image_1/20100057-1-270x203.jpg
12-09-2022 @ 10:49:26 - Unable to use image "/wp-content/2022/12/20100755/product_image_1/20100057-1-270x203.jpg".
12-09-2022 @ 10:49:26 - Row :11 - Product updated successfully.
12-09-2022 @ 10:49:26 - Row :12 - Parsing item.
12-09-2022 @ 10:49:26 - Row :12 - Processing item.
12-09-2022 @ 10:49:27 - Found simple product object. ID:571
12-09-2022 @ 10:49:27 - Setting Featured Image. URL:/wp-content/2022/12/28700055/product_image_1/28700055-1.jpg
12-09-2022 @ 10:49:27 - Unable to use image "/wp-content/2022/12/28700055/product_image_1/28700055-1.jpg".
12-09-2022 @ 10:49:27 - Row :12 - Product updated successfully.
12-09-2022 @ 10:49:27 - Row :13 - Parsing item.
12-09-2022 @ 10:49:27 - Row :13 - Processing item.
12-09-2022 @ 10:49:27 - Found simple product object. ID:572
12-09-2022 @ 10:49:27 - Setting Featured Image. URL:/wp-content/2022/12/28700087/product_image_1/GV001_EGO Synthetic Work Glove_Hi Res.jpg
12-09-2022 @ 10:49:27 - Unable to use image "/wp-content/2022/12/28700087/product_image_1/GV001_EGO Synthetic Work Glove_Hi Res.jpg".
12-09-2022 @ 10:49:27 - Row :13 - Product updated successfully.
12-09-2022 @ 10:49:27 - Row :14 - Parsing item.
12-09-2022 @ 10:49:27 - Row :14 - Processing item.
12-09-2022 @ 10:49:27 - Found simple product object. ID:573
12-09-2022 @ 10:49:27 - Setting Featured Image. URL:/wp-content/2022/12/28700088/product_image_1/GV001_EGO Synthetic Work Glove_Hi Res.jpg
12-09-2022 @ 10:49:27 - Unable to use image "/wp-content/2022/12/28700088/product_image_1/GV001_EGO Synthetic Work Glove_Hi Res.jpg".
12-09-2022 @ 10:49:27 - Row :14 - Product updated successfully.
12-09-2022 @ 10:49:27 - Row :15 - Parsing item.
12-09-2022 @ 10:49:27 - Row :15 - Processing item.
12-09-2022 @ 10:49:27 - Found simple product object. ID:574
12-09-2022 @ 10:49:27 - Setting Featured Image. URL:/wp-content/2022/12/28700089/product_image_1/GV001_EGO Synthetic Work Glove_Hi Res.jpg
12-09-2022 @ 10:49:27 - Unable to use image "/wp-content/2022/12/28700089/product_image_1/GV001_EGO Synthetic Work Glove_Hi Res.jpg".
12-09-2022 @ 10:49:27 - Row :15 - Product updated successfully.
12-09-2022 @ 10:49:27 - Row :16 - Parsing item.
12-09-2022 @ 10:49:27 - Row :16 - Processing item.
12-09-2022 @ 10:49:27 - Found simple product object. ID:575
12-09-2022 @ 10:49:27 - Setting Featured Image. URL:/wp-content/2022/12/28700098/product_image_1/GV001_EGO Synthetic Work Glove_Hi Res.jpg
12-09-2022 @ 10:49:27 - Unable to use image "/wp-content/2022/12/28700098/product_image_1/GV001_EGO Synthetic Work Glove_Hi Res.jpg".
12-09-2022 @ 10:49:27 - Row :16 - Product updated successfully.
12-09-2022 @ 10:49:27 - Row :17 - Parsing item.
12-09-2022 @ 10:49:27 - Row :17 - Processing item.
12-09-2022 @ 10:49:27 - Found simple product object. ID:576
12-09-2022 @ 10:49:27 - Setting Featured Image. URL:/wp-content/2022/12/28700099/product_image_1/AHP1500 hip pad-2_1129_cmyk.jpg
12-09-2022 @ 10:49:27 - Unable to use image "/wp-content/2022/12/28700099/product_image_1/AHP1500 hip pad-2_1129_cmyk.jpg".
12-09-2022 @ 10:49:27 - Row :17 - Product updated successfully.
12-09-2022 @ 10:49:27 - Row :18 - Parsing item.
12-09-2022 @ 10:49:27 - Row :18 - Processing item.
12-09-2022 @ 10:49:27 - Found simple product object. ID:577
12-09-2022 @ 10:49:27 - Setting Featured Image. URL:/wp-content/2022/12/28700103/product_image_1/ang600r.jpg
12-09-2022 @ 10:49:27 - Unable to use image "/wp-content/2022/12/28700103/product_image_1/ang600r.jpg".
12-09-2022 @ 10:49:27 - Row :18 - Product updated successfully.
12-09-2022 @ 10:49:27 - Row :19 - Parsing item.
12-09-2022 @ 10:49:27 - Row :19 - Processing item.
12-09-2022 @ 10:49:27 - Found simple product object. ID:578
12-09-2022 @ 10:49:27 - Setting Featured Image. URL:/wp-content/2022/12/28700104/product_image_1/ang000f.jpg
12-09-2022 @ 10:49:27 - Unable to use image "/wp-content/2022/12/28700104/product_image_1/ang000f.jpg".
12-09-2022 @ 10:49:27 - Row :19 - Product updated successfully.
12-09-2022 @ 10:49:27 - Row :20 - Parsing item.
12-09-2022 @ 10:49:27 - Row :20 - Processing item.
12-09-2022 @ 10:49:27 - Found simple product object. ID:579
12-09-2022 @ 10:49:27 - Setting Featured Image. URL:/wp-content/2022/12/28700105/product_image_1/ant6002.jpg
12-09-2022 @ 10:49:27 - Unable to use image "/wp-content/2022/12/28700105/product_image_1/ant6002.jpg".
12-09-2022 @ 10:49:27 - Row :20 - Product updated successfully.
12-09-2022 @ 10:49:28 - Preparing for import.
12-09-2022 @ 10:49:28 - Row :21 - Parsing item.
12-09-2022 @ 10:49:28 - Row :21 - Processing item.
12-09-2022 @ 10:49:28 - Found simple product object. ID:580
12-09-2022 @ 10:49:28 - Setting Featured Image. URL:/wp-content/2022/12/28700106/product_image_1/afh1500.jpg
12-09-2022 @ 10:49:28 - Unable to use image "/wp-content/2022/12/28700106/product_image_1/afh1500.jpg".
12-09-2022 @ 10:49:28 - Row :21 - Product updated successfully.
12-09-2022 @ 10:49:28 - Row :22 - Parsing item.
12-09-2022 @ 10:49:28 - Row :22 - Processing item.
12-09-2022 @ 10:49:28 - Found simple product object. ID:581
12-09-2022 @ 10:49:28 - Setting Featured Image. URL:/wp-content/2022/12/28700108/product_image_1/ach1500.jpg
12-09-2022 @ 10:49:28 - Unable to use image "/wp-content/2022/12/28700108/product_image_1/ach1500.jpg".
12-09-2022 @ 10:49:28 - Row :22 - Product updated successfully.
12-09-2022 @ 10:49:28 - Row :23 - Parsing item.
12-09-2022 @ 10:49:28 - Row :23 - Processing item.
12-09-2022 @ 10:49:28 - Found simple product object. ID:582
12-09-2022 @ 10:49:28 - Setting Featured Image. URL:/wp-content/2022/12/28700109/product_image_1/AWH1500-1_cmyk.jpg
12-09-2022 @ 10:49:28 - Unable to use image "/wp-content/2022/12/28700109/product_image_1/AWH1500-1_cmyk.jpg".
12-09-2022 @ 10:49:28 - Row :23 - Product updated successfully.
12-09-2022 @ 10:49:28 - Row :24 - Parsing item.
12-09-2022 @ 10:49:28 - Row :24 - Processing item.
12-09-2022 @ 10:49:28 - Found simple product object. ID:583
12-09-2022 @ 10:49:28 - Setting Featured Image. URL:/wp-content/2022/12/28700120/product_image_1/28700120-1.jpg
12-09-2022 @ 10:49:28 - Unable to use image "/wp-content/2022/12/28700120/product_image_1/28700120-1.jpg".
12-09-2022 @ 10:49:28 - Row :24 - Product updated successfully.
12-09-2022 @ 10:49:28 - Row :25 - Parsing item.
12-09-2022 @ 10:49:28 - Row :25 - Processing item.
12-09-2022 @ 10:49:28 - Found simple product object. ID:584
12-09-2022 @ 10:49:28 - Setting Featured Image. URL:/wp-content/2022/12/28700125/product_image_1/abt3800.jpg
12-09-2022 @ 10:49:28 - Unable to use image "/wp-content/2022/12/28700125/product_image_1/abt3800.jpg".
12-09-2022 @ 10:49:28 - Row :25 - Product updated successfully.
12-09-2022 @ 10:49:28 - Row :26 - Parsing item.
12-09-2022 @ 10:49:28 - Row :26 - Processing item.
12-09-2022 @ 10:49:28 - Found simple product object. ID:585
12-09-2022 @ 10:49:28 - Setting Featured Image. URL:/wp-content/2022/12/28700134/product_image_1/ABP1700.jpg
12-09-2022 @ 10:49:28 - Unable to use image "/wp-content/2022/12/28700134/product_image_1/ABP1700.jpg".
12-09-2022 @ 10:49:28 - Row :26 - Product updated successfully.
12-09-2022 @ 10:49:28 - Row :27 - Parsing item.
12-09-2022 @ 10:49:28 - Row :27 - Processing item.
12-09-2022 @ 10:49:28 - Found simple product object. ID:586
12-09-2022 @ 10:49:28 - Setting Featured Image. URL:/wp-content/2022/12/28700135/product_image_1/28700135-1.jpg
12-09-2022 @ 10:49:28 - Unable to use image "/wp-content/2022/12/28700135/product_image_1/28700135-1.jpg".
12-09-2022 @ 10:49:28 - Row :27 - Product updated successfully.
12-09-2022 @ 10:49:28 - Row :28 - Parsing item.
12-09-2022 @ 10:49:28 - Row :28 - Processing item.
12-09-2022 @ 10:49:28 - Found simple product object. ID:587
12-09-2022 @ 10:49:28 - Setting Featured Image. URL:/wp-content/2022/12/28700136/product_image_1/ABP1700.jpg
12-09-2022 @ 10:49:28 - Unable to use image "/wp-content/2022/12/28700136/product_image_1/ABP1700.jpg".
12-09-2022 @ 10:49:28 - Row :28 - Product updated successfully.
12-09-2022 @ 10:49:28 - Row :29 - Parsing item.
12-09-2022 @ 10:49:28 - Row :29 - Processing item.
12-09-2022 @ 10:49:28 - Found simple product object. ID:588
12-09-2022 @ 10:49:28 - Setting Featured Image. URL:/wp-content/2022/12/28700140/product_image_1/an5801.jpg
12-09-2022 @ 10:49:28 - Unable to use image "/wp-content/2022/12/28700140/product_image_1/an5801.jpg".
12-09-2022 @ 10:49:28 - Row :29 - Product updated successfully.
12-09-2022 @ 10:49:28 - Row :30 - Parsing item.
12-09-2022 @ 10:49:28 - Row :30 - Processing item.
12-09-2022 @ 10:49:28 - Found simple product object. ID:589
12-09-2022 @ 10:49:28 - Setting Featured Image. URL:/wp-content/2022/12/28700142/product_image_1/mulchmes 1700 1900.jpg
12-09-2022 @ 10:49:28 - Unable to use image "/wp-content/2022/12/28700142/product_image_1/mulchmes 1700 1900.jpg".
12-09-2022 @ 10:49:28 - Row :30 - Product updated successfully.
12-09-2022 @ 10:49:28 - Row :31 - Parsing item.
12-09-2022 @ 10:49:28 - Row :31 - Processing item.
12-09-2022 @ 10:49:28 - Found simple product object. ID:590
12-09-2022 @ 10:49:28 - Setting Featured Image. URL:/wp-content/2022/12/28700144/product_image_1/mulchmes 1700 1900.jpg
12-09-2022 @ 10:49:28 - Unable to use image "/wp-content/2022/12/28700144/product_image_1/mulchmes 1700 1900.jpg".
12-09-2022 @ 10:49:28 - Row :31 - Product updated successfully.
12-09-2022 @ 10:49:28 - Row :32 - Parsing item.
12-09-2022 @ 10:49:28 - Row :32 - Processing item.
12-09-2022 @ 10:49:28 - Found simple product object. ID:591
12-09-2022 @ 10:49:28 - Setting Featured Image. URL:/wp-content/2022/12/28700146/product_image_1/ABR2300.jpg
12-09-2022 @ 10:49:28 - Unable to use image "/wp-content/2022/12/28700146/product_image_1/ABR2300.jpg".
12-09-2022 @ 10:49:28 - Row :32 - Product updated successfully.
12-09-2022 @ 10:49:28 - Row :33 - Parsing item.
12-09-2022 @ 10:49:28 - Row :33 - Processing item.
12-09-2022 @ 10:49:28 - Found simple product object. ID:592
12-09-2022 @ 10:49:28 - Setting Featured Image. URL:/wp-content/2022/12/28700147/product_image_1/acb9500.jpg
12-09-2022 @ 10:49:28 - Unable to use image "/wp-content/2022/12/28700147/product_image_1/acb9500.jpg".
12-09-2022 @ 10:49:28 - Row :33 - Product updated successfully.
12-09-2022 @ 10:49:28 - Row :34 - Parsing item.
12-09-2022 @ 10:49:28 - Row :34 - Processing item.
12-09-2022 @ 10:49:28 - Found simple product object. ID:593
12-09-2022 @ 10:49:28 - Setting Featured Image. URL:/wp-content/2022/12/28700148/product_image_1/abs2100 set.jpg
12-09-2022 @ 10:49:28 - Unable to use image "/wp-content/2022/12/28700148/product_image_1/abs2100 set.jpg".
12-09-2022 @ 10:49:28 - Row :34 - Product updated successfully.
12-09-2022 @ 10:49:28 - Row :35 - Parsing item.
12-09-2022 @ 10:49:28 - Row :35 - Processing item.
12-09-2022 @ 10:49:28 - Found simple product object. ID:594
12-09-2022 @ 10:49:28 - Setting Featured Image. URL:/wp-content/2022/12/28700150/product_image_1/AC1400_CS1400E.jpg
12-09-2022 @ 10:49:28 - Unable to use image "/wp-content/2022/12/28700150/product_image_1/AC1400_CS1400E.jpg".
12-09-2022 @ 10:49:28 - Row :35 - Product updated successfully.
12-09-2022 @ 10:49:28 - Row :36 - Parsing item.
12-09-2022 @ 10:49:28 - Row :36 - Processing item.
12-09-2022 @ 10:49:28 - Found simple product object. ID:595
12-09-2022 @ 10:49:28 - Setting Featured Image. URL:/wp-content/2022/12/28700151/product_image_1/AG1400_EGO ChainSaw Guide Bar_.png
12-09-2022 @ 10:49:28 - Unable to use image "/wp-content/2022/12/28700151/product_image_1/AG1400_EGO ChainSaw Guide Bar_.png".
12-09-2022 @ 10:49:28 - Row :36 - Product updated successfully.
12-09-2022 @ 10:49:28 - Row :37 - Parsing item.
12-09-2022 @ 10:49:28 - Row :37 - Processing item.
12-09-2022 @ 10:49:28 - Found simple product object. ID:596
12-09-2022 @ 10:49:28 - Setting Featured Image. URL:/wp-content/2022/12/28700152/product_image_1/BBOX2550_1.png
12-09-2022 @ 10:49:28 - Unable to use image "/wp-content/2022/12/28700152/product_image_1/BBOX2550_1.png".
12-09-2022 @ 10:49:28 - Row :37 - Product updated successfully.
12-09-2022 @ 10:49:28 - Row :38 - Parsing item.
12-09-2022 @ 10:49:28 - Row :38 - Processing item.
12-09-2022 @ 10:49:28 - Found simple product object. ID:597
12-09-2022 @ 10:49:28 - Setting Featured Image. URL:/wp-content/2022/12/28700153/product_image_1/bbox3000.png
12-09-2022 @ 10:49:28 - Unable to use image "/wp-content/2022/12/28700153/product_image_1/bbox3000.png".
12-09-2022 @ 10:49:28 - Row :38 - Product updated successfully.
12-09-2022 @ 10:49:28 - Row :39 - Parsing item.
12-09-2022 @ 10:49:28 - Row :39 - Processing item.
12-09-2022 @ 10:49:28 - Found simple product object. ID:598
12-09-2022 @ 10:49:28 - Setting Featured Image. URL:/wp-content/2022/12/28700154/product_image_1/GV001_EGO Synthetic Work Glove_Hi Res.jpg
12-09-2022 @ 10:49:28 - Unable to use image "/wp-content/2022/12/28700154/product_image_1/GV001_EGO Synthetic Work Glove_Hi Res.jpg".
12-09-2022 @ 10:49:28 - Row :39 - Product updated successfully.
12-09-2022 @ 10:49:28 - Row :40 - Parsing item.
12-09-2022 @ 10:49:28 - Row :40 - Processing item.
12-09-2022 @ 10:49:28 - Found simple product object. ID:599
12-09-2022 @ 10:49:28 - Setting Featured Image. URL:/wp-content/2022/12/28700155/product_image_1/arb2100.jpg
12-09-2022 @ 10:49:28 - Unable to use image "/wp-content/2022/12/28700155/product_image_1/arb2100.jpg".
12-09-2022 @ 10:49:28 - Row :40 - Product updated successfully.
12-09-2022 @ 10:49:29 - Preparing for import.
12-09-2022 @ 10:49:29 - Row :41 - Parsing item.
12-09-2022 @ 10:49:29 - Row :41 - Processing item.
12-09-2022 @ 10:49:29 - Found simple product object. ID:600
12-09-2022 @ 10:49:29 - Setting Featured Image. URL:/wp-content/2022/12/28700160/product_image_1/AGC1001.jpg
12-09-2022 @ 10:49:29 - Unable to use image "/wp-content/2022/12/28700160/product_image_1/AGC1001.jpg".
12-09-2022 @ 10:49:29 - Row :41 - Product updated successfully.
12-09-2022 @ 10:49:29 - Row :42 - Parsing item.
12-09-2022 @ 10:49:29 - Row :42 - Processing item.
12-09-2022 @ 10:49:29 - Found simple product object. ID:601
12-09-2022 @ 10:49:29 - Setting Featured Image. URL:/wp-content/2022/12/28700165/product_image_1/AR1900.jpg
12-09-2022 @ 10:49:29 - Unable to use image "/wp-content/2022/12/28700165/product_image_1/AR1900.jpg".
12-09-2022 @ 10:49:29 - Row :42 - Product updated successfully.
12-09-2022 @ 10:49:29 - Row :43 - Parsing item.
12-09-2022 @ 10:49:29 - Row :43 - Processing item.
12-09-2022 @ 10:49:29 - Found simple product object. ID:602
12-09-2022 @ 10:49:29 - Setting Featured Image. URL:/wp-content/2022/12/28700170/product_image_1/AR1900.jpg
12-09-2022 @ 10:49:29 - Unable to use image "/wp-content/2022/12/28700170/product_image_1/AR1900.jpg".
12-09-2022 @ 10:49:29 - Row :43 - Product updated successfully.
12-09-2022 @ 10:49:29 - Row :44 - Parsing item.
12-09-2022 @ 10:49:29 - Row :44 - Processing item.
12-09-2022 @ 10:49:29 - Found simple product object. ID:603
12-09-2022 @ 10:49:29 - Setting Featured Image. URL:/wp-content/2022/12/20100745/product_image_1/bba2100.jpg
12-09-2022 @ 10:49:29 - Unable to use image "/wp-content/2022/12/20100745/product_image_1/bba2100.jpg".
12-09-2022 @ 10:49:29 - Row :44 - Product updated successfully.
12-09-2022 @ 10:49:29 - Row :45 - Parsing item.
12-09-2022 @ 10:49:29 - Row :45 - Processing item.
12-09-2022 @ 10:49:29 - Found simple product object. ID:604
12-09-2022 @ 10:49:29 - Row :45 - Product updated successfully.
12-09-2022 @ 10:49:29 - Row :46 - Parsing item.
12-09-2022 @ 10:49:29 - Row :46 - Processing item.
12-09-2022 @ 10:49:29 - Found simple product object. ID:605
12-09-2022 @ 10:49:29 - Row :46 - Product updated successfully.
12-09-2022 @ 10:49:29 - Row :47 - Parsing item.
12-09-2022 @ 10:49:29 - Row :47 - Processing item.
12-09-2022 @ 10:49:29 - Found simple product object. ID:606
12-09-2022 @ 10:49:29 - Row :47 - Product updated successfully.
12-09-2022 @ 10:49:29 - Row :48 - Parsing item.
12-09-2022 @ 10:49:29 - Row :48 - Processing item.
12-09-2022 @ 10:49:29 - Found simple product object. ID:607
12-09-2022 @ 10:49:29 - Row :48 - Product updated successfully.
12-09-2022 @ 10:49:29 - Row :49 - Parsing item.
12-09-2022 @ 10:49:29 - Row :49 - Processing item.
12-09-2022 @ 10:49:29 - Found simple product object. ID:608
12-09-2022 @ 10:49:29 - Row :49 - Product updated successfully.
12-09-2022 @ 10:49:29 - Row :50 - Parsing item.
12-09-2022 @ 10:49:29 - Row :50 - Processing item.
12-09-2022 @ 10:49:29 - Found simple product object. ID:609
12-09-2022 @ 10:49:29 - Row :50 - Product updated successfully.
12-09-2022 @ 10:49:29 - Row :51 - Parsing item.
12-09-2022 @ 10:49:29 - Row :51 - Processing item.
12-09-2022 @ 10:49:29 - Found simple product object. ID:610
12-09-2022 @ 10:49:29 - Row :51 - Product updated successfully.
12-09-2022 @ 10:49:29 - Row :52 - Parsing item.
12-09-2022 @ 10:49:29 - Row :52 - Processing item.
12-09-2022 @ 10:49:29 - Found simple product object. ID:611
12-09-2022 @ 10:49:29 - Row :52 - Product updated successfully.
12-09-2022 @ 10:49:29 - Row :53 - Parsing item.
12-09-2022 @ 10:49:29 - Row :53 - Processing item.
12-09-2022 @ 10:49:29 - Found simple product object. ID:612
12-09-2022 @ 10:49:29 - Row :53 - Product updated successfully.
12-09-2022 @ 10:49:29 - Row :54 - Parsing item.
12-09-2022 @ 10:49:29 - Row :54 - Processing item.
12-09-2022 @ 10:49:29 - Found simple product object. ID:613
12-09-2022 @ 10:49:29 - Row :54 - Product updated successfully.
12-09-2022 @ 10:49:29 - Row :55 - Parsing item.
12-09-2022 @ 10:49:29 - Row :55 - Processing item.
12-09-2022 @ 10:49:29 - Found simple product object. ID:614
12-09-2022 @ 10:49:29 - Row :55 - Product updated successfully.
12-09-2022 @ 10:49:29 - Row :56 - Parsing item.
12-09-2022 @ 10:49:29 - Row :56 - Processing item.
12-09-2022 @ 10:49:29 - Found simple product object. ID:615
12-09-2022 @ 10:49:29 - Setting Featured Image. URL:/wp-content/2022/12/20100801/product_image_1/LM2135E-SP_Hero.png
12-09-2022 @ 10:49:29 - Unable to use image "/wp-content/2022/12/20100801/product_image_1/LM2135E-SP_Hero.png".
12-09-2022 @ 10:49:29 - Row :56 - Product updated successfully.
12-09-2022 @ 10:49:29 - Row :57 - Parsing item.
12-09-2022 @ 10:49:29 - Row :57 - Processing item.
12-09-2022 @ 10:49:29 - Found simple product object. ID:616
12-09-2022 @ 10:49:29 - Setting Featured Image. URL:/wp-content/2022/12/20100802/product_image_1/BA2240T_Hero.png
12-09-2022 @ 10:49:29 - Unable to use image "/wp-content/2022/12/20100802/product_image_1/BA2240T_Hero.png".
12-09-2022 @ 10:49:29 - Row :57 - Product updated successfully.
12-09-2022 @ 10:49:29 - Row :58 - Parsing item.
12-09-2022 @ 10:49:29 - Row :58 - Processing item.
12-09-2022 @ 10:49:29 - Found simple product object. ID:617
12-09-2022 @ 10:49:29 - Setting Featured Image. URL:/wp-content/2022/12/20100803/product_image_1/PAD1501E_1_BS.png
12-09-2022 @ 10:49:29 - Unable to use image "/wp-content/2022/12/20100803/product_image_1/PAD1501E_1_BS.png".
12-09-2022 @ 10:49:29 - Row :58 - Product updated successfully.
12-09-2022 @ 10:49:29 - Row :59 - Parsing item.
12-09-2022 @ 10:49:29 - Row :59 - Processing item.
12-09-2022 @ 10:49:29 - Found simple product object. ID:618
12-09-2022 @ 10:49:29 - Setting Featured Image. URL:/wp-content/2022/12/20100804/product_image_1/ST1401E-ST_Hero.png
12-09-2022 @ 10:49:29 - Unable to use image "/wp-content/2022/12/20100804/product_image_1/ST1401E-ST_Hero.png".
12-09-2022 @ 10:49:29 - Row :59 - Product updated successfully.
12-09-2022 @ 10:49:29 - Row :60 - Parsing item.
12-09-2022 @ 10:49:29 - Row :60 - Processing item.
12-09-2022 @ 10:49:29 - Found simple product object. ID:619
12-09-2022 @ 10:49:29 - Setting Featured Image. URL:/wp-content/2022/12/20100805/product_image_1/CSX3000_3.png
12-09-2022 @ 10:49:29 - Unable to use image "/wp-content/2022/12/20100805/product_image_1/CSX3000_3.png".
12-09-2022 @ 10:49:29 - Row :60 - Product updated successfully.
12-09-2022 @ 10:49:30 - Preparing for import.
12-09-2022 @ 10:49:30 - Row :61 - Parsing item.
12-09-2022 @ 10:49:30 - Row :61 - Processing item.
12-09-2022 @ 10:49:30 - Found simple product object. ID:620
12-09-2022 @ 10:49:30 - Setting Featured Image. URL:/wp-content/2022/12/20100806/product_image_1/ST1401E-ST_Hero.png
12-09-2022 @ 10:49:30 - Unable to use image "/wp-content/2022/12/20100806/product_image_1/ST1401E-ST_Hero.png".
12-09-2022 @ 10:49:30 - Row :61 - Product updated successfully.
12-09-2022 @ 10:49:30 - Row :62 - Parsing item.
12-09-2022 @ 10:49:30 - Row :62 - Processing item.
12-09-2022 @ 10:49:30 - Found simple product object. ID:621
12-09-2022 @ 10:49:30 - Setting Featured Image. URL:/wp-content/2022/12/20100807/product_image_1/PAD1500E_Hero_VDE.png
12-09-2022 @ 10:49:30 - Unable to use image "/wp-content/2022/12/20100807/product_image_1/PAD1500E_Hero_VDE.png".
12-09-2022 @ 10:49:30 - Row :62 - Product updated successfully.
12-09-2022 @ 10:49:30 - Row :63 - Parsing item.
12-09-2022 @ 10:49:30 - Row :63 - Processing item.
12-09-2022 @ 10:49:30 - Found simple product object. ID:622
12-09-2022 @ 10:49:30 - Setting Featured Image. URL:/wp-content/2022/12/20100808/product_image_1/PTX5100_2-min.jpg
12-09-2022 @ 10:49:30 - Unable to use image "/wp-content/2022/12/20100808/product_image_1/PTX5100_2-min.jpg".
12-09-2022 @ 10:49:30 - Row :63 - Product updated successfully.
12-09-2022 @ 10:49:30 - Row :64 - Parsing item.
12-09-2022 @ 10:49:30 - Row :64 - Processing item.
12-09-2022 @ 10:49:30 - Found simple product object. ID:623
12-09-2022 @ 10:49:30 - Setting Featured Image. URL:/wp-content/2022/12/20100809/product_image_1/PSX2500_2-min.jpg
12-09-2022 @ 10:49:30 - Unable to use image "/wp-content/2022/12/20100809/product_image_1/PSX2500_2-min.jpg".
12-09-2022 @ 10:49:30 - Row :64 - Product updated successfully.
12-09-2022 @ 10:49:30 - Row :65 - Parsing item.
12-09-2022 @ 10:49:30 - Row :65 - Processing item.
12-09-2022 @ 10:49:30 - Found simple product object. ID:624
12-09-2022 @ 10:49:30 - Setting Featured Image. URL:/wp-content/2022/12/20100810/product_image_1/PTX5100_1-min.jpg
12-09-2022 @ 10:49:30 - Unable to use image "/wp-content/2022/12/20100810/product_image_1/PTX5100_1-min.jpg".
12-09-2022 @ 10:49:30 - Row :65 - Product updated successfully.
12-09-2022 @ 10:49:30 - Row :66 - Parsing item.
12-09-2022 @ 10:49:30 - Row :66 - Processing item.
12-09-2022 @ 10:49:30 - Found simple product object. ID:625
12-09-2022 @ 10:49:30 - Setting Featured Image. URL:/wp-content/2022/12/20100811/product_image_1/PTX5100_6-min.jpg
12-09-2022 @ 10:49:30 - Unable to use image "/wp-content/2022/12/20100811/product_image_1/PTX5100_6-min.jpg".
12-09-2022 @ 10:49:30 - Row :66 - Product updated successfully.
12-09-2022 @ 10:49:30 - Row :67 - Parsing item.
12-09-2022 @ 10:49:30 - Row :67 - Processing item.
12-09-2022 @ 10:49:30 - Found simple product object. ID:626
12-09-2022 @ 10:49:30 - Setting Featured Image. URL:/wp-content/2022/12/20100815/product_image_1/HT2001E.png
12-09-2022 @ 10:49:30 - Unable to use image "/wp-content/2022/12/20100815/product_image_1/HT2001E.png".
12-09-2022 @ 10:49:30 - Row :67 - Product updated successfully.
12-09-2022 @ 10:49:30 - Row :68 - Parsing item.
12-09-2022 @ 10:49:30 - Row :68 - Processing item.
12-09-2022 @ 10:49:30 - Found simple product object. ID:627
12-09-2022 @ 10:49:30 - Setting Featured Image. URL:/wp-content/2022/12/20100820/product_image_1/ST1300E-S.png
12-09-2022 @ 10:49:30 - Unable to use image "/wp-content/2022/12/20100820/product_image_1/ST1300E-S.png".
12-09-2022 @ 10:49:30 - Row :68 - Product updated successfully.
12-09-2022 @ 10:49:30 - Row :69 - Parsing item.
12-09-2022 @ 10:49:30 - Row :69 - Processing item.
12-09-2022 @ 10:49:30 - Found simple product object. ID:628
12-09-2022 @ 10:49:30 - Setting Featured Image. URL:/wp-content/2022/12/20100825/product_image_1/ST1300E-S.png
12-09-2022 @ 10:49:30 - Unable to use image "/wp-content/2022/12/20100825/product_image_1/ST1300E-S.png".
12-09-2022 @ 10:49:30 - Row :69 - Product updated successfully.
12-09-2022 @ 10:49:30 - Row :70 - Parsing item.
12-09-2022 @ 10:49:30 - Row :70 - Processing item.
12-09-2022 @ 10:49:30 - Found simple product object. ID:629
12-09-2022 @ 10:49:30 - Setting Featured Image. URL:/wp-content/2022/12/20100830/product_image_1/CSX3000_3.png
12-09-2022 @ 10:49:30 - Unable to use image "/wp-content/2022/12/20100830/product_image_1/CSX3000_3.png".
12-09-2022 @ 10:49:30 - Row :70 - Product updated successfully.
12-09-2022 @ 10:49:30 - Row :71 - Parsing item.
12-09-2022 @ 10:49:30 - Row :71 - Processing item.
12-09-2022 @ 10:49:30 - Found simple product object. ID:630
12-09-2022 @ 10:49:30 - Setting Featured Image. URL:/wp-content/2022/12/20100835/product_image_1/RTA2300_1.png
12-09-2022 @ 10:49:30 - Unable to use image "/wp-content/2022/12/20100835/product_image_1/RTA2300_1.png".
12-09-2022 @ 10:49:30 - Row :71 - Product updated successfully.
12-09-2022 @ 10:49:30 - Row :72 - Parsing item.
12-09-2022 @ 10:49:30 - Row :72 - Processing item.
12-09-2022 @ 10:49:30 - Found simple product object. ID:631
12-09-2022 @ 10:49:30 - Setting Featured Image. URL:/wp-content/2022/12/20100812/product_image_1/HT2410_1.png
12-09-2022 @ 10:49:30 - Unable to use image "/wp-content/2022/12/20100812/product_image_1/HT2410_1.png".
12-09-2022 @ 10:49:30 - Row :72 - Product updated successfully.
12-09-2022 @ 10:49:30 - Row :73 - Parsing item.
12-09-2022 @ 10:49:30 - Row :73 - Processing item.
12-09-2022 @ 10:49:30 - Found simple product object. ID:632
12-09-2022 @ 10:49:30 - Row :73 - Product updated successfully.
12-09-2022 @ 10:49:30 - Row :74 - Parsing item.
12-09-2022 @ 10:49:30 - Row :74 - Processing item.
12-09-2022 @ 10:49:30 - Found simple product object. ID:633
12-09-2022 @ 10:49:30 - Setting Featured Image. URL:/wp-content/2022/12/20100813/product_image_1/sneeuwfrees uit folder.jpg
12-09-2022 @ 10:49:30 - Unable to use image "/wp-content/2022/12/20100813/product_image_1/sneeuwfrees uit folder.jpg".
12-09-2022 @ 10:49:30 - Row :74 - Product updated successfully.
12-09-2022 @ 10:49:30 - Row :75 - Parsing item.
12-09-2022 @ 10:49:30 - Row :75 - Processing item.
12-09-2022 @ 10:49:30 - Found simple product object. ID:634
12-09-2022 @ 10:49:31 - Row :75 - Product updated successfully.
12-09-2022 @ 10:49:31 - Row :76 - Parsing item.
12-09-2022 @ 10:49:31 - Row :76 - Processing item.
12-09-2022 @ 10:49:31 - Found simple product object. ID:635
12-09-2022 @ 10:49:31 - Setting Featured Image. URL:/wp-content/2022/12/28700185/product_image_1/abp2100e.png
12-09-2022 @ 10:49:31 - Unable to use image "/wp-content/2022/12/28700185/product_image_1/abp2100e.png".
12-09-2022 @ 10:49:31 - Row :76 - Product updated successfully.
12-09-2022 @ 10:49:31 - Row :77 - Parsing item.
12-09-2022 @ 10:49:31 - Row :77 - Processing item.
12-09-2022 @ 10:49:31 - Found simple product object. ID:636
12-09-2022 @ 10:49:31 - Setting Featured Image. URL:/wp-content/2022/12/28700186/product_image_1/CM001_Hero.png
12-09-2022 @ 10:49:31 - Unable to use image "/wp-content/2022/12/28700186/product_image_1/CM001_Hero.png".
12-09-2022 @ 10:49:31 - Row :77 - Product updated successfully.
12-09-2022 @ 10:49:31 - Row :78 - Parsing item.
12-09-2022 @ 10:49:31 - Row :78 - Processing item.
12-09-2022 @ 10:49:31 - Found simple product object. ID:637
12-09-2022 @ 10:49:31 - Setting Featured Image. URL:/wp-content/2022/12/28700188/product_image_1/AH1520.jpg
12-09-2022 @ 10:49:31 - Unable to use image "/wp-content/2022/12/28700188/product_image_1/AH1520.jpg".
12-09-2022 @ 10:49:31 - Row :78 - Product updated successfully.
12-09-2022 @ 10:49:31 - Row :79 - Parsing item.
12-09-2022 @ 10:49:31 - Row :79 - Processing item.
12-09-2022 @ 10:49:31 - Found simple product object. ID:638
12-09-2022 @ 10:49:31 - Row :79 - Product updated successfully.
12-09-2022 @ 10:49:31 - Row :80 - Parsing item.
12-09-2022 @ 10:49:31 - Row :80 - Processing item.
12-09-2022 @ 10:49:31 - Found simple product object. ID:639
12-09-2022 @ 10:49:31 - Row :80 - Product updated successfully.
12-09-2022 @ 10:49:31 - Preparing for import.
12-09-2022 @ 10:49:31 - Row :81 - Parsing item.
12-09-2022 @ 10:49:31 - Row :81 - Processing item.
12-09-2022 @ 10:49:31 - Found simple product object. ID:640
12-09-2022 @ 10:49:31 - Row :81 - Product updated successfully.
12-09-2022 @ 10:49:31 - Row :82 - Parsing item.
12-09-2022 @ 10:49:31 - Row :82 - Processing item.
12-09-2022 @ 10:49:31 - Found simple product object. ID:641
12-09-2022 @ 10:49:31 - Row :82 - Product updated successfully.
12-09-2022 @ 10:49:31 - Row :83 - Parsing item.
12-09-2022 @ 10:49:31 - Row :83 - Processing item.
12-09-2022 @ 10:49:31 - Found simple product object. ID:642
12-09-2022 @ 10:49:32 - Row :83 - Product updated successfully.
12-09-2022 @ 10:49:32 - Row :84 - Parsing item.
12-09-2022 @ 10:49:32 - Row :84 - Processing item.
12-09-2022 @ 10:49:32 - Found simple product object. ID:643
12-09-2022 @ 10:49:32 - Setting Featured Image. URL:/wp-content/2022/12/28700193/product_image_1/AG1200.jpg
12-09-2022 @ 10:49:32 - Unable to use image "/wp-content/2022/12/28700193/product_image_1/AG1200.jpg".
12-09-2022 @ 10:49:32 - Row :84 - Product updated successfully.
12-09-2022 @ 10:49:32 - Row :85 - Parsing item.
12-09-2022 @ 10:49:32 - Row :85 - Processing item.
12-09-2022 @ 10:49:32 - Found simple product object. ID:644
12-09-2022 @ 10:49:32 - Setting Featured Image. URL:/wp-content/2022/12/28700194/product_image_1/ABH3001_Hero.png
12-09-2022 @ 10:49:32 - Unable to use image "/wp-content/2022/12/28700194/product_image_1/ABH3001_Hero.png".
12-09-2022 @ 10:49:32 - Row :85 - Product updated successfully.
12-09-2022 @ 10:49:32 - Row :86 - Parsing item.
12-09-2022 @ 10:49:32 - Row :86 - Processing item.
12-09-2022 @ 10:49:32 - Found simple product object. ID:645
12-09-2022 @ 10:49:32 - Setting Featured Image. URL:/wp-content/2022/12/28700110/product_image_1/28700110-1.jpg
12-09-2022 @ 10:49:32 - Unable to use image "/wp-content/2022/12/28700110/product_image_1/28700110-1.jpg".
12-09-2022 @ 10:49:32 - Row :86 - Product updated successfully.
12-09-2022 @ 10:49:32 - Row :87 - Parsing item.
12-09-2022 @ 10:49:32 - Row :87 - Processing item.
12-09-2022 @ 10:49:32 - Found simple product object. ID:646
12-09-2022 @ 10:49:32 - Setting Featured Image. URL:/wp-content/2022/12/20100078/product_image_1/20100078-1.jpg
12-09-2022 @ 10:49:32 - Unable to use image "/wp-content/2022/12/20100078/product_image_1/20100078-1.jpg".
12-09-2022 @ 10:49:32 - Row :87 - Product updated successfully.
12-09-2022 @ 10:49:32 - Row :88 - Parsing item.
12-09-2022 @ 10:49:32 - Row :88 - Processing item.
12-09-2022 @ 10:49:32 - Found simple product object. ID:647
12-09-2022 @ 10:49:32 - Setting Featured Image. URL:/wp-content/2022/12/28700093/product_image_1/28700093-1.jpg
12-09-2022 @ 10:49:32 - Unable to use image "/wp-content/2022/12/28700093/product_image_1/28700093-1.jpg".
12-09-2022 @ 10:49:32 - Row :88 - Product updated successfully.
12-09-2022 @ 10:49:32 - Row :89 - Parsing item.
12-09-2022 @ 10:49:32 - Row :89 - Processing item.
12-09-2022 @ 10:49:32 - Found simple product object. ID:648
12-09-2022 @ 10:49:32 - Setting Featured Image. URL:/wp-content/2022/12/28700096/product_image_1/28700096-1.jpg
12-09-2022 @ 10:49:32 - Unable to use image "/wp-content/2022/12/28700096/product_image_1/28700096-1.jpg".
12-09-2022 @ 10:49:32 - Row :89 - Product updated successfully.
12-09-2022 @ 10:49:32 - Row :90 - Parsing item.
12-09-2022 @ 10:49:32 - Row :90 - Processing item.
12-09-2022 @ 10:49:32 - Found simple product object. ID:649
12-09-2022 @ 10:49:32 - Setting Featured Image. URL:/wp-content/2022/12/28700094/product_image_1/28700094-1.jpg
12-09-2022 @ 10:49:32 - Unable to use image "/wp-content/2022/12/28700094/product_image_1/28700094-1.jpg".
12-09-2022 @ 10:49:32 - Row :90 - Product updated successfully.
12-09-2022 @ 10:49:32 - Row :91 - Parsing item.
12-09-2022 @ 10:49:32 - Row :91 - Processing item.
12-09-2022 @ 10:49:32 - Found simple product object. ID:650
12-09-2022 @ 10:49:32 - Setting Featured Image. URL:/wp-content/2022/12/28700091/product_image_1/28700091-1.jpg
12-09-2022 @ 10:49:32 - Unable to use image "/wp-content/2022/12/28700091/product_image_1/28700091-1.jpg".
12-09-2022 @ 10:49:32 - Row :91 - Product updated successfully.
12-09-2022 @ 10:49:32 - Row :92 - Parsing item.
12-09-2022 @ 10:49:32 - Row :92 - Processing item.
12-09-2022 @ 10:49:32 - Found simple product object. ID:651
12-09-2022 @ 10:49:32 - Setting Featured Image. URL:/wp-content/2022/12/20100093/product_image_1/20100095-1-650x489.jpg
12-09-2022 @ 10:49:32 - Unable to use image "/wp-content/2022/12/20100093/product_image_1/20100095-1-650x489.jpg".
12-09-2022 @ 10:49:32 - Row :92 - Product updated successfully.
12-09-2022 @ 10:49:32 - Row :93 - Parsing item.
12-09-2022 @ 10:49:32 - Row :93 - Processing item.
12-09-2022 @ 10:49:32 - Found simple product object. ID:652
12-09-2022 @ 10:49:32 - Setting Featured Image. URL:/wp-content/2022/12/20100095/product_image_1/20100095-1-650x489.jpg
12-09-2022 @ 10:49:32 - Unable to use image "/wp-content/2022/12/20100095/product_image_1/20100095-1-650x489.jpg".
12-09-2022 @ 10:49:32 - Row :93 - Product updated successfully.
12-09-2022 @ 10:49:32 - Row :94 - Parsing item.
12-09-2022 @ 10:49:32 - Row :94 - Processing item.
12-09-2022 @ 10:49:32 - Found simple product object. ID:653
12-09-2022 @ 10:49:32 - Setting Featured Image. URL:/wp-content/2022/12/20100094/product_image_1/20100095-1-650x489.jpg
12-09-2022 @ 10:49:32 - Unable to use image "/wp-content/2022/12/20100094/product_image_1/20100095-1-650x489.jpg".
12-09-2022 @ 10:49:32 - Row :94 - Product updated successfully.
12-09-2022 @ 10:49:32 - Row :95 - Parsing item.
12-09-2022 @ 10:49:32 - Row :95 - Processing item.
12-09-2022 @ 10:49:32 - Found simple product object. ID:654
12-09-2022 @ 10:49:32 - Setting Featured Image. URL:/wp-content/2022/12/20100092/product_image_1/20100095-1-650x489.jpg
12-09-2022 @ 10:49:32 - Unable to use image "/wp-content/2022/12/20100092/product_image_1/20100095-1-650x489.jpg".
12-09-2022 @ 10:49:32 - Row :95 - Product updated successfully.
12-09-2022 @ 10:49:32 - Row :96 - Parsing item.
12-09-2022 @ 10:49:32 - Row :96 - Processing item.
12-09-2022 @ 10:49:32 - Found simple product object. ID:655
12-09-2022 @ 10:49:32 - Setting Featured Image. URL:/wp-content/2022/12/20100851/product_image_1/CHV1600_snelste_oplader_in_sector.png
12-09-2022 @ 10:49:32 - Unable to use image "/wp-content/2022/12/20100851/product_image_1/CHV1600_snelste_oplader_in_sector.png".
12-09-2022 @ 10:49:32 - Row :96 - Product updated successfully.
12-09-2022 @ 10:49:32 - Row :97 - Parsing item.
12-09-2022 @ 10:49:32 - Row :97 - Processing item.
12-09-2022 @ 10:49:32 - Found simple product object. ID:656
12-09-2022 @ 10:49:32 - Setting Featured Image. URL:/wp-content/2022/12/28700200/product_image_1/AB4200 2.png
12-09-2022 @ 10:49:32 - Unable to use image "/wp-content/2022/12/28700200/product_image_1/AB4200 2.png".
12-09-2022 @ 10:49:32 - Row :97 - Product updated successfully.
12-09-2022 @ 10:49:32 - Row :98 - Parsing item.
12-09-2022 @ 10:49:32 - Row :98 - Processing item.
12-09-2022 @ 10:49:32 - Found simple product object. ID:657
12-09-2022 @ 10:49:32 - Setting Featured Image. URL:/wp-content/2022/12/28700205/product_image_1/AB4201 2.png
12-09-2022 @ 10:49:32 - Unable to use image "/wp-content/2022/12/28700205/product_image_1/AB4201 2.png".
12-09-2022 @ 10:49:32 - Row :98 - Product updated successfully.
12-09-2022 @ 10:49:32 - Row :99 - Parsing item.
12-09-2022 @ 10:49:32 - Row :99 - Processing item.
12-09-2022 @ 10:49:32 - Found simple product object. ID:658
12-09-2022 @ 10:49:32 - Setting Featured Image. URL:/wp-content/2022/12/28700210/product_image_1/AMP4200 1.png
12-09-2022 @ 10:49:32 - Unable to use image "/wp-content/2022/12/28700210/product_image_1/AMP4200 1.png".
12-09-2022 @ 10:49:32 - Row :99 - Product updated successfully.
12-09-2022 @ 10:49:32 - Row :100 - Parsing item.
12-09-2022 @ 10:49:32 - Row :100 - Processing item.
12-09-2022 @ 10:49:32 - Found simple product object. ID:659
12-09-2022 @ 10:49:32 - Setting Featured Image. URL:/wp-content/2022/12/28700215/product_image_1/ABK4200-A.jpg
12-09-2022 @ 10:49:32 - Unable to use image "/wp-content/2022/12/28700215/product_image_1/ABK4200-A.jpg".
12-09-2022 @ 10:49:32 - Row :100 - Product updated successfully.
12-09-2022 @ 10:49:33 - Preparing for import.
12-09-2022 @ 10:49:33 - Row :101 - Parsing item.
12-09-2022 @ 10:49:33 - Row :101 - Processing item.
12-09-2022 @ 10:49:33 - Found simple product object. ID:660
12-09-2022 @ 10:49:33 - Setting Featured Image. URL:/wp-content/2022/12/28700220/product_image_1/CRM001 1.png
12-09-2022 @ 10:49:33 - Unable to use image "/wp-content/2022/12/28700220/product_image_1/CRM001 1.png".
12-09-2022 @ 10:49:33 - Row :101 - Product updated successfully.
12-09-2022 @ 10:49:33 - Row :102 - Parsing item.
12-09-2022 @ 10:49:33 - Row :102 - Processing item.
12-09-2022 @ 10:49:33 - Found simple product object. ID:661
12-09-2022 @ 10:49:33 - Setting Featured Image. URL:/wp-content/2022/12/20100852/product_image_1/LM1701E-SP_42cm self propelled mower_0628_CMYK_new.jpg
12-09-2022 @ 10:49:33 - Unable to use image "/wp-content/2022/12/20100852/product_image_1/LM1701E-SP_42cm self propelled mower_0628_CMYK_new.jpg".
12-09-2022 @ 10:49:33 - Row :102 - Product updated successfully.
12-09-2022 @ 10:49:33 - Row :103 - Parsing item.
12-09-2022 @ 10:49:33 - Row :103 - Processing item.
12-09-2022 @ 10:49:33 - Found simple product object. ID:662
12-09-2022 @ 10:49:33 - Setting Featured Image. URL:/wp-content/2022/12/20100853/product_image_1/HT2001E pp.png
12-09-2022 @ 10:49:33 - Unable to use image "/wp-content/2022/12/20100853/product_image_1/HT2001E pp.png".
12-09-2022 @ 10:49:33 - Row :103 - Product updated successfully.
12-09-2022 @ 10:49:33 - Row :104 - Parsing item.
12-09-2022 @ 10:49:33 - Row :104 - Processing item.
12-09-2022 @ 10:49:33 - Found simple product object. ID:663
12-09-2022 @ 10:49:33 - Setting Featured Image. URL:/wp-content/2022/12/20100854/product_image_1/CS1610E (1).png
12-09-2022 @ 10:49:33 - Unable to use image "/wp-content/2022/12/20100854/product_image_1/CS1610E (1).png".
12-09-2022 @ 10:49:33 - Row :104 - Product updated successfully.
12-09-2022 @ 10:49:33 - Row :105 - Parsing item.
12-09-2022 @ 10:49:33 - Row :105 - Processing item.
12-09-2022 @ 10:49:33 - Found simple product object. ID:664
12-09-2022 @ 10:49:33 - Setting Featured Image. URL:/wp-content/2022/12/20100855/product_image_1/CS1610E (1).png
12-09-2022 @ 10:49:33 - Unable to use image "/wp-content/2022/12/20100855/product_image_1/CS1610E (1).png".
12-09-2022 @ 10:49:33 - Row :105 - Product updated successfully.
12-09-2022 @ 10:49:33 - Row :106 - Parsing item.
12-09-2022 @ 10:49:33 - Row :106 - Processing item.
12-09-2022 @ 10:49:33 - Found simple product object. ID:665
12-09-2022 @ 10:49:33 - Setting Featured Image. URL:/wp-content/2022/12/20100856/product_image_1/LB5800E_1.png
12-09-2022 @ 10:49:33 - Unable to use image "/wp-content/2022/12/20100856/product_image_1/LB5800E_1.png".
12-09-2022 @ 10:49:33 - Row :106 - Product updated successfully.
12-09-2022 @ 10:49:33 - Row :107 - Parsing item.
12-09-2022 @ 10:49:33 - Row :107 - Processing item.
12-09-2022 @ 10:49:33 - Found simple product object. ID:666
12-09-2022 @ 10:49:33 - Setting Featured Image. URL:/wp-content/2022/12/20100857/product_image_1/LB7650E (1).png
12-09-2022 @ 10:49:33 - Unable to use image "/wp-content/2022/12/20100857/product_image_1/LB7650E (1).png".
12-09-2022 @ 10:49:33 - Row :107 - Product updated successfully.
12-09-2022 @ 10:49:33 - Row :108 - Parsing item.
12-09-2022 @ 10:49:33 - Row :108 - Processing item.
12-09-2022 @ 10:49:33 - Found simple product object. ID:667
12-09-2022 @ 10:49:33 - Setting Featured Image. URL:/wp-content/2022/12/20100858/product_image_1/BA6720T _1.png
12-09-2022 @ 10:49:33 - Unable to use image "/wp-content/2022/12/20100858/product_image_1/BA6720T _1.png".
12-09-2022 @ 10:49:33 - Row :108 - Product updated successfully.
12-09-2022 @ 10:49:33 - Row :109 - Parsing item.
12-09-2022 @ 10:49:33 - Row :109 - Processing item.
12-09-2022 @ 10:49:33 - Found simple product object. ID:668
12-09-2022 @ 10:49:33 - Setting Featured Image. URL:/wp-content/2022/12/20100859/product_image_1/CHU6000_Laadbox_open.png
12-09-2022 @ 10:49:33 - Unable to use image "/wp-content/2022/12/20100859/product_image_1/CHU6000_Laadbox_open.png".
12-09-2022 @ 10:49:33 - Row :109 - Product updated successfully.
12-09-2022 @ 10:49:33 - Row :110 - Parsing item.
12-09-2022 @ 10:49:33 - Row :110 - Processing item.
12-09-2022 @ 10:49:33 - Found simple product object. ID:669
12-09-2022 @ 10:49:33 - Setting Featured Image. URL:/wp-content/2022/12/20100860/product_image_1/CHU6000-k0004.png
12-09-2022 @ 10:49:33 - Unable to use image "/wp-content/2022/12/20100860/product_image_1/CHU6000-k0004.png".
12-09-2022 @ 10:49:33 - Row :110 - Product updated successfully.
12-09-2022 @ 10:49:33 - Row :111 - Parsing item.
12-09-2022 @ 10:49:33 - Row :111 - Processing item.
12-09-2022 @ 10:49:33 - Found simple product object. ID:670
12-09-2022 @ 10:49:33 - Setting Featured Image. URL:/wp-content/2022/12/28700221/product_image_1/ACA1000 1-min.png
12-09-2022 @ 10:49:33 - Unable to use image "/wp-content/2022/12/28700221/product_image_1/ACA1000 1-min.png".
12-09-2022 @ 10:49:33 - Row :111 - Product updated successfully.
12-09-2022 @ 10:49:33 - Row :112 - Parsing item.
12-09-2022 @ 10:49:33 - Row :112 - Processing item.
12-09-2022 @ 10:49:33 - Found simple product object. ID:671
12-09-2022 @ 10:49:33 - Setting Featured Image. URL:/wp-content/2022/12/20100840/product_image_1/zero turn zijkant.jpg
12-09-2022 @ 10:49:33 - Unable to use image "/wp-content/2022/12/20100840/product_image_1/zero turn zijkant.jpg".
12-09-2022 @ 10:49:33 - Row :112 - Product updated successfully.
12-09-2022 @ 10:49:33 - Row :113 - Parsing item.
12-09-2022 @ 10:49:33 - Row :113 - Processing item.
12-09-2022 @ 10:49:33 - Found simple product object. ID:672
12-09-2022 @ 10:49:33 - Row :113 - Product updated successfully.
12-09-2022 @ 10:49:33 - Row :114 - Parsing item.
12-09-2022 @ 10:49:33 - Row :114 - Processing item.
12-09-2022 @ 10:49:33 - Found simple product object. ID:673
12-09-2022 @ 10:49:33 - Setting Featured Image. URL:/wp-content/2022/12/20100100/product_image_1/cba0240.jpg
12-09-2022 @ 10:49:33 - Unable to use image "/wp-content/2022/12/20100100/product_image_1/cba0240.jpg".
12-09-2022 @ 10:49:33 - Row :114 - Product updated successfully.
12-09-2022 @ 10:49:33 - Row :115 - Parsing item.
12-09-2022 @ 10:49:33 - Row :115 - Processing item.
12-09-2022 @ 10:49:33 - Found simple product object. ID:674
12-09-2022 @ 10:49:33 - Setting Featured Image. URL:/wp-content/2022/12/20100105/product_image_1/20100105-1.jpg
12-09-2022 @ 10:49:33 - Unable to use image "/wp-content/2022/12/20100105/product_image_1/20100105-1.jpg".
12-09-2022 @ 10:49:33 - Row :115 - Product updated successfully.
12-09-2022 @ 10:49:33 - Row :116 - Parsing item.
12-09-2022 @ 10:49:33 - Row :116 - Processing item.
12-09-2022 @ 10:49:33 - Found simple product object. ID:675
12-09-2022 @ 10:49:33 - Setting Featured Image. URL:/wp-content/2022/12/20100106/product_image_1/20100106-1.jpg
12-09-2022 @ 10:49:33 - Unable to use image "/wp-content/2022/12/20100106/product_image_1/20100106-1.jpg".
12-09-2022 @ 10:49:33 - Row :116 - Product updated successfully.
12-09-2022 @ 10:49:33 - Row :117 - Parsing item.
12-09-2022 @ 10:49:33 - Row :117 - Processing item.
12-09-2022 @ 10:49:33 - Found simple product object. ID:676
12-09-2022 @ 10:49:33 - Setting Featured Image. URL:/wp-content/2022/12/20100595/product_image_1/20100595-1.jpg
12-09-2022 @ 10:49:33 - Unable to use image "/wp-content/2022/12/20100595/product_image_1/20100595-1.jpg".
12-09-2022 @ 10:49:33 - Row :117 - Product updated successfully.
12-09-2022 @ 10:49:33 - Row :118 - Parsing item.
12-09-2022 @ 10:49:33 - Row :118 - Processing item.
12-09-2022 @ 10:49:33 - Found simple product object. ID:677
12-09-2022 @ 10:49:33 - Setting Featured Image. URL:/wp-content/2022/12/20100066/product_image_1/20100066-1.jpg
12-09-2022 @ 10:49:33 - Unable to use image "/wp-content/2022/12/20100066/product_image_1/20100066-1.jpg".
12-09-2022 @ 10:49:33 - Row :118 - Product updated successfully.
12-09-2022 @ 10:49:33 - Row :119 - Parsing item.
12-09-2022 @ 10:49:33 - Row :119 - Processing item.
12-09-2022 @ 10:49:33 - Found simple product object. ID:678
12-09-2022 @ 10:49:33 - Setting Featured Image. URL:/wp-content/2022/12/20100084/product_image_1/20100084-1.jpg
12-09-2022 @ 10:49:33 - Unable to use image "/wp-content/2022/12/20100084/product_image_1/20100084-1.jpg".
12-09-2022 @ 10:49:33 - Row :119 - Product updated successfully.
12-09-2022 @ 10:49:33 - Row :120 - Parsing item.
12-09-2022 @ 10:49:33 - Row :120 - Processing item.
12-09-2022 @ 10:49:33 - Found simple product object. ID:679
12-09-2022 @ 10:49:33 - Setting Featured Image. URL:/wp-content/2022/12/20100086/product_image_1/20100086-1.jpg
12-09-2022 @ 10:49:33 - Unable to use image "/wp-content/2022/12/20100086/product_image_1/20100086-1.jpg".
12-09-2022 @ 10:49:33 - Row :120 - Product updated successfully.
12-09-2022 @ 10:49:34 - Preparing for import.
12-09-2022 @ 10:49:34 - Row :121 - Parsing item.
12-09-2022 @ 10:49:34 - Row :121 - Processing item.
12-09-2022 @ 10:49:34 - Found simple product object. ID:680
12-09-2022 @ 10:49:34 - Setting Featured Image. URL:/wp-content/2022/12/20100009/product_image_1/20100009-1.jpg
12-09-2022 @ 10:49:34 - Unable to use image "/wp-content/2022/12/20100009/product_image_1/20100009-1.jpg".
12-09-2022 @ 10:49:34 - Row :121 - Product updated successfully.
12-09-2022 @ 10:49:34 - Row :122 - Parsing item.
12-09-2022 @ 10:49:34 - Row :122 - Processing item.
12-09-2022 @ 10:49:34 - Found simple product object. ID:681
12-09-2022 @ 10:49:34 - Setting Featured Image. URL:/wp-content/2022/12/20100008/product_image_1/20100008-1.jpg
12-09-2022 @ 10:49:34 - Unable to use image "/wp-content/2022/12/20100008/product_image_1/20100008-1.jpg".
12-09-2022 @ 10:49:34 - Row :122 - Product updated successfully.
12-09-2022 @ 10:49:34 - Row :123 - Parsing item.
12-09-2022 @ 10:49:34 - Row :123 - Processing item.
12-09-2022 @ 10:49:34 - Found simple product object. ID:682
12-09-2022 @ 10:49:34 - Setting Featured Image. URL:/wp-content/2022/12/20100102/product_image_1/cch0450e.jpg
12-09-2022 @ 10:49:34 - Unable to use image "/wp-content/2022/12/20100102/product_image_1/cch0450e.jpg".
12-09-2022 @ 10:49:34 - Row :123 - Product updated successfully.
12-09-2022 @ 10:49:34 - Row :124 - Parsing item.
12-09-2022 @ 10:49:34 - Row :124 - Processing item.
12-09-2022 @ 10:49:34 - Found simple product object. ID:683
12-09-2022 @ 10:49:34 - Setting Featured Image. URL:/wp-content/2022/12/20100004/product_image_1/20100004-1.jpg
12-09-2022 @ 10:49:34 - Unable to use image "/wp-content/2022/12/20100004/product_image_1/20100004-1.jpg".
12-09-2022 @ 10:49:34 - Row :124 - Product updated successfully.
12-09-2022 @ 10:49:34 - Row :125 - Parsing item.
12-09-2022 @ 10:49:34 - Row :125 - Processing item.
12-09-2022 @ 10:49:34 - Found simple product object. ID:684
12-09-2022 @ 10:49:34 - Setting Featured Image. URL:/wp-content/2022/12/28700082/product_image_1/28700082-1.jpg
12-09-2022 @ 10:49:34 - Unable to use image "/wp-content/2022/12/28700082/product_image_1/28700082-1.jpg".
12-09-2022 @ 10:49:34 - Row :125 - Product updated successfully.
12-09-2022 @ 10:49:34 - Row :126 - Parsing item.
12-09-2022 @ 10:49:34 - Row :126 - Processing item.
12-09-2022 @ 10:49:34 - Found simple product object. ID:685
12-09-2022 @ 10:49:34 - Setting Featured Image. URL:/wp-content/2022/12/28700045/product_image_1/28700045-1.jpg
12-09-2022 @ 10:49:34 - Unable to use image "/wp-content/2022/12/28700045/product_image_1/28700045-1.jpg".
12-09-2022 @ 10:49:34 - Row :126 - Product updated successfully.
12-09-2022 @ 10:49:34 - Row :127 - Parsing item.
12-09-2022 @ 10:49:34 - Row :127 - Processing item.
12-09-2022 @ 10:49:34 - Found simple product object. ID:686
12-09-2022 @ 10:49:34 - Setting Featured Image. URL:/wp-content/2022/12/28700040/product_image_1/28700040-1.jpg
12-09-2022 @ 10:49:34 - Unable to use image "/wp-content/2022/12/28700040/product_image_1/28700040-1.jpg".
12-09-2022 @ 10:49:34 - Row :127 - Product updated successfully.
12-09-2022 @ 10:49:34 - Row :128 - Parsing item.
12-09-2022 @ 10:49:34 - Row :128 - Processing item.
12-09-2022 @ 10:49:34 - Found simple product object. ID:687
12-09-2022 @ 10:49:34 - Setting Featured Image. URL:/wp-content/2022/12/28700035/product_image_1/28700035-1.jpg
12-09-2022 @ 10:49:34 - Unable to use image "/wp-content/2022/12/28700035/product_image_1/28700035-1.jpg".
12-09-2022 @ 10:49:34 - Row :128 - Product updated successfully.
12-09-2022 @ 10:49:34 - Row :129 - Parsing item.
12-09-2022 @ 10:49:34 - Row :129 - Processing item.
12-09-2022 @ 10:49:34 - Found simple product object. ID:688
12-09-2022 @ 10:49:34 - Setting Featured Image. URL:/wp-content/2022/12/28700030/product_image_1/28700030-1.jpg
12-09-2022 @ 10:49:34 - Unable to use image "/wp-content/2022/12/28700030/product_image_1/28700030-1.jpg".
12-09-2022 @ 10:49:34 - Row :129 - Product updated successfully.
12-09-2022 @ 10:49:34 - Row :130 - Parsing item.
12-09-2022 @ 10:49:34 - Row :130 - Processing item.
12-09-2022 @ 10:49:34 - Found simple product object. ID:689
12-09-2022 @ 10:49:34 - Setting Featured Image. URL:/wp-content/2022/12/28700083/product_image_1/28700083-1.jpg
12-09-2022 @ 10:49:34 - Unable to use image "/wp-content/2022/12/28700083/product_image_1/28700083-1.jpg".
12-09-2022 @ 10:49:34 - Row :130 - Product updated successfully.
12-09-2022 @ 10:49:34 - Row :131 - Parsing item.
12-09-2022 @ 10:49:34 - Row :131 - Processing item.
12-09-2022 @ 10:49:34 - Found simple product object. ID:690
12-09-2022 @ 10:49:34 - Setting Featured Image. URL:/wp-content/2022/12/28700025/product_image_1/28700025-1.jpg
12-09-2022 @ 10:49:34 - Unable to use image "/wp-content/2022/12/28700025/product_image_1/28700025-1.jpg".
12-09-2022 @ 10:49:34 - Row :131 - Product updated successfully.
12-09-2022 @ 10:49:34 - Row :132 - Parsing item.
12-09-2022 @ 10:49:34 - Row :132 - Processing item.
12-09-2022 @ 10:49:34 - Found simple product object. ID:691
12-09-2022 @ 10:49:34 - Setting Featured Image. URL:/wp-content/2022/12/28700020/product_image_1/28700020-1.jpg
12-09-2022 @ 10:49:34 - Unable to use image "/wp-content/2022/12/28700020/product_image_1/28700020-1.jpg".
12-09-2022 @ 10:49:34 - Row :132 - Product updated successfully.
12-09-2022 @ 10:49:34 - Row :133 - Parsing item.
12-09-2022 @ 10:49:34 - Row :133 - Processing item.
12-09-2022 @ 10:49:34 - Found simple product object. ID:692
12-09-2022 @ 10:49:34 - Setting Featured Image. URL:/wp-content/2022/12/28700031/product_image_1/28700031-1.jpg
12-09-2022 @ 10:49:34 - Unable to use image "/wp-content/2022/12/28700031/product_image_1/28700031-1.jpg".
12-09-2022 @ 10:49:34 - Row :133 - Product updated successfully.
12-09-2022 @ 10:49:34 - Row :134 - Parsing item.
12-09-2022 @ 10:49:34 - Row :134 - Processing item.
12-09-2022 @ 10:49:34 - Found simple product object. ID:693
12-09-2022 @ 10:49:34 - Setting Featured Image. URL:/wp-content/2022/12/20100560/product_image_1/20100560-1.jpg
12-09-2022 @ 10:49:34 - Unable to use image "/wp-content/2022/12/20100560/product_image_1/20100560-1.jpg".
12-09-2022 @ 10:49:34 - Row :134 - Product updated successfully.
12-09-2022 @ 10:49:34 - Row :135 - Parsing item.
12-09-2022 @ 10:49:34 - Row :135 - Processing item.
12-09-2022 @ 10:49:34 - Found simple product object. ID:694
12-09-2022 @ 10:49:34 - Setting Featured Image. URL:/wp-content/2022/12/20100083/product_image_1/20100083-1.jpg
12-09-2022 @ 10:49:34 - Unable to use image "/wp-content/2022/12/20100083/product_image_1/20100083-1.jpg".
12-09-2022 @ 10:49:34 - Row :135 - Product updated successfully.
12-09-2022 @ 10:49:34 - Row :136 - Parsing item.
12-09-2022 @ 10:49:34 - Row :136 - Processing item.
12-09-2022 @ 10:49:34 - Found simple product object. ID:695
12-09-2022 @ 10:49:34 - Setting Featured Image. URL:/wp-content/2022/12/20100023/product_image_1/20100023-1.jpg
12-09-2022 @ 10:49:34 - Unable to use image "/wp-content/2022/12/20100023/product_image_1/20100023-1.jpg".
12-09-2022 @ 10:49:34 - Row :136 - Product updated successfully.
12-09-2022 @ 10:49:34 - Row :137 - Parsing item.
12-09-2022 @ 10:49:34 - Row :137 - Processing item.
12-09-2022 @ 10:49:34 - Found simple product object. ID:696
12-09-2022 @ 10:49:34 - Setting Featured Image. URL:/wp-content/2022/12/20100022/product_image_1/20100022-1.jpg
12-09-2022 @ 10:49:34 - Unable to use image "/wp-content/2022/12/20100022/product_image_1/20100022-1.jpg".
12-09-2022 @ 10:49:34 - Row :137 - Product updated successfully.
12-09-2022 @ 10:49:34 - Row :138 - Parsing item.
12-09-2022 @ 10:49:34 - Row :138 - Processing item.
12-09-2022 @ 10:49:34 - Found simple product object. ID:697
12-09-2022 @ 10:49:34 - Setting Featured Image. URL:/wp-content/2022/12/20100502/product_image_1/20100502-1.jpg
12-09-2022 @ 10:49:34 - Unable to use image "/wp-content/2022/12/20100502/product_image_1/20100502-1.jpg".
12-09-2022 @ 10:49:34 - Row :138 - Product updated successfully.
12-09-2022 @ 10:49:34 - Row :139 - Parsing item.
12-09-2022 @ 10:49:34 - Row :139 - Processing item.
12-09-2022 @ 10:49:34 - Found simple product object. ID:698
12-09-2022 @ 10:49:34 - Setting Featured Image. URL:/wp-content/2022/12/20100545/product_image_1/20100545-1.jpg
12-09-2022 @ 10:49:34 - Unable to use image "/wp-content/2022/12/20100545/product_image_1/20100545-1.jpg".
12-09-2022 @ 10:49:34 - Row :139 - Product updated successfully.
12-09-2022 @ 10:49:34 - Row :140 - Parsing item.
12-09-2022 @ 10:49:34 - Row :140 - Processing item.
12-09-2022 @ 10:49:34 - Found simple product object. ID:699
12-09-2022 @ 10:49:34 - Setting Featured Image. URL:/wp-content/2022/12/20100064/product_image_1/20100064-1.jpg
12-09-2022 @ 10:49:34 - Unable to use image "/wp-content/2022/12/20100064/product_image_1/20100064-1.jpg".
12-09-2022 @ 10:49:34 - Row :140 - Product updated successfully.
12-09-2022 @ 10:49:35 - Preparing for import.
12-09-2022 @ 10:49:35 - Row :141 - Parsing item.
12-09-2022 @ 10:49:35 - Row :141 - Processing item.
12-09-2022 @ 10:49:35 - Found simple product object. ID:700
12-09-2022 @ 10:49:35 - Setting Featured Image. URL:/wp-content/2022/12/20100067/product_image_1/20100067-1.jpg
12-09-2022 @ 10:49:35 - Unable to use image "/wp-content/2022/12/20100067/product_image_1/20100067-1.jpg".
12-09-2022 @ 10:49:35 - Row :141 - Product updated successfully.
12-09-2022 @ 10:49:35 - Row :142 - Parsing item.
12-09-2022 @ 10:49:35 - Row :142 - Processing item.
12-09-2022 @ 10:49:35 - Found simple product object. ID:701
12-09-2022 @ 10:49:35 - Setting Featured Image. URL:/wp-content/2022/12/20100062/product_image_1/20100062-1.jpg
12-09-2022 @ 10:49:35 - Unable to use image "/wp-content/2022/12/20100062/product_image_1/20100062-1.jpg".
12-09-2022 @ 10:49:35 - Row :142 - Product updated successfully.
12-09-2022 @ 10:49:35 - Row :143 - Parsing item.
12-09-2022 @ 10:49:35 - Row :143 - Processing item.
12-09-2022 @ 10:49:35 - Found simple product object. ID:702
12-09-2022 @ 10:49:35 - Setting Featured Image. URL:/wp-content/2022/12/20100061/product_image_1/20100061-1.jpg
12-09-2022 @ 10:49:35 - Unable to use image "/wp-content/2022/12/20100061/product_image_1/20100061-1.jpg".
12-09-2022 @ 10:49:35 - Row :143 - Product updated successfully.
12-09-2022 @ 10:49:35 - Row :144 - Parsing item.
12-09-2022 @ 10:49:35 - Row :144 - Processing item.
12-09-2022 @ 10:49:35 - Found simple product object. ID:703
12-09-2022 @ 10:49:35 - Setting Featured Image. URL:/wp-content/2022/12/20100089/product_image_1/20100089-1.jpg
12-09-2022 @ 10:49:35 - Unable to use image "/wp-content/2022/12/20100089/product_image_1/20100089-1.jpg".
12-09-2022 @ 10:49:35 - Row :144 - Product updated successfully.
12-09-2022 @ 10:49:35 - Row :145 - Parsing item.
12-09-2022 @ 10:49:35 - Row :145 - Processing item.
12-09-2022 @ 10:49:35 - Found simple product object. ID:704
12-09-2022 @ 10:49:35 - Setting Featured Image. URL:/wp-content/2022/12/28700032/product_image_1/28700032-1.jpg
12-09-2022 @ 10:49:35 - Unable to use image "/wp-content/2022/12/28700032/product_image_1/28700032-1.jpg".
12-09-2022 @ 10:49:35 - Row :145 - Product updated successfully.
12-09-2022 @ 10:49:35 - Row :146 - Parsing item.
12-09-2022 @ 10:49:35 - Row :146 - Processing item.
12-09-2022 @ 10:49:35 - Found simple product object. ID:705
12-09-2022 @ 10:49:35 - Setting Featured Image. URL:/wp-content/2022/12/20100090/product_image_1/20100090-1.jpg
12-09-2022 @ 10:49:35 - Unable to use image "/wp-content/2022/12/20100090/product_image_1/20100090-1.jpg".
12-09-2022 @ 10:49:35 - Row :146 - Product updated successfully.
12-09-2022 @ 10:49:35 - Row :147 - Parsing item.
12-09-2022 @ 10:49:35 - Row :147 - Processing item.
12-09-2022 @ 10:49:35 - Found simple product object. ID:706
12-09-2022 @ 10:49:35 - Setting Featured Image. URL:/wp-content/2022/12/20100065/product_image_1/20100065-1.jpg
12-09-2022 @ 10:49:35 - Unable to use image "/wp-content/2022/12/20100065/product_image_1/20100065-1.jpg".
12-09-2022 @ 10:49:35 - Row :147 - Product updated successfully.
12-09-2022 @ 10:49:35 - Row :148 - Parsing item.
12-09-2022 @ 10:49:35 - Row :148 - Processing item.
12-09-2022 @ 10:49:35 - Found simple product object. ID:707
12-09-2022 @ 10:49:35 - Setting Featured Image. URL:/wp-content/2022/12/20100063/product_image_1/20100063-1.jpg
12-09-2022 @ 10:49:35 - Unable to use image "/wp-content/2022/12/20100063/product_image_1/20100063-1.jpg".
12-09-2022 @ 10:49:35 - Row :148 - Product updated successfully.
12-09-2022 @ 10:49:35 - Row :149 - Parsing item.
12-09-2022 @ 10:49:35 - Row :149 - Processing item.
12-09-2022 @ 10:49:35 - Found simple product object. ID:708
12-09-2022 @ 10:49:35 - Setting Featured Image. URL:/wp-content/2022/12/20100575/product_image_1/20100575-1.jpg
12-09-2022 @ 10:49:35 - Unable to use image "/wp-content/2022/12/20100575/product_image_1/20100575-1.jpg".
12-09-2022 @ 10:49:35 - Row :149 - Product updated successfully.
12-09-2022 @ 10:49:35 - Row :150 - Parsing item.
12-09-2022 @ 10:49:35 - Row :150 - Processing item.
12-09-2022 @ 10:49:35 - Found simple product object. ID:709
12-09-2022 @ 10:49:35 - Setting Featured Image. URL:/wp-content/2022/12/20100580/product_image_1/20100580-1.jpg
12-09-2022 @ 10:49:35 - Unable to use image "/wp-content/2022/12/20100580/product_image_1/20100580-1.jpg".
12-09-2022 @ 10:49:35 - Row :150 - Product updated successfully.
12-09-2022 @ 10:49:35 - Row :151 - Parsing item.
12-09-2022 @ 10:49:35 - Row :151 - Processing item.
12-09-2022 @ 10:49:35 - Found simple product object. ID:710
12-09-2022 @ 10:49:35 - Setting Featured Image. URL:/wp-content/2022/12/20100060/product_image_1/20100060-1.jpg
12-09-2022 @ 10:49:35 - Unable to use image "/wp-content/2022/12/20100060/product_image_1/20100060-1.jpg".
12-09-2022 @ 10:49:35 - Row :151 - Product updated successfully.
12-09-2022 @ 10:49:35 - Row :152 - Parsing item.
12-09-2022 @ 10:49:35 - Row :152 - Processing item.
12-09-2022 @ 10:49:35 - Found simple product object. ID:711
12-09-2022 @ 10:49:35 - Setting Featured Image. URL:/wp-content/2022/12/28700115/product_image_1/28700115-1.jpg
12-09-2022 @ 10:49:35 - Unable to use image "/wp-content/2022/12/28700115/product_image_1/28700115-1.jpg".
12-09-2022 @ 10:49:36 - Row :152 - Product updated successfully.
12-09-2022 @ 10:49:36 - Row :153 - Parsing item.
12-09-2022 @ 10:49:36 - Row :153 - Processing item.
12-09-2022 @ 10:49:36 - Found simple product object. ID:712
12-09-2022 @ 10:49:36 - Setting Featured Image. URL:/wp-content/2022/12/28700090/product_image_1/AL2415T_EGO 15M 2.4MM TWIST LINE FOR ST1500E_ BC1500E.png
12-09-2022 @ 10:49:36 - Unable to use image "/wp-content/2022/12/28700090/product_image_1/AL2415T_EGO 15M 2.4MM TWIST LINE FOR ST1500E_ BC1500E.png".
12-09-2022 @ 10:49:36 - Row :153 - Product updated successfully.
12-09-2022 @ 10:49:36 - Row :154 - Parsing item.
12-09-2022 @ 10:49:36 - Row :154 - Processing item.
12-09-2022 @ 10:49:36 - Found simple product object. ID:713
12-09-2022 @ 10:49:36 - Setting Featured Image. URL:/wp-content/2022/12/28700132/product_image_1/28700132-1.jpg
12-09-2022 @ 10:49:36 - Unable to use image "/wp-content/2022/12/28700132/product_image_1/28700132-1.jpg".
12-09-2022 @ 10:49:36 - Row :154 - Product updated successfully.
12-09-2022 @ 10:49:36 - Row :155 - Parsing item.
12-09-2022 @ 10:49:36 - Row :155 - Processing item.
12-09-2022 @ 10:49:36 - Found simple product object. ID:714
12-09-2022 @ 10:49:36 - Setting Featured Image. URL:/wp-content/2022/12/28700131/product_image_1/28700131-1.jpg
12-09-2022 @ 10:49:36 - Unable to use image "/wp-content/2022/12/28700131/product_image_1/28700131-1.jpg".
12-09-2022 @ 10:49:36 - Row :155 - Product updated successfully.
12-09-2022 @ 10:49:36 - Row :156 - Parsing item.
12-09-2022 @ 10:49:36 - Row :156 - Processing item.
12-09-2022 @ 10:49:36 - Found simple product object. ID:715
12-09-2022 @ 10:49:36 - Setting Featured Image. URL:/wp-content/2022/12/28700015/product_image_1/28700015-1.jpg
12-09-2022 @ 10:49:36 - Unable to use image "/wp-content/2022/12/28700015/product_image_1/28700015-1.jpg".
12-09-2022 @ 10:49:36 - Row :156 - Product updated successfully.
12-09-2022 @ 10:49:36 - Row :157 - Parsing item.
12-09-2022 @ 10:49:36 - Row :157 - Processing item.
12-09-2022 @ 10:49:36 - Found simple product object. ID:716
12-09-2022 @ 10:49:36 - Setting Featured Image. URL:/wp-content/2022/12/28700010/product_image_1/28700010-1.jpg
12-09-2022 @ 10:49:36 - Unable to use image "/wp-content/2022/12/28700010/product_image_1/28700010-1.jpg".
12-09-2022 @ 10:49:36 - Row :157 - Product updated successfully.
12-09-2022 @ 10:49:36 - Row :158 - Parsing item.
12-09-2022 @ 10:49:36 - Row :158 - Processing item.
12-09-2022 @ 10:49:36 - Found simple product object. ID:717
12-09-2022 @ 10:49:36 - Setting Featured Image. URL:/wp-content/2022/12/28700005/product_image_1/28700005-1.jpg
12-09-2022 @ 10:49:36 - Unable to use image "/wp-content/2022/12/28700005/product_image_1/28700005-1.jpg".
12-09-2022 @ 10:49:36 - Row :158 - Product updated successfully.
12-09-2022 @ 10:49:36 - Row :159 - Parsing item.
12-09-2022 @ 10:49:36 - Row :159 - Processing item.
12-09-2022 @ 10:49:36 - Found simple product object. ID:718
12-09-2022 @ 10:49:36 - Setting Featured Image. URL:/wp-content/2022/12/28700000/product_image_1/28700000-1.jpg
12-09-2022 @ 10:49:36 - Unable to use image "/wp-content/2022/12/28700000/product_image_1/28700000-1.jpg".
12-09-2022 @ 10:49:36 - Row :159 - Product updated successfully.
12-09-2022 @ 10:49:36 - Row :160 - Parsing item.
12-09-2022 @ 10:49:36 - Row :160 - Processing item.
12-09-2022 @ 10:49:36 - Found simple product object. ID:719
12-09-2022 @ 10:49:36 - Setting Featured Image. URL:/wp-content/2022/12/28700137/product_image_1/28700137-1.jpg
12-09-2022 @ 10:49:36 - Unable to use image "/wp-content/2022/12/28700137/product_image_1/28700137-1.jpg".
12-09-2022 @ 10:49:36 - Row :160 - Product updated successfully.
12-09-2022 @ 10:49:36 - Preparing for import.
12-09-2022 @ 10:49:36 - Row :161 - Parsing item.
12-09-2022 @ 10:49:36 - Row :161 - Processing item.
12-09-2022 @ 10:49:37 - Found simple product object. ID:720
12-09-2022 @ 10:49:37 - Setting Featured Image. URL:/wp-content/2022/12/28700133/product_image_1/28700133-1.jpg
12-09-2022 @ 10:49:37 - Unable to use image "/wp-content/2022/12/28700133/product_image_1/28700133-1.jpg".
12-09-2022 @ 10:49:37 - Row :161 - Product updated successfully.
12-09-2022 @ 10:49:37 - Row :162 - Parsing item.
12-09-2022 @ 10:49:37 - Row :162 - Processing item.
12-09-2022 @ 10:49:37 - Found simple product object. ID:721
12-09-2022 @ 10:49:37 - Setting Featured Image. URL:/wp-content/2022/12/28700078/product_image_1/28700078-1.jpg
12-09-2022 @ 10:49:37 - Unable to use image "/wp-content/2022/12/28700078/product_image_1/28700078-1.jpg".
12-09-2022 @ 10:49:37 - Row :162 - Product updated successfully.
12-09-2022 @ 10:49:37 - Row :163 - Parsing item.
12-09-2022 @ 10:49:37 - Row :163 - Processing item.
12-09-2022 @ 10:49:37 - Found simple product object. ID:722
12-09-2022 @ 10:49:37 - Setting Featured Image. URL:/wp-content/2022/12/20100520/product_image_1/20100520-1.jpg
12-09-2022 @ 10:49:37 - Unable to use image "/wp-content/2022/12/20100520/product_image_1/20100520-1.jpg".
12-09-2022 @ 10:49:37 - Row :163 - Product updated successfully.
12-09-2022 @ 10:49:37 - Row :164 - Parsing item.
12-09-2022 @ 10:49:37 - Row :164 - Processing item.
12-09-2022 @ 10:49:37 - Found simple product object. ID:723
12-09-2022 @ 10:49:37 - Setting Featured Image. URL:/wp-content/2022/12/20100515/product_image_1/20100515-1.jpg
12-09-2022 @ 10:49:37 - Unable to use image "/wp-content/2022/12/20100515/product_image_1/20100515-1.jpg".
12-09-2022 @ 10:49:37 - Row :164 - Product updated successfully.
12-09-2022 @ 10:49:37 - Row :165 - Parsing item.
12-09-2022 @ 10:49:37 - Row :165 - Processing item.
12-09-2022 @ 10:49:37 - Found simple product object. ID:724
12-09-2022 @ 10:49:37 - Setting Featured Image. URL:/wp-content/2022/12/20100510/product_image_1/20100510-1.jpg
12-09-2022 @ 10:49:37 - Unable to use image "/wp-content/2022/12/20100510/product_image_1/20100510-1.jpg".
12-09-2022 @ 10:49:37 - Row :165 - Product updated successfully.
12-09-2022 @ 10:49:37 - Row :166 - Parsing item.
12-09-2022 @ 10:49:37 - Row :166 - Processing item.
12-09-2022 @ 10:49:37 - Found simple product object. ID:725
12-09-2022 @ 10:49:37 - Setting Featured Image. URL:/wp-content/2022/12/28700086/product_image_1/28700086-1.jpg
12-09-2022 @ 10:49:37 - Unable to use image "/wp-content/2022/12/28700086/product_image_1/28700086-1.jpg".
12-09-2022 @ 10:49:37 - Row :166 - Product updated successfully.
12-09-2022 @ 10:49:37 - Row :167 - Parsing item.
12-09-2022 @ 10:49:37 - Row :167 - Processing item.
12-09-2022 @ 10:49:37 - Found simple product object. ID:726
12-09-2022 @ 10:49:37 - Setting Featured Image. URL:/wp-content/2022/12/28700050/product_image_1/28700050-1.jpg
12-09-2022 @ 10:49:37 - Unable to use image "/wp-content/2022/12/28700050/product_image_1/28700050-1.jpg".
12-09-2022 @ 10:49:37 - Row :167 - Product updated successfully.
12-09-2022 @ 10:49:37 - Row :168 - Parsing item.
12-09-2022 @ 10:49:37 - Row :168 - Processing item.
12-09-2022 @ 10:49:37 - Found simple product object. ID:727
12-09-2022 @ 10:49:37 - Setting Featured Image. URL:/wp-content/2022/12/28700084/product_image_1/28700084-1.jpg
12-09-2022 @ 10:49:37 - Unable to use image "/wp-content/2022/12/28700084/product_image_1/28700084-1.jpg".
12-09-2022 @ 10:49:37 - Row :168 - Product updated successfully.
12-09-2022 @ 10:49:37 - Row :169 - Parsing item.
12-09-2022 @ 10:49:37 - Row :169 - Processing item.
12-09-2022 @ 10:49:37 - Found simple product object. ID:728
12-09-2022 @ 10:49:37 - Setting Featured Image. URL:/wp-content/2022/12/28700081/product_image_1/28700081-1.jpg
12-09-2022 @ 10:49:37 - Unable to use image "/wp-content/2022/12/28700081/product_image_1/28700081-1.jpg".
12-09-2022 @ 10:49:37 - Row :169 - Product updated successfully.
12-09-2022 @ 10:49:37 - Row :170 - Parsing item.
12-09-2022 @ 10:49:37 - Row :170 - Processing item.
12-09-2022 @ 10:49:37 - Found simple product object. ID:729
12-09-2022 @ 10:49:37 - Setting Featured Image. URL:/wp-content/2022/12/28700060/product_image_1/28700060-1.jpg
12-09-2022 @ 10:49:37 - Unable to use image "/wp-content/2022/12/28700060/product_image_1/28700060-1.jpg".
12-09-2022 @ 10:49:37 - Row :170 - Product updated successfully.
12-09-2022 @ 10:49:37 - Row :171 - Parsing item.
12-09-2022 @ 10:49:37 - Row :171 - Processing item.
12-09-2022 @ 10:49:37 - Found simple product object. ID:730
12-09-2022 @ 10:49:37 - Setting Featured Image. URL:/wp-content/2022/12/28700065/product_image_1/28700065-1.jpg
12-09-2022 @ 10:49:37 - Unable to use image "/wp-content/2022/12/28700065/product_image_1/28700065-1.jpg".
12-09-2022 @ 10:49:37 - Row :171 - Product updated successfully.
12-09-2022 @ 10:49:37 - Row :172 - Parsing item.
12-09-2022 @ 10:49:37 - Row :172 - Processing item.
12-09-2022 @ 10:49:37 - Found simple product object. ID:731
12-09-2022 @ 10:49:37 - Setting Featured Image. URL:/wp-content/2022/12/28700079/product_image_1/28700079-1.jpg
12-09-2022 @ 10:49:37 - Unable to use image "/wp-content/2022/12/28700079/product_image_1/28700079-1.jpg".
12-09-2022 @ 10:49:37 - Row :172 - Product updated successfully.
12-09-2022 @ 10:49:37 - Row :173 - Parsing item.
12-09-2022 @ 10:49:37 - Row :173 - Processing item.
12-09-2022 @ 10:49:37 - Found simple product object. ID:732
12-09-2022 @ 10:49:37 - Setting Featured Image. URL:/wp-content/2022/12/20100540/product_image_1/20100540-1.jpg
12-09-2022 @ 10:49:37 - Unable to use image "/wp-content/2022/12/20100540/product_image_1/20100540-1.jpg".
12-09-2022 @ 10:49:37 - Row :173 - Product updated successfully.
12-09-2022 @ 10:49:37 - Row :174 - Parsing item.
12-09-2022 @ 10:49:37 - Row :174 - Processing item.
12-09-2022 @ 10:49:37 - Found simple product object. ID:733
12-09-2022 @ 10:49:37 - Setting Featured Image. URL:/wp-content/2022/12/20100530/product_image_1/20100530-1.jpg
12-09-2022 @ 10:49:37 - Unable to use image "/wp-content/2022/12/20100530/product_image_1/20100530-1.jpg".
12-09-2022 @ 10:49:37 - Row :174 - Product updated successfully.
12-09-2022 @ 10:49:37 - Row :175 - Parsing item.
12-09-2022 @ 10:49:37 - Row :175 - Processing item.
12-09-2022 @ 10:49:37 - Found simple product object. ID:734
12-09-2022 @ 10:49:37 - Setting Featured Image. URL:/wp-content/2022/12/20100503/product_image_1/20100503-1.jpg
12-09-2022 @ 10:49:37 - Unable to use image "/wp-content/2022/12/20100503/product_image_1/20100503-1.jpg".
12-09-2022 @ 10:49:37 - Row :175 - Product updated successfully.
12-09-2022 @ 10:49:37 - Row :176 - Parsing item.
12-09-2022 @ 10:49:37 - Row :176 - Processing item.
12-09-2022 @ 10:49:37 - Found simple product object. ID:735
12-09-2022 @ 10:49:37 - Setting Featured Image. URL:/wp-content/2022/12/20100082/product_image_1/20100082-1.jpg
12-09-2022 @ 10:49:37 - Unable to use image "/wp-content/2022/12/20100082/product_image_1/20100082-1.jpg".
12-09-2022 @ 10:49:37 - Row :176 - Product updated successfully.
12-09-2022 @ 10:49:37 - Row :177 - Parsing item.
12-09-2022 @ 10:49:37 - Row :177 - Processing item.
12-09-2022 @ 10:49:37 - Found simple product object. ID:736
12-09-2022 @ 10:49:37 - Setting Featured Image. URL:/wp-content/2022/12/20100054/product_image_1/20100054-1.jpg
12-09-2022 @ 10:49:37 - Unable to use image "/wp-content/2022/12/20100054/product_image_1/20100054-1.jpg".
12-09-2022 @ 10:49:37 - Row :177 - Product updated successfully.
12-09-2022 @ 10:49:37 - Row :178 - Parsing item.
12-09-2022 @ 10:49:37 - Row :178 - Processing item.
12-09-2022 @ 10:49:37 - Found simple product object. ID:737
12-09-2022 @ 10:49:37 - Setting Featured Image. URL:/wp-content/2022/12/28700100/product_image_1/28700100-1.jpg
12-09-2022 @ 10:49:37 - Unable to use image "/wp-content/2022/12/28700100/product_image_1/28700100-1.jpg".
12-09-2022 @ 10:49:37 - Row :178 - Product updated successfully.
12-09-2022 @ 10:49:37 - Row :179 - Parsing item.
12-09-2022 @ 10:49:37 - Row :179 - Processing item.
12-09-2022 @ 10:49:37 - Found simple product object. ID:738
12-09-2022 @ 10:49:37 - Setting Featured Image. URL:/wp-content/2022/12/20100058/product_image_1/20100058-1.jpg
12-09-2022 @ 10:49:37 - Unable to use image "/wp-content/2022/12/20100058/product_image_1/20100058-1.jpg".
12-09-2022 @ 10:49:37 - Row :179 - Product updated successfully.
12-09-2022 @ 10:49:37 - Row :180 - Parsing item.
12-09-2022 @ 10:49:37 - Row :180 - Processing item.
12-09-2022 @ 10:49:37 - Found simple product object. ID:739
12-09-2022 @ 10:49:37 - Setting Featured Image. URL:/wp-content/2022/12/20100059/product_image_1/20100059-1.jpg
12-09-2022 @ 10:49:37 - Unable to use image "/wp-content/2022/12/20100059/product_image_1/20100059-1.jpg".
12-09-2022 @ 10:49:37 - Row :180 - Product updated successfully.
12-09-2022 @ 10:49:38 - Preparing for import.
12-09-2022 @ 10:49:38 - Row :181 - Parsing item.
12-09-2022 @ 10:49:38 - Row :181 - Processing item.
12-09-2022 @ 10:49:38 - Found simple product object. ID:740
12-09-2022 @ 10:49:38 - Setting Featured Image. URL:/wp-content/2022/12/20100504/product_image_1/20100504-1.jpg
12-09-2022 @ 10:49:38 - Unable to use image "/wp-content/2022/12/20100504/product_image_1/20100504-1.jpg".
12-09-2022 @ 10:49:38 - Row :181 - Product updated successfully.
12-09-2022 @ 10:49:38 - Row :182 - Parsing item.
12-09-2022 @ 10:49:38 - Row :182 - Processing item.
12-09-2022 @ 10:49:38 - Found simple product object. ID:741
12-09-2022 @ 10:49:38 - Setting Featured Image. URL:/wp-content/2022/12/20100024/product_image_1/20100024-1.jpg
12-09-2022 @ 10:49:38 - Unable to use image "/wp-content/2022/12/20100024/product_image_1/20100024-1.jpg".
12-09-2022 @ 10:49:38 - Row :182 - Product updated successfully.
12-09-2022 @ 10:49:38 - Row :183 - Parsing item.
12-09-2022 @ 10:49:38 - Row :183 - Processing item.
12-09-2022 @ 10:49:38 - Found simple product object. ID:742
12-09-2022 @ 10:49:38 - Setting Featured Image. URL:/wp-content/2022/12/20100057/product_image_1/20100057-1.jpg
12-09-2022 @ 10:49:38 - Unable to use image "/wp-content/2022/12/20100057/product_image_1/20100057-1.jpg".
12-09-2022 @ 10:49:38 - Row :183 - Product updated successfully.
12-09-2022 @ 10:49:38 - ---[ Import ended at 2022-12-09 10:49:38]---
