12-09-2022 @ 10:11:19 - ---[ New import started at 2022-12-09 10:11:19 ] PHP Memory: 1 GB, WP Memory: 40 MB
12-09-2022 @ 10:11:19 - Preparing for import.
12-09-2022 @ 10:11:19 - Row :1 - Parsing item.
12-09-2022 @ 10:11:19 - Importing as new product ID:11
12-09-2022 @ 10:11:19 - Row :1 - Processing item.
12-09-2022 @ 10:11:19 - Found simple product object. ID:11
12-09-2022 @ 10:11:19 - Setting Featured Image. URL:files/20100087/product_image_1/20100087-1.jpg
12-09-2022 @ 10:11:19 - Unable to use image "files/20100087/product_image_1/20100087-1.jpg".
12-09-2022 @ 10:11:19 - Row :1 - Product imported successfully.
12-09-2022 @ 10:11:19 - Row :2 - Parsing item.
12-09-2022 @ 10:11:19 - Importing as new product ID:12
12-09-2022 @ 10:11:19 - Row :2 - Processing item.
12-09-2022 @ 10:11:19 - Found simple product object. ID:12
12-09-2022 @ 10:11:19 - Setting Featured Image. URL:files/20100538/product_image_1/ST1510E_1.jpg
12-09-2022 @ 10:11:19 - Unable to use image "files/20100538/product_image_1/ST1510E_1.jpg".
12-09-2022 @ 10:11:19 - Row :2 - Product imported successfully.
12-09-2022 @ 10:11:19 - Row :3 - Parsing item.
12-09-2022 @ 10:11:19 - Importing as new product ID:13
12-09-2022 @ 10:11:19 - Row :3 - Processing item.
12-09-2022 @ 10:11:19 - Found simple product object. ID:13
12-09-2022 @ 10:11:19 - Setting Featured Image. URL:files/20100567/product_image_1/20100567-1.jpg
12-09-2022 @ 10:11:19 - Unable to use image "files/20100567/product_image_1/20100567-1.jpg".
12-09-2022 @ 10:11:19 - Row :3 - Product imported successfully.
12-09-2022 @ 10:11:19 - Row :4 - Parsing item.
12-09-2022 @ 10:11:19 - Importing as new product ID:14
12-09-2022 @ 10:11:19 - Row :4 - Processing item.
12-09-2022 @ 10:11:19 - Found simple product object. ID:14
12-09-2022 @ 10:11:19 - Setting Featured Image. URL:files/20100572/product_image_1/EGO Chain Saw_14inch_CS1400E.jpg
12-09-2022 @ 10:11:19 - Unable to use image "files/20100572/product_image_1/EGO Chain Saw_14inch_CS1400E.jpg".
12-09-2022 @ 10:11:19 - Row :4 - Product imported successfully.
12-09-2022 @ 10:11:19 - Row :5 - Parsing item.
12-09-2022 @ 10:11:19 - Importing as new product ID:15
12-09-2022 @ 10:11:19 - Row :5 - Processing item.
12-09-2022 @ 10:11:19 - Found simple product object. ID:15
12-09-2022 @ 10:11:19 - Setting Featured Image. URL:files/20100627/product_image_1/20100627-1.jpg
12-09-2022 @ 10:11:19 - Unable to use image "files/20100627/product_image_1/20100627-1.jpg".
12-09-2022 @ 10:11:19 - Row :5 - Product imported successfully.
12-09-2022 @ 10:11:19 - Row :6 - Parsing item.
12-09-2022 @ 10:11:19 - Importing as new product ID:16
12-09-2022 @ 10:11:19 - Row :6 - Processing item.
12-09-2022 @ 10:11:19 - Found simple product object. ID:16
12-09-2022 @ 10:11:19 - Setting Featured Image. URL:files/20100629/product_image_1/20100629-1.jpg
12-09-2022 @ 10:11:19 - Unable to use image "files/20100629/product_image_1/20100629-1.jpg".
12-09-2022 @ 10:11:19 - Row :6 - Product imported successfully.
12-09-2022 @ 10:11:19 - Row :7 - Parsing item.
12-09-2022 @ 10:11:19 - Importing as new product ID:17
12-09-2022 @ 10:11:19 - Row :7 - Processing item.
12-09-2022 @ 10:11:19 - Found simple product object. ID:17
12-09-2022 @ 10:11:19 - Setting Featured Image. URL:files/20100720/product_image_1/10AMP_EGO_G3_Battery_4P_3DID_CMYK_new1.png
12-09-2022 @ 10:11:19 - Unable to use image "files/20100720/product_image_1/10AMP_EGO_G3_Battery_4P_3DID_CMYK_new1.png".
12-09-2022 @ 10:11:19 - Row :7 - Product imported successfully.
12-09-2022 @ 10:11:19 - Row :8 - Parsing item.
12-09-2022 @ 10:11:19 - Importing as new product ID:18
12-09-2022 @ 10:11:19 - Row :8 - Processing item.
12-09-2022 @ 10:11:19 - Found simple product object. ID:18
12-09-2022 @ 10:11:19 - Setting Featured Image. URL:files/20100740/product_image_1/RTA2300_Rotocut attachment_0628_CMYK_new.jpg
12-09-2022 @ 10:11:19 - Unable to use image "files/20100740/product_image_1/RTA2300_Rotocut attachment_0628_CMYK_new.jpg".
12-09-2022 @ 10:11:20 - Row :8 - Product imported successfully.
12-09-2022 @ 10:11:20 - Row :9 - Parsing item.
12-09-2022 @ 10:11:20 - Importing as new product ID:19
12-09-2022 @ 10:11:20 - Row :9 - Processing item.
12-09-2022 @ 10:11:20 - Found simple product object. ID:19
12-09-2022 @ 10:11:20 - Setting Featured Image. URL:files/20100748/product_image_1/OSA1000.jpg
12-09-2022 @ 10:11:20 - Unable to use image "files/20100748/product_image_1/OSA1000.jpg".
12-09-2022 @ 10:11:20 - Row :9 - Product imported successfully.
12-09-2022 @ 10:11:20 - Row :10 - Parsing item.
12-09-2022 @ 10:11:20 - Importing as new product ID:20
12-09-2022 @ 10:11:20 - Row :10 - Processing item.
12-09-2022 @ 10:11:20 - Found simple product object. ID:20
12-09-2022 @ 10:11:20 - Setting Featured Image. URL:files/20100750/product_image_1/CS1800E_45cm chain saw_0628_cmyk.jpg
12-09-2022 @ 10:11:20 - Unable to use image "files/20100750/product_image_1/CS1800E_45cm chain saw_0628_cmyk.jpg".
12-09-2022 @ 10:11:20 - Row :10 - Product imported successfully.
12-09-2022 @ 10:11:20 - Preparing for import.
12-09-2022 @ 10:11:20 - Row :11 - Parsing item.
12-09-2022 @ 10:11:20 - Importing as new product ID:21
12-09-2022 @ 10:11:20 - Row :11 - Processing item.
12-09-2022 @ 10:11:20 - Found simple product object. ID:21
12-09-2022 @ 10:11:20 - Setting Featured Image. URL:files/20100755/product_image_1/20100057-1-270x203.jpg
12-09-2022 @ 10:11:20 - Unable to use image "files/20100755/product_image_1/20100057-1-270x203.jpg".
12-09-2022 @ 10:11:20 - Row :11 - Product imported successfully.
12-09-2022 @ 10:11:20 - Row :12 - Parsing item.
12-09-2022 @ 10:11:20 - Importing as new product ID:22
12-09-2022 @ 10:11:20 - Row :12 - Processing item.
12-09-2022 @ 10:11:20 - Found simple product object. ID:22
12-09-2022 @ 10:11:20 - Setting Featured Image. URL:files/28700055/product_image_1/28700055-1.jpg
12-09-2022 @ 10:11:20 - Unable to use image "files/28700055/product_image_1/28700055-1.jpg".
12-09-2022 @ 10:11:21 - Row :12 - Product imported successfully.
12-09-2022 @ 10:11:21 - Row :13 - Parsing item.
12-09-2022 @ 10:11:21 - Importing as new product ID:23
12-09-2022 @ 10:11:21 - Row :13 - Processing item.
12-09-2022 @ 10:11:21 - Found simple product object. ID:23
12-09-2022 @ 10:11:21 - Setting Featured Image. URL:files/28700087/product_image_1/GV001_EGO Synthetic Work Glove_Hi Res.jpg
12-09-2022 @ 10:11:21 - Unable to use image "files/28700087/product_image_1/GV001_EGO Synthetic Work Glove_Hi Res.jpg".
12-09-2022 @ 10:11:21 - Row :13 - Product imported successfully.
12-09-2022 @ 10:11:21 - Row :14 - Parsing item.
12-09-2022 @ 10:11:21 - Importing as new product ID:24
12-09-2022 @ 10:11:21 - Row :14 - Processing item.
12-09-2022 @ 10:11:21 - Found simple product object. ID:24
12-09-2022 @ 10:11:21 - Setting Featured Image. URL:files/28700088/product_image_1/GV001_EGO Synthetic Work Glove_Hi Res.jpg
12-09-2022 @ 10:11:21 - Unable to use image "files/28700088/product_image_1/GV001_EGO Synthetic Work Glove_Hi Res.jpg".
12-09-2022 @ 10:11:21 - Row :14 - Product imported successfully.
12-09-2022 @ 10:11:21 - Row :15 - Parsing item.
12-09-2022 @ 10:11:21 - Importing as new product ID:25
12-09-2022 @ 10:11:21 - Row :15 - Processing item.
12-09-2022 @ 10:11:21 - Found simple product object. ID:25
12-09-2022 @ 10:11:21 - Setting Featured Image. URL:files/28700089/product_image_1/GV001_EGO Synthetic Work Glove_Hi Res.jpg
12-09-2022 @ 10:11:21 - Unable to use image "files/28700089/product_image_1/GV001_EGO Synthetic Work Glove_Hi Res.jpg".
12-09-2022 @ 10:11:21 - Row :15 - Product imported successfully.
12-09-2022 @ 10:11:21 - Row :16 - Parsing item.
12-09-2022 @ 10:11:21 - Importing as new product ID:26
12-09-2022 @ 10:11:21 - Row :16 - Processing item.
12-09-2022 @ 10:11:21 - Found simple product object. ID:26
12-09-2022 @ 10:11:21 - Setting Featured Image. URL:files/28700098/product_image_1/GV001_EGO Synthetic Work Glove_Hi Res.jpg
12-09-2022 @ 10:11:21 - Unable to use image "files/28700098/product_image_1/GV001_EGO Synthetic Work Glove_Hi Res.jpg".
12-09-2022 @ 10:11:21 - Row :16 - Product imported successfully.
12-09-2022 @ 10:11:21 - Row :17 - Parsing item.
12-09-2022 @ 10:11:21 - Importing as new product ID:27
12-09-2022 @ 10:11:21 - Row :17 - Processing item.
12-09-2022 @ 10:11:21 - Found simple product object. ID:27
12-09-2022 @ 10:11:21 - Setting Featured Image. URL:files/28700099/product_image_1/AHP1500 hip pad-2_1129_cmyk.jpg
12-09-2022 @ 10:11:21 - Unable to use image "files/28700099/product_image_1/AHP1500 hip pad-2_1129_cmyk.jpg".
12-09-2022 @ 10:11:21 - Row :17 - Product imported successfully.
12-09-2022 @ 10:11:21 - Row :18 - Parsing item.
12-09-2022 @ 10:11:21 - Importing as new product ID:28
12-09-2022 @ 10:11:21 - Row :18 - Processing item.
12-09-2022 @ 10:11:21 - Found simple product object. ID:28
12-09-2022 @ 10:11:21 - Setting Featured Image. URL:files/28700103/product_image_1/ang600r.jpg
12-09-2022 @ 10:11:21 - Unable to use image "files/28700103/product_image_1/ang600r.jpg".
12-09-2022 @ 10:11:21 - Row :18 - Product imported successfully.
12-09-2022 @ 10:11:21 - Row :19 - Parsing item.
12-09-2022 @ 10:11:21 - Importing as new product ID:29
12-09-2022 @ 10:11:21 - Row :19 - Processing item.
12-09-2022 @ 10:11:21 - Found simple product object. ID:29
12-09-2022 @ 10:11:21 - Setting Featured Image. URL:files/28700104/product_image_1/ang000f.jpg
12-09-2022 @ 10:11:21 - Unable to use image "files/28700104/product_image_1/ang000f.jpg".
12-09-2022 @ 10:11:21 - Row :19 - Product imported successfully.
12-09-2022 @ 10:11:21 - Row :20 - Parsing item.
12-09-2022 @ 10:11:21 - Importing as new product ID:30
12-09-2022 @ 10:11:21 - Row :20 - Processing item.
12-09-2022 @ 10:11:21 - Found simple product object. ID:30
12-09-2022 @ 10:11:21 - Setting Featured Image. URL:files/28700105/product_image_1/ant6002.jpg
12-09-2022 @ 10:11:21 - Unable to use image "files/28700105/product_image_1/ant6002.jpg".
12-09-2022 @ 10:11:21 - Row :20 - Product imported successfully.
12-09-2022 @ 10:11:22 - Preparing for import.
12-09-2022 @ 10:11:22 - Row :21 - Parsing item.
12-09-2022 @ 10:11:22 - Importing as new product ID:31
12-09-2022 @ 10:11:22 - Row :21 - Processing item.
12-09-2022 @ 10:11:22 - Found simple product object. ID:31
12-09-2022 @ 10:11:22 - Setting Featured Image. URL:files/28700106/product_image_1/afh1500.jpg
12-09-2022 @ 10:11:22 - Unable to use image "files/28700106/product_image_1/afh1500.jpg".
12-09-2022 @ 10:11:22 - Row :21 - Product imported successfully.
12-09-2022 @ 10:11:22 - Row :22 - Parsing item.
12-09-2022 @ 10:11:22 - Importing as new product ID:32
12-09-2022 @ 10:11:22 - Row :22 - Processing item.
12-09-2022 @ 10:11:22 - Found simple product object. ID:32
12-09-2022 @ 10:11:22 - Setting Featured Image. URL:files/28700108/product_image_1/ach1500.jpg
12-09-2022 @ 10:11:22 - Unable to use image "files/28700108/product_image_1/ach1500.jpg".
12-09-2022 @ 10:11:22 - Row :22 - Product imported successfully.
12-09-2022 @ 10:11:22 - Row :23 - Parsing item.
12-09-2022 @ 10:11:22 - Importing as new product ID:33
12-09-2022 @ 10:11:22 - Row :23 - Processing item.
12-09-2022 @ 10:11:22 - Found simple product object. ID:33
12-09-2022 @ 10:11:22 - Setting Featured Image. URL:files/28700109/product_image_1/AWH1500-1_cmyk.jpg
12-09-2022 @ 10:11:22 - Unable to use image "files/28700109/product_image_1/AWH1500-1_cmyk.jpg".
12-09-2022 @ 10:11:22 - Row :23 - Product imported successfully.
12-09-2022 @ 10:11:22 - Row :24 - Parsing item.
12-09-2022 @ 10:11:22 - Importing as new product ID:34
12-09-2022 @ 10:11:22 - Row :24 - Processing item.
12-09-2022 @ 10:11:22 - Found simple product object. ID:34
12-09-2022 @ 10:11:22 - Setting Featured Image. URL:files/28700120/product_image_1/28700120-1.jpg
12-09-2022 @ 10:11:22 - Unable to use image "files/28700120/product_image_1/28700120-1.jpg".
12-09-2022 @ 10:11:22 - Row :24 - Product imported successfully.
12-09-2022 @ 10:11:22 - Row :25 - Parsing item.
12-09-2022 @ 10:11:22 - Importing as new product ID:35
12-09-2022 @ 10:11:22 - Row :25 - Processing item.
12-09-2022 @ 10:11:22 - Found simple product object. ID:35
12-09-2022 @ 10:11:22 - Setting Featured Image. URL:files/28700125/product_image_1/abt3800.jpg
12-09-2022 @ 10:11:22 - Unable to use image "files/28700125/product_image_1/abt3800.jpg".
12-09-2022 @ 10:11:22 - Row :25 - Product imported successfully.
12-09-2022 @ 10:11:22 - Row :26 - Parsing item.
12-09-2022 @ 10:11:22 - Importing as new product ID:36
12-09-2022 @ 10:11:22 - Row :26 - Processing item.
12-09-2022 @ 10:11:22 - Found simple product object. ID:36
12-09-2022 @ 10:11:22 - Setting Featured Image. URL:files/28700134/product_image_1/ABP1700.jpg
12-09-2022 @ 10:11:22 - Unable to use image "files/28700134/product_image_1/ABP1700.jpg".
12-09-2022 @ 10:11:22 - Row :26 - Product imported successfully.
12-09-2022 @ 10:11:22 - Row :27 - Parsing item.
12-09-2022 @ 10:11:22 - Importing as new product ID:37
12-09-2022 @ 10:11:22 - Row :27 - Processing item.
12-09-2022 @ 10:11:22 - Found simple product object. ID:37
12-09-2022 @ 10:11:22 - Setting Featured Image. URL:files/28700135/product_image_1/28700135-1.jpg
12-09-2022 @ 10:11:22 - Unable to use image "files/28700135/product_image_1/28700135-1.jpg".
12-09-2022 @ 10:11:22 - Row :27 - Product imported successfully.
12-09-2022 @ 10:11:22 - Row :28 - Parsing item.
12-09-2022 @ 10:11:22 - Importing as new product ID:38
12-09-2022 @ 10:11:22 - Row :28 - Processing item.
12-09-2022 @ 10:11:22 - Found simple product object. ID:38
12-09-2022 @ 10:11:22 - Setting Featured Image. URL:files/28700136/product_image_1/ABP1700.jpg
12-09-2022 @ 10:11:22 - Unable to use image "files/28700136/product_image_1/ABP1700.jpg".
12-09-2022 @ 10:11:22 - Row :28 - Product imported successfully.
12-09-2022 @ 10:11:22 - Row :29 - Parsing item.
12-09-2022 @ 10:11:22 - Importing as new product ID:39
12-09-2022 @ 10:11:22 - Row :29 - Processing item.
12-09-2022 @ 10:11:22 - Found simple product object. ID:39
12-09-2022 @ 10:11:22 - Setting Featured Image. URL:files/28700140/product_image_1/an5801.jpg
12-09-2022 @ 10:11:22 - Unable to use image "files/28700140/product_image_1/an5801.jpg".
12-09-2022 @ 10:11:22 - Row :29 - Product imported successfully.
12-09-2022 @ 10:11:22 - Row :30 - Parsing item.
12-09-2022 @ 10:11:22 - Importing as new product ID:40
12-09-2022 @ 10:11:22 - Row :30 - Processing item.
12-09-2022 @ 10:11:22 - Found simple product object. ID:40
12-09-2022 @ 10:11:22 - Setting Featured Image. URL:files/28700142/product_image_1/mulchmes 1700 1900.jpg
12-09-2022 @ 10:11:22 - Unable to use image "files/28700142/product_image_1/mulchmes 1700 1900.jpg".
12-09-2022 @ 10:11:22 - Row :30 - Product imported successfully.
12-09-2022 @ 10:11:23 - Preparing for import.
12-09-2022 @ 10:11:23 - Row :31 - Parsing item.
12-09-2022 @ 10:11:23 - Importing as new product ID:41
12-09-2022 @ 10:11:23 - Row :31 - Processing item.
12-09-2022 @ 10:11:23 - Found simple product object. ID:41
12-09-2022 @ 10:11:23 - Setting Featured Image. URL:files/28700144/product_image_1/mulchmes 1700 1900.jpg
12-09-2022 @ 10:11:23 - Unable to use image "files/28700144/product_image_1/mulchmes 1700 1900.jpg".
12-09-2022 @ 10:11:23 - Row :31 - Product imported successfully.
12-09-2022 @ 10:11:23 - Row :32 - Parsing item.
12-09-2022 @ 10:11:23 - Importing as new product ID:42
12-09-2022 @ 10:11:23 - Row :32 - Processing item.
12-09-2022 @ 10:11:23 - Found simple product object. ID:42
12-09-2022 @ 10:11:23 - Setting Featured Image. URL:files/28700146/product_image_1/ABR2300.jpg
12-09-2022 @ 10:11:23 - Unable to use image "files/28700146/product_image_1/ABR2300.jpg".
12-09-2022 @ 10:11:23 - Row :32 - Product imported successfully.
12-09-2022 @ 10:11:23 - Row :33 - Parsing item.
12-09-2022 @ 10:11:23 - Importing as new product ID:43
12-09-2022 @ 10:11:23 - Row :33 - Processing item.
12-09-2022 @ 10:11:23 - Found simple product object. ID:43
12-09-2022 @ 10:11:23 - Setting Featured Image. URL:files/28700147/product_image_1/acb9500.jpg
12-09-2022 @ 10:11:23 - Unable to use image "files/28700147/product_image_1/acb9500.jpg".
12-09-2022 @ 10:11:23 - Row :33 - Product imported successfully.
12-09-2022 @ 10:11:23 - Row :34 - Parsing item.
12-09-2022 @ 10:11:23 - Importing as new product ID:44
12-09-2022 @ 10:11:23 - Row :34 - Processing item.
12-09-2022 @ 10:11:23 - Found simple product object. ID:44
12-09-2022 @ 10:11:23 - Setting Featured Image. URL:files/28700148/product_image_1/abs2100 set.jpg
12-09-2022 @ 10:11:23 - Unable to use image "files/28700148/product_image_1/abs2100 set.jpg".
12-09-2022 @ 10:11:23 - Row :34 - Product imported successfully.
12-09-2022 @ 10:11:23 - Row :35 - Parsing item.
12-09-2022 @ 10:11:23 - Importing as new product ID:45
12-09-2022 @ 10:11:23 - Row :35 - Processing item.
12-09-2022 @ 10:11:23 - Found simple product object. ID:45
12-09-2022 @ 10:11:23 - Setting Featured Image. URL:files/28700150/product_image_1/AC1400_CS1400E.jpg
12-09-2022 @ 10:11:23 - Unable to use image "files/28700150/product_image_1/AC1400_CS1400E.jpg".
12-09-2022 @ 10:11:23 - Row :35 - Product imported successfully.
12-09-2022 @ 10:11:23 - Row :36 - Parsing item.
12-09-2022 @ 10:11:23 - Importing as new product ID:46
12-09-2022 @ 10:11:23 - Row :36 - Processing item.
12-09-2022 @ 10:11:23 - Found simple product object. ID:46
12-09-2022 @ 10:11:23 - Setting Featured Image. URL:files/28700151/product_image_1/AG1400_EGO ChainSaw Guide Bar_.png
12-09-2022 @ 10:11:23 - Unable to use image "files/28700151/product_image_1/AG1400_EGO ChainSaw Guide Bar_.png".
12-09-2022 @ 10:11:23 - Row :36 - Product imported successfully.
12-09-2022 @ 10:11:23 - Row :37 - Parsing item.
12-09-2022 @ 10:11:23 - Importing as new product ID:47
12-09-2022 @ 10:11:23 - Row :37 - Processing item.
12-09-2022 @ 10:11:23 - Found simple product object. ID:47
12-09-2022 @ 10:11:23 - Setting Featured Image. URL:files/28700152/product_image_1/BBOX2550_1.png
12-09-2022 @ 10:11:23 - Unable to use image "files/28700152/product_image_1/BBOX2550_1.png".
12-09-2022 @ 10:11:23 - Row :37 - Product imported successfully.
12-09-2022 @ 10:11:23 - Row :38 - Parsing item.
12-09-2022 @ 10:11:23 - Importing as new product ID:48
12-09-2022 @ 10:11:23 - Row :38 - Processing item.
12-09-2022 @ 10:11:23 - Found simple product object. ID:48
12-09-2022 @ 10:11:23 - Setting Featured Image. URL:files/28700153/product_image_1/bbox3000.png
12-09-2022 @ 10:11:23 - Unable to use image "files/28700153/product_image_1/bbox3000.png".
12-09-2022 @ 10:11:24 - Row :38 - Product imported successfully.
12-09-2022 @ 10:11:24 - Row :39 - Parsing item.
12-09-2022 @ 10:11:24 - Importing as new product ID:49
12-09-2022 @ 10:11:24 - Row :39 - Processing item.
12-09-2022 @ 10:11:24 - Found simple product object. ID:49
12-09-2022 @ 10:11:24 - Setting Featured Image. URL:files/28700154/product_image_1/GV001_EGO Synthetic Work Glove_Hi Res.jpg
12-09-2022 @ 10:11:24 - Unable to use image "files/28700154/product_image_1/GV001_EGO Synthetic Work Glove_Hi Res.jpg".
12-09-2022 @ 10:11:24 - Row :39 - Product imported successfully.
12-09-2022 @ 10:11:24 - Row :40 - Parsing item.
12-09-2022 @ 10:11:24 - Importing as new product ID:50
12-09-2022 @ 10:11:24 - Row :40 - Processing item.
12-09-2022 @ 10:11:24 - Found simple product object. ID:50
12-09-2022 @ 10:11:24 - Setting Featured Image. URL:files/28700155/product_image_1/arb2100.jpg
12-09-2022 @ 10:11:24 - Unable to use image "files/28700155/product_image_1/arb2100.jpg".
12-09-2022 @ 10:11:24 - Row :40 - Product imported successfully.
12-09-2022 @ 10:11:24 - Preparing for import.
12-09-2022 @ 10:11:24 - Row :41 - Parsing item.
12-09-2022 @ 10:11:24 - Importing as new product ID:51
12-09-2022 @ 10:11:24 - Row :41 - Processing item.
12-09-2022 @ 10:11:24 - Found simple product object. ID:51
12-09-2022 @ 10:11:24 - Setting Featured Image. URL:files/28700160/product_image_1/AGC1001.jpg
12-09-2022 @ 10:11:24 - Unable to use image "files/28700160/product_image_1/AGC1001.jpg".
12-09-2022 @ 10:11:24 - Row :41 - Product imported successfully.
12-09-2022 @ 10:11:24 - Row :42 - Parsing item.
12-09-2022 @ 10:11:25 - Importing as new product ID:52
12-09-2022 @ 10:11:25 - Row :42 - Processing item.
12-09-2022 @ 10:11:25 - Found simple product object. ID:52
12-09-2022 @ 10:11:25 - Setting Featured Image. URL:files/28700165/product_image_1/AR1900.jpg
12-09-2022 @ 10:11:25 - Unable to use image "files/28700165/product_image_1/AR1900.jpg".
12-09-2022 @ 10:11:25 - Row :42 - Product imported successfully.
12-09-2022 @ 10:11:25 - Row :43 - Parsing item.
12-09-2022 @ 10:11:25 - Importing as new product ID:53
12-09-2022 @ 10:11:25 - Row :43 - Processing item.
12-09-2022 @ 10:11:25 - Found simple product object. ID:53
12-09-2022 @ 10:11:25 - Setting Featured Image. URL:files/28700170/product_image_1/AR1900.jpg
12-09-2022 @ 10:11:25 - Unable to use image "files/28700170/product_image_1/AR1900.jpg".
12-09-2022 @ 10:11:25 - Row :43 - Product imported successfully.
12-09-2022 @ 10:11:25 - Row :44 - Parsing item.
12-09-2022 @ 10:11:25 - Importing as new product ID:54
12-09-2022 @ 10:11:25 - Row :44 - Processing item.
12-09-2022 @ 10:11:25 - Found simple product object. ID:54
12-09-2022 @ 10:11:25 - Setting Featured Image. URL:files/20100745/product_image_1/bba2100.jpg
12-09-2022 @ 10:11:25 - Unable to use image "files/20100745/product_image_1/bba2100.jpg".
12-09-2022 @ 10:11:25 - Row :44 - Product imported successfully.
12-09-2022 @ 10:11:25 - Row :45 - Parsing item.
12-09-2022 @ 10:11:25 - Importing as new product ID:55
12-09-2022 @ 10:11:25 - Row :45 - Processing item.
12-09-2022 @ 10:11:25 - Found simple product object. ID:55
12-09-2022 @ 10:11:25 - Row :45 - Product imported successfully.
12-09-2022 @ 10:11:25 - Row :46 - Parsing item.
12-09-2022 @ 10:11:25 - Importing as new product ID:56
12-09-2022 @ 10:11:25 - Row :46 - Processing item.
12-09-2022 @ 10:11:25 - Found simple product object. ID:56
12-09-2022 @ 10:11:25 - Row :46 - Product imported successfully.
12-09-2022 @ 10:11:25 - Row :47 - Parsing item.
12-09-2022 @ 10:11:25 - Importing as new product ID:57
12-09-2022 @ 10:11:25 - Row :47 - Processing item.
12-09-2022 @ 10:11:25 - Found simple product object. ID:57
12-09-2022 @ 10:11:25 - Row :47 - Product imported successfully.
12-09-2022 @ 10:11:25 - Row :48 - Parsing item.
12-09-2022 @ 10:11:25 - Importing as new product ID:58
12-09-2022 @ 10:11:25 - Row :48 - Processing item.
12-09-2022 @ 10:11:25 - Found simple product object. ID:58
12-09-2022 @ 10:11:25 - Row :48 - Product imported successfully.
12-09-2022 @ 10:11:25 - Row :49 - Parsing item.
12-09-2022 @ 10:11:25 - Importing as new product ID:59
12-09-2022 @ 10:11:25 - Row :49 - Processing item.
12-09-2022 @ 10:11:25 - Found simple product object. ID:59
12-09-2022 @ 10:11:25 - Row :49 - Product imported successfully.
12-09-2022 @ 10:11:25 - Row :50 - Parsing item.
12-09-2022 @ 10:11:25 - Importing as new product ID:60
12-09-2022 @ 10:11:25 - Row :50 - Processing item.
12-09-2022 @ 10:11:25 - Found simple product object. ID:60
12-09-2022 @ 10:11:25 - Row :50 - Product imported successfully.
12-09-2022 @ 10:11:26 - Preparing for import.
12-09-2022 @ 10:11:26 - Row :51 - Parsing item.
12-09-2022 @ 10:11:26 - Importing as new product ID:61
12-09-2022 @ 10:11:26 - Row :51 - Processing item.
12-09-2022 @ 10:11:26 - Found simple product object. ID:61
12-09-2022 @ 10:11:26 - Row :51 - Product imported successfully.
12-09-2022 @ 10:11:26 - Row :52 - Parsing item.
12-09-2022 @ 10:11:26 - Importing as new product ID:62
12-09-2022 @ 10:11:26 - Row :52 - Processing item.
12-09-2022 @ 10:11:26 - Found simple product object. ID:62
12-09-2022 @ 10:11:26 - Row :52 - Product imported successfully.
12-09-2022 @ 10:11:26 - Row :53 - Parsing item.
12-09-2022 @ 10:11:26 - Importing as new product ID:63
12-09-2022 @ 10:11:26 - Row :53 - Processing item.
12-09-2022 @ 10:11:26 - Found simple product object. ID:63
12-09-2022 @ 10:11:26 - Row :53 - Product imported successfully.
12-09-2022 @ 10:11:26 - Row :54 - Parsing item.
12-09-2022 @ 10:11:26 - Importing as new product ID:64
12-09-2022 @ 10:11:26 - Row :54 - Processing item.
12-09-2022 @ 10:11:26 - Found simple product object. ID:64
12-09-2022 @ 10:11:26 - Row :54 - Product imported successfully.
12-09-2022 @ 10:11:26 - Row :55 - Parsing item.
12-09-2022 @ 10:11:26 - Importing as new product ID:65
12-09-2022 @ 10:11:26 - Row :55 - Processing item.
12-09-2022 @ 10:11:26 - Found simple product object. ID:65
12-09-2022 @ 10:11:26 - Row :55 - Product imported successfully.
12-09-2022 @ 10:11:26 - Row :56 - Parsing item.
12-09-2022 @ 10:11:26 - Importing as new product ID:66
12-09-2022 @ 10:11:26 - Row :56 - Processing item.
12-09-2022 @ 10:11:26 - Found simple product object. ID:66
12-09-2022 @ 10:11:26 - Setting Featured Image. URL:files/20100801/product_image_1/LM2135E-SP_Hero.png
12-09-2022 @ 10:11:26 - Unable to use image "files/20100801/product_image_1/LM2135E-SP_Hero.png".
12-09-2022 @ 10:11:26 - Row :56 - Product imported successfully.
12-09-2022 @ 10:11:26 - Row :57 - Parsing item.
12-09-2022 @ 10:11:26 - Importing as new product ID:67
12-09-2022 @ 10:11:26 - Row :57 - Processing item.
12-09-2022 @ 10:11:26 - Found simple product object. ID:67
12-09-2022 @ 10:11:26 - Setting Featured Image. URL:files/20100802/product_image_1/BA2240T_Hero.png
12-09-2022 @ 10:11:26 - Unable to use image "files/20100802/product_image_1/BA2240T_Hero.png".
12-09-2022 @ 10:11:26 - Row :57 - Product imported successfully.
12-09-2022 @ 10:11:26 - Row :58 - Parsing item.
12-09-2022 @ 10:11:26 - Importing as new product ID:68
12-09-2022 @ 10:11:26 - Row :58 - Processing item.
12-09-2022 @ 10:11:26 - Found simple product object. ID:68
12-09-2022 @ 10:11:26 - Setting Featured Image. URL:files/20100803/product_image_1/PAD1501E_1_BS.png
12-09-2022 @ 10:11:26 - Unable to use image "files/20100803/product_image_1/PAD1501E_1_BS.png".
12-09-2022 @ 10:11:26 - Row :58 - Product imported successfully.
12-09-2022 @ 10:11:26 - Row :59 - Parsing item.
12-09-2022 @ 10:11:26 - Importing as new product ID:69
12-09-2022 @ 10:11:26 - Row :59 - Processing item.
12-09-2022 @ 10:11:26 - Found simple product object. ID:69
12-09-2022 @ 10:11:26 - Setting Featured Image. URL:files/20100804/product_image_1/ST1401E-ST_Hero.png
12-09-2022 @ 10:11:26 - Unable to use image "files/20100804/product_image_1/ST1401E-ST_Hero.png".
12-09-2022 @ 10:11:26 - Row :59 - Product imported successfully.
12-09-2022 @ 10:11:26 - Row :60 - Parsing item.
12-09-2022 @ 10:11:26 - Importing as new product ID:70
12-09-2022 @ 10:11:26 - Row :60 - Processing item.
12-09-2022 @ 10:11:26 - Found simple product object. ID:70
12-09-2022 @ 10:11:26 - Setting Featured Image. URL:files/20100805/product_image_1/CSX3000_3.png
12-09-2022 @ 10:11:26 - Unable to use image "files/20100805/product_image_1/CSX3000_3.png".
12-09-2022 @ 10:11:26 - Row :60 - Product imported successfully.
12-09-2022 @ 10:11:27 - Preparing for import.
12-09-2022 @ 10:11:27 - Row :61 - Parsing item.
12-09-2022 @ 10:11:27 - Importing as new product ID:71
12-09-2022 @ 10:11:27 - Row :61 - Processing item.
12-09-2022 @ 10:11:27 - Found simple product object. ID:71
12-09-2022 @ 10:11:27 - Setting Featured Image. URL:files/20100806/product_image_1/ST1401E-ST_Hero.png
12-09-2022 @ 10:11:27 - Unable to use image "files/20100806/product_image_1/ST1401E-ST_Hero.png".
12-09-2022 @ 10:11:27 - Row :61 - Product imported successfully.
12-09-2022 @ 10:11:27 - Row :62 - Parsing item.
12-09-2022 @ 10:11:27 - Importing as new product ID:72
12-09-2022 @ 10:11:27 - Row :62 - Processing item.
12-09-2022 @ 10:11:27 - Found simple product object. ID:72
12-09-2022 @ 10:11:27 - Setting Featured Image. URL:files/20100807/product_image_1/PAD1500E_Hero_VDE.png
12-09-2022 @ 10:11:27 - Unable to use image "files/20100807/product_image_1/PAD1500E_Hero_VDE.png".
12-09-2022 @ 10:11:27 - Row :62 - Product imported successfully.
12-09-2022 @ 10:11:27 - Row :63 - Parsing item.
12-09-2022 @ 10:11:27 - Importing as new product ID:73
12-09-2022 @ 10:11:27 - Row :63 - Processing item.
12-09-2022 @ 10:11:27 - Found simple product object. ID:73
12-09-2022 @ 10:11:27 - Setting Featured Image. URL:files/20100808/product_image_1/PTX5100_2-min.jpg
12-09-2022 @ 10:11:27 - Unable to use image "files/20100808/product_image_1/PTX5100_2-min.jpg".
12-09-2022 @ 10:11:27 - Row :63 - Product imported successfully.
12-09-2022 @ 10:11:27 - Row :64 - Parsing item.
12-09-2022 @ 10:11:27 - Importing as new product ID:74
12-09-2022 @ 10:11:27 - Row :64 - Processing item.
12-09-2022 @ 10:11:27 - Found simple product object. ID:74
12-09-2022 @ 10:11:27 - Setting Featured Image. URL:files/20100809/product_image_1/PSX2500_2-min.jpg
12-09-2022 @ 10:11:27 - Unable to use image "files/20100809/product_image_1/PSX2500_2-min.jpg".
12-09-2022 @ 10:11:27 - Row :64 - Product imported successfully.
12-09-2022 @ 10:11:27 - Row :65 - Parsing item.
12-09-2022 @ 10:11:27 - Importing as new product ID:75
12-09-2022 @ 10:11:27 - Row :65 - Processing item.
12-09-2022 @ 10:11:27 - Found simple product object. ID:75
12-09-2022 @ 10:11:27 - Setting Featured Image. URL:files/20100810/product_image_1/PTX5100_1-min.jpg
12-09-2022 @ 10:11:27 - Unable to use image "files/20100810/product_image_1/PTX5100_1-min.jpg".
12-09-2022 @ 10:11:27 - Row :65 - Product imported successfully.
12-09-2022 @ 10:11:27 - Row :66 - Parsing item.
12-09-2022 @ 10:11:27 - Importing as new product ID:76
12-09-2022 @ 10:11:27 - Row :66 - Processing item.
12-09-2022 @ 10:11:27 - Found simple product object. ID:76
12-09-2022 @ 10:11:27 - Setting Featured Image. URL:files/20100811/product_image_1/PTX5100_6-min.jpg
12-09-2022 @ 10:11:27 - Unable to use image "files/20100811/product_image_1/PTX5100_6-min.jpg".
12-09-2022 @ 10:11:27 - Row :66 - Product imported successfully.
12-09-2022 @ 10:11:27 - Row :67 - Parsing item.
12-09-2022 @ 10:11:27 - Importing as new product ID:77
12-09-2022 @ 10:11:27 - Row :67 - Processing item.
12-09-2022 @ 10:11:27 - Found simple product object. ID:77
12-09-2022 @ 10:11:27 - Setting Featured Image. URL:files/20100815/product_image_1/HT2001E.png
12-09-2022 @ 10:11:27 - Unable to use image "files/20100815/product_image_1/HT2001E.png".
12-09-2022 @ 10:11:27 - Row :67 - Product imported successfully.
12-09-2022 @ 10:11:27 - Row :68 - Parsing item.
12-09-2022 @ 10:11:27 - Importing as new product ID:78
12-09-2022 @ 10:11:27 - Row :68 - Processing item.
12-09-2022 @ 10:11:27 - Found simple product object. ID:78
12-09-2022 @ 10:11:27 - Setting Featured Image. URL:files/20100820/product_image_1/ST1300E-S.png
12-09-2022 @ 10:11:27 - Unable to use image "files/20100820/product_image_1/ST1300E-S.png".
12-09-2022 @ 10:11:27 - Row :68 - Product imported successfully.
12-09-2022 @ 10:11:27 - Row :69 - Parsing item.
12-09-2022 @ 10:11:27 - Importing as new product ID:79
12-09-2022 @ 10:11:27 - Row :69 - Processing item.
12-09-2022 @ 10:11:27 - Found simple product object. ID:79
12-09-2022 @ 10:11:27 - Setting Featured Image. URL:files/20100825/product_image_1/ST1300E-S.png
12-09-2022 @ 10:11:27 - Unable to use image "files/20100825/product_image_1/ST1300E-S.png".
12-09-2022 @ 10:11:27 - Row :69 - Product imported successfully.
12-09-2022 @ 10:11:28 - Row :70 - Parsing item.
12-09-2022 @ 10:11:28 - Importing as new product ID:80
12-09-2022 @ 10:11:28 - Row :70 - Processing item.
12-09-2022 @ 10:11:28 - Found simple product object. ID:80
12-09-2022 @ 10:11:28 - Setting Featured Image. URL:files/20100830/product_image_1/CSX3000_3.png
12-09-2022 @ 10:11:28 - Unable to use image "files/20100830/product_image_1/CSX3000_3.png".
12-09-2022 @ 10:11:28 - Row :70 - Product imported successfully.
12-09-2022 @ 10:11:28 - Preparing for import.
12-09-2022 @ 10:11:28 - Row :71 - Parsing item.
12-09-2022 @ 10:11:28 - Importing as new product ID:81
12-09-2022 @ 10:11:28 - Row :71 - Processing item.
12-09-2022 @ 10:11:28 - Found simple product object. ID:81
12-09-2022 @ 10:11:28 - Setting Featured Image. URL:files/20100835/product_image_1/RTA2300_1.png
12-09-2022 @ 10:11:28 - Unable to use image "files/20100835/product_image_1/RTA2300_1.png".
12-09-2022 @ 10:11:28 - Row :71 - Product imported successfully.
12-09-2022 @ 10:11:28 - Row :72 - Parsing item.
12-09-2022 @ 10:11:28 - Importing as new product ID:82
12-09-2022 @ 10:11:28 - Row :72 - Processing item.
12-09-2022 @ 10:11:28 - Found simple product object. ID:82
12-09-2022 @ 10:11:28 - Setting Featured Image. URL:files/20100812/product_image_1/HT2410_1.png
12-09-2022 @ 10:11:28 - Unable to use image "files/20100812/product_image_1/HT2410_1.png".
12-09-2022 @ 10:11:28 - Row :72 - Product imported successfully.
12-09-2022 @ 10:11:28 - Row :73 - Parsing item.
12-09-2022 @ 10:11:28 - Importing as new product ID:83
12-09-2022 @ 10:11:28 - Row :73 - Processing item.
12-09-2022 @ 10:11:28 - Found simple product object. ID:83
12-09-2022 @ 10:11:29 - Row :73 - Product imported successfully.
12-09-2022 @ 10:11:29 - Row :74 - Parsing item.
12-09-2022 @ 10:11:29 - Importing as new product ID:84
12-09-2022 @ 10:11:29 - Row :74 - Processing item.
12-09-2022 @ 10:11:29 - Found simple product object. ID:84
12-09-2022 @ 10:11:29 - Setting Featured Image. URL:files/20100813/product_image_1/sneeuwfrees uit folder.jpg
12-09-2022 @ 10:11:29 - Unable to use image "files/20100813/product_image_1/sneeuwfrees uit folder.jpg".
12-09-2022 @ 10:11:29 - Row :74 - Product imported successfully.
12-09-2022 @ 10:11:29 - Row :75 - Parsing item.
12-09-2022 @ 10:11:29 - Importing as new product ID:85
12-09-2022 @ 10:11:29 - Row :75 - Processing item.
12-09-2022 @ 10:11:29 - Found simple product object. ID:85
12-09-2022 @ 10:11:29 - Row :75 - Product imported successfully.
12-09-2022 @ 10:11:29 - Row :76 - Parsing item.
12-09-2022 @ 10:11:29 - Importing as new product ID:86
12-09-2022 @ 10:11:29 - Row :76 - Processing item.
12-09-2022 @ 10:11:29 - Found simple product object. ID:86
12-09-2022 @ 10:11:29 - Setting Featured Image. URL:files/28700185/product_image_1/abp2100e.png
12-09-2022 @ 10:11:29 - Unable to use image "files/28700185/product_image_1/abp2100e.png".
12-09-2022 @ 10:11:29 - Row :76 - Product imported successfully.
12-09-2022 @ 10:11:29 - Row :77 - Parsing item.
12-09-2022 @ 10:11:29 - Importing as new product ID:87
12-09-2022 @ 10:11:29 - Row :77 - Processing item.
12-09-2022 @ 10:11:29 - Found simple product object. ID:87
12-09-2022 @ 10:11:29 - Setting Featured Image. URL:files/28700186/product_image_1/CM001_Hero.png
12-09-2022 @ 10:11:29 - Unable to use image "files/28700186/product_image_1/CM001_Hero.png".
12-09-2022 @ 10:11:29 - Row :77 - Product imported successfully.
12-09-2022 @ 10:11:29 - Row :78 - Parsing item.
12-09-2022 @ 10:11:29 - Importing as new product ID:88
12-09-2022 @ 10:11:29 - Row :78 - Processing item.
12-09-2022 @ 10:11:29 - Found simple product object. ID:88
12-09-2022 @ 10:11:29 - Setting Featured Image. URL:files/28700188/product_image_1/AH1520.jpg
12-09-2022 @ 10:11:29 - Unable to use image "files/28700188/product_image_1/AH1520.jpg".
12-09-2022 @ 10:11:29 - Row :78 - Product imported successfully.
12-09-2022 @ 10:11:29 - Row :79 - Parsing item.
12-09-2022 @ 10:11:29 - Importing as new product ID:89
12-09-2022 @ 10:11:29 - Row :79 - Processing item.
12-09-2022 @ 10:11:29 - Found simple product object. ID:89
12-09-2022 @ 10:11:29 - Row :79 - Product imported successfully.
12-09-2022 @ 10:11:29 - Row :80 - Parsing item.
12-09-2022 @ 10:11:29 - Importing as new product ID:90
12-09-2022 @ 10:11:29 - Row :80 - Processing item.
12-09-2022 @ 10:11:29 - Found simple product object. ID:90
12-09-2022 @ 10:11:29 - Row :80 - Product imported successfully.
12-09-2022 @ 10:11:30 - Preparing for import.
12-09-2022 @ 10:11:30 - Row :81 - Parsing item.
12-09-2022 @ 10:11:30 - Importing as new product ID:91
12-09-2022 @ 10:11:30 - Row :81 - Processing item.
12-09-2022 @ 10:11:30 - Found simple product object. ID:91
12-09-2022 @ 10:11:30 - Row :81 - Product imported successfully.
12-09-2022 @ 10:11:30 - Row :82 - Parsing item.
12-09-2022 @ 10:11:30 - Importing as new product ID:92
12-09-2022 @ 10:11:30 - Row :82 - Processing item.
12-09-2022 @ 10:11:30 - Found simple product object. ID:92
12-09-2022 @ 10:11:30 - Row :82 - Product imported successfully.
12-09-2022 @ 10:11:30 - Row :83 - Parsing item.
12-09-2022 @ 10:11:30 - Importing as new product ID:93
12-09-2022 @ 10:11:30 - Row :83 - Processing item.
12-09-2022 @ 10:11:30 - Found simple product object. ID:93
12-09-2022 @ 10:11:30 - Row :83 - Product imported successfully.
12-09-2022 @ 10:11:30 - Row :84 - Parsing item.
12-09-2022 @ 10:11:30 - Importing as new product ID:94
12-09-2022 @ 10:11:30 - Row :84 - Processing item.
12-09-2022 @ 10:11:30 - Found simple product object. ID:94
12-09-2022 @ 10:11:30 - Setting Featured Image. URL:files/28700193/product_image_1/AG1200.jpg
12-09-2022 @ 10:11:30 - Unable to use image "files/28700193/product_image_1/AG1200.jpg".
12-09-2022 @ 10:11:30 - Row :84 - Product imported successfully.
12-09-2022 @ 10:11:30 - Row :85 - Parsing item.
12-09-2022 @ 10:11:30 - Importing as new product ID:95
12-09-2022 @ 10:11:30 - Row :85 - Processing item.
12-09-2022 @ 10:11:30 - Found simple product object. ID:95
12-09-2022 @ 10:11:30 - Setting Featured Image. URL:files/28700194/product_image_1/ABH3001_Hero.png
12-09-2022 @ 10:11:30 - Unable to use image "files/28700194/product_image_1/ABH3001_Hero.png".
12-09-2022 @ 10:11:30 - Row :85 - Product imported successfully.
12-09-2022 @ 10:11:30 - Row :86 - Parsing item.
12-09-2022 @ 10:11:30 - Importing as new product ID:96
12-09-2022 @ 10:11:30 - Row :86 - Processing item.
12-09-2022 @ 10:11:30 - Found simple product object. ID:96
12-09-2022 @ 10:11:30 - Setting Featured Image. URL:files/28700110/product_image_1/28700110-1.jpg
12-09-2022 @ 10:11:30 - Unable to use image "files/28700110/product_image_1/28700110-1.jpg".
12-09-2022 @ 10:11:30 - Row :86 - Product imported successfully.
12-09-2022 @ 10:11:30 - Row :87 - Parsing item.
12-09-2022 @ 10:11:30 - Importing as new product ID:97
12-09-2022 @ 10:11:30 - Row :87 - Processing item.
12-09-2022 @ 10:11:30 - Found simple product object. ID:97
12-09-2022 @ 10:11:30 - Setting Featured Image. URL:files/20100078/product_image_1/20100078-1.jpg
12-09-2022 @ 10:11:30 - Unable to use image "files/20100078/product_image_1/20100078-1.jpg".
12-09-2022 @ 10:11:30 - Row :87 - Product imported successfully.
12-09-2022 @ 10:11:30 - Row :88 - Parsing item.
12-09-2022 @ 10:11:30 - Importing as new product ID:98
12-09-2022 @ 10:11:30 - Row :88 - Processing item.
12-09-2022 @ 10:11:30 - Found simple product object. ID:98
12-09-2022 @ 10:11:30 - Setting Featured Image. URL:files/28700093/product_image_1/28700093-1.jpg
12-09-2022 @ 10:11:30 - Unable to use image "files/28700093/product_image_1/28700093-1.jpg".
12-09-2022 @ 10:11:30 - Row :88 - Product imported successfully.
12-09-2022 @ 10:11:30 - Row :89 - Parsing item.
12-09-2022 @ 10:11:30 - Importing as new product ID:99
12-09-2022 @ 10:11:30 - Row :89 - Processing item.
12-09-2022 @ 10:11:30 - Found simple product object. ID:99
12-09-2022 @ 10:11:30 - Setting Featured Image. URL:files/28700096/product_image_1/28700096-1.jpg
12-09-2022 @ 10:11:30 - Unable to use image "files/28700096/product_image_1/28700096-1.jpg".
12-09-2022 @ 10:11:30 - Row :89 - Product imported successfully.
12-09-2022 @ 10:11:30 - Row :90 - Parsing item.
12-09-2022 @ 10:11:30 - Importing as new product ID:100
12-09-2022 @ 10:11:30 - Row :90 - Processing item.
12-09-2022 @ 10:11:30 - Found simple product object. ID:100
12-09-2022 @ 10:11:30 - Setting Featured Image. URL:files/28700094/product_image_1/28700094-1.jpg
12-09-2022 @ 10:11:30 - Unable to use image "files/28700094/product_image_1/28700094-1.jpg".
12-09-2022 @ 10:11:30 - Row :90 - Product imported successfully.
12-09-2022 @ 10:11:31 - Preparing for import.
12-09-2022 @ 10:11:31 - Row :91 - Parsing item.
12-09-2022 @ 10:11:31 - Importing as new product ID:101
12-09-2022 @ 10:11:31 - Row :91 - Processing item.
12-09-2022 @ 10:11:31 - Found simple product object. ID:101
12-09-2022 @ 10:11:31 - Setting Featured Image. URL:files/28700091/product_image_1/28700091-1.jpg
12-09-2022 @ 10:11:31 - Unable to use image "files/28700091/product_image_1/28700091-1.jpg".
12-09-2022 @ 10:11:31 - Row :91 - Product imported successfully.
12-09-2022 @ 10:11:31 - Row :92 - Parsing item.
12-09-2022 @ 10:11:31 - Importing as new product ID:102
12-09-2022 @ 10:11:31 - Row :92 - Processing item.
12-09-2022 @ 10:11:31 - Found simple product object. ID:102
12-09-2022 @ 10:11:31 - Setting Featured Image. URL:files/20100093/product_image_1/20100095-1-650x489.jpg
12-09-2022 @ 10:11:31 - Unable to use image "files/20100093/product_image_1/20100095-1-650x489.jpg".
12-09-2022 @ 10:11:31 - Row :92 - Product imported successfully.
12-09-2022 @ 10:11:31 - Row :93 - Parsing item.
12-09-2022 @ 10:11:31 - Importing as new product ID:103
12-09-2022 @ 10:11:31 - Row :93 - Processing item.
12-09-2022 @ 10:11:31 - Found simple product object. ID:103
12-09-2022 @ 10:11:31 - Setting Featured Image. URL:files/20100095/product_image_1/20100095-1-650x489.jpg
12-09-2022 @ 10:11:31 - Unable to use image "files/20100095/product_image_1/20100095-1-650x489.jpg".
12-09-2022 @ 10:11:31 - Row :93 - Product imported successfully.
12-09-2022 @ 10:11:31 - Row :94 - Parsing item.
12-09-2022 @ 10:11:31 - Importing as new product ID:104
12-09-2022 @ 10:11:31 - Row :94 - Processing item.
12-09-2022 @ 10:11:31 - Found simple product object. ID:104
12-09-2022 @ 10:11:31 - Setting Featured Image. URL:files/20100094/product_image_1/20100095-1-650x489.jpg
12-09-2022 @ 10:11:31 - Unable to use image "files/20100094/product_image_1/20100095-1-650x489.jpg".
12-09-2022 @ 10:11:31 - Row :94 - Product imported successfully.
12-09-2022 @ 10:11:31 - Row :95 - Parsing item.
12-09-2022 @ 10:11:31 - Importing as new product ID:105
12-09-2022 @ 10:11:31 - Row :95 - Processing item.
12-09-2022 @ 10:11:31 - Found simple product object. ID:105
12-09-2022 @ 10:11:31 - Setting Featured Image. URL:files/20100092/product_image_1/20100095-1-650x489.jpg
12-09-2022 @ 10:11:31 - Unable to use image "files/20100092/product_image_1/20100095-1-650x489.jpg".
12-09-2022 @ 10:11:31 - Row :95 - Product imported successfully.
12-09-2022 @ 10:11:31 - Row :96 - Parsing item.
12-09-2022 @ 10:11:31 - Importing as new product ID:106
12-09-2022 @ 10:11:31 - Row :96 - Processing item.
12-09-2022 @ 10:11:31 - Found simple product object. ID:106
12-09-2022 @ 10:11:31 - Setting Featured Image. URL:files/20100851/product_image_1/CHV1600_snelste_oplader_in_sector.png
12-09-2022 @ 10:11:31 - Unable to use image "files/20100851/product_image_1/CHV1600_snelste_oplader_in_sector.png".
12-09-2022 @ 10:11:31 - Row :96 - Product imported successfully.
12-09-2022 @ 10:11:31 - Row :97 - Parsing item.
12-09-2022 @ 10:11:31 - Importing as new product ID:107
12-09-2022 @ 10:11:31 - Row :97 - Processing item.
12-09-2022 @ 10:11:31 - Found simple product object. ID:107
12-09-2022 @ 10:11:31 - Setting Featured Image. URL:files/28700200/product_image_1/AB4200 2.png
12-09-2022 @ 10:11:31 - Unable to use image "files/28700200/product_image_1/AB4200 2.png".
12-09-2022 @ 10:11:31 - Row :97 - Product imported successfully.
12-09-2022 @ 10:11:31 - Row :98 - Parsing item.
12-09-2022 @ 10:11:31 - Importing as new product ID:108
12-09-2022 @ 10:11:31 - Row :98 - Processing item.
12-09-2022 @ 10:11:31 - Found simple product object. ID:108
12-09-2022 @ 10:11:31 - Setting Featured Image. URL:files/28700205/product_image_1/AB4201 2.png
12-09-2022 @ 10:11:31 - Unable to use image "files/28700205/product_image_1/AB4201 2.png".
12-09-2022 @ 10:11:31 - Row :98 - Product imported successfully.
12-09-2022 @ 10:11:31 - Row :99 - Parsing item.
12-09-2022 @ 10:11:31 - Importing as new product ID:109
12-09-2022 @ 10:11:31 - Row :99 - Processing item.
12-09-2022 @ 10:11:31 - Found simple product object. ID:109
12-09-2022 @ 10:11:31 - Setting Featured Image. URL:files/28700210/product_image_1/AMP4200 1.png
12-09-2022 @ 10:11:31 - Unable to use image "files/28700210/product_image_1/AMP4200 1.png".
12-09-2022 @ 10:11:31 - Row :99 - Product imported successfully.
12-09-2022 @ 10:11:31 - Row :100 - Parsing item.
12-09-2022 @ 10:11:31 - Importing as new product ID:110
12-09-2022 @ 10:11:31 - Row :100 - Processing item.
12-09-2022 @ 10:11:31 - Found simple product object. ID:110
12-09-2022 @ 10:11:31 - Setting Featured Image. URL:files/28700215/product_image_1/ABK4200-A.jpg
12-09-2022 @ 10:11:31 - Unable to use image "files/28700215/product_image_1/ABK4200-A.jpg".
12-09-2022 @ 10:11:32 - Row :100 - Product imported successfully.
12-09-2022 @ 10:11:32 - Preparing for import.
12-09-2022 @ 10:11:32 - Row :101 - Parsing item.
12-09-2022 @ 10:11:32 - Importing as new product ID:111
12-09-2022 @ 10:11:32 - Row :101 - Processing item.
12-09-2022 @ 10:11:32 - Found simple product object. ID:111
12-09-2022 @ 10:11:32 - Setting Featured Image. URL:files/28700220/product_image_1/CRM001 1.png
12-09-2022 @ 10:11:32 - Unable to use image "files/28700220/product_image_1/CRM001 1.png".
12-09-2022 @ 10:11:32 - Row :101 - Product imported successfully.
12-09-2022 @ 10:11:32 - Row :102 - Parsing item.
12-09-2022 @ 10:11:32 - Importing as new product ID:112
12-09-2022 @ 10:11:32 - Row :102 - Processing item.
12-09-2022 @ 10:11:32 - Found simple product object. ID:112
12-09-2022 @ 10:11:32 - Setting Featured Image. URL:files/20100852/product_image_1/LM1701E-SP_42cm self propelled mower_0628_CMYK_new.jpg
12-09-2022 @ 10:11:32 - Unable to use image "files/20100852/product_image_1/LM1701E-SP_42cm self propelled mower_0628_CMYK_new.jpg".
12-09-2022 @ 10:11:32 - Row :102 - Product imported successfully.
12-09-2022 @ 10:11:32 - Row :103 - Parsing item.
12-09-2022 @ 10:11:32 - Importing as new product ID:113
12-09-2022 @ 10:11:32 - Row :103 - Processing item.
12-09-2022 @ 10:11:32 - Found simple product object. ID:113
12-09-2022 @ 10:11:32 - Setting Featured Image. URL:files/20100853/product_image_1/HT2001E pp.png
12-09-2022 @ 10:11:32 - Unable to use image "files/20100853/product_image_1/HT2001E pp.png".
12-09-2022 @ 10:11:33 - Row :103 - Product imported successfully.
12-09-2022 @ 10:11:33 - Row :104 - Parsing item.
12-09-2022 @ 10:11:33 - Importing as new product ID:114
12-09-2022 @ 10:11:33 - Row :104 - Processing item.
12-09-2022 @ 10:11:33 - Found simple product object. ID:114
12-09-2022 @ 10:11:33 - Setting Featured Image. URL:files/20100854/product_image_1/CS1610E (1).png
12-09-2022 @ 10:11:33 - Unable to use image "files/20100854/product_image_1/CS1610E (1).png".
12-09-2022 @ 10:11:33 - Row :104 - Product imported successfully.
12-09-2022 @ 10:11:33 - Row :105 - Parsing item.
12-09-2022 @ 10:11:33 - Importing as new product ID:115
12-09-2022 @ 10:11:33 - Row :105 - Processing item.
12-09-2022 @ 10:11:33 - Found simple product object. ID:115
12-09-2022 @ 10:11:33 - Setting Featured Image. URL:files/20100855/product_image_1/CS1610E (1).png
12-09-2022 @ 10:11:33 - Unable to use image "files/20100855/product_image_1/CS1610E (1).png".
12-09-2022 @ 10:11:33 - Row :105 - Product imported successfully.
12-09-2022 @ 10:11:33 - Row :106 - Parsing item.
12-09-2022 @ 10:11:33 - Importing as new product ID:116
12-09-2022 @ 10:11:33 - Row :106 - Processing item.
12-09-2022 @ 10:11:33 - Found simple product object. ID:116
12-09-2022 @ 10:11:33 - Setting Featured Image. URL:files/20100856/product_image_1/LB5800E_1.png
12-09-2022 @ 10:11:33 - Unable to use image "files/20100856/product_image_1/LB5800E_1.png".
12-09-2022 @ 10:11:33 - Row :106 - Product imported successfully.
12-09-2022 @ 10:11:33 - Row :107 - Parsing item.
12-09-2022 @ 10:11:33 - Importing as new product ID:117
12-09-2022 @ 10:11:33 - Row :107 - Processing item.
12-09-2022 @ 10:11:33 - Found simple product object. ID:117
12-09-2022 @ 10:11:33 - Setting Featured Image. URL:files/20100857/product_image_1/LB7650E (1).png
12-09-2022 @ 10:11:33 - Unable to use image "files/20100857/product_image_1/LB7650E (1).png".
12-09-2022 @ 10:11:33 - Row :107 - Product imported successfully.
12-09-2022 @ 10:11:33 - Row :108 - Parsing item.
12-09-2022 @ 10:11:33 - Importing as new product ID:118
12-09-2022 @ 10:11:33 - Row :108 - Processing item.
12-09-2022 @ 10:11:33 - Found simple product object. ID:118
12-09-2022 @ 10:11:33 - Setting Featured Image. URL:files/20100858/product_image_1/BA6720T _1.png
12-09-2022 @ 10:11:33 - Unable to use image "files/20100858/product_image_1/BA6720T _1.png".
12-09-2022 @ 10:11:33 - Row :108 - Product imported successfully.
12-09-2022 @ 10:11:33 - Row :109 - Parsing item.
12-09-2022 @ 10:11:33 - Importing as new product ID:119
12-09-2022 @ 10:11:33 - Row :109 - Processing item.
12-09-2022 @ 10:11:33 - Found simple product object. ID:119
12-09-2022 @ 10:11:33 - Setting Featured Image. URL:files/20100859/product_image_1/CHU6000_Laadbox_open.png
12-09-2022 @ 10:11:33 - Unable to use image "files/20100859/product_image_1/CHU6000_Laadbox_open.png".
12-09-2022 @ 10:11:33 - Row :109 - Product imported successfully.
12-09-2022 @ 10:11:33 - Row :110 - Parsing item.
12-09-2022 @ 10:11:33 - Importing as new product ID:120
12-09-2022 @ 10:11:33 - Row :110 - Processing item.
12-09-2022 @ 10:11:33 - Found simple product object. ID:120
12-09-2022 @ 10:11:33 - Setting Featured Image. URL:files/20100860/product_image_1/CHU6000-k0004.png
12-09-2022 @ 10:11:33 - Unable to use image "files/20100860/product_image_1/CHU6000-k0004.png".
12-09-2022 @ 10:11:33 - Row :110 - Product imported successfully.
12-09-2022 @ 10:11:34 - Preparing for import.
12-09-2022 @ 10:11:34 - Row :111 - Parsing item.
12-09-2022 @ 10:11:34 - Importing as new product ID:121
12-09-2022 @ 10:11:34 - Row :111 - Processing item.
12-09-2022 @ 10:11:34 - Found simple product object. ID:121
12-09-2022 @ 10:11:34 - Setting Featured Image. URL:files/28700221/product_image_1/ACA1000 1-min.png
12-09-2022 @ 10:11:34 - Unable to use image "files/28700221/product_image_1/ACA1000 1-min.png".
12-09-2022 @ 10:11:34 - Row :111 - Product imported successfully.
12-09-2022 @ 10:11:34 - Row :112 - Parsing item.
12-09-2022 @ 10:11:34 - Importing as new product ID:122
12-09-2022 @ 10:11:34 - Row :112 - Processing item.
12-09-2022 @ 10:11:34 - Found simple product object. ID:122
12-09-2022 @ 10:11:34 - Setting Featured Image. URL:files/20100840/product_image_1/zero turn zijkant.jpg
12-09-2022 @ 10:11:34 - Unable to use image "files/20100840/product_image_1/zero turn zijkant.jpg".
12-09-2022 @ 10:11:34 - Row :112 - Product imported successfully.
12-09-2022 @ 10:11:34 - Row :113 - Parsing item.
12-09-2022 @ 10:11:34 - Importing as new product ID:123
12-09-2022 @ 10:11:34 - Row :113 - Processing item.
12-09-2022 @ 10:11:34 - Found simple product object. ID:123
12-09-2022 @ 10:11:34 - Row :113 - Product imported successfully.
12-09-2022 @ 10:11:34 - Row :114 - Parsing item.
12-09-2022 @ 10:11:34 - Importing as new product ID:124
12-09-2022 @ 10:11:34 - Row :114 - Processing item.
12-09-2022 @ 10:11:34 - Found simple product object. ID:124
12-09-2022 @ 10:11:34 - Setting Featured Image. URL:files/20100100/product_image_1/cba0240.jpg
12-09-2022 @ 10:11:34 - Unable to use image "files/20100100/product_image_1/cba0240.jpg".
12-09-2022 @ 10:11:34 - Row :114 - Product imported successfully.
12-09-2022 @ 10:11:34 - Row :115 - Parsing item.
12-09-2022 @ 10:11:34 - Importing as new product ID:125
12-09-2022 @ 10:11:34 - Row :115 - Processing item.
12-09-2022 @ 10:11:34 - Found simple product object. ID:125
12-09-2022 @ 10:11:34 - Setting Featured Image. URL:files/20100105/product_image_1/20100105-1.jpg
12-09-2022 @ 10:11:34 - Unable to use image "files/20100105/product_image_1/20100105-1.jpg".
12-09-2022 @ 10:11:34 - Row :115 - Product imported successfully.
12-09-2022 @ 10:11:34 - Row :116 - Parsing item.
12-09-2022 @ 10:11:34 - Importing as new product ID:126
12-09-2022 @ 10:11:34 - Row :116 - Processing item.
12-09-2022 @ 10:11:34 - Found simple product object. ID:126
12-09-2022 @ 10:11:34 - Setting Featured Image. URL:files/20100106/product_image_1/20100106-1.jpg
12-09-2022 @ 10:11:34 - Unable to use image "files/20100106/product_image_1/20100106-1.jpg".
12-09-2022 @ 10:11:34 - Row :116 - Product imported successfully.
12-09-2022 @ 10:11:34 - Row :117 - Parsing item.
12-09-2022 @ 10:11:34 - Importing as new product ID:127
12-09-2022 @ 10:11:34 - Row :117 - Processing item.
12-09-2022 @ 10:11:34 - Found simple product object. ID:127
12-09-2022 @ 10:11:34 - Setting Featured Image. URL:files/20100595/product_image_1/20100595-1.jpg
12-09-2022 @ 10:11:34 - Unable to use image "files/20100595/product_image_1/20100595-1.jpg".
12-09-2022 @ 10:11:34 - Row :117 - Product imported successfully.
12-09-2022 @ 10:11:34 - Row :118 - Parsing item.
12-09-2022 @ 10:11:34 - Importing as new product ID:128
12-09-2022 @ 10:11:34 - Row :118 - Processing item.
12-09-2022 @ 10:11:34 - Found simple product object. ID:128
12-09-2022 @ 10:11:34 - Setting Featured Image. URL:files/20100066/product_image_1/20100066-1.jpg
12-09-2022 @ 10:11:34 - Unable to use image "files/20100066/product_image_1/20100066-1.jpg".
12-09-2022 @ 10:11:34 - Row :118 - Product imported successfully.
12-09-2022 @ 10:11:34 - Row :119 - Parsing item.
12-09-2022 @ 10:11:34 - Importing as new product ID:129
12-09-2022 @ 10:11:34 - Row :119 - Processing item.
12-09-2022 @ 10:11:34 - Found simple product object. ID:129
12-09-2022 @ 10:11:34 - Setting Featured Image. URL:files/20100084/product_image_1/20100084-1.jpg
12-09-2022 @ 10:11:34 - Unable to use image "files/20100084/product_image_1/20100084-1.jpg".
12-09-2022 @ 10:11:34 - Row :119 - Product imported successfully.
12-09-2022 @ 10:11:34 - Row :120 - Parsing item.
12-09-2022 @ 10:11:34 - Importing as new product ID:130
12-09-2022 @ 10:11:34 - Row :120 - Processing item.
12-09-2022 @ 10:11:34 - Found simple product object. ID:130
12-09-2022 @ 10:11:34 - Setting Featured Image. URL:files/20100086/product_image_1/20100086-1.jpg
12-09-2022 @ 10:11:34 - Unable to use image "files/20100086/product_image_1/20100086-1.jpg".
12-09-2022 @ 10:11:34 - Row :120 - Product imported successfully.
12-09-2022 @ 10:11:35 - Preparing for import.
12-09-2022 @ 10:11:35 - Row :121 - Parsing item.
12-09-2022 @ 10:11:35 - Importing as new product ID:131
12-09-2022 @ 10:11:35 - Row :121 - Processing item.
12-09-2022 @ 10:11:35 - Found simple product object. ID:131
12-09-2022 @ 10:11:35 - Setting Featured Image. URL:files/20100009/product_image_1/20100009-1.jpg
12-09-2022 @ 10:11:35 - Unable to use image "files/20100009/product_image_1/20100009-1.jpg".
12-09-2022 @ 10:11:35 - Row :121 - Product imported successfully.
12-09-2022 @ 10:11:35 - Row :122 - Parsing item.
12-09-2022 @ 10:11:35 - Importing as new product ID:132
12-09-2022 @ 10:11:35 - Row :122 - Processing item.
12-09-2022 @ 10:11:35 - Found simple product object. ID:132
12-09-2022 @ 10:11:35 - Setting Featured Image. URL:files/20100008/product_image_1/20100008-1.jpg
12-09-2022 @ 10:11:35 - Unable to use image "files/20100008/product_image_1/20100008-1.jpg".
12-09-2022 @ 10:11:35 - Row :122 - Product imported successfully.
12-09-2022 @ 10:11:35 - Row :123 - Parsing item.
12-09-2022 @ 10:11:35 - Importing as new product ID:133
12-09-2022 @ 10:11:35 - Row :123 - Processing item.
12-09-2022 @ 10:11:35 - Found simple product object. ID:133
12-09-2022 @ 10:11:35 - Setting Featured Image. URL:files/20100102/product_image_1/cch0450e.jpg
12-09-2022 @ 10:11:35 - Unable to use image "files/20100102/product_image_1/cch0450e.jpg".
12-09-2022 @ 10:11:35 - Row :123 - Product imported successfully.
12-09-2022 @ 10:11:35 - Row :124 - Parsing item.
12-09-2022 @ 10:11:35 - Importing as new product ID:134
12-09-2022 @ 10:11:35 - Row :124 - Processing item.
12-09-2022 @ 10:11:35 - Found simple product object. ID:134
12-09-2022 @ 10:11:35 - Setting Featured Image. URL:files/20100004/product_image_1/20100004-1.jpg
12-09-2022 @ 10:11:35 - Unable to use image "files/20100004/product_image_1/20100004-1.jpg".
12-09-2022 @ 10:11:35 - Row :124 - Product imported successfully.
12-09-2022 @ 10:11:35 - Row :125 - Parsing item.
12-09-2022 @ 10:11:35 - Importing as new product ID:135
12-09-2022 @ 10:11:35 - Row :125 - Processing item.
12-09-2022 @ 10:11:35 - Found simple product object. ID:135
12-09-2022 @ 10:11:35 - Setting Featured Image. URL:files/28700082/product_image_1/28700082-1.jpg
12-09-2022 @ 10:11:35 - Unable to use image "files/28700082/product_image_1/28700082-1.jpg".
12-09-2022 @ 10:11:35 - Row :125 - Product imported successfully.
12-09-2022 @ 10:11:35 - Row :126 - Parsing item.
12-09-2022 @ 10:11:35 - Importing as new product ID:136
12-09-2022 @ 10:11:35 - Row :126 - Processing item.
12-09-2022 @ 10:11:35 - Found simple product object. ID:136
12-09-2022 @ 10:11:35 - Setting Featured Image. URL:files/28700045/product_image_1/28700045-1.jpg
12-09-2022 @ 10:11:35 - Unable to use image "files/28700045/product_image_1/28700045-1.jpg".
12-09-2022 @ 10:11:35 - Row :126 - Product imported successfully.
12-09-2022 @ 10:11:35 - Row :127 - Parsing item.
12-09-2022 @ 10:11:35 - Importing as new product ID:137
12-09-2022 @ 10:11:35 - Row :127 - Processing item.
12-09-2022 @ 10:11:35 - Found simple product object. ID:137
12-09-2022 @ 10:11:35 - Setting Featured Image. URL:files/28700040/product_image_1/28700040-1.jpg
12-09-2022 @ 10:11:35 - Unable to use image "files/28700040/product_image_1/28700040-1.jpg".
12-09-2022 @ 10:11:35 - Row :127 - Product imported successfully.
12-09-2022 @ 10:11:35 - Row :128 - Parsing item.
12-09-2022 @ 10:11:35 - Importing as new product ID:138
12-09-2022 @ 10:11:35 - Row :128 - Processing item.
12-09-2022 @ 10:11:35 - Found simple product object. ID:138
12-09-2022 @ 10:11:35 - Setting Featured Image. URL:files/28700035/product_image_1/28700035-1.jpg
12-09-2022 @ 10:11:35 - Unable to use image "files/28700035/product_image_1/28700035-1.jpg".
12-09-2022 @ 10:11:35 - Row :128 - Product imported successfully.
12-09-2022 @ 10:11:35 - Row :129 - Parsing item.
12-09-2022 @ 10:11:35 - Importing as new product ID:139
12-09-2022 @ 10:11:35 - Row :129 - Processing item.
12-09-2022 @ 10:11:35 - Found simple product object. ID:139
12-09-2022 @ 10:11:35 - Setting Featured Image. URL:files/28700030/product_image_1/28700030-1.jpg
12-09-2022 @ 10:11:35 - Unable to use image "files/28700030/product_image_1/28700030-1.jpg".
12-09-2022 @ 10:11:35 - Row :129 - Product imported successfully.
12-09-2022 @ 10:11:35 - Row :130 - Parsing item.
12-09-2022 @ 10:11:35 - Importing as new product ID:140
12-09-2022 @ 10:11:35 - Row :130 - Processing item.
12-09-2022 @ 10:11:35 - Found simple product object. ID:140
12-09-2022 @ 10:11:35 - Setting Featured Image. URL:files/28700083/product_image_1/28700083-1.jpg
12-09-2022 @ 10:11:35 - Unable to use image "files/28700083/product_image_1/28700083-1.jpg".
12-09-2022 @ 10:11:36 - Row :130 - Product imported successfully.
12-09-2022 @ 10:11:36 - Preparing for import.
12-09-2022 @ 10:11:36 - Row :131 - Parsing item.
12-09-2022 @ 10:11:36 - Importing as new product ID:141
12-09-2022 @ 10:11:36 - Row :131 - Processing item.
12-09-2022 @ 10:11:36 - Found simple product object. ID:141
12-09-2022 @ 10:11:36 - Setting Featured Image. URL:files/28700025/product_image_1/28700025-1.jpg
12-09-2022 @ 10:11:36 - Unable to use image "files/28700025/product_image_1/28700025-1.jpg".
12-09-2022 @ 10:11:36 - Row :131 - Product imported successfully.
12-09-2022 @ 10:11:36 - Row :132 - Parsing item.
12-09-2022 @ 10:11:36 - Importing as new product ID:142
12-09-2022 @ 10:11:36 - Row :132 - Processing item.
12-09-2022 @ 10:11:36 - Found simple product object. ID:142
12-09-2022 @ 10:11:36 - Setting Featured Image. URL:files/28700020/product_image_1/28700020-1.jpg
12-09-2022 @ 10:11:36 - Unable to use image "files/28700020/product_image_1/28700020-1.jpg".
12-09-2022 @ 10:11:36 - Row :132 - Product imported successfully.
12-09-2022 @ 10:11:36 - Row :133 - Parsing item.
12-09-2022 @ 10:11:36 - Importing as new product ID:143
12-09-2022 @ 10:11:36 - Row :133 - Processing item.
12-09-2022 @ 10:11:36 - Found simple product object. ID:143
12-09-2022 @ 10:11:36 - Setting Featured Image. URL:files/28700031/product_image_1/28700031-1.jpg
12-09-2022 @ 10:11:36 - Unable to use image "files/28700031/product_image_1/28700031-1.jpg".
12-09-2022 @ 10:11:36 - Row :133 - Product imported successfully.
12-09-2022 @ 10:11:36 - Row :134 - Parsing item.
12-09-2022 @ 10:11:36 - Importing as new product ID:144
12-09-2022 @ 10:11:36 - Row :134 - Processing item.
12-09-2022 @ 10:11:36 - Found simple product object. ID:144
12-09-2022 @ 10:11:36 - Setting Featured Image. URL:files/20100560/product_image_1/20100560-1.jpg
12-09-2022 @ 10:11:36 - Unable to use image "files/20100560/product_image_1/20100560-1.jpg".
12-09-2022 @ 10:11:37 - Row :134 - Product imported successfully.
12-09-2022 @ 10:11:37 - Row :135 - Parsing item.
12-09-2022 @ 10:11:37 - Importing as new product ID:145
12-09-2022 @ 10:11:37 - Row :135 - Processing item.
12-09-2022 @ 10:11:37 - Found simple product object. ID:145
12-09-2022 @ 10:11:37 - Setting Featured Image. URL:files/20100083/product_image_1/20100083-1.jpg
12-09-2022 @ 10:11:37 - Unable to use image "files/20100083/product_image_1/20100083-1.jpg".
12-09-2022 @ 10:11:37 - Row :135 - Product imported successfully.
12-09-2022 @ 10:11:37 - Row :136 - Parsing item.
12-09-2022 @ 10:11:37 - Importing as new product ID:146
12-09-2022 @ 10:11:37 - Row :136 - Processing item.
12-09-2022 @ 10:11:37 - Found simple product object. ID:146
12-09-2022 @ 10:11:37 - Setting Featured Image. URL:files/20100023/product_image_1/20100023-1.jpg
12-09-2022 @ 10:11:37 - Unable to use image "files/20100023/product_image_1/20100023-1.jpg".
12-09-2022 @ 10:11:37 - Row :136 - Product imported successfully.
12-09-2022 @ 10:11:37 - Row :137 - Parsing item.
12-09-2022 @ 10:11:37 - Importing as new product ID:147
12-09-2022 @ 10:11:37 - Row :137 - Processing item.
12-09-2022 @ 10:11:37 - Found simple product object. ID:147
12-09-2022 @ 10:11:37 - Setting Featured Image. URL:files/20100022/product_image_1/20100022-1.jpg
12-09-2022 @ 10:11:37 - Unable to use image "files/20100022/product_image_1/20100022-1.jpg".
12-09-2022 @ 10:11:37 - Row :137 - Product imported successfully.
12-09-2022 @ 10:11:37 - Row :138 - Parsing item.
12-09-2022 @ 10:11:37 - Importing as new product ID:148
12-09-2022 @ 10:11:37 - Row :138 - Processing item.
12-09-2022 @ 10:11:37 - Found simple product object. ID:148
12-09-2022 @ 10:11:37 - Setting Featured Image. URL:files/20100502/product_image_1/20100502-1.jpg
12-09-2022 @ 10:11:37 - Unable to use image "files/20100502/product_image_1/20100502-1.jpg".
12-09-2022 @ 10:11:37 - Row :138 - Product imported successfully.
12-09-2022 @ 10:11:37 - Row :139 - Parsing item.
12-09-2022 @ 10:11:37 - Importing as new product ID:149
12-09-2022 @ 10:11:37 - Row :139 - Processing item.
12-09-2022 @ 10:11:37 - Found simple product object. ID:149
12-09-2022 @ 10:11:37 - Setting Featured Image. URL:files/20100545/product_image_1/20100545-1.jpg
12-09-2022 @ 10:11:37 - Unable to use image "files/20100545/product_image_1/20100545-1.jpg".
12-09-2022 @ 10:11:37 - Row :139 - Product imported successfully.
12-09-2022 @ 10:11:37 - Row :140 - Parsing item.
12-09-2022 @ 10:11:37 - Importing as new product ID:150
12-09-2022 @ 10:11:37 - Row :140 - Processing item.
12-09-2022 @ 10:11:37 - Found simple product object. ID:150
12-09-2022 @ 10:11:37 - Setting Featured Image. URL:files/20100064/product_image_1/20100064-1.jpg
12-09-2022 @ 10:11:37 - Unable to use image "files/20100064/product_image_1/20100064-1.jpg".
12-09-2022 @ 10:11:37 - Row :140 - Product imported successfully.
12-09-2022 @ 10:11:38 - Preparing for import.
12-09-2022 @ 10:11:38 - Row :141 - Parsing item.
12-09-2022 @ 10:11:38 - Importing as new product ID:151
12-09-2022 @ 10:11:38 - Row :141 - Processing item.
12-09-2022 @ 10:11:38 - Found simple product object. ID:151
12-09-2022 @ 10:11:38 - Setting Featured Image. URL:files/20100067/product_image_1/20100067-1.jpg
12-09-2022 @ 10:11:38 - Unable to use image "files/20100067/product_image_1/20100067-1.jpg".
12-09-2022 @ 10:11:38 - Row :141 - Product imported successfully.
12-09-2022 @ 10:11:38 - Row :142 - Parsing item.
12-09-2022 @ 10:11:38 - Importing as new product ID:152
12-09-2022 @ 10:11:38 - Row :142 - Processing item.
12-09-2022 @ 10:11:38 - Found simple product object. ID:152
12-09-2022 @ 10:11:38 - Setting Featured Image. URL:files/20100062/product_image_1/20100062-1.jpg
12-09-2022 @ 10:11:38 - Unable to use image "files/20100062/product_image_1/20100062-1.jpg".
12-09-2022 @ 10:11:38 - Row :142 - Product imported successfully.
12-09-2022 @ 10:11:38 - Row :143 - Parsing item.
12-09-2022 @ 10:11:38 - Importing as new product ID:153
12-09-2022 @ 10:11:38 - Row :143 - Processing item.
12-09-2022 @ 10:11:38 - Found simple product object. ID:153
12-09-2022 @ 10:11:38 - Setting Featured Image. URL:files/20100061/product_image_1/20100061-1.jpg
12-09-2022 @ 10:11:38 - Unable to use image "files/20100061/product_image_1/20100061-1.jpg".
12-09-2022 @ 10:11:38 - Row :143 - Product imported successfully.
12-09-2022 @ 10:11:38 - Row :144 - Parsing item.
12-09-2022 @ 10:11:38 - Importing as new product ID:154
12-09-2022 @ 10:11:38 - Row :144 - Processing item.
12-09-2022 @ 10:11:38 - Found simple product object. ID:154
12-09-2022 @ 10:11:38 - Setting Featured Image. URL:files/20100089/product_image_1/20100089-1.jpg
12-09-2022 @ 10:11:38 - Unable to use image "files/20100089/product_image_1/20100089-1.jpg".
12-09-2022 @ 10:11:38 - Row :144 - Product imported successfully.
12-09-2022 @ 10:11:38 - Row :145 - Parsing item.
12-09-2022 @ 10:11:38 - Importing as new product ID:155
12-09-2022 @ 10:11:38 - Row :145 - Processing item.
12-09-2022 @ 10:11:38 - Found simple product object. ID:155
12-09-2022 @ 10:11:38 - Setting Featured Image. URL:files/28700032/product_image_1/28700032-1.jpg
12-09-2022 @ 10:11:38 - Unable to use image "files/28700032/product_image_1/28700032-1.jpg".
12-09-2022 @ 10:11:38 - Row :145 - Product imported successfully.
12-09-2022 @ 10:11:38 - Row :146 - Parsing item.
12-09-2022 @ 10:11:38 - Importing as new product ID:156
12-09-2022 @ 10:11:38 - Row :146 - Processing item.
12-09-2022 @ 10:11:38 - Found simple product object. ID:156
12-09-2022 @ 10:11:38 - Setting Featured Image. URL:files/20100090/product_image_1/20100090-1.jpg
12-09-2022 @ 10:11:38 - Unable to use image "files/20100090/product_image_1/20100090-1.jpg".
12-09-2022 @ 10:11:38 - Row :146 - Product imported successfully.
12-09-2022 @ 10:11:38 - Row :147 - Parsing item.
12-09-2022 @ 10:11:38 - Importing as new product ID:157
12-09-2022 @ 10:11:38 - Row :147 - Processing item.
12-09-2022 @ 10:11:38 - Found simple product object. ID:157
12-09-2022 @ 10:11:38 - Setting Featured Image. URL:files/20100065/product_image_1/20100065-1.jpg
12-09-2022 @ 10:11:38 - Unable to use image "files/20100065/product_image_1/20100065-1.jpg".
12-09-2022 @ 10:11:38 - Row :147 - Product imported successfully.
12-09-2022 @ 10:11:38 - Row :148 - Parsing item.
12-09-2022 @ 10:11:38 - Importing as new product ID:158
12-09-2022 @ 10:11:38 - Row :148 - Processing item.
12-09-2022 @ 10:11:38 - Found simple product object. ID:158
12-09-2022 @ 10:11:38 - Setting Featured Image. URL:files/20100063/product_image_1/20100063-1.jpg
12-09-2022 @ 10:11:38 - Unable to use image "files/20100063/product_image_1/20100063-1.jpg".
12-09-2022 @ 10:11:38 - Row :148 - Product imported successfully.
12-09-2022 @ 10:11:38 - Row :149 - Parsing item.
12-09-2022 @ 10:11:38 - Importing as new product ID:159
12-09-2022 @ 10:11:38 - Row :149 - Processing item.
12-09-2022 @ 10:11:38 - Found simple product object. ID:159
12-09-2022 @ 10:11:38 - Setting Featured Image. URL:files/20100575/product_image_1/20100575-1.jpg
12-09-2022 @ 10:11:38 - Unable to use image "files/20100575/product_image_1/20100575-1.jpg".
12-09-2022 @ 10:11:38 - Row :149 - Product imported successfully.
12-09-2022 @ 10:11:38 - Row :150 - Parsing item.
12-09-2022 @ 10:11:38 - Importing as new product ID:160
12-09-2022 @ 10:11:38 - Row :150 - Processing item.
12-09-2022 @ 10:11:38 - Found simple product object. ID:160
12-09-2022 @ 10:11:38 - Setting Featured Image. URL:files/20100580/product_image_1/20100580-1.jpg
12-09-2022 @ 10:11:38 - Unable to use image "files/20100580/product_image_1/20100580-1.jpg".
12-09-2022 @ 10:11:38 - Row :150 - Product imported successfully.
12-09-2022 @ 10:11:39 - Preparing for import.
12-09-2022 @ 10:11:39 - Row :151 - Parsing item.
12-09-2022 @ 10:11:39 - Importing as new product ID:161
12-09-2022 @ 10:11:39 - Row :151 - Processing item.
12-09-2022 @ 10:11:39 - Found simple product object. ID:161
12-09-2022 @ 10:11:39 - Setting Featured Image. URL:files/20100060/product_image_1/20100060-1.jpg
12-09-2022 @ 10:11:39 - Unable to use image "files/20100060/product_image_1/20100060-1.jpg".
12-09-2022 @ 10:11:39 - Row :151 - Product imported successfully.
12-09-2022 @ 10:11:39 - Row :152 - Parsing item.
12-09-2022 @ 10:11:39 - Importing as new product ID:162
12-09-2022 @ 10:11:39 - Row :152 - Processing item.
12-09-2022 @ 10:11:39 - Found simple product object. ID:162
12-09-2022 @ 10:11:39 - Setting Featured Image. URL:files/28700115/product_image_1/28700115-1.jpg
12-09-2022 @ 10:11:39 - Unable to use image "files/28700115/product_image_1/28700115-1.jpg".
12-09-2022 @ 10:11:39 - Row :152 - Product imported successfully.
12-09-2022 @ 10:11:39 - Row :153 - Parsing item.
12-09-2022 @ 10:11:39 - Importing as new product ID:163
12-09-2022 @ 10:11:39 - Row :153 - Processing item.
12-09-2022 @ 10:11:39 - Found simple product object. ID:163
12-09-2022 @ 10:11:39 - Setting Featured Image. URL:files/28700090/product_image_1/AL2415T_EGO 15M 2.4MM TWIST LINE FOR ST1500E_ BC1500E.png
12-09-2022 @ 10:11:39 - Unable to use image "files/28700090/product_image_1/AL2415T_EGO 15M 2.4MM TWIST LINE FOR ST1500E_ BC1500E.png".
12-09-2022 @ 10:11:39 - Row :153 - Product imported successfully.
12-09-2022 @ 10:11:39 - Row :154 - Parsing item.
12-09-2022 @ 10:11:39 - Importing as new product ID:164
12-09-2022 @ 10:11:39 - Row :154 - Processing item.
12-09-2022 @ 10:11:39 - Found simple product object. ID:164
12-09-2022 @ 10:11:39 - Setting Featured Image. URL:files/28700132/product_image_1/28700132-1.jpg
12-09-2022 @ 10:11:39 - Unable to use image "files/28700132/product_image_1/28700132-1.jpg".
12-09-2022 @ 10:11:39 - Row :154 - Product imported successfully.
12-09-2022 @ 10:11:39 - Row :155 - Parsing item.
12-09-2022 @ 10:11:39 - Importing as new product ID:165
12-09-2022 @ 10:11:39 - Row :155 - Processing item.
12-09-2022 @ 10:11:39 - Found simple product object. ID:165
12-09-2022 @ 10:11:39 - Setting Featured Image. URL:files/28700131/product_image_1/28700131-1.jpg
12-09-2022 @ 10:11:39 - Unable to use image "files/28700131/product_image_1/28700131-1.jpg".
12-09-2022 @ 10:11:39 - Row :155 - Product imported successfully.
12-09-2022 @ 10:11:39 - Row :156 - Parsing item.
12-09-2022 @ 10:11:39 - Importing as new product ID:166
12-09-2022 @ 10:11:39 - Row :156 - Processing item.
12-09-2022 @ 10:11:39 - Found simple product object. ID:166
12-09-2022 @ 10:11:39 - Setting Featured Image. URL:files/28700015/product_image_1/28700015-1.jpg
12-09-2022 @ 10:11:39 - Unable to use image "files/28700015/product_image_1/28700015-1.jpg".
12-09-2022 @ 10:11:39 - Row :156 - Product imported successfully.
12-09-2022 @ 10:11:39 - Row :157 - Parsing item.
12-09-2022 @ 10:11:39 - Importing as new product ID:167
12-09-2022 @ 10:11:39 - Row :157 - Processing item.
12-09-2022 @ 10:11:39 - Found simple product object. ID:167
12-09-2022 @ 10:11:39 - Setting Featured Image. URL:files/28700010/product_image_1/28700010-1.jpg
12-09-2022 @ 10:11:39 - Unable to use image "files/28700010/product_image_1/28700010-1.jpg".
12-09-2022 @ 10:11:39 - Row :157 - Product imported successfully.
12-09-2022 @ 10:11:39 - Row :158 - Parsing item.
12-09-2022 @ 10:11:39 - Importing as new product ID:168
12-09-2022 @ 10:11:39 - Row :158 - Processing item.
12-09-2022 @ 10:11:39 - Found simple product object. ID:168
12-09-2022 @ 10:11:39 - Setting Featured Image. URL:files/28700005/product_image_1/28700005-1.jpg
12-09-2022 @ 10:11:39 - Unable to use image "files/28700005/product_image_1/28700005-1.jpg".
12-09-2022 @ 10:11:39 - Row :158 - Product imported successfully.
12-09-2022 @ 10:11:39 - Row :159 - Parsing item.
12-09-2022 @ 10:11:39 - Importing as new product ID:169
12-09-2022 @ 10:11:39 - Row :159 - Processing item.
12-09-2022 @ 10:11:39 - Found simple product object. ID:169
12-09-2022 @ 10:11:39 - Setting Featured Image. URL:files/28700000/product_image_1/28700000-1.jpg
12-09-2022 @ 10:11:39 - Unable to use image "files/28700000/product_image_1/28700000-1.jpg".
12-09-2022 @ 10:11:39 - Row :159 - Product imported successfully.
12-09-2022 @ 10:11:39 - Row :160 - Parsing item.
12-09-2022 @ 10:11:39 - Importing as new product ID:170
12-09-2022 @ 10:11:39 - Row :160 - Processing item.
12-09-2022 @ 10:11:39 - Found simple product object. ID:170
12-09-2022 @ 10:11:39 - Setting Featured Image. URL:files/28700137/product_image_1/28700137-1.jpg
12-09-2022 @ 10:11:39 - Unable to use image "files/28700137/product_image_1/28700137-1.jpg".
12-09-2022 @ 10:11:39 - Row :160 - Product imported successfully.
12-09-2022 @ 10:11:40 - Preparing for import.
12-09-2022 @ 10:11:40 - Row :161 - Parsing item.
12-09-2022 @ 10:11:40 - Importing as new product ID:171
12-09-2022 @ 10:11:40 - Row :161 - Processing item.
12-09-2022 @ 10:11:40 - Found simple product object. ID:171
12-09-2022 @ 10:11:40 - Setting Featured Image. URL:files/28700133/product_image_1/28700133-1.jpg
12-09-2022 @ 10:11:40 - Unable to use image "files/28700133/product_image_1/28700133-1.jpg".
12-09-2022 @ 10:11:40 - Row :161 - Product imported successfully.
12-09-2022 @ 10:11:40 - Row :162 - Parsing item.
12-09-2022 @ 10:11:40 - Importing as new product ID:172
12-09-2022 @ 10:11:40 - Row :162 - Processing item.
12-09-2022 @ 10:11:40 - Found simple product object. ID:172
12-09-2022 @ 10:11:40 - Setting Featured Image. URL:files/28700078/product_image_1/28700078-1.jpg
12-09-2022 @ 10:11:40 - Unable to use image "files/28700078/product_image_1/28700078-1.jpg".
12-09-2022 @ 10:11:40 - Row :162 - Product imported successfully.
12-09-2022 @ 10:11:40 - Row :163 - Parsing item.
12-09-2022 @ 10:11:40 - Importing as new product ID:173
12-09-2022 @ 10:11:40 - Row :163 - Processing item.
12-09-2022 @ 10:11:40 - Found simple product object. ID:173
12-09-2022 @ 10:11:40 - Setting Featured Image. URL:files/20100520/product_image_1/20100520-1.jpg
12-09-2022 @ 10:11:40 - Unable to use image "files/20100520/product_image_1/20100520-1.jpg".
12-09-2022 @ 10:11:40 - Row :163 - Product imported successfully.
12-09-2022 @ 10:11:40 - Row :164 - Parsing item.
12-09-2022 @ 10:11:40 - Importing as new product ID:174
12-09-2022 @ 10:11:40 - Row :164 - Processing item.
12-09-2022 @ 10:11:40 - Found simple product object. ID:174
12-09-2022 @ 10:11:40 - Setting Featured Image. URL:files/20100515/product_image_1/20100515-1.jpg
12-09-2022 @ 10:11:40 - Unable to use image "files/20100515/product_image_1/20100515-1.jpg".
12-09-2022 @ 10:11:40 - Row :164 - Product imported successfully.
12-09-2022 @ 10:11:40 - Row :165 - Parsing item.
12-09-2022 @ 10:11:40 - Importing as new product ID:175
12-09-2022 @ 10:11:40 - Row :165 - Processing item.
12-09-2022 @ 10:11:40 - Found simple product object. ID:175
12-09-2022 @ 10:11:40 - Setting Featured Image. URL:files/20100510/product_image_1/20100510-1.jpg
12-09-2022 @ 10:11:40 - Unable to use image "files/20100510/product_image_1/20100510-1.jpg".
12-09-2022 @ 10:11:41 - Row :165 - Product imported successfully.
12-09-2022 @ 10:11:41 - Row :166 - Parsing item.
12-09-2022 @ 10:11:41 - Importing as new product ID:176
12-09-2022 @ 10:11:41 - Row :166 - Processing item.
12-09-2022 @ 10:11:41 - Found simple product object. ID:176
12-09-2022 @ 10:11:41 - Setting Featured Image. URL:files/28700086/product_image_1/28700086-1.jpg
12-09-2022 @ 10:11:41 - Unable to use image "files/28700086/product_image_1/28700086-1.jpg".
12-09-2022 @ 10:11:41 - Row :166 - Product imported successfully.
12-09-2022 @ 10:11:41 - Row :167 - Parsing item.
12-09-2022 @ 10:11:41 - Importing as new product ID:177
12-09-2022 @ 10:11:41 - Row :167 - Processing item.
12-09-2022 @ 10:11:41 - Found simple product object. ID:177
12-09-2022 @ 10:11:41 - Setting Featured Image. URL:files/28700050/product_image_1/28700050-1.jpg
12-09-2022 @ 10:11:41 - Unable to use image "files/28700050/product_image_1/28700050-1.jpg".
12-09-2022 @ 10:11:41 - Row :167 - Product imported successfully.
12-09-2022 @ 10:11:41 - Row :168 - Parsing item.
12-09-2022 @ 10:11:41 - Importing as new product ID:178
12-09-2022 @ 10:11:41 - Row :168 - Processing item.
12-09-2022 @ 10:11:41 - Found simple product object. ID:178
12-09-2022 @ 10:11:41 - Setting Featured Image. URL:files/28700084/product_image_1/28700084-1.jpg
12-09-2022 @ 10:11:41 - Unable to use image "files/28700084/product_image_1/28700084-1.jpg".
12-09-2022 @ 10:11:41 - Row :168 - Product imported successfully.
12-09-2022 @ 10:11:41 - Row :169 - Parsing item.
12-09-2022 @ 10:11:41 - Importing as new product ID:179
12-09-2022 @ 10:11:41 - Row :169 - Processing item.
12-09-2022 @ 10:11:41 - Found simple product object. ID:179
12-09-2022 @ 10:11:41 - Setting Featured Image. URL:files/28700081/product_image_1/28700081-1.jpg
12-09-2022 @ 10:11:41 - Unable to use image "files/28700081/product_image_1/28700081-1.jpg".
12-09-2022 @ 10:11:41 - Row :169 - Product imported successfully.
12-09-2022 @ 10:11:41 - Row :170 - Parsing item.
12-09-2022 @ 10:11:41 - Importing as new product ID:180
12-09-2022 @ 10:11:41 - Row :170 - Processing item.
12-09-2022 @ 10:11:41 - Found simple product object. ID:180
12-09-2022 @ 10:11:41 - Setting Featured Image. URL:files/28700060/product_image_1/28700060-1.jpg
12-09-2022 @ 10:11:41 - Unable to use image "files/28700060/product_image_1/28700060-1.jpg".
12-09-2022 @ 10:11:41 - Row :170 - Product imported successfully.
12-09-2022 @ 10:11:42 - Preparing for import.
12-09-2022 @ 10:11:42 - Row :171 - Parsing item.
12-09-2022 @ 10:11:42 - Importing as new product ID:181
12-09-2022 @ 10:11:42 - Row :171 - Processing item.
12-09-2022 @ 10:11:42 - Found simple product object. ID:181
12-09-2022 @ 10:11:42 - Setting Featured Image. URL:files/28700065/product_image_1/28700065-1.jpg
12-09-2022 @ 10:11:42 - Unable to use image "files/28700065/product_image_1/28700065-1.jpg".
12-09-2022 @ 10:11:42 - Row :171 - Product imported successfully.
12-09-2022 @ 10:11:42 - Row :172 - Parsing item.
12-09-2022 @ 10:11:42 - Importing as new product ID:182
12-09-2022 @ 10:11:42 - Row :172 - Processing item.
12-09-2022 @ 10:11:42 - Found simple product object. ID:182
12-09-2022 @ 10:11:42 - Setting Featured Image. URL:files/28700079/product_image_1/28700079-1.jpg
12-09-2022 @ 10:11:42 - Unable to use image "files/28700079/product_image_1/28700079-1.jpg".
12-09-2022 @ 10:11:42 - Row :172 - Product imported successfully.
12-09-2022 @ 10:11:42 - Row :173 - Parsing item.
12-09-2022 @ 10:11:42 - Importing as new product ID:183
12-09-2022 @ 10:11:42 - Row :173 - Processing item.
12-09-2022 @ 10:11:42 - Found simple product object. ID:183
12-09-2022 @ 10:11:42 - Setting Featured Image. URL:files/20100540/product_image_1/20100540-1.jpg
12-09-2022 @ 10:11:42 - Unable to use image "files/20100540/product_image_1/20100540-1.jpg".
12-09-2022 @ 10:11:42 - Row :173 - Product imported successfully.
12-09-2022 @ 10:11:42 - Row :174 - Parsing item.
12-09-2022 @ 10:11:42 - Importing as new product ID:184
12-09-2022 @ 10:11:42 - Row :174 - Processing item.
12-09-2022 @ 10:11:42 - Found simple product object. ID:184
12-09-2022 @ 10:11:42 - Setting Featured Image. URL:files/20100530/product_image_1/20100530-1.jpg
12-09-2022 @ 10:11:42 - Unable to use image "files/20100530/product_image_1/20100530-1.jpg".
12-09-2022 @ 10:11:42 - Row :174 - Product imported successfully.
12-09-2022 @ 10:11:42 - Row :175 - Parsing item.
12-09-2022 @ 10:11:42 - Importing as new product ID:185
12-09-2022 @ 10:11:42 - Row :175 - Processing item.
12-09-2022 @ 10:11:42 - Found simple product object. ID:185
12-09-2022 @ 10:11:42 - Setting Featured Image. URL:files/20100503/product_image_1/20100503-1.jpg
12-09-2022 @ 10:11:42 - Unable to use image "files/20100503/product_image_1/20100503-1.jpg".
12-09-2022 @ 10:11:42 - Row :175 - Product imported successfully.
12-09-2022 @ 10:11:42 - Row :176 - Parsing item.
12-09-2022 @ 10:11:42 - Importing as new product ID:186
12-09-2022 @ 10:11:42 - Row :176 - Processing item.
12-09-2022 @ 10:11:42 - Found simple product object. ID:186
12-09-2022 @ 10:11:42 - Setting Featured Image. URL:files/20100082/product_image_1/20100082-1.jpg
12-09-2022 @ 10:11:42 - Unable to use image "files/20100082/product_image_1/20100082-1.jpg".
12-09-2022 @ 10:11:42 - Row :176 - Product imported successfully.
12-09-2022 @ 10:11:42 - Row :177 - Parsing item.
12-09-2022 @ 10:11:42 - Importing as new product ID:187
12-09-2022 @ 10:11:42 - Row :177 - Processing item.
12-09-2022 @ 10:11:42 - Found simple product object. ID:187
12-09-2022 @ 10:11:42 - Setting Featured Image. URL:files/20100054/product_image_1/20100054-1.jpg
12-09-2022 @ 10:11:42 - Unable to use image "files/20100054/product_image_1/20100054-1.jpg".
12-09-2022 @ 10:11:42 - Row :177 - Product imported successfully.
12-09-2022 @ 10:11:42 - Row :178 - Parsing item.
12-09-2022 @ 10:11:42 - Importing as new product ID:188
12-09-2022 @ 10:11:42 - Row :178 - Processing item.
12-09-2022 @ 10:11:42 - Found simple product object. ID:188
12-09-2022 @ 10:11:42 - Setting Featured Image. URL:files/28700100/product_image_1/28700100-1.jpg
12-09-2022 @ 10:11:42 - Unable to use image "files/28700100/product_image_1/28700100-1.jpg".
12-09-2022 @ 10:11:42 - Row :178 - Product imported successfully.
12-09-2022 @ 10:11:42 - Row :179 - Parsing item.
12-09-2022 @ 10:11:42 - Importing as new product ID:189
12-09-2022 @ 10:11:42 - Row :179 - Processing item.
12-09-2022 @ 10:11:42 - Found simple product object. ID:189
12-09-2022 @ 10:11:42 - Setting Featured Image. URL:files/20100058/product_image_1/20100058-1.jpg
12-09-2022 @ 10:11:42 - Unable to use image "files/20100058/product_image_1/20100058-1.jpg".
12-09-2022 @ 10:11:42 - Row :179 - Product imported successfully.
12-09-2022 @ 10:11:42 - Row :180 - Parsing item.
12-09-2022 @ 10:11:42 - Importing as new product ID:190
12-09-2022 @ 10:11:42 - Row :180 - Processing item.
12-09-2022 @ 10:11:42 - Found simple product object. ID:190
12-09-2022 @ 10:11:42 - Setting Featured Image. URL:files/20100059/product_image_1/20100059-1.jpg
12-09-2022 @ 10:11:42 - Unable to use image "files/20100059/product_image_1/20100059-1.jpg".
12-09-2022 @ 10:11:42 - Row :180 - Product imported successfully.
12-09-2022 @ 10:11:43 - Preparing for import.
12-09-2022 @ 10:11:43 - Row :181 - Parsing item.
12-09-2022 @ 10:11:43 - Importing as new product ID:191
12-09-2022 @ 10:11:43 - Row :181 - Processing item.
12-09-2022 @ 10:11:43 - Found simple product object. ID:191
12-09-2022 @ 10:11:43 - Setting Featured Image. URL:files/20100504/product_image_1/20100504-1.jpg
12-09-2022 @ 10:11:43 - Unable to use image "files/20100504/product_image_1/20100504-1.jpg".
12-09-2022 @ 10:11:43 - Row :181 - Product imported successfully.
12-09-2022 @ 10:11:43 - Row :182 - Parsing item.
12-09-2022 @ 10:11:43 - Importing as new product ID:192
12-09-2022 @ 10:11:43 - Row :182 - Processing item.
12-09-2022 @ 10:11:43 - Found simple product object. ID:192
12-09-2022 @ 10:11:43 - Setting Featured Image. URL:files/20100024/product_image_1/20100024-1.jpg
12-09-2022 @ 10:11:43 - Unable to use image "files/20100024/product_image_1/20100024-1.jpg".
12-09-2022 @ 10:11:43 - Row :182 - Product imported successfully.
12-09-2022 @ 10:11:43 - Row :183 - Parsing item.
12-09-2022 @ 10:11:43 - Importing as new product ID:193
12-09-2022 @ 10:11:43 - Row :183 - Processing item.
12-09-2022 @ 10:11:43 - Found simple product object. ID:193
12-09-2022 @ 10:11:43 - Setting Featured Image. URL:files/20100057/product_image_1/20100057-1.jpg
12-09-2022 @ 10:11:43 - Unable to use image "files/20100057/product_image_1/20100057-1.jpg".
12-09-2022 @ 10:11:43 - Row :183 - Product imported successfully.
12-09-2022 @ 10:11:43 - ---[ Import ended at 2022-12-09 10:11:43]---
