12-09-2022 @ 10:16:48 - ---[ New import started at 2022-12-09 10:16:48 ] PHP Memory: 1 GB, WP Memory: 40 MB
12-09-2022 @ 10:16:48 - Preparing for import.
12-09-2022 @ 10:16:48 - Row :1 - Parsing item.
12-09-2022 @ 10:16:48 - Row :1 - Parsing failed. Reason: Inhoud, titel en samenvatting zijn leeg.
12-09-2022 @ 10:16:48 - Row :2 - Parsing item.
12-09-2022 @ 10:16:48 - Row :2 - Parsing failed. Reason: Inhoud, titel en samenvatting zijn leeg.
12-09-2022 @ 10:16:48 - Row :3 - Parsing item.
12-09-2022 @ 10:16:48 - Row :3 - Parsing failed. Reason: Inhoud, titel en samenvatting zijn leeg.
12-09-2022 @ 10:16:48 - Row :4 - Parsing item.
12-09-2022 @ 10:16:48 - Row :4 - Parsing failed. Reason: Inhoud, titel en samenvatting zijn leeg.
12-09-2022 @ 10:16:48 - Row :5 - Parsing item.
12-09-2022 @ 10:16:48 - Row :5 - Parsing failed. Reason: Inhoud, titel en samenvatting zijn leeg.
12-09-2022 @ 10:16:48 - Row :6 - Parsing item.
12-09-2022 @ 10:16:48 - Row :6 - Parsing failed. Reason: Inhoud, titel en samenvatting zijn leeg.
12-09-2022 @ 10:16:48 - Row :7 - Parsing item.
12-09-2022 @ 10:16:48 - Row :7 - Parsing failed. Reason: Inhoud, titel en samenvatting zijn leeg.
12-09-2022 @ 10:16:48 - Row :8 - Parsing item.
12-09-2022 @ 10:16:48 - Row :8 - Parsing failed. Reason: Inhoud, titel en samenvatting zijn leeg.
12-09-2022 @ 10:16:48 - Row :9 - Parsing item.
12-09-2022 @ 10:16:48 - Row :9 - Parsing failed. Reason: Inhoud, titel en samenvatting zijn leeg.
12-09-2022 @ 10:16:48 - Row :10 - Parsing item.
12-09-2022 @ 10:16:48 - Row :10 - Parsing failed. Reason: Inhoud, titel en samenvatting zijn leeg.
12-09-2022 @ 10:16:49 - Preparing for import.
12-09-2022 @ 10:16:49 - Row :11 - Parsing item.
12-09-2022 @ 10:16:49 - Row :11 - Parsing failed. Reason: Inhoud, titel en samenvatting zijn leeg.
12-09-2022 @ 10:16:49 - Row :12 - Parsing item.
12-09-2022 @ 10:16:49 - Row :12 - Parsing failed. Reason: Inhoud, titel en samenvatting zijn leeg.
12-09-2022 @ 10:16:49 - Row :13 - Parsing item.
12-09-2022 @ 10:16:49 - Row :13 - Parsing failed. Reason: Inhoud, titel en samenvatting zijn leeg.
12-09-2022 @ 10:16:49 - Row :14 - Parsing item.
12-09-2022 @ 10:16:49 - Row :14 - Parsing failed. Reason: Inhoud, titel en samenvatting zijn leeg.
12-09-2022 @ 10:16:49 - Row :15 - Parsing item.
12-09-2022 @ 10:16:49 - Row :15 - Parsing failed. Reason: Inhoud, titel en samenvatting zijn leeg.
12-09-2022 @ 10:16:49 - Row :16 - Parsing item.
12-09-2022 @ 10:16:49 - Row :16 - Parsing failed. Reason: Inhoud, titel en samenvatting zijn leeg.
12-09-2022 @ 10:16:49 - Row :17 - Parsing item.
12-09-2022 @ 10:16:49 - Row :17 - Parsing failed. Reason: Inhoud, titel en samenvatting zijn leeg.
12-09-2022 @ 10:16:49 - Row :18 - Parsing item.
12-09-2022 @ 10:16:49 - Row :18 - Parsing failed. Reason: Inhoud, titel en samenvatting zijn leeg.
12-09-2022 @ 10:16:49 - Row :19 - Parsing item.
12-09-2022 @ 10:16:49 - Row :19 - Parsing failed. Reason: Inhoud, titel en samenvatting zijn leeg.
12-09-2022 @ 10:16:49 - Row :20 - Parsing item.
12-09-2022 @ 10:16:49 - Row :20 - Parsing failed. Reason: Inhoud, titel en samenvatting zijn leeg.
12-09-2022 @ 10:16:50 - Preparing for import.
12-09-2022 @ 10:16:50 - Row :21 - Parsing item.
12-09-2022 @ 10:16:50 - Row :21 - Parsing failed. Reason: Inhoud, titel en samenvatting zijn leeg.
12-09-2022 @ 10:16:50 - Row :22 - Parsing item.
12-09-2022 @ 10:16:50 - Row :22 - Parsing failed. Reason: Inhoud, titel en samenvatting zijn leeg.
12-09-2022 @ 10:16:50 - Row :23 - Parsing item.
12-09-2022 @ 10:16:50 - Row :23 - Parsing failed. Reason: Inhoud, titel en samenvatting zijn leeg.
12-09-2022 @ 10:16:50 - Row :24 - Parsing item.
12-09-2022 @ 10:16:50 - Row :24 - Parsing failed. Reason: Inhoud, titel en samenvatting zijn leeg.
12-09-2022 @ 10:16:50 - Row :25 - Parsing item.
12-09-2022 @ 10:16:50 - Row :25 - Parsing failed. Reason: Inhoud, titel en samenvatting zijn leeg.
12-09-2022 @ 10:16:50 - Row :26 - Parsing item.
12-09-2022 @ 10:16:50 - Row :26 - Parsing failed. Reason: Inhoud, titel en samenvatting zijn leeg.
12-09-2022 @ 10:16:50 - Row :27 - Parsing item.
12-09-2022 @ 10:16:50 - Row :27 - Parsing failed. Reason: Inhoud, titel en samenvatting zijn leeg.
12-09-2022 @ 10:16:50 - Row :28 - Parsing item.
12-09-2022 @ 10:16:50 - Row :28 - Parsing failed. Reason: Inhoud, titel en samenvatting zijn leeg.
12-09-2022 @ 10:16:50 - Row :29 - Parsing item.
12-09-2022 @ 10:16:50 - Row :29 - Parsing failed. Reason: Inhoud, titel en samenvatting zijn leeg.
12-09-2022 @ 10:16:50 - Row :30 - Parsing item.
12-09-2022 @ 10:16:50 - Row :30 - Parsing failed. Reason: Inhoud, titel en samenvatting zijn leeg.
12-09-2022 @ 10:16:50 - Preparing for import.
12-09-2022 @ 10:16:50 - Row :31 - Parsing item.
12-09-2022 @ 10:16:50 - Row :31 - Parsing failed. Reason: Inhoud, titel en samenvatting zijn leeg.
12-09-2022 @ 10:16:50 - Row :32 - Parsing item.
12-09-2022 @ 10:16:50 - Row :32 - Parsing failed. Reason: Inhoud, titel en samenvatting zijn leeg.
12-09-2022 @ 10:16:50 - Row :33 - Parsing item.
12-09-2022 @ 10:16:50 - Row :33 - Parsing failed. Reason: Inhoud, titel en samenvatting zijn leeg.
12-09-2022 @ 10:16:50 - Row :34 - Parsing item.
12-09-2022 @ 10:16:50 - Row :34 - Parsing failed. Reason: Inhoud, titel en samenvatting zijn leeg.
12-09-2022 @ 10:16:50 - Row :35 - Parsing item.
12-09-2022 @ 10:16:50 - Row :35 - Parsing failed. Reason: Inhoud, titel en samenvatting zijn leeg.
12-09-2022 @ 10:16:50 - Row :36 - Parsing item.
12-09-2022 @ 10:16:50 - Row :36 - Parsing failed. Reason: Inhoud, titel en samenvatting zijn leeg.
12-09-2022 @ 10:16:50 - Row :37 - Parsing item.
12-09-2022 @ 10:16:50 - Row :37 - Parsing failed. Reason: Inhoud, titel en samenvatting zijn leeg.
12-09-2022 @ 10:16:50 - Row :38 - Parsing item.
12-09-2022 @ 10:16:50 - Row :38 - Parsing failed. Reason: Inhoud, titel en samenvatting zijn leeg.
12-09-2022 @ 10:16:51 - Row :39 - Parsing item.
12-09-2022 @ 10:16:51 - Row :39 - Parsing failed. Reason: Inhoud, titel en samenvatting zijn leeg.
12-09-2022 @ 10:16:51 - Row :40 - Parsing item.
12-09-2022 @ 10:16:51 - Row :40 - Parsing failed. Reason: Inhoud, titel en samenvatting zijn leeg.
12-09-2022 @ 10:16:51 - Preparing for import.
12-09-2022 @ 10:16:51 - Row :41 - Parsing item.
12-09-2022 @ 10:16:51 - Row :41 - Parsing failed. Reason: Inhoud, titel en samenvatting zijn leeg.
12-09-2022 @ 10:16:51 - Row :42 - Parsing item.
12-09-2022 @ 10:16:51 - Row :42 - Parsing failed. Reason: Inhoud, titel en samenvatting zijn leeg.
12-09-2022 @ 10:16:51 - Row :43 - Parsing item.
12-09-2022 @ 10:16:51 - Row :43 - Parsing failed. Reason: Inhoud, titel en samenvatting zijn leeg.
12-09-2022 @ 10:16:51 - Row :44 - Parsing item.
12-09-2022 @ 10:16:51 - Row :44 - Parsing failed. Reason: Inhoud, titel en samenvatting zijn leeg.
12-09-2022 @ 10:16:51 - Row :45 - Parsing item.
12-09-2022 @ 10:16:51 - Row :45 - Parsing failed. Reason: Inhoud, titel en samenvatting zijn leeg.
12-09-2022 @ 10:16:51 - Row :46 - Parsing item.
12-09-2022 @ 10:16:51 - Row :46 - Parsing failed. Reason: Inhoud, titel en samenvatting zijn leeg.
12-09-2022 @ 10:16:51 - Row :47 - Parsing item.
12-09-2022 @ 10:16:51 - Row :47 - Parsing failed. Reason: Inhoud, titel en samenvatting zijn leeg.
12-09-2022 @ 10:16:51 - Row :48 - Parsing item.
12-09-2022 @ 10:16:51 - Row :48 - Parsing failed. Reason: Inhoud, titel en samenvatting zijn leeg.
12-09-2022 @ 10:16:51 - Row :49 - Parsing item.
12-09-2022 @ 10:16:51 - Row :49 - Parsing failed. Reason: Inhoud, titel en samenvatting zijn leeg.
12-09-2022 @ 10:16:51 - Row :50 - Parsing item.
12-09-2022 @ 10:16:51 - Row :50 - Parsing failed. Reason: Inhoud, titel en samenvatting zijn leeg.
12-09-2022 @ 10:16:52 - Preparing for import.
12-09-2022 @ 10:16:52 - Row :51 - Parsing item.
12-09-2022 @ 10:16:52 - Row :51 - Parsing failed. Reason: Inhoud, titel en samenvatting zijn leeg.
12-09-2022 @ 10:16:52 - Row :52 - Parsing item.
12-09-2022 @ 10:16:52 - Row :52 - Parsing failed. Reason: Inhoud, titel en samenvatting zijn leeg.
12-09-2022 @ 10:16:52 - Row :53 - Parsing item.
12-09-2022 @ 10:16:52 - Row :53 - Parsing failed. Reason: Inhoud, titel en samenvatting zijn leeg.
12-09-2022 @ 10:16:52 - Row :54 - Parsing item.
12-09-2022 @ 10:16:52 - Row :54 - Parsing failed. Reason: Inhoud, titel en samenvatting zijn leeg.
12-09-2022 @ 10:16:52 - Row :55 - Parsing item.
12-09-2022 @ 10:16:52 - Row :55 - Parsing failed. Reason: Inhoud, titel en samenvatting zijn leeg.
12-09-2022 @ 10:16:52 - Row :56 - Parsing item.
12-09-2022 @ 10:16:52 - Row :56 - Parsing failed. Reason: Inhoud, titel en samenvatting zijn leeg.
12-09-2022 @ 10:16:52 - Row :57 - Parsing item.
12-09-2022 @ 10:16:52 - Row :57 - Parsing failed. Reason: Inhoud, titel en samenvatting zijn leeg.
12-09-2022 @ 10:16:52 - Row :58 - Parsing item.
12-09-2022 @ 10:16:52 - Row :58 - Parsing failed. Reason: Inhoud, titel en samenvatting zijn leeg.
12-09-2022 @ 10:16:52 - Row :59 - Parsing item.
12-09-2022 @ 10:16:52 - Row :59 - Parsing failed. Reason: Inhoud, titel en samenvatting zijn leeg.
12-09-2022 @ 10:16:52 - Row :60 - Parsing item.
12-09-2022 @ 10:16:52 - Row :60 - Parsing failed. Reason: Inhoud, titel en samenvatting zijn leeg.
12-09-2022 @ 10:16:53 - Preparing for import.
12-09-2022 @ 10:16:53 - Row :61 - Parsing item.
12-09-2022 @ 10:16:53 - Row :61 - Parsing failed. Reason: Inhoud, titel en samenvatting zijn leeg.
12-09-2022 @ 10:16:53 - Row :62 - Parsing item.
12-09-2022 @ 10:16:53 - Row :62 - Parsing failed. Reason: Inhoud, titel en samenvatting zijn leeg.
12-09-2022 @ 10:16:53 - Row :63 - Parsing item.
12-09-2022 @ 10:16:53 - Row :63 - Parsing failed. Reason: Inhoud, titel en samenvatting zijn leeg.
12-09-2022 @ 10:16:53 - Row :64 - Parsing item.
12-09-2022 @ 10:16:53 - Row :64 - Parsing failed. Reason: Inhoud, titel en samenvatting zijn leeg.
12-09-2022 @ 10:16:53 - Row :65 - Parsing item.
12-09-2022 @ 10:16:53 - Row :65 - Parsing failed. Reason: Inhoud, titel en samenvatting zijn leeg.
12-09-2022 @ 10:16:53 - Row :66 - Parsing item.
12-09-2022 @ 10:16:53 - Row :66 - Parsing failed. Reason: Inhoud, titel en samenvatting zijn leeg.
12-09-2022 @ 10:16:53 - Row :67 - Parsing item.
12-09-2022 @ 10:16:53 - Row :67 - Parsing failed. Reason: Inhoud, titel en samenvatting zijn leeg.
12-09-2022 @ 10:16:53 - Row :68 - Parsing item.
12-09-2022 @ 10:16:53 - Row :68 - Parsing failed. Reason: Inhoud, titel en samenvatting zijn leeg.
12-09-2022 @ 10:16:53 - Row :69 - Parsing item.
12-09-2022 @ 10:16:53 - Row :69 - Parsing failed. Reason: Inhoud, titel en samenvatting zijn leeg.
12-09-2022 @ 10:16:53 - Row :70 - Parsing item.
12-09-2022 @ 10:16:53 - Row :70 - Parsing failed. Reason: Inhoud, titel en samenvatting zijn leeg.
12-09-2022 @ 10:16:54 - Preparing for import.
12-09-2022 @ 10:16:54 - Row :71 - Parsing item.
12-09-2022 @ 10:16:54 - Row :71 - Parsing failed. Reason: Inhoud, titel en samenvatting zijn leeg.
12-09-2022 @ 10:16:54 - Row :72 - Parsing item.
12-09-2022 @ 10:16:54 - Row :72 - Parsing failed. Reason: Inhoud, titel en samenvatting zijn leeg.
12-09-2022 @ 10:16:54 - Row :73 - Parsing item.
12-09-2022 @ 10:16:54 - Row :73 - Parsing failed. Reason: Inhoud, titel en samenvatting zijn leeg.
12-09-2022 @ 10:16:54 - Row :74 - Parsing item.
12-09-2022 @ 10:16:54 - Row :74 - Parsing failed. Reason: Inhoud, titel en samenvatting zijn leeg.
12-09-2022 @ 10:16:54 - Row :75 - Parsing item.
12-09-2022 @ 10:16:54 - Row :75 - Parsing failed. Reason: Inhoud, titel en samenvatting zijn leeg.
12-09-2022 @ 10:16:54 - Row :76 - Parsing item.
12-09-2022 @ 10:16:54 - Row :76 - Parsing failed. Reason: Inhoud, titel en samenvatting zijn leeg.
12-09-2022 @ 10:16:54 - Row :77 - Parsing item.
12-09-2022 @ 10:16:54 - Row :77 - Parsing failed. Reason: Inhoud, titel en samenvatting zijn leeg.
12-09-2022 @ 10:16:54 - Row :78 - Parsing item.
12-09-2022 @ 10:16:54 - Row :78 - Parsing failed. Reason: Inhoud, titel en samenvatting zijn leeg.
12-09-2022 @ 10:16:54 - Row :79 - Parsing item.
12-09-2022 @ 10:16:54 - Row :79 - Parsing failed. Reason: Inhoud, titel en samenvatting zijn leeg.
12-09-2022 @ 10:16:54 - Row :80 - Parsing item.
12-09-2022 @ 10:16:54 - Row :80 - Parsing failed. Reason: Inhoud, titel en samenvatting zijn leeg.
12-09-2022 @ 10:16:55 - Preparing for import.
12-09-2022 @ 10:16:55 - Row :81 - Parsing item.
12-09-2022 @ 10:16:55 - Row :81 - Parsing failed. Reason: Inhoud, titel en samenvatting zijn leeg.
12-09-2022 @ 10:16:55 - Row :82 - Parsing item.
12-09-2022 @ 10:16:55 - Row :82 - Parsing failed. Reason: Inhoud, titel en samenvatting zijn leeg.
12-09-2022 @ 10:16:55 - Row :83 - Parsing item.
12-09-2022 @ 10:16:55 - Row :83 - Parsing failed. Reason: Inhoud, titel en samenvatting zijn leeg.
12-09-2022 @ 10:16:55 - Row :84 - Parsing item.
12-09-2022 @ 10:16:55 - Row :84 - Parsing failed. Reason: Inhoud, titel en samenvatting zijn leeg.
12-09-2022 @ 10:16:55 - Row :85 - Parsing item.
12-09-2022 @ 10:16:55 - Row :85 - Parsing failed. Reason: Inhoud, titel en samenvatting zijn leeg.
12-09-2022 @ 10:16:55 - Row :86 - Parsing item.
12-09-2022 @ 10:16:55 - Row :86 - Parsing failed. Reason: Inhoud, titel en samenvatting zijn leeg.
12-09-2022 @ 10:16:55 - Row :87 - Parsing item.
12-09-2022 @ 10:16:55 - Row :87 - Parsing failed. Reason: Inhoud, titel en samenvatting zijn leeg.
12-09-2022 @ 10:16:55 - Row :88 - Parsing item.
12-09-2022 @ 10:16:55 - Row :88 - Parsing failed. Reason: Inhoud, titel en samenvatting zijn leeg.
12-09-2022 @ 10:16:55 - Row :89 - Parsing item.
12-09-2022 @ 10:16:55 - Row :89 - Parsing failed. Reason: Inhoud, titel en samenvatting zijn leeg.
12-09-2022 @ 10:16:55 - Row :90 - Parsing item.
12-09-2022 @ 10:16:55 - Row :90 - Parsing failed. Reason: Inhoud, titel en samenvatting zijn leeg.
12-09-2022 @ 10:16:55 - Preparing for import.
12-09-2022 @ 10:16:55 - Row :91 - Parsing item.
12-09-2022 @ 10:16:55 - Row :91 - Parsing failed. Reason: Inhoud, titel en samenvatting zijn leeg.
12-09-2022 @ 10:16:55 - Row :92 - Parsing item.
12-09-2022 @ 10:16:55 - Row :92 - Parsing failed. Reason: Inhoud, titel en samenvatting zijn leeg.
12-09-2022 @ 10:16:55 - Row :93 - Parsing item.
12-09-2022 @ 10:16:55 - Row :93 - Parsing failed. Reason: Inhoud, titel en samenvatting zijn leeg.
12-09-2022 @ 10:16:55 - Row :94 - Parsing item.
12-09-2022 @ 10:16:55 - Row :94 - Parsing failed. Reason: Inhoud, titel en samenvatting zijn leeg.
12-09-2022 @ 10:16:55 - Row :95 - Parsing item.
12-09-2022 @ 10:16:55 - Row :95 - Parsing failed. Reason: Inhoud, titel en samenvatting zijn leeg.
12-09-2022 @ 10:16:55 - Row :96 - Parsing item.
12-09-2022 @ 10:16:55 - Row :96 - Parsing failed. Reason: Inhoud, titel en samenvatting zijn leeg.
12-09-2022 @ 10:16:55 - Row :97 - Parsing item.
12-09-2022 @ 10:16:55 - Row :97 - Parsing failed. Reason: Inhoud, titel en samenvatting zijn leeg.
12-09-2022 @ 10:16:55 - Row :98 - Parsing item.
12-09-2022 @ 10:16:55 - Row :98 - Parsing failed. Reason: Inhoud, titel en samenvatting zijn leeg.
12-09-2022 @ 10:16:55 - Row :99 - Parsing item.
12-09-2022 @ 10:16:55 - Row :99 - Parsing failed. Reason: Inhoud, titel en samenvatting zijn leeg.
12-09-2022 @ 10:16:55 - Row :100 - Parsing item.
12-09-2022 @ 10:16:55 - Row :100 - Parsing failed. Reason: Inhoud, titel en samenvatting zijn leeg.
12-09-2022 @ 10:16:56 - Preparing for import.
12-09-2022 @ 10:16:56 - Row :101 - Parsing item.
12-09-2022 @ 10:16:56 - Row :101 - Parsing failed. Reason: Inhoud, titel en samenvatting zijn leeg.
12-09-2022 @ 10:16:56 - Row :102 - Parsing item.
12-09-2022 @ 10:16:56 - Row :102 - Parsing failed. Reason: Inhoud, titel en samenvatting zijn leeg.
12-09-2022 @ 10:16:56 - Row :103 - Parsing item.
12-09-2022 @ 10:16:56 - Row :103 - Parsing failed. Reason: Inhoud, titel en samenvatting zijn leeg.
12-09-2022 @ 10:16:56 - Row :104 - Parsing item.
12-09-2022 @ 10:16:56 - Row :104 - Parsing failed. Reason: Inhoud, titel en samenvatting zijn leeg.
12-09-2022 @ 10:16:56 - Row :105 - Parsing item.
12-09-2022 @ 10:16:56 - Row :105 - Parsing failed. Reason: Inhoud, titel en samenvatting zijn leeg.
12-09-2022 @ 10:16:56 - Row :106 - Parsing item.
12-09-2022 @ 10:16:56 - Row :106 - Parsing failed. Reason: Inhoud, titel en samenvatting zijn leeg.
12-09-2022 @ 10:16:56 - Row :107 - Parsing item.
12-09-2022 @ 10:16:56 - Row :107 - Parsing failed. Reason: Inhoud, titel en samenvatting zijn leeg.
12-09-2022 @ 10:16:56 - Row :108 - Parsing item.
12-09-2022 @ 10:16:56 - Row :108 - Parsing failed. Reason: Inhoud, titel en samenvatting zijn leeg.
12-09-2022 @ 10:16:56 - Row :109 - Parsing item.
12-09-2022 @ 10:16:56 - Row :109 - Parsing failed. Reason: Inhoud, titel en samenvatting zijn leeg.
12-09-2022 @ 10:16:56 - Row :110 - Parsing item.
12-09-2022 @ 10:16:56 - Row :110 - Parsing failed. Reason: Inhoud, titel en samenvatting zijn leeg.
12-09-2022 @ 10:16:57 - Preparing for import.
12-09-2022 @ 10:16:57 - Row :111 - Parsing item.
12-09-2022 @ 10:16:57 - Row :111 - Parsing failed. Reason: Inhoud, titel en samenvatting zijn leeg.
12-09-2022 @ 10:16:57 - Row :112 - Parsing item.
12-09-2022 @ 10:16:57 - Row :112 - Parsing failed. Reason: Inhoud, titel en samenvatting zijn leeg.
12-09-2022 @ 10:16:57 - Row :113 - Parsing item.
12-09-2022 @ 10:16:57 - Row :113 - Parsing failed. Reason: Inhoud, titel en samenvatting zijn leeg.
12-09-2022 @ 10:16:57 - Row :114 - Parsing item.
12-09-2022 @ 10:16:57 - Row :114 - Parsing failed. Reason: Inhoud, titel en samenvatting zijn leeg.
12-09-2022 @ 10:16:57 - Row :115 - Parsing item.
12-09-2022 @ 10:16:57 - Row :115 - Parsing failed. Reason: Inhoud, titel en samenvatting zijn leeg.
12-09-2022 @ 10:16:57 - Row :116 - Parsing item.
12-09-2022 @ 10:16:57 - Row :116 - Parsing failed. Reason: Inhoud, titel en samenvatting zijn leeg.
12-09-2022 @ 10:16:57 - Row :117 - Parsing item.
12-09-2022 @ 10:16:57 - Row :117 - Parsing failed. Reason: Inhoud, titel en samenvatting zijn leeg.
12-09-2022 @ 10:16:57 - Row :118 - Parsing item.
12-09-2022 @ 10:16:57 - Row :118 - Parsing failed. Reason: Inhoud, titel en samenvatting zijn leeg.
12-09-2022 @ 10:16:57 - Row :119 - Parsing item.
12-09-2022 @ 10:16:57 - Row :119 - Parsing failed. Reason: Inhoud, titel en samenvatting zijn leeg.
12-09-2022 @ 10:16:57 - Row :120 - Parsing item.
12-09-2022 @ 10:16:57 - Row :120 - Parsing failed. Reason: Inhoud, titel en samenvatting zijn leeg.
12-09-2022 @ 10:16:58 - Preparing for import.
12-09-2022 @ 10:16:58 - Row :121 - Parsing item.
12-09-2022 @ 10:16:58 - Row :121 - Parsing failed. Reason: Inhoud, titel en samenvatting zijn leeg.
12-09-2022 @ 10:16:58 - Row :122 - Parsing item.
12-09-2022 @ 10:16:58 - Row :122 - Parsing failed. Reason: Inhoud, titel en samenvatting zijn leeg.
12-09-2022 @ 10:16:58 - Row :123 - Parsing item.
12-09-2022 @ 10:16:58 - Row :123 - Parsing failed. Reason: Inhoud, titel en samenvatting zijn leeg.
12-09-2022 @ 10:16:58 - Row :124 - Parsing item.
12-09-2022 @ 10:16:58 - Row :124 - Parsing failed. Reason: Inhoud, titel en samenvatting zijn leeg.
12-09-2022 @ 10:16:58 - Row :125 - Parsing item.
12-09-2022 @ 10:16:58 - Row :125 - Parsing failed. Reason: Inhoud, titel en samenvatting zijn leeg.
12-09-2022 @ 10:16:58 - Row :126 - Parsing item.
12-09-2022 @ 10:16:58 - Row :126 - Parsing failed. Reason: Inhoud, titel en samenvatting zijn leeg.
12-09-2022 @ 10:16:58 - Row :127 - Parsing item.
12-09-2022 @ 10:16:58 - Row :127 - Parsing failed. Reason: Inhoud, titel en samenvatting zijn leeg.
12-09-2022 @ 10:16:58 - Row :128 - Parsing item.
12-09-2022 @ 10:16:58 - Row :128 - Parsing failed. Reason: Inhoud, titel en samenvatting zijn leeg.
12-09-2022 @ 10:16:58 - Row :129 - Parsing item.
12-09-2022 @ 10:16:58 - Row :129 - Parsing failed. Reason: Inhoud, titel en samenvatting zijn leeg.
12-09-2022 @ 10:16:58 - Row :130 - Parsing item.
12-09-2022 @ 10:16:58 - Row :130 - Parsing failed. Reason: Inhoud, titel en samenvatting zijn leeg.
12-09-2022 @ 10:16:59 - Preparing for import.
12-09-2022 @ 10:16:59 - Row :131 - Parsing item.
12-09-2022 @ 10:16:59 - Row :131 - Parsing failed. Reason: Inhoud, titel en samenvatting zijn leeg.
12-09-2022 @ 10:16:59 - Row :132 - Parsing item.
12-09-2022 @ 10:16:59 - Row :132 - Parsing failed. Reason: Inhoud, titel en samenvatting zijn leeg.
12-09-2022 @ 10:16:59 - Row :133 - Parsing item.
12-09-2022 @ 10:16:59 - Row :133 - Parsing failed. Reason: Inhoud, titel en samenvatting zijn leeg.
12-09-2022 @ 10:16:59 - Row :134 - Parsing item.
12-09-2022 @ 10:16:59 - Row :134 - Parsing failed. Reason: Inhoud, titel en samenvatting zijn leeg.
12-09-2022 @ 10:16:59 - Row :135 - Parsing item.
12-09-2022 @ 10:16:59 - Row :135 - Parsing failed. Reason: Inhoud, titel en samenvatting zijn leeg.
12-09-2022 @ 10:16:59 - Row :136 - Parsing item.
12-09-2022 @ 10:16:59 - Row :136 - Parsing failed. Reason: Inhoud, titel en samenvatting zijn leeg.
12-09-2022 @ 10:16:59 - Row :137 - Parsing item.
12-09-2022 @ 10:16:59 - Row :137 - Parsing failed. Reason: Inhoud, titel en samenvatting zijn leeg.
12-09-2022 @ 10:16:59 - Row :138 - Parsing item.
12-09-2022 @ 10:16:59 - Row :138 - Parsing failed. Reason: Inhoud, titel en samenvatting zijn leeg.
12-09-2022 @ 10:16:59 - Row :139 - Parsing item.
12-09-2022 @ 10:16:59 - Row :139 - Parsing failed. Reason: Inhoud, titel en samenvatting zijn leeg.
12-09-2022 @ 10:16:59 - Row :140 - Parsing item.
12-09-2022 @ 10:16:59 - Row :140 - Parsing failed. Reason: Inhoud, titel en samenvatting zijn leeg.
12-09-2022 @ 10:16:59 - Preparing for import.
12-09-2022 @ 10:16:59 - Row :141 - Parsing item.
12-09-2022 @ 10:16:59 - Row :141 - Parsing failed. Reason: Inhoud, titel en samenvatting zijn leeg.
12-09-2022 @ 10:16:59 - Row :142 - Parsing item.
12-09-2022 @ 10:16:59 - Row :142 - Parsing failed. Reason: Inhoud, titel en samenvatting zijn leeg.
12-09-2022 @ 10:16:59 - Row :143 - Parsing item.
12-09-2022 @ 10:16:59 - Row :143 - Parsing failed. Reason: Inhoud, titel en samenvatting zijn leeg.
12-09-2022 @ 10:16:59 - Row :144 - Parsing item.
12-09-2022 @ 10:16:59 - Row :144 - Parsing failed. Reason: Inhoud, titel en samenvatting zijn leeg.
12-09-2022 @ 10:16:59 - Row :145 - Parsing item.
12-09-2022 @ 10:16:59 - Row :145 - Parsing failed. Reason: Inhoud, titel en samenvatting zijn leeg.
12-09-2022 @ 10:16:59 - Row :146 - Parsing item.
12-09-2022 @ 10:16:59 - Row :146 - Parsing failed. Reason: Inhoud, titel en samenvatting zijn leeg.
12-09-2022 @ 10:16:59 - Row :147 - Parsing item.
12-09-2022 @ 10:16:59 - Row :147 - Parsing failed. Reason: Inhoud, titel en samenvatting zijn leeg.
12-09-2022 @ 10:16:59 - Row :148 - Parsing item.
12-09-2022 @ 10:16:59 - Row :148 - Parsing failed. Reason: Inhoud, titel en samenvatting zijn leeg.
12-09-2022 @ 10:16:59 - Row :149 - Parsing item.
12-09-2022 @ 10:16:59 - Row :149 - Parsing failed. Reason: Inhoud, titel en samenvatting zijn leeg.
12-09-2022 @ 10:16:59 - Row :150 - Parsing item.
12-09-2022 @ 10:16:59 - Row :150 - Parsing failed. Reason: Inhoud, titel en samenvatting zijn leeg.
12-09-2022 @ 10:17:00 - Preparing for import.
12-09-2022 @ 10:17:00 - Row :151 - Parsing item.
12-09-2022 @ 10:17:00 - Row :151 - Parsing failed. Reason: Inhoud, titel en samenvatting zijn leeg.
12-09-2022 @ 10:17:00 - Row :152 - Parsing item.
12-09-2022 @ 10:17:00 - Row :152 - Parsing failed. Reason: Inhoud, titel en samenvatting zijn leeg.
12-09-2022 @ 10:17:00 - Row :153 - Parsing item.
12-09-2022 @ 10:17:00 - Row :153 - Parsing failed. Reason: Inhoud, titel en samenvatting zijn leeg.
12-09-2022 @ 10:17:00 - Row :154 - Parsing item.
12-09-2022 @ 10:17:00 - Row :154 - Parsing failed. Reason: Inhoud, titel en samenvatting zijn leeg.
12-09-2022 @ 10:17:00 - Row :155 - Parsing item.
12-09-2022 @ 10:17:00 - Row :155 - Parsing failed. Reason: Inhoud, titel en samenvatting zijn leeg.
12-09-2022 @ 10:17:00 - Row :156 - Parsing item.
12-09-2022 @ 10:17:00 - Row :156 - Parsing failed. Reason: Inhoud, titel en samenvatting zijn leeg.
12-09-2022 @ 10:17:00 - Row :157 - Parsing item.
12-09-2022 @ 10:17:00 - Row :157 - Parsing failed. Reason: Inhoud, titel en samenvatting zijn leeg.
12-09-2022 @ 10:17:00 - Row :158 - Parsing item.
12-09-2022 @ 10:17:00 - Row :158 - Parsing failed. Reason: Inhoud, titel en samenvatting zijn leeg.
12-09-2022 @ 10:17:00 - Row :159 - Parsing item.
12-09-2022 @ 10:17:00 - Row :159 - Parsing failed. Reason: Inhoud, titel en samenvatting zijn leeg.
12-09-2022 @ 10:17:00 - Row :160 - Parsing item.
12-09-2022 @ 10:17:00 - Row :160 - Parsing failed. Reason: Inhoud, titel en samenvatting zijn leeg.
12-09-2022 @ 10:17:01 - Preparing for import.
12-09-2022 @ 10:17:01 - Row :161 - Parsing item.
12-09-2022 @ 10:17:01 - Row :161 - Parsing failed. Reason: Inhoud, titel en samenvatting zijn leeg.
12-09-2022 @ 10:17:01 - Row :162 - Parsing item.
12-09-2022 @ 10:17:01 - Row :162 - Parsing failed. Reason: Inhoud, titel en samenvatting zijn leeg.
12-09-2022 @ 10:17:01 - Row :163 - Parsing item.
12-09-2022 @ 10:17:01 - Row :163 - Parsing failed. Reason: Inhoud, titel en samenvatting zijn leeg.
12-09-2022 @ 10:17:01 - Row :164 - Parsing item.
12-09-2022 @ 10:17:01 - Row :164 - Parsing failed. Reason: Inhoud, titel en samenvatting zijn leeg.
12-09-2022 @ 10:17:01 - Row :165 - Parsing item.
12-09-2022 @ 10:17:01 - Row :165 - Parsing failed. Reason: Inhoud, titel en samenvatting zijn leeg.
12-09-2022 @ 10:17:01 - Row :166 - Parsing item.
12-09-2022 @ 10:17:01 - Row :166 - Parsing failed. Reason: Inhoud, titel en samenvatting zijn leeg.
12-09-2022 @ 10:17:01 - Row :167 - Parsing item.
12-09-2022 @ 10:17:01 - Row :167 - Parsing failed. Reason: Inhoud, titel en samenvatting zijn leeg.
12-09-2022 @ 10:17:01 - Row :168 - Parsing item.
12-09-2022 @ 10:17:01 - Row :168 - Parsing failed. Reason: Inhoud, titel en samenvatting zijn leeg.
12-09-2022 @ 10:17:01 - Row :169 - Parsing item.
12-09-2022 @ 10:17:01 - Row :169 - Parsing failed. Reason: Inhoud, titel en samenvatting zijn leeg.
12-09-2022 @ 10:17:01 - Row :170 - Parsing item.
12-09-2022 @ 10:17:01 - Row :170 - Parsing failed. Reason: Inhoud, titel en samenvatting zijn leeg.
12-09-2022 @ 10:17:02 - Preparing for import.
12-09-2022 @ 10:17:02 - Row :171 - Parsing item.
12-09-2022 @ 10:17:02 - Row :171 - Parsing failed. Reason: Inhoud, titel en samenvatting zijn leeg.
12-09-2022 @ 10:17:02 - Row :172 - Parsing item.
12-09-2022 @ 10:17:02 - Row :172 - Parsing failed. Reason: Inhoud, titel en samenvatting zijn leeg.
12-09-2022 @ 10:17:02 - Row :173 - Parsing item.
12-09-2022 @ 10:17:02 - Row :173 - Parsing failed. Reason: Inhoud, titel en samenvatting zijn leeg.
12-09-2022 @ 10:17:02 - Row :174 - Parsing item.
12-09-2022 @ 10:17:02 - Row :174 - Parsing failed. Reason: Inhoud, titel en samenvatting zijn leeg.
12-09-2022 @ 10:17:02 - Row :175 - Parsing item.
12-09-2022 @ 10:17:02 - Row :175 - Parsing failed. Reason: Inhoud, titel en samenvatting zijn leeg.
12-09-2022 @ 10:17:02 - Row :176 - Parsing item.
12-09-2022 @ 10:17:02 - Row :176 - Parsing failed. Reason: Inhoud, titel en samenvatting zijn leeg.
12-09-2022 @ 10:17:02 - Row :177 - Parsing item.
12-09-2022 @ 10:17:02 - Row :177 - Parsing failed. Reason: Inhoud, titel en samenvatting zijn leeg.
12-09-2022 @ 10:17:02 - Row :178 - Parsing item.
12-09-2022 @ 10:17:02 - Row :178 - Parsing failed. Reason: Inhoud, titel en samenvatting zijn leeg.
12-09-2022 @ 10:17:02 - Row :179 - Parsing item.
12-09-2022 @ 10:17:02 - Row :179 - Parsing failed. Reason: Inhoud, titel en samenvatting zijn leeg.
12-09-2022 @ 10:17:02 - Row :180 - Parsing item.
12-09-2022 @ 10:17:02 - Row :180 - Parsing failed. Reason: Inhoud, titel en samenvatting zijn leeg.
12-09-2022 @ 10:17:03 - Preparing for import.
12-09-2022 @ 10:17:03 - Row :181 - Parsing item.
12-09-2022 @ 10:17:03 - Row :181 - Parsing failed. Reason: Inhoud, titel en samenvatting zijn leeg.
12-09-2022 @ 10:17:03 - Row :182 - Parsing item.
12-09-2022 @ 10:17:03 - Row :182 - Parsing failed. Reason: Inhoud, titel en samenvatting zijn leeg.
12-09-2022 @ 10:17:03 - Row :183 - Parsing item.
12-09-2022 @ 10:17:03 - Row :183 - Parsing failed. Reason: Inhoud, titel en samenvatting zijn leeg.
12-09-2022 @ 10:17:03 - ---[ Import ended at 2022-12-09 10:17:03]---
