12-09-2022 @ 10:20:16 - ---[ New import started at 2022-12-09 10:20:16 ] PHP Memory: 1 GB, WP Memory: 40 MB
12-09-2022 @ 10:20:16 - Preparing for import.
12-09-2022 @ 10:20:16 - Row :1 - Parsing item.
12-09-2022 @ 10:20:16 - Importing as new product ID:194
12-09-2022 @ 10:20:16 - Row :1 - Processing item.
12-09-2022 @ 10:20:16 - Found simple product object. ID:194
12-09-2022 @ 10:20:16 - Row :1 - Processing failed. Reason: Ongeldig of dubbel artikelnummer.
12-09-2022 @ 10:20:16 - Row :2 - Parsing item.
12-09-2022 @ 10:20:16 - Importing as new product ID:195
12-09-2022 @ 10:20:16 - Row :2 - Processing item.
12-09-2022 @ 10:20:16 - Found simple product object. ID:195
12-09-2022 @ 10:20:16 - Row :2 - Processing failed. Reason: Ongeldig of dubbel artikelnummer.
12-09-2022 @ 10:20:16 - Row :3 - Parsing item.
12-09-2022 @ 10:20:16 - Importing as new product ID:196
12-09-2022 @ 10:20:16 - Row :3 - Processing item.
12-09-2022 @ 10:20:16 - Found simple product object. ID:196
12-09-2022 @ 10:20:16 - Row :3 - Processing failed. Reason: Ongeldig of dubbel artikelnummer.
12-09-2022 @ 10:20:16 - Row :4 - Parsing item.
12-09-2022 @ 10:20:16 - Importing as new product ID:197
12-09-2022 @ 10:20:16 - Row :4 - Processing item.
12-09-2022 @ 10:20:16 - Found simple product object. ID:197
12-09-2022 @ 10:20:16 - Row :4 - Processing failed. Reason: Ongeldig of dubbel artikelnummer.
12-09-2022 @ 10:20:16 - Row :5 - Parsing item.
12-09-2022 @ 10:20:16 - Importing as new product ID:198
12-09-2022 @ 10:20:16 - Row :5 - Processing item.
12-09-2022 @ 10:20:16 - Found simple product object. ID:198
12-09-2022 @ 10:20:16 - Row :5 - Processing failed. Reason: Ongeldig of dubbel artikelnummer.
12-09-2022 @ 10:20:16 - Row :6 - Parsing item.
12-09-2022 @ 10:20:16 - Importing as new product ID:199
12-09-2022 @ 10:20:16 - Row :6 - Processing item.
12-09-2022 @ 10:20:16 - Found simple product object. ID:199
12-09-2022 @ 10:20:16 - Row :6 - Processing failed. Reason: Ongeldig of dubbel artikelnummer.
12-09-2022 @ 10:20:16 - Row :7 - Parsing item.
12-09-2022 @ 10:20:16 - Importing as new product ID:200
12-09-2022 @ 10:20:16 - Row :7 - Processing item.
12-09-2022 @ 10:20:16 - Found simple product object. ID:200
12-09-2022 @ 10:20:16 - Row :7 - Processing failed. Reason: Ongeldig of dubbel artikelnummer.
12-09-2022 @ 10:20:16 - Row :8 - Parsing item.
12-09-2022 @ 10:20:16 - Importing as new product ID:201
12-09-2022 @ 10:20:16 - Row :8 - Processing item.
12-09-2022 @ 10:20:16 - Found simple product object. ID:201
12-09-2022 @ 10:20:16 - Row :8 - Processing failed. Reason: Ongeldig of dubbel artikelnummer.
12-09-2022 @ 10:20:16 - Row :9 - Parsing item.
12-09-2022 @ 10:20:16 - Importing as new product ID:202
12-09-2022 @ 10:20:16 - Row :9 - Processing item.
12-09-2022 @ 10:20:16 - Found simple product object. ID:202
12-09-2022 @ 10:20:16 - Row :9 - Processing failed. Reason: Ongeldig of dubbel artikelnummer.
12-09-2022 @ 10:20:16 - Row :10 - Parsing item.
12-09-2022 @ 10:20:16 - Importing as new product ID:203
12-09-2022 @ 10:20:16 - Row :10 - Processing item.
12-09-2022 @ 10:20:16 - Found simple product object. ID:203
12-09-2022 @ 10:20:16 - Row :10 - Processing failed. Reason: Ongeldig of dubbel artikelnummer.
12-09-2022 @ 10:20:16 - Row :11 - Parsing item.
12-09-2022 @ 10:20:16 - Importing as new product ID:204
12-09-2022 @ 10:20:16 - Row :11 - Processing item.
12-09-2022 @ 10:20:16 - Found simple product object. ID:204
12-09-2022 @ 10:20:16 - Row :11 - Processing failed. Reason: Ongeldig of dubbel artikelnummer.
12-09-2022 @ 10:20:16 - Row :12 - Parsing item.
12-09-2022 @ 10:20:16 - Importing as new product ID:205
12-09-2022 @ 10:20:16 - Row :12 - Processing item.
12-09-2022 @ 10:20:16 - Found simple product object. ID:205
12-09-2022 @ 10:20:16 - Row :12 - Processing failed. Reason: Ongeldig of dubbel artikelnummer.
12-09-2022 @ 10:20:16 - Row :13 - Parsing item.
12-09-2022 @ 10:20:16 - Importing as new product ID:206
12-09-2022 @ 10:20:16 - Row :13 - Processing item.
12-09-2022 @ 10:20:16 - Found simple product object. ID:206
12-09-2022 @ 10:20:16 - Row :13 - Processing failed. Reason: Ongeldig of dubbel artikelnummer.
12-09-2022 @ 10:20:16 - Row :14 - Parsing item.
12-09-2022 @ 10:20:16 - Importing as new product ID:207
12-09-2022 @ 10:20:16 - Row :14 - Processing item.
12-09-2022 @ 10:20:16 - Found simple product object. ID:207
12-09-2022 @ 10:20:16 - Row :14 - Processing failed. Reason: Ongeldig of dubbel artikelnummer.
12-09-2022 @ 10:20:16 - Row :15 - Parsing item.
12-09-2022 @ 10:20:16 - Importing as new product ID:208
12-09-2022 @ 10:20:16 - Row :15 - Processing item.
12-09-2022 @ 10:20:16 - Found simple product object. ID:208
12-09-2022 @ 10:20:16 - Row :15 - Processing failed. Reason: Ongeldig of dubbel artikelnummer.
12-09-2022 @ 10:20:16 - Row :16 - Parsing item.
12-09-2022 @ 10:20:16 - Importing as new product ID:209
12-09-2022 @ 10:20:16 - Row :16 - Processing item.
12-09-2022 @ 10:20:16 - Found simple product object. ID:209
12-09-2022 @ 10:20:16 - Row :16 - Processing failed. Reason: Ongeldig of dubbel artikelnummer.
12-09-2022 @ 10:20:16 - Row :17 - Parsing item.
12-09-2022 @ 10:20:16 - Importing as new product ID:210
12-09-2022 @ 10:20:16 - Row :17 - Processing item.
12-09-2022 @ 10:20:16 - Found simple product object. ID:210
12-09-2022 @ 10:20:16 - Row :17 - Processing failed. Reason: Ongeldig of dubbel artikelnummer.
12-09-2022 @ 10:20:16 - Row :18 - Parsing item.
12-09-2022 @ 10:20:16 - Importing as new product ID:211
12-09-2022 @ 10:20:16 - Row :18 - Processing item.
12-09-2022 @ 10:20:16 - Found simple product object. ID:211
12-09-2022 @ 10:20:16 - Row :18 - Processing failed. Reason: Ongeldig of dubbel artikelnummer.
12-09-2022 @ 10:20:16 - Row :19 - Parsing item.
12-09-2022 @ 10:20:16 - Importing as new product ID:212
12-09-2022 @ 10:20:16 - Row :19 - Processing item.
12-09-2022 @ 10:20:16 - Found simple product object. ID:212
12-09-2022 @ 10:20:16 - Row :19 - Processing failed. Reason: Ongeldig of dubbel artikelnummer.
12-09-2022 @ 10:20:16 - Row :20 - Parsing item.
12-09-2022 @ 10:20:16 - Importing as new product ID:213
12-09-2022 @ 10:20:16 - Row :20 - Processing item.
12-09-2022 @ 10:20:16 - Found simple product object. ID:213
12-09-2022 @ 10:20:16 - Row :20 - Processing failed. Reason: Ongeldig of dubbel artikelnummer.
12-09-2022 @ 10:20:17 - Preparing for import.
12-09-2022 @ 10:20:17 - Row :21 - Parsing item.
12-09-2022 @ 10:20:17 - Importing as new product ID:214
12-09-2022 @ 10:20:17 - Row :21 - Processing item.
12-09-2022 @ 10:20:17 - Found simple product object. ID:214
12-09-2022 @ 10:20:17 - Row :21 - Processing failed. Reason: Ongeldig of dubbel artikelnummer.
12-09-2022 @ 10:20:17 - Row :22 - Parsing item.
12-09-2022 @ 10:20:17 - Importing as new product ID:215
12-09-2022 @ 10:20:17 - Row :22 - Processing item.
12-09-2022 @ 10:20:17 - Found simple product object. ID:215
12-09-2022 @ 10:20:17 - Row :22 - Processing failed. Reason: Ongeldig of dubbel artikelnummer.
12-09-2022 @ 10:20:17 - Row :23 - Parsing item.
12-09-2022 @ 10:20:17 - Importing as new product ID:216
12-09-2022 @ 10:20:17 - Row :23 - Processing item.
12-09-2022 @ 10:20:17 - Found simple product object. ID:216
12-09-2022 @ 10:20:17 - Row :23 - Processing failed. Reason: Ongeldig of dubbel artikelnummer.
12-09-2022 @ 10:20:17 - Row :24 - Parsing item.
12-09-2022 @ 10:20:17 - Importing as new product ID:217
12-09-2022 @ 10:20:17 - Row :24 - Processing item.
12-09-2022 @ 10:20:17 - Found simple product object. ID:217
12-09-2022 @ 10:20:17 - Row :24 - Processing failed. Reason: Ongeldig of dubbel artikelnummer.
12-09-2022 @ 10:20:17 - Row :25 - Parsing item.
12-09-2022 @ 10:20:17 - Importing as new product ID:218
12-09-2022 @ 10:20:17 - Row :25 - Processing item.
12-09-2022 @ 10:20:17 - Found simple product object. ID:218
12-09-2022 @ 10:20:17 - Row :25 - Processing failed. Reason: Ongeldig of dubbel artikelnummer.
12-09-2022 @ 10:20:17 - Row :26 - Parsing item.
12-09-2022 @ 10:20:17 - Importing as new product ID:219
12-09-2022 @ 10:20:17 - Row :26 - Processing item.
12-09-2022 @ 10:20:17 - Found simple product object. ID:219
12-09-2022 @ 10:20:17 - Row :26 - Processing failed. Reason: Ongeldig of dubbel artikelnummer.
12-09-2022 @ 10:20:17 - Row :27 - Parsing item.
12-09-2022 @ 10:20:17 - Importing as new product ID:220
12-09-2022 @ 10:20:17 - Row :27 - Processing item.
12-09-2022 @ 10:20:17 - Found simple product object. ID:220
12-09-2022 @ 10:20:17 - Row :27 - Processing failed. Reason: Ongeldig of dubbel artikelnummer.
12-09-2022 @ 10:20:17 - Row :28 - Parsing item.
12-09-2022 @ 10:20:17 - Importing as new product ID:221
12-09-2022 @ 10:20:17 - Row :28 - Processing item.
12-09-2022 @ 10:20:17 - Found simple product object. ID:221
12-09-2022 @ 10:20:17 - Row :28 - Processing failed. Reason: Ongeldig of dubbel artikelnummer.
12-09-2022 @ 10:20:17 - Row :29 - Parsing item.
12-09-2022 @ 10:20:17 - Importing as new product ID:222
12-09-2022 @ 10:20:17 - Row :29 - Processing item.
12-09-2022 @ 10:20:17 - Found simple product object. ID:222
12-09-2022 @ 10:20:17 - Row :29 - Processing failed. Reason: Ongeldig of dubbel artikelnummer.
12-09-2022 @ 10:20:17 - Row :30 - Parsing item.
12-09-2022 @ 10:20:17 - Importing as new product ID:223
12-09-2022 @ 10:20:17 - Row :30 - Processing item.
12-09-2022 @ 10:20:17 - Found simple product object. ID:223
12-09-2022 @ 10:20:17 - Row :30 - Processing failed. Reason: Ongeldig of dubbel artikelnummer.
12-09-2022 @ 10:20:17 - Row :31 - Parsing item.
12-09-2022 @ 10:20:17 - Importing as new product ID:224
12-09-2022 @ 10:20:17 - Row :31 - Processing item.
12-09-2022 @ 10:20:17 - Found simple product object. ID:224
12-09-2022 @ 10:20:17 - Row :31 - Processing failed. Reason: Ongeldig of dubbel artikelnummer.
12-09-2022 @ 10:20:17 - Row :32 - Parsing item.
12-09-2022 @ 10:20:17 - Importing as new product ID:225
12-09-2022 @ 10:20:17 - Row :32 - Processing item.
12-09-2022 @ 10:20:17 - Found simple product object. ID:225
12-09-2022 @ 10:20:17 - Row :32 - Processing failed. Reason: Ongeldig of dubbel artikelnummer.
12-09-2022 @ 10:20:17 - Row :33 - Parsing item.
12-09-2022 @ 10:20:17 - Importing as new product ID:226
12-09-2022 @ 10:20:17 - Row :33 - Processing item.
12-09-2022 @ 10:20:17 - Found simple product object. ID:226
12-09-2022 @ 10:20:17 - Row :33 - Processing failed. Reason: Ongeldig of dubbel artikelnummer.
12-09-2022 @ 10:20:17 - Row :34 - Parsing item.
12-09-2022 @ 10:20:17 - Importing as new product ID:227
12-09-2022 @ 10:20:17 - Row :34 - Processing item.
12-09-2022 @ 10:20:17 - Found simple product object. ID:227
12-09-2022 @ 10:20:17 - Row :34 - Processing failed. Reason: Ongeldig of dubbel artikelnummer.
12-09-2022 @ 10:20:17 - Row :35 - Parsing item.
12-09-2022 @ 10:20:17 - Importing as new product ID:228
12-09-2022 @ 10:20:17 - Row :35 - Processing item.
12-09-2022 @ 10:20:17 - Found simple product object. ID:228
12-09-2022 @ 10:20:17 - Row :35 - Processing failed. Reason: Ongeldig of dubbel artikelnummer.
12-09-2022 @ 10:20:17 - Row :36 - Parsing item.
12-09-2022 @ 10:20:17 - Importing as new product ID:229
12-09-2022 @ 10:20:17 - Row :36 - Processing item.
12-09-2022 @ 10:20:17 - Found simple product object. ID:229
12-09-2022 @ 10:20:17 - Row :36 - Processing failed. Reason: Ongeldig of dubbel artikelnummer.
12-09-2022 @ 10:20:17 - Row :37 - Parsing item.
12-09-2022 @ 10:20:17 - Importing as new product ID:230
12-09-2022 @ 10:20:17 - Row :37 - Processing item.
12-09-2022 @ 10:20:17 - Found simple product object. ID:230
12-09-2022 @ 10:20:17 - Row :37 - Processing failed. Reason: Ongeldig of dubbel artikelnummer.
12-09-2022 @ 10:20:17 - Row :38 - Parsing item.
12-09-2022 @ 10:20:17 - Importing as new product ID:231
12-09-2022 @ 10:20:17 - Row :38 - Processing item.
12-09-2022 @ 10:20:17 - Found simple product object. ID:231
12-09-2022 @ 10:20:17 - Row :38 - Processing failed. Reason: Ongeldig of dubbel artikelnummer.
12-09-2022 @ 10:20:17 - Row :39 - Parsing item.
12-09-2022 @ 10:20:17 - Importing as new product ID:232
12-09-2022 @ 10:20:17 - Row :39 - Processing item.
12-09-2022 @ 10:20:17 - Found simple product object. ID:232
12-09-2022 @ 10:20:17 - Row :39 - Processing failed. Reason: Ongeldig of dubbel artikelnummer.
12-09-2022 @ 10:20:17 - Row :40 - Parsing item.
12-09-2022 @ 10:20:17 - Importing as new product ID:233
12-09-2022 @ 10:20:17 - Row :40 - Processing item.
12-09-2022 @ 10:20:17 - Found simple product object. ID:233
12-09-2022 @ 10:20:17 - Row :40 - Processing failed. Reason: Ongeldig of dubbel artikelnummer.
12-09-2022 @ 10:20:18 - Preparing for import.
12-09-2022 @ 10:20:18 - Row :41 - Parsing item.
12-09-2022 @ 10:20:18 - Importing as new product ID:234
12-09-2022 @ 10:20:18 - Row :41 - Processing item.
12-09-2022 @ 10:20:18 - Found simple product object. ID:234
12-09-2022 @ 10:20:18 - Row :41 - Processing failed. Reason: Ongeldig of dubbel artikelnummer.
12-09-2022 @ 10:20:18 - Row :42 - Parsing item.
12-09-2022 @ 10:20:18 - Importing as new product ID:235
12-09-2022 @ 10:20:18 - Row :42 - Processing item.
12-09-2022 @ 10:20:18 - Found simple product object. ID:235
12-09-2022 @ 10:20:18 - Row :42 - Processing failed. Reason: Ongeldig of dubbel artikelnummer.
12-09-2022 @ 10:20:18 - Row :43 - Parsing item.
12-09-2022 @ 10:20:18 - Importing as new product ID:236
12-09-2022 @ 10:20:18 - Row :43 - Processing item.
12-09-2022 @ 10:20:18 - Found simple product object. ID:236
12-09-2022 @ 10:20:18 - Row :43 - Processing failed. Reason: Ongeldig of dubbel artikelnummer.
12-09-2022 @ 10:20:18 - Row :44 - Parsing item.
12-09-2022 @ 10:20:18 - Importing as new product ID:237
12-09-2022 @ 10:20:18 - Row :44 - Processing item.
12-09-2022 @ 10:20:18 - Found simple product object. ID:237
12-09-2022 @ 10:20:18 - Row :44 - Processing failed. Reason: Ongeldig of dubbel artikelnummer.
12-09-2022 @ 10:20:18 - Row :45 - Parsing item.
12-09-2022 @ 10:20:18 - Importing as new product ID:238
12-09-2022 @ 10:20:18 - Row :45 - Processing item.
12-09-2022 @ 10:20:18 - Found simple product object. ID:238
12-09-2022 @ 10:20:18 - Row :45 - Processing failed. Reason: Ongeldig of dubbel artikelnummer.
12-09-2022 @ 10:20:18 - Row :46 - Parsing item.
12-09-2022 @ 10:20:18 - Importing as new product ID:239
12-09-2022 @ 10:20:18 - Row :46 - Processing item.
12-09-2022 @ 10:20:18 - Found simple product object. ID:239
12-09-2022 @ 10:20:18 - Row :46 - Processing failed. Reason: Ongeldig of dubbel artikelnummer.
12-09-2022 @ 10:20:18 - Row :47 - Parsing item.
12-09-2022 @ 10:20:18 - Importing as new product ID:240
12-09-2022 @ 10:20:18 - Row :47 - Processing item.
12-09-2022 @ 10:20:18 - Found simple product object. ID:240
12-09-2022 @ 10:20:18 - Row :47 - Processing failed. Reason: Ongeldig of dubbel artikelnummer.
12-09-2022 @ 10:20:18 - Row :48 - Parsing item.
12-09-2022 @ 10:20:18 - Importing as new product ID:241
12-09-2022 @ 10:20:18 - Row :48 - Processing item.
12-09-2022 @ 10:20:18 - Found simple product object. ID:241
12-09-2022 @ 10:20:18 - Row :48 - Processing failed. Reason: Ongeldig of dubbel artikelnummer.
12-09-2022 @ 10:20:18 - Row :49 - Parsing item.
12-09-2022 @ 10:20:18 - Importing as new product ID:242
12-09-2022 @ 10:20:18 - Row :49 - Processing item.
12-09-2022 @ 10:20:18 - Found simple product object. ID:242
12-09-2022 @ 10:20:18 - Row :49 - Processing failed. Reason: Ongeldig of dubbel artikelnummer.
12-09-2022 @ 10:20:18 - Row :50 - Parsing item.
12-09-2022 @ 10:20:18 - Importing as new product ID:243
12-09-2022 @ 10:20:18 - Row :50 - Processing item.
12-09-2022 @ 10:20:18 - Found simple product object. ID:243
12-09-2022 @ 10:20:18 - Row :50 - Processing failed. Reason: Ongeldig of dubbel artikelnummer.
12-09-2022 @ 10:20:18 - Row :51 - Parsing item.
12-09-2022 @ 10:20:18 - Importing as new product ID:244
12-09-2022 @ 10:20:18 - Row :51 - Processing item.
12-09-2022 @ 10:20:18 - Found simple product object. ID:244
12-09-2022 @ 10:20:18 - Row :51 - Processing failed. Reason: Ongeldig of dubbel artikelnummer.
12-09-2022 @ 10:20:18 - Row :52 - Parsing item.
12-09-2022 @ 10:20:18 - Importing as new product ID:245
12-09-2022 @ 10:20:18 - Row :52 - Processing item.
12-09-2022 @ 10:20:18 - Found simple product object. ID:245
12-09-2022 @ 10:20:18 - Row :52 - Processing failed. Reason: Ongeldig of dubbel artikelnummer.
12-09-2022 @ 10:20:18 - Row :53 - Parsing item.
12-09-2022 @ 10:20:18 - Importing as new product ID:246
12-09-2022 @ 10:20:18 - Row :53 - Processing item.
12-09-2022 @ 10:20:18 - Found simple product object. ID:246
12-09-2022 @ 10:20:18 - Row :53 - Processing failed. Reason: Ongeldig of dubbel artikelnummer.
12-09-2022 @ 10:20:18 - Row :54 - Parsing item.
12-09-2022 @ 10:20:18 - Importing as new product ID:247
12-09-2022 @ 10:20:18 - Row :54 - Processing item.
12-09-2022 @ 10:20:18 - Found simple product object. ID:247
12-09-2022 @ 10:20:18 - Row :54 - Processing failed. Reason: Ongeldig of dubbel artikelnummer.
12-09-2022 @ 10:20:18 - Row :55 - Parsing item.
12-09-2022 @ 10:20:18 - Importing as new product ID:248
12-09-2022 @ 10:20:18 - Row :55 - Processing item.
12-09-2022 @ 10:20:18 - Found simple product object. ID:248
12-09-2022 @ 10:20:18 - Row :55 - Processing failed. Reason: Ongeldig of dubbel artikelnummer.
12-09-2022 @ 10:20:18 - Row :56 - Parsing item.
12-09-2022 @ 10:20:18 - Importing as new product ID:249
12-09-2022 @ 10:20:18 - Row :56 - Processing item.
12-09-2022 @ 10:20:18 - Found simple product object. ID:249
12-09-2022 @ 10:20:18 - Row :56 - Processing failed. Reason: Ongeldig of dubbel artikelnummer.
12-09-2022 @ 10:20:18 - Row :57 - Parsing item.
12-09-2022 @ 10:20:18 - Importing as new product ID:250
12-09-2022 @ 10:20:18 - Row :57 - Processing item.
12-09-2022 @ 10:20:18 - Found simple product object. ID:250
12-09-2022 @ 10:20:18 - Row :57 - Processing failed. Reason: Ongeldig of dubbel artikelnummer.
12-09-2022 @ 10:20:18 - Row :58 - Parsing item.
12-09-2022 @ 10:20:18 - Importing as new product ID:251
12-09-2022 @ 10:20:18 - Row :58 - Processing item.
12-09-2022 @ 10:20:18 - Found simple product object. ID:251
12-09-2022 @ 10:20:18 - Row :58 - Processing failed. Reason: Ongeldig of dubbel artikelnummer.
12-09-2022 @ 10:20:18 - Row :59 - Parsing item.
12-09-2022 @ 10:20:19 - Importing as new product ID:252
12-09-2022 @ 10:20:19 - Row :59 - Processing item.
12-09-2022 @ 10:20:19 - Found simple product object. ID:252
12-09-2022 @ 10:20:19 - Row :59 - Processing failed. Reason: Ongeldig of dubbel artikelnummer.
12-09-2022 @ 10:20:19 - Row :60 - Parsing item.
12-09-2022 @ 10:20:19 - Importing as new product ID:253
12-09-2022 @ 10:20:19 - Row :60 - Processing item.
12-09-2022 @ 10:20:19 - Found simple product object. ID:253
12-09-2022 @ 10:20:19 - Row :60 - Processing failed. Reason: Ongeldig of dubbel artikelnummer.
12-09-2022 @ 10:20:19 - Preparing for import.
12-09-2022 @ 10:20:19 - Row :61 - Parsing item.
12-09-2022 @ 10:20:19 - Importing as new product ID:254
12-09-2022 @ 10:20:19 - Row :61 - Processing item.
12-09-2022 @ 10:20:19 - Found simple product object. ID:254
12-09-2022 @ 10:20:19 - Row :61 - Processing failed. Reason: Ongeldig of dubbel artikelnummer.
12-09-2022 @ 10:20:19 - Row :62 - Parsing item.
12-09-2022 @ 10:20:19 - Importing as new product ID:255
12-09-2022 @ 10:20:19 - Row :62 - Processing item.
12-09-2022 @ 10:20:19 - Found simple product object. ID:255
12-09-2022 @ 10:20:20 - Row :62 - Processing failed. Reason: Ongeldig of dubbel artikelnummer.
12-09-2022 @ 10:20:20 - Row :63 - Parsing item.
12-09-2022 @ 10:20:20 - Importing as new product ID:256
12-09-2022 @ 10:20:20 - Row :63 - Processing item.
12-09-2022 @ 10:20:20 - Found simple product object. ID:256
12-09-2022 @ 10:20:20 - Row :63 - Processing failed. Reason: Ongeldig of dubbel artikelnummer.
12-09-2022 @ 10:20:20 - Row :64 - Parsing item.
12-09-2022 @ 10:20:20 - Importing as new product ID:257
12-09-2022 @ 10:20:20 - Row :64 - Processing item.
12-09-2022 @ 10:20:20 - Found simple product object. ID:257
12-09-2022 @ 10:20:20 - Row :64 - Processing failed. Reason: Ongeldig of dubbel artikelnummer.
12-09-2022 @ 10:20:20 - Row :65 - Parsing item.
12-09-2022 @ 10:20:20 - Importing as new product ID:258
12-09-2022 @ 10:20:20 - Row :65 - Processing item.
12-09-2022 @ 10:20:20 - Found simple product object. ID:258
12-09-2022 @ 10:20:20 - Row :65 - Processing failed. Reason: Ongeldig of dubbel artikelnummer.
12-09-2022 @ 10:20:20 - Row :66 - Parsing item.
12-09-2022 @ 10:20:20 - Importing as new product ID:259
12-09-2022 @ 10:20:20 - Row :66 - Processing item.
12-09-2022 @ 10:20:20 - Found simple product object. ID:259
12-09-2022 @ 10:20:20 - Row :66 - Processing failed. Reason: Ongeldig of dubbel artikelnummer.
12-09-2022 @ 10:20:20 - Row :67 - Parsing item.
12-09-2022 @ 10:20:20 - Importing as new product ID:260
12-09-2022 @ 10:20:20 - Row :67 - Processing item.
12-09-2022 @ 10:20:20 - Found simple product object. ID:260
12-09-2022 @ 10:20:20 - Row :67 - Processing failed. Reason: Ongeldig of dubbel artikelnummer.
12-09-2022 @ 10:20:20 - Row :68 - Parsing item.
12-09-2022 @ 10:20:20 - Importing as new product ID:261
12-09-2022 @ 10:20:20 - Row :68 - Processing item.
12-09-2022 @ 10:20:20 - Found simple product object. ID:261
12-09-2022 @ 10:20:20 - Row :68 - Processing failed. Reason: Ongeldig of dubbel artikelnummer.
12-09-2022 @ 10:20:20 - Row :69 - Parsing item.
12-09-2022 @ 10:20:20 - Importing as new product ID:262
12-09-2022 @ 10:20:20 - Row :69 - Processing item.
12-09-2022 @ 10:20:20 - Found simple product object. ID:262
12-09-2022 @ 10:20:20 - Row :69 - Processing failed. Reason: Ongeldig of dubbel artikelnummer.
12-09-2022 @ 10:20:20 - Row :70 - Parsing item.
12-09-2022 @ 10:20:20 - Importing as new product ID:263
12-09-2022 @ 10:20:20 - Row :70 - Processing item.
12-09-2022 @ 10:20:20 - Found simple product object. ID:263
12-09-2022 @ 10:20:20 - Row :70 - Processing failed. Reason: Ongeldig of dubbel artikelnummer.
12-09-2022 @ 10:20:20 - Row :71 - Parsing item.
12-09-2022 @ 10:20:20 - Importing as new product ID:264
12-09-2022 @ 10:20:20 - Row :71 - Processing item.
12-09-2022 @ 10:20:20 - Found simple product object. ID:264
12-09-2022 @ 10:20:20 - Row :71 - Processing failed. Reason: Ongeldig of dubbel artikelnummer.
12-09-2022 @ 10:20:20 - Row :72 - Parsing item.
12-09-2022 @ 10:20:20 - Importing as new product ID:265
12-09-2022 @ 10:20:20 - Row :72 - Processing item.
12-09-2022 @ 10:20:20 - Found simple product object. ID:265
12-09-2022 @ 10:20:20 - Row :72 - Processing failed. Reason: Ongeldig of dubbel artikelnummer.
12-09-2022 @ 10:20:20 - Row :73 - Parsing item.
12-09-2022 @ 10:20:20 - Importing as new product ID:266
12-09-2022 @ 10:20:20 - Row :73 - Processing item.
12-09-2022 @ 10:20:20 - Found simple product object. ID:266
12-09-2022 @ 10:20:20 - Row :73 - Processing failed. Reason: Ongeldig of dubbel artikelnummer.
12-09-2022 @ 10:20:20 - Row :74 - Parsing item.
12-09-2022 @ 10:20:20 - Importing as new product ID:267
12-09-2022 @ 10:20:20 - Row :74 - Processing item.
12-09-2022 @ 10:20:20 - Found simple product object. ID:267
12-09-2022 @ 10:20:20 - Row :74 - Processing failed. Reason: Ongeldig of dubbel artikelnummer.
12-09-2022 @ 10:20:20 - Row :75 - Parsing item.
12-09-2022 @ 10:20:20 - Importing as new product ID:268
12-09-2022 @ 10:20:20 - Row :75 - Processing item.
12-09-2022 @ 10:20:20 - Found simple product object. ID:268
12-09-2022 @ 10:20:20 - Row :75 - Processing failed. Reason: Ongeldig of dubbel artikelnummer.
12-09-2022 @ 10:20:20 - Row :76 - Parsing item.
12-09-2022 @ 10:20:20 - Importing as new product ID:269
12-09-2022 @ 10:20:20 - Row :76 - Processing item.
12-09-2022 @ 10:20:20 - Found simple product object. ID:269
12-09-2022 @ 10:20:20 - Row :76 - Processing failed. Reason: Ongeldig of dubbel artikelnummer.
12-09-2022 @ 10:20:20 - Row :77 - Parsing item.
12-09-2022 @ 10:20:20 - Importing as new product ID:270
12-09-2022 @ 10:20:20 - Row :77 - Processing item.
12-09-2022 @ 10:20:20 - Found simple product object. ID:270
12-09-2022 @ 10:20:20 - Row :77 - Processing failed. Reason: Ongeldig of dubbel artikelnummer.
12-09-2022 @ 10:20:20 - Row :78 - Parsing item.
12-09-2022 @ 10:20:20 - Importing as new product ID:271
12-09-2022 @ 10:20:20 - Row :78 - Processing item.
12-09-2022 @ 10:20:20 - Found simple product object. ID:271
12-09-2022 @ 10:20:20 - Row :78 - Processing failed. Reason: Ongeldig of dubbel artikelnummer.
12-09-2022 @ 10:20:20 - Row :79 - Parsing item.
12-09-2022 @ 10:20:20 - Importing as new product ID:272
12-09-2022 @ 10:20:20 - Row :79 - Processing item.
12-09-2022 @ 10:20:20 - Found simple product object. ID:272
12-09-2022 @ 10:20:20 - Row :79 - Processing failed. Reason: Ongeldig of dubbel artikelnummer.
12-09-2022 @ 10:20:20 - Row :80 - Parsing item.
12-09-2022 @ 10:20:20 - Importing as new product ID:273
12-09-2022 @ 10:20:20 - Row :80 - Processing item.
12-09-2022 @ 10:20:20 - Found simple product object. ID:273
12-09-2022 @ 10:20:20 - Row :80 - Processing failed. Reason: Ongeldig of dubbel artikelnummer.
12-09-2022 @ 10:20:21 - Preparing for import.
12-09-2022 @ 10:20:21 - Row :81 - Parsing item.
12-09-2022 @ 10:20:21 - Importing as new product ID:274
12-09-2022 @ 10:20:21 - Row :81 - Processing item.
12-09-2022 @ 10:20:21 - Found simple product object. ID:274
12-09-2022 @ 10:20:21 - Row :81 - Processing failed. Reason: Ongeldig of dubbel artikelnummer.
12-09-2022 @ 10:20:21 - Row :82 - Parsing item.
12-09-2022 @ 10:20:21 - Importing as new product ID:275
12-09-2022 @ 10:20:21 - Row :82 - Processing item.
12-09-2022 @ 10:20:21 - Found simple product object. ID:275
12-09-2022 @ 10:20:21 - Row :82 - Processing failed. Reason: Ongeldig of dubbel artikelnummer.
12-09-2022 @ 10:20:21 - Row :83 - Parsing item.
12-09-2022 @ 10:20:21 - Importing as new product ID:276
12-09-2022 @ 10:20:21 - Row :83 - Processing item.
12-09-2022 @ 10:20:21 - Found simple product object. ID:276
12-09-2022 @ 10:20:21 - Row :83 - Processing failed. Reason: Ongeldig of dubbel artikelnummer.
12-09-2022 @ 10:20:21 - Row :84 - Parsing item.
12-09-2022 @ 10:20:21 - Importing as new product ID:277
12-09-2022 @ 10:20:21 - Row :84 - Processing item.
12-09-2022 @ 10:20:21 - Found simple product object. ID:277
12-09-2022 @ 10:20:21 - Row :84 - Processing failed. Reason: Ongeldig of dubbel artikelnummer.
12-09-2022 @ 10:20:21 - Row :85 - Parsing item.
12-09-2022 @ 10:20:21 - Importing as new product ID:278
12-09-2022 @ 10:20:21 - Row :85 - Processing item.
12-09-2022 @ 10:20:21 - Found simple product object. ID:278
12-09-2022 @ 10:20:21 - Row :85 - Processing failed. Reason: Ongeldig of dubbel artikelnummer.
12-09-2022 @ 10:20:21 - Row :86 - Parsing item.
12-09-2022 @ 10:20:21 - Importing as new product ID:279
12-09-2022 @ 10:20:21 - Row :86 - Processing item.
12-09-2022 @ 10:20:21 - Found simple product object. ID:279
12-09-2022 @ 10:20:21 - Row :86 - Processing failed. Reason: Ongeldig of dubbel artikelnummer.
12-09-2022 @ 10:20:21 - Row :87 - Parsing item.
12-09-2022 @ 10:20:21 - Importing as new product ID:280
12-09-2022 @ 10:20:21 - Row :87 - Processing item.
12-09-2022 @ 10:20:21 - Found simple product object. ID:280
12-09-2022 @ 10:20:21 - Row :87 - Processing failed. Reason: Ongeldig of dubbel artikelnummer.
12-09-2022 @ 10:20:21 - Row :88 - Parsing item.
12-09-2022 @ 10:20:21 - Importing as new product ID:281
12-09-2022 @ 10:20:21 - Row :88 - Processing item.
12-09-2022 @ 10:20:21 - Found simple product object. ID:281
12-09-2022 @ 10:20:21 - Row :88 - Processing failed. Reason: Ongeldig of dubbel artikelnummer.
12-09-2022 @ 10:20:21 - Row :89 - Parsing item.
12-09-2022 @ 10:20:21 - Importing as new product ID:282
12-09-2022 @ 10:20:21 - Row :89 - Processing item.
12-09-2022 @ 10:20:21 - Found simple product object. ID:282
12-09-2022 @ 10:20:21 - Row :89 - Processing failed. Reason: Ongeldig of dubbel artikelnummer.
12-09-2022 @ 10:20:21 - Row :90 - Parsing item.
12-09-2022 @ 10:20:21 - Importing as new product ID:283
12-09-2022 @ 10:20:21 - Row :90 - Processing item.
12-09-2022 @ 10:20:21 - Found simple product object. ID:283
12-09-2022 @ 10:20:21 - Row :90 - Processing failed. Reason: Ongeldig of dubbel artikelnummer.
12-09-2022 @ 10:20:21 - Row :91 - Parsing item.
12-09-2022 @ 10:20:21 - Importing as new product ID:284
12-09-2022 @ 10:20:21 - Row :91 - Processing item.
12-09-2022 @ 10:20:21 - Found simple product object. ID:284
12-09-2022 @ 10:20:21 - Row :91 - Processing failed. Reason: Ongeldig of dubbel artikelnummer.
12-09-2022 @ 10:20:21 - Row :92 - Parsing item.
12-09-2022 @ 10:20:21 - Importing as new product ID:285
12-09-2022 @ 10:20:21 - Row :92 - Processing item.
12-09-2022 @ 10:20:21 - Found simple product object. ID:285
12-09-2022 @ 10:20:21 - Row :92 - Processing failed. Reason: Ongeldig of dubbel artikelnummer.
12-09-2022 @ 10:20:21 - Row :93 - Parsing item.
12-09-2022 @ 10:20:21 - Importing as new product ID:286
12-09-2022 @ 10:20:21 - Row :93 - Processing item.
12-09-2022 @ 10:20:21 - Found simple product object. ID:286
12-09-2022 @ 10:20:21 - Row :93 - Processing failed. Reason: Ongeldig of dubbel artikelnummer.
12-09-2022 @ 10:20:21 - Row :94 - Parsing item.
12-09-2022 @ 10:20:21 - Importing as new product ID:287
12-09-2022 @ 10:20:21 - Row :94 - Processing item.
12-09-2022 @ 10:20:21 - Found simple product object. ID:287
12-09-2022 @ 10:20:21 - Row :94 - Processing failed. Reason: Ongeldig of dubbel artikelnummer.
12-09-2022 @ 10:20:21 - Row :95 - Parsing item.
12-09-2022 @ 10:20:21 - Importing as new product ID:288
12-09-2022 @ 10:20:21 - Row :95 - Processing item.
12-09-2022 @ 10:20:21 - Found simple product object. ID:288
12-09-2022 @ 10:20:21 - Row :95 - Processing failed. Reason: Ongeldig of dubbel artikelnummer.
12-09-2022 @ 10:20:21 - Row :96 - Parsing item.
12-09-2022 @ 10:20:21 - Importing as new product ID:289
12-09-2022 @ 10:20:21 - Row :96 - Processing item.
12-09-2022 @ 10:20:21 - Found simple product object. ID:289
12-09-2022 @ 10:20:21 - Row :96 - Processing failed. Reason: Ongeldig of dubbel artikelnummer.
12-09-2022 @ 10:20:21 - Row :97 - Parsing item.
12-09-2022 @ 10:20:21 - Importing as new product ID:290
12-09-2022 @ 10:20:21 - Row :97 - Processing item.
12-09-2022 @ 10:20:21 - Found simple product object. ID:290
12-09-2022 @ 10:20:21 - Row :97 - Processing failed. Reason: Ongeldig of dubbel artikelnummer.
12-09-2022 @ 10:20:21 - Row :98 - Parsing item.
12-09-2022 @ 10:20:21 - Importing as new product ID:291
12-09-2022 @ 10:20:21 - Row :98 - Processing item.
12-09-2022 @ 10:20:21 - Found simple product object. ID:291
12-09-2022 @ 10:20:21 - Row :98 - Processing failed. Reason: Ongeldig of dubbel artikelnummer.
12-09-2022 @ 10:20:21 - Row :99 - Parsing item.
12-09-2022 @ 10:20:21 - Importing as new product ID:292
12-09-2022 @ 10:20:21 - Row :99 - Processing item.
12-09-2022 @ 10:20:21 - Found simple product object. ID:292
12-09-2022 @ 10:20:21 - Row :99 - Processing failed. Reason: Ongeldig of dubbel artikelnummer.
12-09-2022 @ 10:20:21 - Row :100 - Parsing item.
12-09-2022 @ 10:20:21 - Importing as new product ID:293
12-09-2022 @ 10:20:21 - Row :100 - Processing item.
12-09-2022 @ 10:20:21 - Found simple product object. ID:293
12-09-2022 @ 10:20:21 - Row :100 - Processing failed. Reason: Ongeldig of dubbel artikelnummer.
12-09-2022 @ 10:20:23 - Preparing for import.
12-09-2022 @ 10:20:23 - Row :101 - Parsing item.
12-09-2022 @ 10:20:23 - Importing as new product ID:294
12-09-2022 @ 10:20:23 - Row :101 - Processing item.
12-09-2022 @ 10:20:23 - Found simple product object. ID:294
12-09-2022 @ 10:20:23 - Row :101 - Processing failed. Reason: Ongeldig of dubbel artikelnummer.
12-09-2022 @ 10:20:23 - Row :102 - Parsing item.
12-09-2022 @ 10:20:23 - Importing as new product ID:295
12-09-2022 @ 10:20:23 - Row :102 - Processing item.
12-09-2022 @ 10:20:23 - Found simple product object. ID:295
12-09-2022 @ 10:20:23 - Row :102 - Processing failed. Reason: Ongeldig of dubbel artikelnummer.
12-09-2022 @ 10:20:23 - Row :103 - Parsing item.
12-09-2022 @ 10:20:23 - Importing as new product ID:296
12-09-2022 @ 10:20:23 - Row :103 - Processing item.
12-09-2022 @ 10:20:23 - Found simple product object. ID:296
12-09-2022 @ 10:20:23 - Row :103 - Processing failed. Reason: Ongeldig of dubbel artikelnummer.
12-09-2022 @ 10:20:23 - Row :104 - Parsing item.
12-09-2022 @ 10:20:23 - Importing as new product ID:297
12-09-2022 @ 10:20:23 - Row :104 - Processing item.
12-09-2022 @ 10:20:23 - Found simple product object. ID:297
12-09-2022 @ 10:20:23 - Row :104 - Processing failed. Reason: Ongeldig of dubbel artikelnummer.
12-09-2022 @ 10:20:23 - Row :105 - Parsing item.
12-09-2022 @ 10:20:23 - Importing as new product ID:298
12-09-2022 @ 10:20:23 - Row :105 - Processing item.
12-09-2022 @ 10:20:23 - Found simple product object. ID:298
12-09-2022 @ 10:20:23 - Row :105 - Processing failed. Reason: Ongeldig of dubbel artikelnummer.
12-09-2022 @ 10:20:23 - Row :106 - Parsing item.
12-09-2022 @ 10:20:23 - Importing as new product ID:299
12-09-2022 @ 10:20:23 - Row :106 - Processing item.
12-09-2022 @ 10:20:23 - Found simple product object. ID:299
12-09-2022 @ 10:20:23 - Row :106 - Processing failed. Reason: Ongeldig of dubbel artikelnummer.
12-09-2022 @ 10:20:23 - Row :107 - Parsing item.
12-09-2022 @ 10:20:23 - Importing as new product ID:300
12-09-2022 @ 10:20:23 - Row :107 - Processing item.
12-09-2022 @ 10:20:23 - Found simple product object. ID:300
12-09-2022 @ 10:20:23 - Row :107 - Processing failed. Reason: Ongeldig of dubbel artikelnummer.
12-09-2022 @ 10:20:23 - Row :108 - Parsing item.
12-09-2022 @ 10:20:23 - Importing as new product ID:301
12-09-2022 @ 10:20:23 - Row :108 - Processing item.
12-09-2022 @ 10:20:23 - Found simple product object. ID:301
12-09-2022 @ 10:20:23 - Row :108 - Processing failed. Reason: Ongeldig of dubbel artikelnummer.
12-09-2022 @ 10:20:23 - Row :109 - Parsing item.
12-09-2022 @ 10:20:23 - Importing as new product ID:302
12-09-2022 @ 10:20:23 - Row :109 - Processing item.
12-09-2022 @ 10:20:23 - Found simple product object. ID:302
12-09-2022 @ 10:20:23 - Row :109 - Processing failed. Reason: Ongeldig of dubbel artikelnummer.
12-09-2022 @ 10:20:23 - Row :110 - Parsing item.
12-09-2022 @ 10:20:23 - Importing as new product ID:303
12-09-2022 @ 10:20:23 - Row :110 - Processing item.
12-09-2022 @ 10:20:23 - Found simple product object. ID:303
12-09-2022 @ 10:20:23 - Row :110 - Processing failed. Reason: Ongeldig of dubbel artikelnummer.
12-09-2022 @ 10:20:23 - Row :111 - Parsing item.
12-09-2022 @ 10:20:23 - Importing as new product ID:304
12-09-2022 @ 10:20:23 - Row :111 - Processing item.
12-09-2022 @ 10:20:23 - Found simple product object. ID:304
12-09-2022 @ 10:20:23 - Row :111 - Processing failed. Reason: Ongeldig of dubbel artikelnummer.
12-09-2022 @ 10:20:23 - Row :112 - Parsing item.
12-09-2022 @ 10:20:23 - Importing as new product ID:305
12-09-2022 @ 10:20:23 - Row :112 - Processing item.
12-09-2022 @ 10:20:23 - Found simple product object. ID:305
12-09-2022 @ 10:20:23 - Row :112 - Processing failed. Reason: Ongeldig of dubbel artikelnummer.
12-09-2022 @ 10:20:23 - Row :113 - Parsing item.
12-09-2022 @ 10:20:23 - Importing as new product ID:306
12-09-2022 @ 10:20:23 - Row :113 - Processing item.
12-09-2022 @ 10:20:23 - Found simple product object. ID:306
12-09-2022 @ 10:20:23 - Row :113 - Processing failed. Reason: Ongeldig of dubbel artikelnummer.
12-09-2022 @ 10:20:23 - Row :114 - Parsing item.
12-09-2022 @ 10:20:23 - Importing as new product ID:307
12-09-2022 @ 10:20:23 - Row :114 - Processing item.
12-09-2022 @ 10:20:23 - Found simple product object. ID:307
12-09-2022 @ 10:20:23 - Row :114 - Processing failed. Reason: Ongeldig of dubbel artikelnummer.
12-09-2022 @ 10:20:23 - Row :115 - Parsing item.
12-09-2022 @ 10:20:23 - Importing as new product ID:308
12-09-2022 @ 10:20:23 - Row :115 - Processing item.
12-09-2022 @ 10:20:23 - Found simple product object. ID:308
12-09-2022 @ 10:20:23 - Row :115 - Processing failed. Reason: Ongeldig of dubbel artikelnummer.
12-09-2022 @ 10:20:23 - Row :116 - Parsing item.
12-09-2022 @ 10:20:23 - Importing as new product ID:309
12-09-2022 @ 10:20:23 - Row :116 - Processing item.
12-09-2022 @ 10:20:23 - Found simple product object. ID:309
12-09-2022 @ 10:20:23 - Row :116 - Processing failed. Reason: Ongeldig of dubbel artikelnummer.
12-09-2022 @ 10:20:23 - Row :117 - Parsing item.
12-09-2022 @ 10:20:23 - Importing as new product ID:310
12-09-2022 @ 10:20:23 - Row :117 - Processing item.
12-09-2022 @ 10:20:23 - Found simple product object. ID:310
12-09-2022 @ 10:20:23 - Row :117 - Processing failed. Reason: Ongeldig of dubbel artikelnummer.
12-09-2022 @ 10:20:23 - Row :118 - Parsing item.
12-09-2022 @ 10:20:23 - Importing as new product ID:311
12-09-2022 @ 10:20:23 - Row :118 - Processing item.
12-09-2022 @ 10:20:23 - Found simple product object. ID:311
12-09-2022 @ 10:20:23 - Row :118 - Processing failed. Reason: Ongeldig of dubbel artikelnummer.
12-09-2022 @ 10:20:23 - Row :119 - Parsing item.
12-09-2022 @ 10:20:23 - Importing as new product ID:312
12-09-2022 @ 10:20:23 - Row :119 - Processing item.
12-09-2022 @ 10:20:23 - Found simple product object. ID:312
12-09-2022 @ 10:20:23 - Row :119 - Processing failed. Reason: Ongeldig of dubbel artikelnummer.
12-09-2022 @ 10:20:23 - Row :120 - Parsing item.
12-09-2022 @ 10:20:23 - Importing as new product ID:313
12-09-2022 @ 10:20:23 - Row :120 - Processing item.
12-09-2022 @ 10:20:23 - Found simple product object. ID:313
12-09-2022 @ 10:20:23 - Row :120 - Processing failed. Reason: Ongeldig of dubbel artikelnummer.
12-09-2022 @ 10:20:24 - Preparing for import.
12-09-2022 @ 10:20:24 - Row :121 - Parsing item.
12-09-2022 @ 10:20:24 - Importing as new product ID:314
12-09-2022 @ 10:20:24 - Row :121 - Processing item.
12-09-2022 @ 10:20:24 - Found simple product object. ID:314
12-09-2022 @ 10:20:24 - Row :121 - Processing failed. Reason: Ongeldig of dubbel artikelnummer.
12-09-2022 @ 10:20:24 - Row :122 - Parsing item.
12-09-2022 @ 10:20:24 - Importing as new product ID:315
12-09-2022 @ 10:20:24 - Row :122 - Processing item.
12-09-2022 @ 10:20:24 - Found simple product object. ID:315
12-09-2022 @ 10:20:24 - Row :122 - Processing failed. Reason: Ongeldig of dubbel artikelnummer.
12-09-2022 @ 10:20:24 - Row :123 - Parsing item.
12-09-2022 @ 10:20:24 - Importing as new product ID:316
12-09-2022 @ 10:20:24 - Row :123 - Processing item.
12-09-2022 @ 10:20:24 - Found simple product object. ID:316
12-09-2022 @ 10:20:24 - Row :123 - Processing failed. Reason: Ongeldig of dubbel artikelnummer.
12-09-2022 @ 10:20:24 - Row :124 - Parsing item.
12-09-2022 @ 10:20:24 - Importing as new product ID:317
12-09-2022 @ 10:20:24 - Row :124 - Processing item.
12-09-2022 @ 10:20:24 - Found simple product object. ID:317
12-09-2022 @ 10:20:24 - Row :124 - Processing failed. Reason: Ongeldig of dubbel artikelnummer.
12-09-2022 @ 10:20:24 - Row :125 - Parsing item.
12-09-2022 @ 10:20:24 - Importing as new product ID:318
12-09-2022 @ 10:20:24 - Row :125 - Processing item.
12-09-2022 @ 10:20:24 - Found simple product object. ID:318
12-09-2022 @ 10:20:24 - Row :125 - Processing failed. Reason: Ongeldig of dubbel artikelnummer.
12-09-2022 @ 10:20:24 - Row :126 - Parsing item.
12-09-2022 @ 10:20:24 - Importing as new product ID:319
12-09-2022 @ 10:20:24 - Row :126 - Processing item.
12-09-2022 @ 10:20:24 - Found simple product object. ID:319
12-09-2022 @ 10:20:24 - Row :126 - Processing failed. Reason: Ongeldig of dubbel artikelnummer.
12-09-2022 @ 10:20:24 - Row :127 - Parsing item.
12-09-2022 @ 10:20:24 - Importing as new product ID:320
12-09-2022 @ 10:20:24 - Row :127 - Processing item.
12-09-2022 @ 10:20:24 - Found simple product object. ID:320
12-09-2022 @ 10:20:24 - Row :127 - Processing failed. Reason: Ongeldig of dubbel artikelnummer.
12-09-2022 @ 10:20:24 - Row :128 - Parsing item.
12-09-2022 @ 10:20:24 - Importing as new product ID:321
12-09-2022 @ 10:20:24 - Row :128 - Processing item.
12-09-2022 @ 10:20:24 - Found simple product object. ID:321
12-09-2022 @ 10:20:24 - Row :128 - Processing failed. Reason: Ongeldig of dubbel artikelnummer.
12-09-2022 @ 10:20:24 - Row :129 - Parsing item.
12-09-2022 @ 10:20:24 - Importing as new product ID:322
12-09-2022 @ 10:20:24 - Row :129 - Processing item.
12-09-2022 @ 10:20:24 - Found simple product object. ID:322
12-09-2022 @ 10:20:24 - Row :129 - Processing failed. Reason: Ongeldig of dubbel artikelnummer.
12-09-2022 @ 10:20:24 - Row :130 - Parsing item.
12-09-2022 @ 10:20:24 - Importing as new product ID:323
12-09-2022 @ 10:20:24 - Row :130 - Processing item.
12-09-2022 @ 10:20:24 - Found simple product object. ID:323
12-09-2022 @ 10:20:24 - Row :130 - Processing failed. Reason: Ongeldig of dubbel artikelnummer.
12-09-2022 @ 10:20:24 - Row :131 - Parsing item.
12-09-2022 @ 10:20:24 - Importing as new product ID:324
12-09-2022 @ 10:20:24 - Row :131 - Processing item.
12-09-2022 @ 10:20:24 - Found simple product object. ID:324
12-09-2022 @ 10:20:24 - Row :131 - Processing failed. Reason: Ongeldig of dubbel artikelnummer.
12-09-2022 @ 10:20:24 - Row :132 - Parsing item.
12-09-2022 @ 10:20:24 - Importing as new product ID:325
12-09-2022 @ 10:20:24 - Row :132 - Processing item.
12-09-2022 @ 10:20:24 - Found simple product object. ID:325
12-09-2022 @ 10:20:24 - Row :132 - Processing failed. Reason: Ongeldig of dubbel artikelnummer.
12-09-2022 @ 10:20:24 - Row :133 - Parsing item.
12-09-2022 @ 10:20:24 - Importing as new product ID:326
12-09-2022 @ 10:20:24 - Row :133 - Processing item.
12-09-2022 @ 10:20:24 - Found simple product object. ID:326
12-09-2022 @ 10:20:24 - Row :133 - Processing failed. Reason: Ongeldig of dubbel artikelnummer.
12-09-2022 @ 10:20:24 - Row :134 - Parsing item.
12-09-2022 @ 10:20:24 - Importing as new product ID:327
12-09-2022 @ 10:20:24 - Row :134 - Processing item.
12-09-2022 @ 10:20:24 - Found simple product object. ID:327
12-09-2022 @ 10:20:24 - Row :134 - Processing failed. Reason: Ongeldig of dubbel artikelnummer.
12-09-2022 @ 10:20:24 - Row :135 - Parsing item.
12-09-2022 @ 10:20:24 - Importing as new product ID:328
12-09-2022 @ 10:20:24 - Row :135 - Processing item.
12-09-2022 @ 10:20:24 - Found simple product object. ID:328
12-09-2022 @ 10:20:24 - Row :135 - Processing failed. Reason: Ongeldig of dubbel artikelnummer.
12-09-2022 @ 10:20:24 - Row :136 - Parsing item.
12-09-2022 @ 10:20:24 - Importing as new product ID:329
12-09-2022 @ 10:20:24 - Row :136 - Processing item.
12-09-2022 @ 10:20:24 - Found simple product object. ID:329
12-09-2022 @ 10:20:24 - Row :136 - Processing failed. Reason: Ongeldig of dubbel artikelnummer.
12-09-2022 @ 10:20:24 - Row :137 - Parsing item.
12-09-2022 @ 10:20:24 - Importing as new product ID:330
12-09-2022 @ 10:20:24 - Row :137 - Processing item.
12-09-2022 @ 10:20:24 - Found simple product object. ID:330
12-09-2022 @ 10:20:24 - Row :137 - Processing failed. Reason: Ongeldig of dubbel artikelnummer.
12-09-2022 @ 10:20:24 - Row :138 - Parsing item.
12-09-2022 @ 10:20:24 - Importing as new product ID:331
12-09-2022 @ 10:20:24 - Row :138 - Processing item.
12-09-2022 @ 10:20:24 - Found simple product object. ID:331
12-09-2022 @ 10:20:24 - Row :138 - Processing failed. Reason: Ongeldig of dubbel artikelnummer.
12-09-2022 @ 10:20:24 - Row :139 - Parsing item.
12-09-2022 @ 10:20:24 - Importing as new product ID:332
12-09-2022 @ 10:20:24 - Row :139 - Processing item.
12-09-2022 @ 10:20:24 - Found simple product object. ID:332
12-09-2022 @ 10:20:24 - Row :139 - Processing failed. Reason: Ongeldig of dubbel artikelnummer.
12-09-2022 @ 10:20:24 - Row :140 - Parsing item.
12-09-2022 @ 10:20:24 - Importing as new product ID:333
12-09-2022 @ 10:20:24 - Row :140 - Processing item.
12-09-2022 @ 10:20:24 - Found simple product object. ID:333
12-09-2022 @ 10:20:24 - Row :140 - Processing failed. Reason: Ongeldig of dubbel artikelnummer.
12-09-2022 @ 10:20:27 - Preparing for import.
12-09-2022 @ 10:20:27 - Row :141 - Parsing item.
12-09-2022 @ 10:20:27 - Importing as new product ID:334
12-09-2022 @ 10:20:27 - Row :141 - Processing item.
12-09-2022 @ 10:20:27 - Found simple product object. ID:334
12-09-2022 @ 10:20:27 - Row :141 - Processing failed. Reason: Ongeldig of dubbel artikelnummer.
12-09-2022 @ 10:20:27 - Row :142 - Parsing item.
12-09-2022 @ 10:20:27 - Importing as new product ID:335
12-09-2022 @ 10:20:27 - Row :142 - Processing item.
12-09-2022 @ 10:20:27 - Found simple product object. ID:335
12-09-2022 @ 10:20:27 - Row :142 - Processing failed. Reason: Ongeldig of dubbel artikelnummer.
12-09-2022 @ 10:20:27 - Row :143 - Parsing item.
12-09-2022 @ 10:20:27 - Importing as new product ID:336
12-09-2022 @ 10:20:27 - Row :143 - Processing item.
12-09-2022 @ 10:20:27 - Found simple product object. ID:336
12-09-2022 @ 10:20:27 - Row :143 - Processing failed. Reason: Ongeldig of dubbel artikelnummer.
12-09-2022 @ 10:20:27 - Row :144 - Parsing item.
12-09-2022 @ 10:20:27 - Importing as new product ID:337
12-09-2022 @ 10:20:27 - Row :144 - Processing item.
12-09-2022 @ 10:20:27 - Found simple product object. ID:337
12-09-2022 @ 10:20:27 - Row :144 - Processing failed. Reason: Ongeldig of dubbel artikelnummer.
12-09-2022 @ 10:20:27 - Row :145 - Parsing item.
12-09-2022 @ 10:20:27 - Importing as new product ID:338
12-09-2022 @ 10:20:27 - Row :145 - Processing item.
12-09-2022 @ 10:20:27 - Found simple product object. ID:338
12-09-2022 @ 10:20:27 - Row :145 - Processing failed. Reason: Ongeldig of dubbel artikelnummer.
12-09-2022 @ 10:20:27 - Row :146 - Parsing item.
12-09-2022 @ 10:20:27 - Importing as new product ID:339
12-09-2022 @ 10:20:27 - Row :146 - Processing item.
12-09-2022 @ 10:20:27 - Found simple product object. ID:339
12-09-2022 @ 10:20:27 - Row :146 - Processing failed. Reason: Ongeldig of dubbel artikelnummer.
12-09-2022 @ 10:20:27 - Row :147 - Parsing item.
12-09-2022 @ 10:20:27 - Importing as new product ID:340
12-09-2022 @ 10:20:27 - Row :147 - Processing item.
12-09-2022 @ 10:20:27 - Found simple product object. ID:340
12-09-2022 @ 10:20:27 - Row :147 - Processing failed. Reason: Ongeldig of dubbel artikelnummer.
12-09-2022 @ 10:20:27 - Row :148 - Parsing item.
12-09-2022 @ 10:20:27 - Importing as new product ID:341
12-09-2022 @ 10:20:27 - Row :148 - Processing item.
12-09-2022 @ 10:20:27 - Found simple product object. ID:341
12-09-2022 @ 10:20:27 - Row :148 - Processing failed. Reason: Ongeldig of dubbel artikelnummer.
12-09-2022 @ 10:20:27 - Row :149 - Parsing item.
12-09-2022 @ 10:20:27 - Importing as new product ID:342
12-09-2022 @ 10:20:27 - Row :149 - Processing item.
12-09-2022 @ 10:20:27 - Found simple product object. ID:342
12-09-2022 @ 10:20:27 - Row :149 - Processing failed. Reason: Ongeldig of dubbel artikelnummer.
12-09-2022 @ 10:20:27 - Row :150 - Parsing item.
12-09-2022 @ 10:20:27 - Importing as new product ID:343
12-09-2022 @ 10:20:27 - Row :150 - Processing item.
12-09-2022 @ 10:20:27 - Found simple product object. ID:343
12-09-2022 @ 10:20:27 - Row :150 - Processing failed. Reason: Ongeldig of dubbel artikelnummer.
12-09-2022 @ 10:20:27 - Row :151 - Parsing item.
12-09-2022 @ 10:20:27 - Importing as new product ID:344
12-09-2022 @ 10:20:27 - Row :151 - Processing item.
12-09-2022 @ 10:20:27 - Found simple product object. ID:344
12-09-2022 @ 10:20:27 - Row :151 - Processing failed. Reason: Ongeldig of dubbel artikelnummer.
12-09-2022 @ 10:20:27 - Row :152 - Parsing item.
12-09-2022 @ 10:20:27 - Importing as new product ID:345
12-09-2022 @ 10:20:27 - Row :152 - Processing item.
12-09-2022 @ 10:20:27 - Found simple product object. ID:345
12-09-2022 @ 10:20:27 - Row :152 - Processing failed. Reason: Ongeldig of dubbel artikelnummer.
12-09-2022 @ 10:20:27 - Row :153 - Parsing item.
12-09-2022 @ 10:20:27 - Importing as new product ID:346
12-09-2022 @ 10:20:27 - Row :153 - Processing item.
12-09-2022 @ 10:20:27 - Found simple product object. ID:346
12-09-2022 @ 10:20:27 - Row :153 - Processing failed. Reason: Ongeldig of dubbel artikelnummer.
12-09-2022 @ 10:20:27 - Row :154 - Parsing item.
12-09-2022 @ 10:20:27 - Importing as new product ID:347
12-09-2022 @ 10:20:27 - Row :154 - Processing item.
12-09-2022 @ 10:20:27 - Found simple product object. ID:347
12-09-2022 @ 10:20:27 - Row :154 - Processing failed. Reason: Ongeldig of dubbel artikelnummer.
12-09-2022 @ 10:20:27 - Row :155 - Parsing item.
12-09-2022 @ 10:20:27 - Importing as new product ID:348
12-09-2022 @ 10:20:27 - Row :155 - Processing item.
12-09-2022 @ 10:20:27 - Found simple product object. ID:348
12-09-2022 @ 10:20:27 - Row :155 - Processing failed. Reason: Ongeldig of dubbel artikelnummer.
12-09-2022 @ 10:20:27 - Row :156 - Parsing item.
12-09-2022 @ 10:20:27 - Importing as new product ID:349
12-09-2022 @ 10:20:27 - Row :156 - Processing item.
12-09-2022 @ 10:20:27 - Found simple product object. ID:349
12-09-2022 @ 10:20:27 - Row :156 - Processing failed. Reason: Ongeldig of dubbel artikelnummer.
12-09-2022 @ 10:20:27 - Row :157 - Parsing item.
12-09-2022 @ 10:20:27 - Importing as new product ID:350
12-09-2022 @ 10:20:27 - Row :157 - Processing item.
12-09-2022 @ 10:20:27 - Found simple product object. ID:350
12-09-2022 @ 10:20:27 - Row :157 - Processing failed. Reason: Ongeldig of dubbel artikelnummer.
12-09-2022 @ 10:20:27 - Row :158 - Parsing item.
12-09-2022 @ 10:20:27 - Importing as new product ID:351
12-09-2022 @ 10:20:27 - Row :158 - Processing item.
12-09-2022 @ 10:20:27 - Found simple product object. ID:351
12-09-2022 @ 10:20:27 - Row :158 - Processing failed. Reason: Ongeldig of dubbel artikelnummer.
12-09-2022 @ 10:20:27 - Row :159 - Parsing item.
12-09-2022 @ 10:20:27 - Importing as new product ID:352
12-09-2022 @ 10:20:27 - Row :159 - Processing item.
12-09-2022 @ 10:20:27 - Found simple product object. ID:352
12-09-2022 @ 10:20:27 - Row :159 - Processing failed. Reason: Ongeldig of dubbel artikelnummer.
12-09-2022 @ 10:20:27 - Row :160 - Parsing item.
12-09-2022 @ 10:20:27 - Importing as new product ID:353
12-09-2022 @ 10:20:27 - Row :160 - Processing item.
12-09-2022 @ 10:20:27 - Found simple product object. ID:353
12-09-2022 @ 10:20:27 - Row :160 - Processing failed. Reason: Ongeldig of dubbel artikelnummer.
12-09-2022 @ 10:20:28 - Preparing for import.
12-09-2022 @ 10:20:28 - Row :161 - Parsing item.
12-09-2022 @ 10:20:28 - Importing as new product ID:354
12-09-2022 @ 10:20:28 - Row :161 - Processing item.
12-09-2022 @ 10:20:28 - Found simple product object. ID:354
12-09-2022 @ 10:20:28 - Row :161 - Processing failed. Reason: Ongeldig of dubbel artikelnummer.
12-09-2022 @ 10:20:28 - Row :162 - Parsing item.
12-09-2022 @ 10:20:28 - Importing as new product ID:355
12-09-2022 @ 10:20:28 - Row :162 - Processing item.
12-09-2022 @ 10:20:28 - Found simple product object. ID:355
12-09-2022 @ 10:20:28 - Row :162 - Processing failed. Reason: Ongeldig of dubbel artikelnummer.
12-09-2022 @ 10:20:28 - Row :163 - Parsing item.
12-09-2022 @ 10:20:28 - Importing as new product ID:356
12-09-2022 @ 10:20:28 - Row :163 - Processing item.
12-09-2022 @ 10:20:28 - Found simple product object. ID:356
12-09-2022 @ 10:20:28 - Row :163 - Processing failed. Reason: Ongeldig of dubbel artikelnummer.
12-09-2022 @ 10:20:28 - Row :164 - Parsing item.
12-09-2022 @ 10:20:28 - Importing as new product ID:357
12-09-2022 @ 10:20:28 - Row :164 - Processing item.
12-09-2022 @ 10:20:28 - Found simple product object. ID:357
12-09-2022 @ 10:20:28 - Row :164 - Processing failed. Reason: Ongeldig of dubbel artikelnummer.
12-09-2022 @ 10:20:28 - Row :165 - Parsing item.
12-09-2022 @ 10:20:28 - Importing as new product ID:358
12-09-2022 @ 10:20:28 - Row :165 - Processing item.
12-09-2022 @ 10:20:28 - Found simple product object. ID:358
12-09-2022 @ 10:20:28 - Row :165 - Processing failed. Reason: Ongeldig of dubbel artikelnummer.
12-09-2022 @ 10:20:28 - Row :166 - Parsing item.
12-09-2022 @ 10:20:28 - Importing as new product ID:359
12-09-2022 @ 10:20:28 - Row :166 - Processing item.
12-09-2022 @ 10:20:28 - Found simple product object. ID:359
12-09-2022 @ 10:20:28 - Row :166 - Processing failed. Reason: Ongeldig of dubbel artikelnummer.
12-09-2022 @ 10:20:28 - Row :167 - Parsing item.
12-09-2022 @ 10:20:28 - Importing as new product ID:360
12-09-2022 @ 10:20:28 - Row :167 - Processing item.
12-09-2022 @ 10:20:28 - Found simple product object. ID:360
12-09-2022 @ 10:20:28 - Row :167 - Processing failed. Reason: Ongeldig of dubbel artikelnummer.
12-09-2022 @ 10:20:28 - Row :168 - Parsing item.
12-09-2022 @ 10:20:28 - Importing as new product ID:361
12-09-2022 @ 10:20:28 - Row :168 - Processing item.
12-09-2022 @ 10:20:28 - Found simple product object. ID:361
12-09-2022 @ 10:20:28 - Row :168 - Processing failed. Reason: Ongeldig of dubbel artikelnummer.
12-09-2022 @ 10:20:28 - Row :169 - Parsing item.
12-09-2022 @ 10:20:28 - Importing as new product ID:362
12-09-2022 @ 10:20:28 - Row :169 - Processing item.
12-09-2022 @ 10:20:28 - Found simple product object. ID:362
12-09-2022 @ 10:20:28 - Row :169 - Processing failed. Reason: Ongeldig of dubbel artikelnummer.
12-09-2022 @ 10:20:28 - Row :170 - Parsing item.
12-09-2022 @ 10:20:28 - Importing as new product ID:363
12-09-2022 @ 10:20:28 - Row :170 - Processing item.
12-09-2022 @ 10:20:28 - Found simple product object. ID:363
12-09-2022 @ 10:20:28 - Row :170 - Processing failed. Reason: Ongeldig of dubbel artikelnummer.
12-09-2022 @ 10:20:28 - Row :171 - Parsing item.
12-09-2022 @ 10:20:28 - Importing as new product ID:364
12-09-2022 @ 10:20:28 - Row :171 - Processing item.
12-09-2022 @ 10:20:28 - Found simple product object. ID:364
12-09-2022 @ 10:20:28 - Row :171 - Processing failed. Reason: Ongeldig of dubbel artikelnummer.
12-09-2022 @ 10:20:28 - Row :172 - Parsing item.
12-09-2022 @ 10:20:28 - Importing as new product ID:365
12-09-2022 @ 10:20:28 - Row :172 - Processing item.
12-09-2022 @ 10:20:28 - Found simple product object. ID:365
12-09-2022 @ 10:20:28 - Row :172 - Processing failed. Reason: Ongeldig of dubbel artikelnummer.
12-09-2022 @ 10:20:28 - Row :173 - Parsing item.
12-09-2022 @ 10:20:28 - Importing as new product ID:366
12-09-2022 @ 10:20:28 - Row :173 - Processing item.
12-09-2022 @ 10:20:28 - Found simple product object. ID:366
12-09-2022 @ 10:20:28 - Row :173 - Processing failed. Reason: Ongeldig of dubbel artikelnummer.
12-09-2022 @ 10:20:28 - Row :174 - Parsing item.
12-09-2022 @ 10:20:28 - Importing as new product ID:367
12-09-2022 @ 10:20:28 - Row :174 - Processing item.
12-09-2022 @ 10:20:28 - Found simple product object. ID:367
12-09-2022 @ 10:20:28 - Row :174 - Processing failed. Reason: Ongeldig of dubbel artikelnummer.
12-09-2022 @ 10:20:28 - Row :175 - Parsing item.
12-09-2022 @ 10:20:28 - Importing as new product ID:368
12-09-2022 @ 10:20:28 - Row :175 - Processing item.
12-09-2022 @ 10:20:28 - Found simple product object. ID:368
12-09-2022 @ 10:20:28 - Row :175 - Processing failed. Reason: Ongeldig of dubbel artikelnummer.
12-09-2022 @ 10:20:28 - Row :176 - Parsing item.
12-09-2022 @ 10:20:28 - Importing as new product ID:369
12-09-2022 @ 10:20:28 - Row :176 - Processing item.
12-09-2022 @ 10:20:28 - Found simple product object. ID:369
12-09-2022 @ 10:20:28 - Row :176 - Processing failed. Reason: Ongeldig of dubbel artikelnummer.
12-09-2022 @ 10:20:28 - Row :177 - Parsing item.
12-09-2022 @ 10:20:28 - Importing as new product ID:370
12-09-2022 @ 10:20:28 - Row :177 - Processing item.
12-09-2022 @ 10:20:28 - Found simple product object. ID:370
12-09-2022 @ 10:20:28 - Row :177 - Processing failed. Reason: Ongeldig of dubbel artikelnummer.
12-09-2022 @ 10:20:28 - Row :178 - Parsing item.
12-09-2022 @ 10:20:28 - Importing as new product ID:371
12-09-2022 @ 10:20:28 - Row :178 - Processing item.
12-09-2022 @ 10:20:29 - Found simple product object. ID:371
12-09-2022 @ 10:20:29 - Row :178 - Processing failed. Reason: Ongeldig of dubbel artikelnummer.
12-09-2022 @ 10:20:29 - Row :179 - Parsing item.
12-09-2022 @ 10:20:29 - Importing as new product ID:372
12-09-2022 @ 10:20:29 - Row :179 - Processing item.
12-09-2022 @ 10:20:29 - Found simple product object. ID:372
12-09-2022 @ 10:20:29 - Row :179 - Processing failed. Reason: Ongeldig of dubbel artikelnummer.
12-09-2022 @ 10:20:29 - Row :180 - Parsing item.
12-09-2022 @ 10:20:29 - Importing as new product ID:373
12-09-2022 @ 10:20:29 - Row :180 - Processing item.
12-09-2022 @ 10:20:29 - Found simple product object. ID:373
12-09-2022 @ 10:20:29 - Row :180 - Processing failed. Reason: Ongeldig of dubbel artikelnummer.
12-09-2022 @ 10:20:30 - Preparing for import.
12-09-2022 @ 10:20:30 - Row :181 - Parsing item.
12-09-2022 @ 10:20:30 - Importing as new product ID:374
12-09-2022 @ 10:20:30 - Row :181 - Processing item.
12-09-2022 @ 10:20:30 - Found simple product object. ID:374
12-09-2022 @ 10:20:30 - Row :181 - Processing failed. Reason: Ongeldig of dubbel artikelnummer.
12-09-2022 @ 10:20:30 - Row :182 - Parsing item.
12-09-2022 @ 10:20:30 - Importing as new product ID:375
12-09-2022 @ 10:20:30 - Row :182 - Processing item.
12-09-2022 @ 10:20:30 - Found simple product object. ID:375
12-09-2022 @ 10:20:30 - Row :182 - Processing failed. Reason: Ongeldig of dubbel artikelnummer.
12-09-2022 @ 10:20:30 - Row :183 - Parsing item.
12-09-2022 @ 10:20:30 - Importing as new product ID:376
12-09-2022 @ 10:20:30 - Row :183 - Processing item.
12-09-2022 @ 10:20:30 - Found simple product object. ID:376
12-09-2022 @ 10:20:30 - Row :183 - Processing failed. Reason: Ongeldig of dubbel artikelnummer.
12-09-2022 @ 10:20:30 - ---[ Import ended at 2022-12-09 10:20:30]---
