12-09-2022 @ 10:20:42 - ---[ New import started at 2022-12-09 10:20:42 ] PHP Memory: 1 GB, WP Memory: 40 MB
12-09-2022 @ 10:20:42 - Preparing for import.
12-09-2022 @ 10:20:42 - Row :1 - Parsing item.
12-09-2022 @ 10:20:42 - Importing as new product ID:377
12-09-2022 @ 10:20:42 - Row :1 - Processing item.
12-09-2022 @ 10:20:42 - Found simple product object. ID:377
12-09-2022 @ 10:20:42 - Setting Featured Image. URL:/files/20100087/product_image_1/20100087-1.jpg
12-09-2022 @ 10:20:42 - Unable to use image "/files/20100087/product_image_1/20100087-1.jpg".
12-09-2022 @ 10:20:42 - Row :1 - Product imported successfully.
12-09-2022 @ 10:20:42 - Row :2 - Parsing item.
12-09-2022 @ 10:20:42 - Importing as new product ID:378
12-09-2022 @ 10:20:42 - Row :2 - Processing item.
12-09-2022 @ 10:20:42 - Found simple product object. ID:378
12-09-2022 @ 10:20:42 - Setting Featured Image. URL:/files/20100538/product_image_1/ST1510E_1.jpg
12-09-2022 @ 10:20:42 - Unable to use image "/files/20100538/product_image_1/ST1510E_1.jpg".
12-09-2022 @ 10:20:42 - Row :2 - Product imported successfully.
12-09-2022 @ 10:20:42 - Row :3 - Parsing item.
12-09-2022 @ 10:20:42 - Importing as new product ID:379
12-09-2022 @ 10:20:42 - Row :3 - Processing item.
12-09-2022 @ 10:20:42 - Found simple product object. ID:379
12-09-2022 @ 10:20:42 - Setting Featured Image. URL:/files/20100567/product_image_1/20100567-1.jpg
12-09-2022 @ 10:20:42 - Unable to use image "/files/20100567/product_image_1/20100567-1.jpg".
12-09-2022 @ 10:20:42 - Row :3 - Product imported successfully.
12-09-2022 @ 10:20:42 - Row :4 - Parsing item.
12-09-2022 @ 10:20:42 - Importing as new product ID:380
12-09-2022 @ 10:20:42 - Row :4 - Processing item.
12-09-2022 @ 10:20:42 - Found simple product object. ID:380
12-09-2022 @ 10:20:42 - Setting Featured Image. URL:/files/20100572/product_image_1/EGO Chain Saw_14inch_CS1400E.jpg
12-09-2022 @ 10:20:42 - Unable to use image "/files/20100572/product_image_1/EGO Chain Saw_14inch_CS1400E.jpg".
12-09-2022 @ 10:20:42 - Row :4 - Product imported successfully.
12-09-2022 @ 10:20:42 - Row :5 - Parsing item.
12-09-2022 @ 10:20:42 - Importing as new product ID:381
12-09-2022 @ 10:20:42 - Row :5 - Processing item.
12-09-2022 @ 10:20:42 - Found simple product object. ID:381
12-09-2022 @ 10:20:42 - Setting Featured Image. URL:/files/20100627/product_image_1/20100627-1.jpg
12-09-2022 @ 10:20:42 - Unable to use image "/files/20100627/product_image_1/20100627-1.jpg".
12-09-2022 @ 10:20:42 - Row :5 - Product imported successfully.
12-09-2022 @ 10:20:42 - Row :6 - Parsing item.
12-09-2022 @ 10:20:42 - Importing as new product ID:382
12-09-2022 @ 10:20:42 - Row :6 - Processing item.
12-09-2022 @ 10:20:42 - Found simple product object. ID:382
12-09-2022 @ 10:20:42 - Setting Featured Image. URL:/files/20100629/product_image_1/20100629-1.jpg
12-09-2022 @ 10:20:42 - Unable to use image "/files/20100629/product_image_1/20100629-1.jpg".
12-09-2022 @ 10:20:42 - Row :6 - Product imported successfully.
12-09-2022 @ 10:20:42 - Row :7 - Parsing item.
12-09-2022 @ 10:20:42 - Importing as new product ID:383
12-09-2022 @ 10:20:42 - Row :7 - Processing item.
12-09-2022 @ 10:20:42 - Found simple product object. ID:383
12-09-2022 @ 10:20:42 - Setting Featured Image. URL:/files/20100720/product_image_1/10AMP_EGO_G3_Battery_4P_3DID_CMYK_new1.png
12-09-2022 @ 10:20:42 - Unable to use image "/files/20100720/product_image_1/10AMP_EGO_G3_Battery_4P_3DID_CMYK_new1.png".
12-09-2022 @ 10:20:42 - Row :7 - Product imported successfully.
12-09-2022 @ 10:20:42 - Row :8 - Parsing item.
12-09-2022 @ 10:20:42 - Importing as new product ID:384
12-09-2022 @ 10:20:42 - Row :8 - Processing item.
12-09-2022 @ 10:20:42 - Found simple product object. ID:384
12-09-2022 @ 10:20:42 - Setting Featured Image. URL:/files/20100740/product_image_1/RTA2300_Rotocut attachment_0628_CMYK_new.jpg
12-09-2022 @ 10:20:42 - Unable to use image "/files/20100740/product_image_1/RTA2300_Rotocut attachment_0628_CMYK_new.jpg".
12-09-2022 @ 10:20:42 - Row :8 - Product imported successfully.
12-09-2022 @ 10:20:42 - Row :9 - Parsing item.
12-09-2022 @ 10:20:42 - Importing as new product ID:385
12-09-2022 @ 10:20:42 - Row :9 - Processing item.
12-09-2022 @ 10:20:42 - Found simple product object. ID:385
12-09-2022 @ 10:20:42 - Setting Featured Image. URL:/files/20100748/product_image_1/OSA1000.jpg
12-09-2022 @ 10:20:42 - Unable to use image "/files/20100748/product_image_1/OSA1000.jpg".
12-09-2022 @ 10:20:42 - Row :9 - Product imported successfully.
12-09-2022 @ 10:20:42 - Row :10 - Parsing item.
12-09-2022 @ 10:20:42 - Importing as new product ID:386
12-09-2022 @ 10:20:42 - Row :10 - Processing item.
12-09-2022 @ 10:20:42 - Found simple product object. ID:386
12-09-2022 @ 10:20:42 - Setting Featured Image. URL:/files/20100750/product_image_1/CS1800E_45cm chain saw_0628_cmyk.jpg
12-09-2022 @ 10:20:42 - Unable to use image "/files/20100750/product_image_1/CS1800E_45cm chain saw_0628_cmyk.jpg".
12-09-2022 @ 10:20:42 - Row :10 - Product imported successfully.
12-09-2022 @ 10:20:42 - Row :11 - Parsing item.
12-09-2022 @ 10:20:42 - Importing as new product ID:387
12-09-2022 @ 10:20:42 - Row :11 - Processing item.
12-09-2022 @ 10:20:42 - Found simple product object. ID:387
12-09-2022 @ 10:20:42 - Setting Featured Image. URL:/files/20100755/product_image_1/20100057-1-270x203.jpg
12-09-2022 @ 10:20:42 - Unable to use image "/files/20100755/product_image_1/20100057-1-270x203.jpg".
12-09-2022 @ 10:20:42 - Row :11 - Product imported successfully.
12-09-2022 @ 10:20:42 - Row :12 - Parsing item.
12-09-2022 @ 10:20:42 - Importing as new product ID:388
12-09-2022 @ 10:20:42 - Row :12 - Processing item.
12-09-2022 @ 10:20:42 - Found simple product object. ID:388
12-09-2022 @ 10:20:42 - Setting Featured Image. URL:/files/28700055/product_image_1/28700055-1.jpg
12-09-2022 @ 10:20:42 - Unable to use image "/files/28700055/product_image_1/28700055-1.jpg".
12-09-2022 @ 10:20:42 - Row :12 - Product imported successfully.
12-09-2022 @ 10:20:42 - Row :13 - Parsing item.
12-09-2022 @ 10:20:42 - Importing as new product ID:389
12-09-2022 @ 10:20:42 - Row :13 - Processing item.
12-09-2022 @ 10:20:42 - Found simple product object. ID:389
12-09-2022 @ 10:20:42 - Setting Featured Image. URL:/files/28700087/product_image_1/GV001_EGO Synthetic Work Glove_Hi Res.jpg
12-09-2022 @ 10:20:42 - Unable to use image "/files/28700087/product_image_1/GV001_EGO Synthetic Work Glove_Hi Res.jpg".
12-09-2022 @ 10:20:42 - Row :13 - Product imported successfully.
12-09-2022 @ 10:20:42 - Row :14 - Parsing item.
12-09-2022 @ 10:20:42 - Importing as new product ID:390
12-09-2022 @ 10:20:42 - Row :14 - Processing item.
12-09-2022 @ 10:20:42 - Found simple product object. ID:390
12-09-2022 @ 10:20:42 - Setting Featured Image. URL:/files/28700088/product_image_1/GV001_EGO Synthetic Work Glove_Hi Res.jpg
12-09-2022 @ 10:20:42 - Unable to use image "/files/28700088/product_image_1/GV001_EGO Synthetic Work Glove_Hi Res.jpg".
12-09-2022 @ 10:20:42 - Row :14 - Product imported successfully.
12-09-2022 @ 10:20:42 - Row :15 - Parsing item.
12-09-2022 @ 10:20:42 - Importing as new product ID:391
12-09-2022 @ 10:20:42 - Row :15 - Processing item.
12-09-2022 @ 10:20:42 - Found simple product object. ID:391
12-09-2022 @ 10:20:42 - Setting Featured Image. URL:/files/28700089/product_image_1/GV001_EGO Synthetic Work Glove_Hi Res.jpg
12-09-2022 @ 10:20:42 - Unable to use image "/files/28700089/product_image_1/GV001_EGO Synthetic Work Glove_Hi Res.jpg".
12-09-2022 @ 10:20:42 - Row :15 - Product imported successfully.
12-09-2022 @ 10:20:42 - Row :16 - Parsing item.
12-09-2022 @ 10:20:42 - Importing as new product ID:392
12-09-2022 @ 10:20:42 - Row :16 - Processing item.
12-09-2022 @ 10:20:42 - Found simple product object. ID:392
12-09-2022 @ 10:20:42 - Setting Featured Image. URL:/files/28700098/product_image_1/GV001_EGO Synthetic Work Glove_Hi Res.jpg
12-09-2022 @ 10:20:42 - Unable to use image "/files/28700098/product_image_1/GV001_EGO Synthetic Work Glove_Hi Res.jpg".
12-09-2022 @ 10:20:42 - Row :16 - Product imported successfully.
12-09-2022 @ 10:20:42 - Row :17 - Parsing item.
12-09-2022 @ 10:20:42 - Importing as new product ID:393
12-09-2022 @ 10:20:42 - Row :17 - Processing item.
12-09-2022 @ 10:20:42 - Found simple product object. ID:393
12-09-2022 @ 10:20:42 - Setting Featured Image. URL:/files/28700099/product_image_1/AHP1500 hip pad-2_1129_cmyk.jpg
12-09-2022 @ 10:20:42 - Unable to use image "/files/28700099/product_image_1/AHP1500 hip pad-2_1129_cmyk.jpg".
12-09-2022 @ 10:20:42 - Row :17 - Product imported successfully.
12-09-2022 @ 10:20:42 - Row :18 - Parsing item.
12-09-2022 @ 10:20:42 - Importing as new product ID:394
12-09-2022 @ 10:20:42 - Row :18 - Processing item.
12-09-2022 @ 10:20:42 - Found simple product object. ID:394
12-09-2022 @ 10:20:42 - Setting Featured Image. URL:/files/28700103/product_image_1/ang600r.jpg
12-09-2022 @ 10:20:42 - Unable to use image "/files/28700103/product_image_1/ang600r.jpg".
12-09-2022 @ 10:20:42 - Row :18 - Product imported successfully.
12-09-2022 @ 10:20:42 - Row :19 - Parsing item.
12-09-2022 @ 10:20:42 - Importing as new product ID:395
12-09-2022 @ 10:20:42 - Row :19 - Processing item.
12-09-2022 @ 10:20:42 - Found simple product object. ID:395
12-09-2022 @ 10:20:42 - Setting Featured Image. URL:/files/28700104/product_image_1/ang000f.jpg
12-09-2022 @ 10:20:42 - Unable to use image "/files/28700104/product_image_1/ang000f.jpg".
12-09-2022 @ 10:20:42 - Row :19 - Product imported successfully.
12-09-2022 @ 10:20:42 - Row :20 - Parsing item.
12-09-2022 @ 10:20:42 - Importing as new product ID:396
12-09-2022 @ 10:20:42 - Row :20 - Processing item.
12-09-2022 @ 10:20:42 - Found simple product object. ID:396
12-09-2022 @ 10:20:42 - Setting Featured Image. URL:/files/28700105/product_image_1/ant6002.jpg
12-09-2022 @ 10:20:42 - Unable to use image "/files/28700105/product_image_1/ant6002.jpg".
12-09-2022 @ 10:20:42 - Row :20 - Product imported successfully.
12-09-2022 @ 10:20:43 - Preparing for import.
12-09-2022 @ 10:20:43 - Row :21 - Parsing item.
12-09-2022 @ 10:20:43 - Importing as new product ID:397
12-09-2022 @ 10:20:43 - Row :21 - Processing item.
12-09-2022 @ 10:20:43 - Found simple product object. ID:397
12-09-2022 @ 10:20:43 - Setting Featured Image. URL:/files/28700106/product_image_1/afh1500.jpg
12-09-2022 @ 10:20:43 - Unable to use image "/files/28700106/product_image_1/afh1500.jpg".
12-09-2022 @ 10:20:43 - Row :21 - Product imported successfully.
12-09-2022 @ 10:20:43 - Row :22 - Parsing item.
12-09-2022 @ 10:20:43 - Importing as new product ID:398
12-09-2022 @ 10:20:43 - Row :22 - Processing item.
12-09-2022 @ 10:20:43 - Found simple product object. ID:398
12-09-2022 @ 10:20:43 - Setting Featured Image. URL:/files/28700108/product_image_1/ach1500.jpg
12-09-2022 @ 10:20:43 - Unable to use image "/files/28700108/product_image_1/ach1500.jpg".
12-09-2022 @ 10:20:43 - Row :22 - Product imported successfully.
12-09-2022 @ 10:20:43 - Row :23 - Parsing item.
12-09-2022 @ 10:20:43 - Importing as new product ID:399
12-09-2022 @ 10:20:43 - Row :23 - Processing item.
12-09-2022 @ 10:20:43 - Found simple product object. ID:399
12-09-2022 @ 10:20:43 - Setting Featured Image. URL:/files/28700109/product_image_1/AWH1500-1_cmyk.jpg
12-09-2022 @ 10:20:43 - Unable to use image "/files/28700109/product_image_1/AWH1500-1_cmyk.jpg".
12-09-2022 @ 10:20:43 - Row :23 - Product imported successfully.
12-09-2022 @ 10:20:43 - Row :24 - Parsing item.
12-09-2022 @ 10:20:43 - Importing as new product ID:400
12-09-2022 @ 10:20:43 - Row :24 - Processing item.
12-09-2022 @ 10:20:43 - Found simple product object. ID:400
12-09-2022 @ 10:20:43 - Setting Featured Image. URL:/files/28700120/product_image_1/28700120-1.jpg
12-09-2022 @ 10:20:43 - Unable to use image "/files/28700120/product_image_1/28700120-1.jpg".
12-09-2022 @ 10:20:43 - Row :24 - Product imported successfully.
12-09-2022 @ 10:20:43 - Row :25 - Parsing item.
12-09-2022 @ 10:20:43 - Importing as new product ID:401
12-09-2022 @ 10:20:43 - Row :25 - Processing item.
12-09-2022 @ 10:20:43 - Found simple product object. ID:401
12-09-2022 @ 10:20:43 - Setting Featured Image. URL:/files/28700125/product_image_1/abt3800.jpg
12-09-2022 @ 10:20:43 - Unable to use image "/files/28700125/product_image_1/abt3800.jpg".
12-09-2022 @ 10:20:43 - Row :25 - Product imported successfully.
12-09-2022 @ 10:20:43 - Row :26 - Parsing item.
12-09-2022 @ 10:20:43 - Importing as new product ID:402
12-09-2022 @ 10:20:43 - Row :26 - Processing item.
12-09-2022 @ 10:20:43 - Found simple product object. ID:402
12-09-2022 @ 10:20:43 - Setting Featured Image. URL:/files/28700134/product_image_1/ABP1700.jpg
12-09-2022 @ 10:20:43 - Unable to use image "/files/28700134/product_image_1/ABP1700.jpg".
12-09-2022 @ 10:20:43 - Row :26 - Product imported successfully.
12-09-2022 @ 10:20:43 - Row :27 - Parsing item.
12-09-2022 @ 10:20:43 - Importing as new product ID:403
12-09-2022 @ 10:20:43 - Row :27 - Processing item.
12-09-2022 @ 10:20:43 - Found simple product object. ID:403
12-09-2022 @ 10:20:43 - Setting Featured Image. URL:/files/28700135/product_image_1/28700135-1.jpg
12-09-2022 @ 10:20:43 - Unable to use image "/files/28700135/product_image_1/28700135-1.jpg".
12-09-2022 @ 10:20:43 - Row :27 - Product imported successfully.
12-09-2022 @ 10:20:43 - Row :28 - Parsing item.
12-09-2022 @ 10:20:44 - Importing as new product ID:404
12-09-2022 @ 10:20:44 - Row :28 - Processing item.
12-09-2022 @ 10:20:44 - Found simple product object. ID:404
12-09-2022 @ 10:20:44 - Setting Featured Image. URL:/files/28700136/product_image_1/ABP1700.jpg
12-09-2022 @ 10:20:44 - Unable to use image "/files/28700136/product_image_1/ABP1700.jpg".
12-09-2022 @ 10:20:44 - Row :28 - Product imported successfully.
12-09-2022 @ 10:20:44 - Row :29 - Parsing item.
12-09-2022 @ 10:20:44 - Importing as new product ID:405
12-09-2022 @ 10:20:44 - Row :29 - Processing item.
12-09-2022 @ 10:20:44 - Found simple product object. ID:405
12-09-2022 @ 10:20:44 - Setting Featured Image. URL:/files/28700140/product_image_1/an5801.jpg
12-09-2022 @ 10:20:44 - Unable to use image "/files/28700140/product_image_1/an5801.jpg".
12-09-2022 @ 10:20:44 - Row :29 - Product imported successfully.
12-09-2022 @ 10:20:44 - Row :30 - Parsing item.
12-09-2022 @ 10:20:44 - Importing as new product ID:406
12-09-2022 @ 10:20:44 - Row :30 - Processing item.
12-09-2022 @ 10:20:44 - Found simple product object. ID:406
12-09-2022 @ 10:20:44 - Setting Featured Image. URL:/files/28700142/product_image_1/mulchmes 1700 1900.jpg
12-09-2022 @ 10:20:44 - Unable to use image "/files/28700142/product_image_1/mulchmes 1700 1900.jpg".
12-09-2022 @ 10:20:44 - Row :30 - Product imported successfully.
12-09-2022 @ 10:20:44 - Row :31 - Parsing item.
12-09-2022 @ 10:20:44 - Importing as new product ID:407
12-09-2022 @ 10:20:44 - Row :31 - Processing item.
12-09-2022 @ 10:20:44 - Found simple product object. ID:407
12-09-2022 @ 10:20:44 - Setting Featured Image. URL:/files/28700144/product_image_1/mulchmes 1700 1900.jpg
12-09-2022 @ 10:20:44 - Unable to use image "/files/28700144/product_image_1/mulchmes 1700 1900.jpg".
12-09-2022 @ 10:20:44 - Row :31 - Product imported successfully.
12-09-2022 @ 10:20:44 - Row :32 - Parsing item.
12-09-2022 @ 10:20:44 - Importing as new product ID:408
12-09-2022 @ 10:20:44 - Row :32 - Processing item.
12-09-2022 @ 10:20:44 - Found simple product object. ID:408
12-09-2022 @ 10:20:44 - Setting Featured Image. URL:/files/28700146/product_image_1/ABR2300.jpg
12-09-2022 @ 10:20:44 - Unable to use image "/files/28700146/product_image_1/ABR2300.jpg".
12-09-2022 @ 10:20:44 - Row :32 - Product imported successfully.
12-09-2022 @ 10:20:44 - Row :33 - Parsing item.
12-09-2022 @ 10:20:44 - Importing as new product ID:409
12-09-2022 @ 10:20:44 - Row :33 - Processing item.
12-09-2022 @ 10:20:44 - Found simple product object. ID:409
12-09-2022 @ 10:20:44 - Setting Featured Image. URL:/files/28700147/product_image_1/acb9500.jpg
12-09-2022 @ 10:20:44 - Unable to use image "/files/28700147/product_image_1/acb9500.jpg".
12-09-2022 @ 10:20:44 - Row :33 - Product imported successfully.
12-09-2022 @ 10:20:44 - Row :34 - Parsing item.
12-09-2022 @ 10:20:44 - Importing as new product ID:410
12-09-2022 @ 10:20:44 - Row :34 - Processing item.
12-09-2022 @ 10:20:44 - Found simple product object. ID:410
12-09-2022 @ 10:20:44 - Setting Featured Image. URL:/files/28700148/product_image_1/abs2100 set.jpg
12-09-2022 @ 10:20:44 - Unable to use image "/files/28700148/product_image_1/abs2100 set.jpg".
12-09-2022 @ 10:20:44 - Row :34 - Product imported successfully.
12-09-2022 @ 10:20:44 - Row :35 - Parsing item.
12-09-2022 @ 10:20:44 - Importing as new product ID:411
12-09-2022 @ 10:20:44 - Row :35 - Processing item.
12-09-2022 @ 10:20:44 - Found simple product object. ID:411
12-09-2022 @ 10:20:44 - Setting Featured Image. URL:/files/28700150/product_image_1/AC1400_CS1400E.jpg
12-09-2022 @ 10:20:44 - Unable to use image "/files/28700150/product_image_1/AC1400_CS1400E.jpg".
12-09-2022 @ 10:20:44 - Row :35 - Product imported successfully.
12-09-2022 @ 10:20:44 - Row :36 - Parsing item.
12-09-2022 @ 10:20:44 - Importing as new product ID:412
12-09-2022 @ 10:20:44 - Row :36 - Processing item.
12-09-2022 @ 10:20:44 - Found simple product object. ID:412
12-09-2022 @ 10:20:44 - Setting Featured Image. URL:/files/28700151/product_image_1/AG1400_EGO ChainSaw Guide Bar_.png
12-09-2022 @ 10:20:44 - Unable to use image "/files/28700151/product_image_1/AG1400_EGO ChainSaw Guide Bar_.png".
12-09-2022 @ 10:20:44 - Row :36 - Product imported successfully.
12-09-2022 @ 10:20:44 - Row :37 - Parsing item.
12-09-2022 @ 10:20:44 - Importing as new product ID:413
12-09-2022 @ 10:20:44 - Row :37 - Processing item.
12-09-2022 @ 10:20:44 - Found simple product object. ID:413
12-09-2022 @ 10:20:44 - Setting Featured Image. URL:/files/28700152/product_image_1/BBOX2550_1.png
12-09-2022 @ 10:20:44 - Unable to use image "/files/28700152/product_image_1/BBOX2550_1.png".
12-09-2022 @ 10:20:44 - Row :37 - Product imported successfully.
12-09-2022 @ 10:20:44 - Row :38 - Parsing item.
12-09-2022 @ 10:20:44 - Importing as new product ID:414
12-09-2022 @ 10:20:44 - Row :38 - Processing item.
12-09-2022 @ 10:20:44 - Found simple product object. ID:414
12-09-2022 @ 10:20:44 - Setting Featured Image. URL:/files/28700153/product_image_1/bbox3000.png
12-09-2022 @ 10:20:44 - Unable to use image "/files/28700153/product_image_1/bbox3000.png".
12-09-2022 @ 10:20:44 - Row :38 - Product imported successfully.
12-09-2022 @ 10:20:44 - Row :39 - Parsing item.
12-09-2022 @ 10:20:44 - Importing as new product ID:415
12-09-2022 @ 10:20:44 - Row :39 - Processing item.
12-09-2022 @ 10:20:44 - Found simple product object. ID:415
12-09-2022 @ 10:20:44 - Setting Featured Image. URL:/files/28700154/product_image_1/GV001_EGO Synthetic Work Glove_Hi Res.jpg
12-09-2022 @ 10:20:44 - Unable to use image "/files/28700154/product_image_1/GV001_EGO Synthetic Work Glove_Hi Res.jpg".
12-09-2022 @ 10:20:44 - Row :39 - Product imported successfully.
12-09-2022 @ 10:20:44 - Row :40 - Parsing item.
12-09-2022 @ 10:20:44 - Importing as new product ID:416
12-09-2022 @ 10:20:44 - Row :40 - Processing item.
12-09-2022 @ 10:20:44 - Found simple product object. ID:416
12-09-2022 @ 10:20:44 - Setting Featured Image. URL:/files/28700155/product_image_1/arb2100.jpg
12-09-2022 @ 10:20:44 - Unable to use image "/files/28700155/product_image_1/arb2100.jpg".
12-09-2022 @ 10:20:44 - Row :40 - Product imported successfully.
12-09-2022 @ 10:20:45 - Preparing for import.
12-09-2022 @ 10:20:45 - Row :41 - Parsing item.
12-09-2022 @ 10:20:45 - Importing as new product ID:417
12-09-2022 @ 10:20:45 - Row :41 - Processing item.
12-09-2022 @ 10:20:45 - Found simple product object. ID:417
12-09-2022 @ 10:20:45 - Setting Featured Image. URL:/files/28700160/product_image_1/AGC1001.jpg
12-09-2022 @ 10:20:45 - Unable to use image "/files/28700160/product_image_1/AGC1001.jpg".
12-09-2022 @ 10:20:45 - Row :41 - Product imported successfully.
12-09-2022 @ 10:20:45 - Row :42 - Parsing item.
12-09-2022 @ 10:20:45 - Importing as new product ID:418
12-09-2022 @ 10:20:45 - Row :42 - Processing item.
12-09-2022 @ 10:20:45 - Found simple product object. ID:418
12-09-2022 @ 10:20:45 - Setting Featured Image. URL:/files/28700165/product_image_1/AR1900.jpg
12-09-2022 @ 10:20:45 - Unable to use image "/files/28700165/product_image_1/AR1900.jpg".
12-09-2022 @ 10:20:45 - Row :42 - Product imported successfully.
12-09-2022 @ 10:20:45 - Row :43 - Parsing item.
12-09-2022 @ 10:20:45 - Importing as new product ID:419
12-09-2022 @ 10:20:45 - Row :43 - Processing item.
12-09-2022 @ 10:20:45 - Found simple product object. ID:419
12-09-2022 @ 10:20:45 - Setting Featured Image. URL:/files/28700170/product_image_1/AR1900.jpg
12-09-2022 @ 10:20:45 - Unable to use image "/files/28700170/product_image_1/AR1900.jpg".
12-09-2022 @ 10:20:45 - Row :43 - Product imported successfully.
12-09-2022 @ 10:20:45 - Row :44 - Parsing item.
12-09-2022 @ 10:20:45 - Importing as new product ID:420
12-09-2022 @ 10:20:45 - Row :44 - Processing item.
12-09-2022 @ 10:20:45 - Found simple product object. ID:420
12-09-2022 @ 10:20:45 - Setting Featured Image. URL:/files/20100745/product_image_1/bba2100.jpg
12-09-2022 @ 10:20:45 - Unable to use image "/files/20100745/product_image_1/bba2100.jpg".
12-09-2022 @ 10:20:45 - Row :44 - Product imported successfully.
12-09-2022 @ 10:20:45 - Row :45 - Parsing item.
12-09-2022 @ 10:20:45 - Importing as new product ID:421
12-09-2022 @ 10:20:45 - Row :45 - Processing item.
12-09-2022 @ 10:20:45 - Found simple product object. ID:421
12-09-2022 @ 10:20:45 - Setting Featured Image. URL:/
12-09-2022 @ 10:20:45 - Unable to use image "/".
12-09-2022 @ 10:20:45 - Row :45 - Product imported successfully.
12-09-2022 @ 10:20:45 - Row :46 - Parsing item.
12-09-2022 @ 10:20:45 - Importing as new product ID:422
12-09-2022 @ 10:20:45 - Row :46 - Processing item.
12-09-2022 @ 10:20:45 - Found simple product object. ID:422
12-09-2022 @ 10:20:45 - Setting Featured Image. URL:/
12-09-2022 @ 10:20:45 - Unable to use image "/".
12-09-2022 @ 10:20:45 - Row :46 - Product imported successfully.
12-09-2022 @ 10:20:45 - Row :47 - Parsing item.
12-09-2022 @ 10:20:45 - Importing as new product ID:423
12-09-2022 @ 10:20:45 - Row :47 - Processing item.
12-09-2022 @ 10:20:45 - Found simple product object. ID:423
12-09-2022 @ 10:20:45 - Setting Featured Image. URL:/
12-09-2022 @ 10:20:45 - Unable to use image "/".
12-09-2022 @ 10:20:45 - Row :47 - Product imported successfully.
12-09-2022 @ 10:20:45 - Row :48 - Parsing item.
12-09-2022 @ 10:20:45 - Importing as new product ID:424
12-09-2022 @ 10:20:45 - Row :48 - Processing item.
12-09-2022 @ 10:20:45 - Found simple product object. ID:424
12-09-2022 @ 10:20:45 - Setting Featured Image. URL:/
12-09-2022 @ 10:20:45 - Unable to use image "/".
12-09-2022 @ 10:20:45 - Row :48 - Product imported successfully.
12-09-2022 @ 10:20:45 - Row :49 - Parsing item.
12-09-2022 @ 10:20:45 - Importing as new product ID:425
12-09-2022 @ 10:20:45 - Row :49 - Processing item.
12-09-2022 @ 10:20:45 - Found simple product object. ID:425
12-09-2022 @ 10:20:45 - Setting Featured Image. URL:/
12-09-2022 @ 10:20:45 - Unable to use image "/".
12-09-2022 @ 10:20:45 - Row :49 - Product imported successfully.
12-09-2022 @ 10:20:45 - Row :50 - Parsing item.
12-09-2022 @ 10:20:45 - Importing as new product ID:426
12-09-2022 @ 10:20:45 - Row :50 - Processing item.
12-09-2022 @ 10:20:45 - Found simple product object. ID:426
12-09-2022 @ 10:20:45 - Setting Featured Image. URL:/
12-09-2022 @ 10:20:45 - Unable to use image "/".
12-09-2022 @ 10:20:45 - Row :50 - Product imported successfully.
12-09-2022 @ 10:20:45 - Row :51 - Parsing item.
12-09-2022 @ 10:20:45 - Importing as new product ID:427
12-09-2022 @ 10:20:45 - Row :51 - Processing item.
12-09-2022 @ 10:20:45 - Found simple product object. ID:427
12-09-2022 @ 10:20:45 - Setting Featured Image. URL:/
12-09-2022 @ 10:20:45 - Unable to use image "/".
12-09-2022 @ 10:20:45 - Row :51 - Product imported successfully.
12-09-2022 @ 10:20:45 - Row :52 - Parsing item.
12-09-2022 @ 10:20:45 - Importing as new product ID:428
12-09-2022 @ 10:20:45 - Row :52 - Processing item.
12-09-2022 @ 10:20:45 - Found simple product object. ID:428
12-09-2022 @ 10:20:45 - Setting Featured Image. URL:/
12-09-2022 @ 10:20:45 - Unable to use image "/".
12-09-2022 @ 10:20:45 - Row :52 - Product imported successfully.
12-09-2022 @ 10:20:45 - Row :53 - Parsing item.
12-09-2022 @ 10:20:45 - Importing as new product ID:429
12-09-2022 @ 10:20:45 - Row :53 - Processing item.
12-09-2022 @ 10:20:45 - Found simple product object. ID:429
12-09-2022 @ 10:20:45 - Setting Featured Image. URL:/
12-09-2022 @ 10:20:45 - Unable to use image "/".
12-09-2022 @ 10:20:45 - Row :53 - Product imported successfully.
12-09-2022 @ 10:20:45 - Row :54 - Parsing item.
12-09-2022 @ 10:20:45 - Importing as new product ID:430
12-09-2022 @ 10:20:45 - Row :54 - Processing item.
12-09-2022 @ 10:20:45 - Found simple product object. ID:430
12-09-2022 @ 10:20:45 - Setting Featured Image. URL:/
12-09-2022 @ 10:20:45 - Unable to use image "/".
12-09-2022 @ 10:20:46 - Row :54 - Product imported successfully.
12-09-2022 @ 10:20:46 - Row :55 - Parsing item.
12-09-2022 @ 10:20:46 - Importing as new product ID:431
12-09-2022 @ 10:20:46 - Row :55 - Processing item.
12-09-2022 @ 10:20:46 - Found simple product object. ID:431
12-09-2022 @ 10:20:46 - Setting Featured Image. URL:/
12-09-2022 @ 10:20:46 - Unable to use image "/".
12-09-2022 @ 10:20:46 - Row :55 - Product imported successfully.
12-09-2022 @ 10:20:46 - Row :56 - Parsing item.
12-09-2022 @ 10:20:46 - Importing as new product ID:432
12-09-2022 @ 10:20:46 - Row :56 - Processing item.
12-09-2022 @ 10:20:46 - Found simple product object. ID:432
12-09-2022 @ 10:20:46 - Setting Featured Image. URL:/files/20100801/product_image_1/LM2135E-SP_Hero.png
12-09-2022 @ 10:20:46 - Unable to use image "/files/20100801/product_image_1/LM2135E-SP_Hero.png".
12-09-2022 @ 10:20:46 - Row :56 - Product imported successfully.
12-09-2022 @ 10:20:46 - Row :57 - Parsing item.
12-09-2022 @ 10:20:46 - Importing as new product ID:433
12-09-2022 @ 10:20:46 - Row :57 - Processing item.
12-09-2022 @ 10:20:46 - Found simple product object. ID:433
12-09-2022 @ 10:20:46 - Setting Featured Image. URL:/files/20100802/product_image_1/BA2240T_Hero.png
12-09-2022 @ 10:20:46 - Unable to use image "/files/20100802/product_image_1/BA2240T_Hero.png".
12-09-2022 @ 10:20:46 - Row :57 - Product imported successfully.
12-09-2022 @ 10:20:46 - Row :58 - Parsing item.
12-09-2022 @ 10:20:46 - Importing as new product ID:434
12-09-2022 @ 10:20:46 - Row :58 - Processing item.
12-09-2022 @ 10:20:46 - Found simple product object. ID:434
12-09-2022 @ 10:20:46 - Setting Featured Image. URL:/files/20100803/product_image_1/PAD1501E_1_BS.png
12-09-2022 @ 10:20:46 - Unable to use image "/files/20100803/product_image_1/PAD1501E_1_BS.png".
12-09-2022 @ 10:20:46 - Row :58 - Product imported successfully.
12-09-2022 @ 10:20:46 - Row :59 - Parsing item.
12-09-2022 @ 10:20:46 - Importing as new product ID:435
12-09-2022 @ 10:20:46 - Row :59 - Processing item.
12-09-2022 @ 10:20:46 - Found simple product object. ID:435
12-09-2022 @ 10:20:46 - Setting Featured Image. URL:/files/20100804/product_image_1/ST1401E-ST_Hero.png
12-09-2022 @ 10:20:46 - Unable to use image "/files/20100804/product_image_1/ST1401E-ST_Hero.png".
12-09-2022 @ 10:20:46 - Row :59 - Product imported successfully.
12-09-2022 @ 10:20:46 - Row :60 - Parsing item.
12-09-2022 @ 10:20:46 - Importing as new product ID:436
12-09-2022 @ 10:20:46 - Row :60 - Processing item.
12-09-2022 @ 10:20:46 - Found simple product object. ID:436
12-09-2022 @ 10:20:46 - Setting Featured Image. URL:/files/20100805/product_image_1/CSX3000_3.png
12-09-2022 @ 10:20:46 - Unable to use image "/files/20100805/product_image_1/CSX3000_3.png".
12-09-2022 @ 10:20:46 - Row :60 - Product imported successfully.
12-09-2022 @ 10:20:47 - Preparing for import.
12-09-2022 @ 10:20:47 - Row :61 - Parsing item.
12-09-2022 @ 10:20:47 - Importing as new product ID:437
12-09-2022 @ 10:20:47 - Row :61 - Processing item.
12-09-2022 @ 10:20:47 - Found simple product object. ID:437
12-09-2022 @ 10:20:47 - Setting Featured Image. URL:/files/20100806/product_image_1/ST1401E-ST_Hero.png
12-09-2022 @ 10:20:47 - Unable to use image "/files/20100806/product_image_1/ST1401E-ST_Hero.png".
12-09-2022 @ 10:20:47 - Row :61 - Product imported successfully.
12-09-2022 @ 10:20:47 - Row :62 - Parsing item.
12-09-2022 @ 10:20:47 - Importing as new product ID:438
12-09-2022 @ 10:20:47 - Row :62 - Processing item.
12-09-2022 @ 10:20:47 - Found simple product object. ID:438
12-09-2022 @ 10:20:47 - Setting Featured Image. URL:/files/20100807/product_image_1/PAD1500E_Hero_VDE.png
12-09-2022 @ 10:20:47 - Unable to use image "/files/20100807/product_image_1/PAD1500E_Hero_VDE.png".
12-09-2022 @ 10:20:47 - Row :62 - Product imported successfully.
12-09-2022 @ 10:20:47 - Row :63 - Parsing item.
12-09-2022 @ 10:20:47 - Importing as new product ID:439
12-09-2022 @ 10:20:47 - Row :63 - Processing item.
12-09-2022 @ 10:20:47 - Found simple product object. ID:439
12-09-2022 @ 10:20:47 - Setting Featured Image. URL:/files/20100808/product_image_1/PTX5100_2-min.jpg
12-09-2022 @ 10:20:47 - Unable to use image "/files/20100808/product_image_1/PTX5100_2-min.jpg".
12-09-2022 @ 10:20:47 - Row :63 - Product imported successfully.
12-09-2022 @ 10:20:47 - Row :64 - Parsing item.
12-09-2022 @ 10:20:47 - Importing as new product ID:440
12-09-2022 @ 10:20:47 - Row :64 - Processing item.
12-09-2022 @ 10:20:47 - Found simple product object. ID:440
12-09-2022 @ 10:20:47 - Setting Featured Image. URL:/files/20100809/product_image_1/PSX2500_2-min.jpg
12-09-2022 @ 10:20:47 - Unable to use image "/files/20100809/product_image_1/PSX2500_2-min.jpg".
12-09-2022 @ 10:20:47 - Row :64 - Product imported successfully.
12-09-2022 @ 10:20:47 - Row :65 - Parsing item.
12-09-2022 @ 10:20:47 - Importing as new product ID:441
12-09-2022 @ 10:20:47 - Row :65 - Processing item.
12-09-2022 @ 10:20:47 - Found simple product object. ID:441
12-09-2022 @ 10:20:47 - Setting Featured Image. URL:/files/20100810/product_image_1/PTX5100_1-min.jpg
12-09-2022 @ 10:20:47 - Unable to use image "/files/20100810/product_image_1/PTX5100_1-min.jpg".
12-09-2022 @ 10:20:47 - Row :65 - Product imported successfully.
12-09-2022 @ 10:20:47 - Row :66 - Parsing item.
12-09-2022 @ 10:20:47 - Importing as new product ID:442
12-09-2022 @ 10:20:47 - Row :66 - Processing item.
12-09-2022 @ 10:20:47 - Found simple product object. ID:442
12-09-2022 @ 10:20:47 - Setting Featured Image. URL:/files/20100811/product_image_1/PTX5100_6-min.jpg
12-09-2022 @ 10:20:47 - Unable to use image "/files/20100811/product_image_1/PTX5100_6-min.jpg".
12-09-2022 @ 10:20:47 - Row :66 - Product imported successfully.
12-09-2022 @ 10:20:47 - Row :67 - Parsing item.
12-09-2022 @ 10:20:47 - Importing as new product ID:443
12-09-2022 @ 10:20:47 - Row :67 - Processing item.
12-09-2022 @ 10:20:47 - Found simple product object. ID:443
12-09-2022 @ 10:20:47 - Setting Featured Image. URL:/files/20100815/product_image_1/HT2001E.png
12-09-2022 @ 10:20:47 - Unable to use image "/files/20100815/product_image_1/HT2001E.png".
12-09-2022 @ 10:20:47 - Row :67 - Product imported successfully.
12-09-2022 @ 10:20:47 - Row :68 - Parsing item.
12-09-2022 @ 10:20:47 - Importing as new product ID:444
12-09-2022 @ 10:20:47 - Row :68 - Processing item.
12-09-2022 @ 10:20:47 - Found simple product object. ID:444
12-09-2022 @ 10:20:47 - Setting Featured Image. URL:/files/20100820/product_image_1/ST1300E-S.png
12-09-2022 @ 10:20:47 - Unable to use image "/files/20100820/product_image_1/ST1300E-S.png".
12-09-2022 @ 10:20:47 - Row :68 - Product imported successfully.
12-09-2022 @ 10:20:47 - Row :69 - Parsing item.
12-09-2022 @ 10:20:47 - Importing as new product ID:445
12-09-2022 @ 10:20:47 - Row :69 - Processing item.
12-09-2022 @ 10:20:47 - Found simple product object. ID:445
12-09-2022 @ 10:20:47 - Setting Featured Image. URL:/files/20100825/product_image_1/ST1300E-S.png
12-09-2022 @ 10:20:47 - Unable to use image "/files/20100825/product_image_1/ST1300E-S.png".
12-09-2022 @ 10:20:47 - Row :69 - Product imported successfully.
12-09-2022 @ 10:20:47 - Row :70 - Parsing item.
12-09-2022 @ 10:20:47 - Importing as new product ID:446
12-09-2022 @ 10:20:47 - Row :70 - Processing item.
12-09-2022 @ 10:20:47 - Found simple product object. ID:446
12-09-2022 @ 10:20:47 - Setting Featured Image. URL:/files/20100830/product_image_1/CSX3000_3.png
12-09-2022 @ 10:20:47 - Unable to use image "/files/20100830/product_image_1/CSX3000_3.png".
12-09-2022 @ 10:20:47 - Row :70 - Product imported successfully.
12-09-2022 @ 10:20:47 - Row :71 - Parsing item.
12-09-2022 @ 10:20:47 - Importing as new product ID:447
12-09-2022 @ 10:20:47 - Row :71 - Processing item.
12-09-2022 @ 10:20:47 - Found simple product object. ID:447
12-09-2022 @ 10:20:47 - Setting Featured Image. URL:/files/20100835/product_image_1/RTA2300_1.png
12-09-2022 @ 10:20:47 - Unable to use image "/files/20100835/product_image_1/RTA2300_1.png".
12-09-2022 @ 10:20:47 - Row :71 - Product imported successfully.
12-09-2022 @ 10:20:47 - Row :72 - Parsing item.
12-09-2022 @ 10:20:47 - Importing as new product ID:448
12-09-2022 @ 10:20:47 - Row :72 - Processing item.
12-09-2022 @ 10:20:47 - Found simple product object. ID:448
12-09-2022 @ 10:20:47 - Setting Featured Image. URL:/files/20100812/product_image_1/HT2410_1.png
12-09-2022 @ 10:20:47 - Unable to use image "/files/20100812/product_image_1/HT2410_1.png".
12-09-2022 @ 10:20:47 - Row :72 - Product imported successfully.
12-09-2022 @ 10:20:47 - Row :73 - Parsing item.
12-09-2022 @ 10:20:47 - Importing as new product ID:449
12-09-2022 @ 10:20:47 - Row :73 - Processing item.
12-09-2022 @ 10:20:47 - Found simple product object. ID:449
12-09-2022 @ 10:20:47 - Setting Featured Image. URL:/
12-09-2022 @ 10:20:47 - Unable to use image "/".
12-09-2022 @ 10:20:47 - Row :73 - Product imported successfully.
12-09-2022 @ 10:20:47 - Row :74 - Parsing item.
12-09-2022 @ 10:20:47 - Importing as new product ID:450
12-09-2022 @ 10:20:47 - Row :74 - Processing item.
12-09-2022 @ 10:20:47 - Found simple product object. ID:450
12-09-2022 @ 10:20:47 - Setting Featured Image. URL:/files/20100813/product_image_1/sneeuwfrees uit folder.jpg
12-09-2022 @ 10:20:47 - Unable to use image "/files/20100813/product_image_1/sneeuwfrees uit folder.jpg".
12-09-2022 @ 10:20:47 - Row :74 - Product imported successfully.
12-09-2022 @ 10:20:47 - Row :75 - Parsing item.
12-09-2022 @ 10:20:47 - Importing as new product ID:451
12-09-2022 @ 10:20:47 - Row :75 - Processing item.
12-09-2022 @ 10:20:47 - Found simple product object. ID:451
12-09-2022 @ 10:20:47 - Setting Featured Image. URL:/
12-09-2022 @ 10:20:47 - Unable to use image "/".
12-09-2022 @ 10:20:47 - Row :75 - Product imported successfully.
12-09-2022 @ 10:20:47 - Row :76 - Parsing item.
12-09-2022 @ 10:20:47 - Importing as new product ID:452
12-09-2022 @ 10:20:47 - Row :76 - Processing item.
12-09-2022 @ 10:20:47 - Found simple product object. ID:452
12-09-2022 @ 10:20:47 - Setting Featured Image. URL:/files/28700185/product_image_1/abp2100e.png
12-09-2022 @ 10:20:47 - Unable to use image "/files/28700185/product_image_1/abp2100e.png".
12-09-2022 @ 10:20:47 - Row :76 - Product imported successfully.
12-09-2022 @ 10:20:47 - Row :77 - Parsing item.
12-09-2022 @ 10:20:47 - Importing as new product ID:453
12-09-2022 @ 10:20:47 - Row :77 - Processing item.
12-09-2022 @ 10:20:47 - Found simple product object. ID:453
12-09-2022 @ 10:20:47 - Setting Featured Image. URL:/files/28700186/product_image_1/CM001_Hero.png
12-09-2022 @ 10:20:47 - Unable to use image "/files/28700186/product_image_1/CM001_Hero.png".
12-09-2022 @ 10:20:47 - Row :77 - Product imported successfully.
12-09-2022 @ 10:20:47 - Row :78 - Parsing item.
12-09-2022 @ 10:20:47 - Importing as new product ID:454
12-09-2022 @ 10:20:47 - Row :78 - Processing item.
12-09-2022 @ 10:20:47 - Found simple product object. ID:454
12-09-2022 @ 10:20:47 - Setting Featured Image. URL:/files/28700188/product_image_1/AH1520.jpg
12-09-2022 @ 10:20:47 - Unable to use image "/files/28700188/product_image_1/AH1520.jpg".
12-09-2022 @ 10:20:47 - Row :78 - Product imported successfully.
12-09-2022 @ 10:20:47 - Row :79 - Parsing item.
12-09-2022 @ 10:20:47 - Importing as new product ID:455
12-09-2022 @ 10:20:47 - Row :79 - Processing item.
12-09-2022 @ 10:20:47 - Found simple product object. ID:455
12-09-2022 @ 10:20:47 - Setting Featured Image. URL:/
12-09-2022 @ 10:20:47 - Unable to use image "/".
12-09-2022 @ 10:20:47 - Row :79 - Product imported successfully.
12-09-2022 @ 10:20:47 - Row :80 - Parsing item.
12-09-2022 @ 10:20:47 - Importing as new product ID:456
12-09-2022 @ 10:20:47 - Row :80 - Processing item.
12-09-2022 @ 10:20:47 - Found simple product object. ID:456
12-09-2022 @ 10:20:47 - Setting Featured Image. URL:/
12-09-2022 @ 10:20:47 - Unable to use image "/".
12-09-2022 @ 10:20:47 - Row :80 - Product imported successfully.
12-09-2022 @ 10:20:48 - Preparing for import.
12-09-2022 @ 10:20:48 - Row :81 - Parsing item.
12-09-2022 @ 10:20:48 - Importing as new product ID:457
12-09-2022 @ 10:20:48 - Row :81 - Processing item.
12-09-2022 @ 10:20:48 - Found simple product object. ID:457
12-09-2022 @ 10:20:48 - Setting Featured Image. URL:/
12-09-2022 @ 10:20:48 - Unable to use image "/".
12-09-2022 @ 10:20:48 - Row :81 - Product imported successfully.
12-09-2022 @ 10:20:48 - Row :82 - Parsing item.
12-09-2022 @ 10:20:48 - Importing as new product ID:458
12-09-2022 @ 10:20:48 - Row :82 - Processing item.
12-09-2022 @ 10:20:48 - Found simple product object. ID:458
12-09-2022 @ 10:20:48 - Setting Featured Image. URL:/
12-09-2022 @ 10:20:48 - Unable to use image "/".
12-09-2022 @ 10:20:48 - Row :82 - Product imported successfully.
12-09-2022 @ 10:20:48 - Row :83 - Parsing item.
12-09-2022 @ 10:20:48 - Importing as new product ID:459
12-09-2022 @ 10:20:48 - Row :83 - Processing item.
12-09-2022 @ 10:20:48 - Found simple product object. ID:459
12-09-2022 @ 10:20:48 - Setting Featured Image. URL:/
12-09-2022 @ 10:20:48 - Unable to use image "/".
12-09-2022 @ 10:20:48 - Row :83 - Product imported successfully.
12-09-2022 @ 10:20:48 - Row :84 - Parsing item.
12-09-2022 @ 10:20:48 - Importing as new product ID:460
12-09-2022 @ 10:20:48 - Row :84 - Processing item.
12-09-2022 @ 10:20:48 - Found simple product object. ID:460
12-09-2022 @ 10:20:48 - Setting Featured Image. URL:/files/28700193/product_image_1/AG1200.jpg
12-09-2022 @ 10:20:48 - Unable to use image "/files/28700193/product_image_1/AG1200.jpg".
12-09-2022 @ 10:20:48 - Row :84 - Product imported successfully.
12-09-2022 @ 10:20:48 - Row :85 - Parsing item.
12-09-2022 @ 10:20:48 - Importing as new product ID:461
12-09-2022 @ 10:20:48 - Row :85 - Processing item.
12-09-2022 @ 10:20:48 - Found simple product object. ID:461
12-09-2022 @ 10:20:48 - Setting Featured Image. URL:/files/28700194/product_image_1/ABH3001_Hero.png
12-09-2022 @ 10:20:48 - Unable to use image "/files/28700194/product_image_1/ABH3001_Hero.png".
12-09-2022 @ 10:20:49 - Row :85 - Product imported successfully.
12-09-2022 @ 10:20:49 - Row :86 - Parsing item.
12-09-2022 @ 10:20:49 - Importing as new product ID:462
12-09-2022 @ 10:20:49 - Row :86 - Processing item.
12-09-2022 @ 10:20:49 - Found simple product object. ID:462
12-09-2022 @ 10:20:49 - Setting Featured Image. URL:/files/28700110/product_image_1/28700110-1.jpg
12-09-2022 @ 10:20:49 - Unable to use image "/files/28700110/product_image_1/28700110-1.jpg".
12-09-2022 @ 10:20:49 - Row :86 - Product imported successfully.
12-09-2022 @ 10:20:49 - Row :87 - Parsing item.
12-09-2022 @ 10:20:49 - Importing as new product ID:463
12-09-2022 @ 10:20:49 - Row :87 - Processing item.
12-09-2022 @ 10:20:49 - Found simple product object. ID:463
12-09-2022 @ 10:20:49 - Setting Featured Image. URL:/files/20100078/product_image_1/20100078-1.jpg
12-09-2022 @ 10:20:49 - Unable to use image "/files/20100078/product_image_1/20100078-1.jpg".
12-09-2022 @ 10:20:49 - Row :87 - Product imported successfully.
12-09-2022 @ 10:20:49 - Row :88 - Parsing item.
12-09-2022 @ 10:20:49 - Importing as new product ID:464
12-09-2022 @ 10:20:49 - Row :88 - Processing item.
12-09-2022 @ 10:20:49 - Found simple product object. ID:464
12-09-2022 @ 10:20:49 - Setting Featured Image. URL:/files/28700093/product_image_1/28700093-1.jpg
12-09-2022 @ 10:20:49 - Unable to use image "/files/28700093/product_image_1/28700093-1.jpg".
12-09-2022 @ 10:20:49 - Row :88 - Product imported successfully.
12-09-2022 @ 10:20:49 - Row :89 - Parsing item.
12-09-2022 @ 10:20:49 - Importing as new product ID:465
12-09-2022 @ 10:20:49 - Row :89 - Processing item.
12-09-2022 @ 10:20:49 - Found simple product object. ID:465
12-09-2022 @ 10:20:49 - Setting Featured Image. URL:/files/28700096/product_image_1/28700096-1.jpg
12-09-2022 @ 10:20:49 - Unable to use image "/files/28700096/product_image_1/28700096-1.jpg".
12-09-2022 @ 10:20:49 - Row :89 - Product imported successfully.
12-09-2022 @ 10:20:49 - Row :90 - Parsing item.
12-09-2022 @ 10:20:49 - Importing as new product ID:466
12-09-2022 @ 10:20:49 - Row :90 - Processing item.
12-09-2022 @ 10:20:49 - Found simple product object. ID:466
12-09-2022 @ 10:20:49 - Setting Featured Image. URL:/files/28700094/product_image_1/28700094-1.jpg
12-09-2022 @ 10:20:49 - Unable to use image "/files/28700094/product_image_1/28700094-1.jpg".
12-09-2022 @ 10:20:49 - Row :90 - Product imported successfully.
12-09-2022 @ 10:20:49 - Row :91 - Parsing item.
12-09-2022 @ 10:20:49 - Importing as new product ID:467
12-09-2022 @ 10:20:49 - Row :91 - Processing item.
12-09-2022 @ 10:20:49 - Found simple product object. ID:467
12-09-2022 @ 10:20:49 - Setting Featured Image. URL:/files/28700091/product_image_1/28700091-1.jpg
12-09-2022 @ 10:20:49 - Unable to use image "/files/28700091/product_image_1/28700091-1.jpg".
12-09-2022 @ 10:20:49 - Row :91 - Product imported successfully.
12-09-2022 @ 10:20:49 - Row :92 - Parsing item.
12-09-2022 @ 10:20:49 - Importing as new product ID:468
12-09-2022 @ 10:20:49 - Row :92 - Processing item.
12-09-2022 @ 10:20:49 - Found simple product object. ID:468
12-09-2022 @ 10:20:49 - Setting Featured Image. URL:/files/20100093/product_image_1/20100095-1-650x489.jpg
12-09-2022 @ 10:20:49 - Unable to use image "/files/20100093/product_image_1/20100095-1-650x489.jpg".
12-09-2022 @ 10:20:49 - Row :92 - Product imported successfully.
12-09-2022 @ 10:20:49 - Row :93 - Parsing item.
12-09-2022 @ 10:20:49 - Importing as new product ID:469
12-09-2022 @ 10:20:49 - Row :93 - Processing item.
12-09-2022 @ 10:20:49 - Found simple product object. ID:469
12-09-2022 @ 10:20:49 - Setting Featured Image. URL:/files/20100095/product_image_1/20100095-1-650x489.jpg
12-09-2022 @ 10:20:49 - Unable to use image "/files/20100095/product_image_1/20100095-1-650x489.jpg".
12-09-2022 @ 10:20:49 - Row :93 - Product imported successfully.
12-09-2022 @ 10:20:49 - Row :94 - Parsing item.
12-09-2022 @ 10:20:49 - Importing as new product ID:470
12-09-2022 @ 10:20:49 - Row :94 - Processing item.
12-09-2022 @ 10:20:49 - Found simple product object. ID:470
12-09-2022 @ 10:20:49 - Setting Featured Image. URL:/files/20100094/product_image_1/20100095-1-650x489.jpg
12-09-2022 @ 10:20:49 - Unable to use image "/files/20100094/product_image_1/20100095-1-650x489.jpg".
12-09-2022 @ 10:20:49 - Row :94 - Product imported successfully.
12-09-2022 @ 10:20:49 - Row :95 - Parsing item.
12-09-2022 @ 10:20:49 - Importing as new product ID:471
12-09-2022 @ 10:20:49 - Row :95 - Processing item.
12-09-2022 @ 10:20:49 - Found simple product object. ID:471
12-09-2022 @ 10:20:49 - Setting Featured Image. URL:/files/20100092/product_image_1/20100095-1-650x489.jpg
12-09-2022 @ 10:20:49 - Unable to use image "/files/20100092/product_image_1/20100095-1-650x489.jpg".
12-09-2022 @ 10:20:49 - Row :95 - Product imported successfully.
12-09-2022 @ 10:20:49 - Row :96 - Parsing item.
12-09-2022 @ 10:20:49 - Importing as new product ID:472
12-09-2022 @ 10:20:49 - Row :96 - Processing item.
12-09-2022 @ 10:20:49 - Found simple product object. ID:472
12-09-2022 @ 10:20:49 - Setting Featured Image. URL:/files/20100851/product_image_1/CHV1600_snelste_oplader_in_sector.png
12-09-2022 @ 10:20:49 - Unable to use image "/files/20100851/product_image_1/CHV1600_snelste_oplader_in_sector.png".
12-09-2022 @ 10:20:49 - Row :96 - Product imported successfully.
12-09-2022 @ 10:20:49 - Row :97 - Parsing item.
12-09-2022 @ 10:20:49 - Importing as new product ID:473
12-09-2022 @ 10:20:49 - Row :97 - Processing item.
12-09-2022 @ 10:20:49 - Found simple product object. ID:473
12-09-2022 @ 10:20:49 - Setting Featured Image. URL:/files/28700200/product_image_1/AB4200 2.png
12-09-2022 @ 10:20:49 - Unable to use image "/files/28700200/product_image_1/AB4200 2.png".
12-09-2022 @ 10:20:49 - Row :97 - Product imported successfully.
12-09-2022 @ 10:20:49 - Row :98 - Parsing item.
12-09-2022 @ 10:20:49 - Importing as new product ID:474
12-09-2022 @ 10:20:49 - Row :98 - Processing item.
12-09-2022 @ 10:20:49 - Found simple product object. ID:474
12-09-2022 @ 10:20:49 - Setting Featured Image. URL:/files/28700205/product_image_1/AB4201 2.png
12-09-2022 @ 10:20:49 - Unable to use image "/files/28700205/product_image_1/AB4201 2.png".
12-09-2022 @ 10:20:49 - Row :98 - Product imported successfully.
12-09-2022 @ 10:20:49 - Row :99 - Parsing item.
12-09-2022 @ 10:20:49 - Importing as new product ID:475
12-09-2022 @ 10:20:49 - Row :99 - Processing item.
12-09-2022 @ 10:20:49 - Found simple product object. ID:475
12-09-2022 @ 10:20:49 - Setting Featured Image. URL:/files/28700210/product_image_1/AMP4200 1.png
12-09-2022 @ 10:20:49 - Unable to use image "/files/28700210/product_image_1/AMP4200 1.png".
12-09-2022 @ 10:20:49 - Row :99 - Product imported successfully.
12-09-2022 @ 10:20:49 - Row :100 - Parsing item.
12-09-2022 @ 10:20:49 - Importing as new product ID:476
12-09-2022 @ 10:20:49 - Row :100 - Processing item.
12-09-2022 @ 10:20:49 - Found simple product object. ID:476
12-09-2022 @ 10:20:49 - Setting Featured Image. URL:/files/28700215/product_image_1/ABK4200-A.jpg
12-09-2022 @ 10:20:49 - Unable to use image "/files/28700215/product_image_1/ABK4200-A.jpg".
12-09-2022 @ 10:20:49 - Row :100 - Product imported successfully.
12-09-2022 @ 10:20:50 - Preparing for import.
12-09-2022 @ 10:20:50 - Row :101 - Parsing item.
12-09-2022 @ 10:20:50 - Importing as new product ID:477
12-09-2022 @ 10:20:50 - Row :101 - Processing item.
12-09-2022 @ 10:20:50 - Found simple product object. ID:477
12-09-2022 @ 10:20:50 - Setting Featured Image. URL:/files/28700220/product_image_1/CRM001 1.png
12-09-2022 @ 10:20:50 - Unable to use image "/files/28700220/product_image_1/CRM001 1.png".
12-09-2022 @ 10:20:50 - Row :101 - Product imported successfully.
12-09-2022 @ 10:20:50 - Row :102 - Parsing item.
12-09-2022 @ 10:20:50 - Importing as new product ID:478
12-09-2022 @ 10:20:50 - Row :102 - Processing item.
12-09-2022 @ 10:20:50 - Found simple product object. ID:478
12-09-2022 @ 10:20:50 - Setting Featured Image. URL:/files/20100852/product_image_1/LM1701E-SP_42cm self propelled mower_0628_CMYK_new.jpg
12-09-2022 @ 10:20:50 - Unable to use image "/files/20100852/product_image_1/LM1701E-SP_42cm self propelled mower_0628_CMYK_new.jpg".
12-09-2022 @ 10:20:50 - Row :102 - Product imported successfully.
12-09-2022 @ 10:20:50 - Row :103 - Parsing item.
12-09-2022 @ 10:20:50 - Importing as new product ID:479
12-09-2022 @ 10:20:50 - Row :103 - Processing item.
12-09-2022 @ 10:20:50 - Found simple product object. ID:479
12-09-2022 @ 10:20:50 - Setting Featured Image. URL:/files/20100853/product_image_1/HT2001E pp.png
12-09-2022 @ 10:20:50 - Unable to use image "/files/20100853/product_image_1/HT2001E pp.png".
12-09-2022 @ 10:20:50 - Row :103 - Product imported successfully.
12-09-2022 @ 10:20:50 - Row :104 - Parsing item.
12-09-2022 @ 10:20:50 - Importing as new product ID:480
12-09-2022 @ 10:20:50 - Row :104 - Processing item.
12-09-2022 @ 10:20:50 - Found simple product object. ID:480
12-09-2022 @ 10:20:50 - Setting Featured Image. URL:/files/20100854/product_image_1/CS1610E (1).png
12-09-2022 @ 10:20:50 - Unable to use image "/files/20100854/product_image_1/CS1610E (1).png".
12-09-2022 @ 10:20:50 - Row :104 - Product imported successfully.
12-09-2022 @ 10:20:50 - Row :105 - Parsing item.
12-09-2022 @ 10:20:50 - Importing as new product ID:481
12-09-2022 @ 10:20:50 - Row :105 - Processing item.
12-09-2022 @ 10:20:50 - Found simple product object. ID:481
12-09-2022 @ 10:20:50 - Setting Featured Image. URL:/files/20100855/product_image_1/CS1610E (1).png
12-09-2022 @ 10:20:50 - Unable to use image "/files/20100855/product_image_1/CS1610E (1).png".
12-09-2022 @ 10:20:50 - Row :105 - Product imported successfully.
12-09-2022 @ 10:20:50 - Row :106 - Parsing item.
12-09-2022 @ 10:20:50 - Importing as new product ID:482
12-09-2022 @ 10:20:50 - Row :106 - Processing item.
12-09-2022 @ 10:20:50 - Found simple product object. ID:482
12-09-2022 @ 10:20:50 - Setting Featured Image. URL:/files/20100856/product_image_1/LB5800E_1.png
12-09-2022 @ 10:20:50 - Unable to use image "/files/20100856/product_image_1/LB5800E_1.png".
12-09-2022 @ 10:20:50 - Row :106 - Product imported successfully.
12-09-2022 @ 10:20:50 - Row :107 - Parsing item.
12-09-2022 @ 10:20:50 - Importing as new product ID:483
12-09-2022 @ 10:20:50 - Row :107 - Processing item.
12-09-2022 @ 10:20:50 - Found simple product object. ID:483
12-09-2022 @ 10:20:50 - Setting Featured Image. URL:/files/20100857/product_image_1/LB7650E (1).png
12-09-2022 @ 10:20:50 - Unable to use image "/files/20100857/product_image_1/LB7650E (1).png".
12-09-2022 @ 10:20:50 - Row :107 - Product imported successfully.
12-09-2022 @ 10:20:50 - Row :108 - Parsing item.
12-09-2022 @ 10:20:50 - Importing as new product ID:484
12-09-2022 @ 10:20:50 - Row :108 - Processing item.
12-09-2022 @ 10:20:50 - Found simple product object. ID:484
12-09-2022 @ 10:20:50 - Setting Featured Image. URL:/files/20100858/product_image_1/BA6720T _1.png
12-09-2022 @ 10:20:50 - Unable to use image "/files/20100858/product_image_1/BA6720T _1.png".
12-09-2022 @ 10:20:50 - Row :108 - Product imported successfully.
12-09-2022 @ 10:20:50 - Row :109 - Parsing item.
12-09-2022 @ 10:20:50 - Importing as new product ID:485
12-09-2022 @ 10:20:50 - Row :109 - Processing item.
12-09-2022 @ 10:20:50 - Found simple product object. ID:485
12-09-2022 @ 10:20:50 - Setting Featured Image. URL:/files/20100859/product_image_1/CHU6000_Laadbox_open.png
12-09-2022 @ 10:20:50 - Unable to use image "/files/20100859/product_image_1/CHU6000_Laadbox_open.png".
12-09-2022 @ 10:20:50 - Row :109 - Product imported successfully.
12-09-2022 @ 10:20:50 - Row :110 - Parsing item.
12-09-2022 @ 10:20:50 - Importing as new product ID:486
12-09-2022 @ 10:20:50 - Row :110 - Processing item.
12-09-2022 @ 10:20:50 - Found simple product object. ID:486
12-09-2022 @ 10:20:50 - Setting Featured Image. URL:/files/20100860/product_image_1/CHU6000-k0004.png
12-09-2022 @ 10:20:50 - Unable to use image "/files/20100860/product_image_1/CHU6000-k0004.png".
12-09-2022 @ 10:20:50 - Row :110 - Product imported successfully.
12-09-2022 @ 10:20:50 - Row :111 - Parsing item.
12-09-2022 @ 10:20:50 - Importing as new product ID:487
12-09-2022 @ 10:20:50 - Row :111 - Processing item.
12-09-2022 @ 10:20:50 - Found simple product object. ID:487
12-09-2022 @ 10:20:50 - Setting Featured Image. URL:/files/28700221/product_image_1/ACA1000 1-min.png
12-09-2022 @ 10:20:50 - Unable to use image "/files/28700221/product_image_1/ACA1000 1-min.png".
12-09-2022 @ 10:20:50 - Row :111 - Product imported successfully.
12-09-2022 @ 10:20:50 - Row :112 - Parsing item.
12-09-2022 @ 10:20:50 - Importing as new product ID:488
12-09-2022 @ 10:20:50 - Row :112 - Processing item.
12-09-2022 @ 10:20:50 - Found simple product object. ID:488
12-09-2022 @ 10:20:50 - Setting Featured Image. URL:/files/20100840/product_image_1/zero turn zijkant.jpg
12-09-2022 @ 10:20:50 - Unable to use image "/files/20100840/product_image_1/zero turn zijkant.jpg".
12-09-2022 @ 10:20:50 - Row :112 - Product imported successfully.
12-09-2022 @ 10:20:50 - Row :113 - Parsing item.
12-09-2022 @ 10:20:51 - Importing as new product ID:489
12-09-2022 @ 10:20:51 - Row :113 - Processing item.
12-09-2022 @ 10:20:51 - Found simple product object. ID:489
12-09-2022 @ 10:20:51 - Setting Featured Image. URL:/
12-09-2022 @ 10:20:51 - Unable to use image "/".
12-09-2022 @ 10:20:51 - Row :113 - Product imported successfully.
12-09-2022 @ 10:20:51 - Row :114 - Parsing item.
12-09-2022 @ 10:20:51 - Importing as new product ID:490
12-09-2022 @ 10:20:51 - Row :114 - Processing item.
12-09-2022 @ 10:20:51 - Found simple product object. ID:490
12-09-2022 @ 10:20:51 - Setting Featured Image. URL:/files/20100100/product_image_1/cba0240.jpg
12-09-2022 @ 10:20:51 - Unable to use image "/files/20100100/product_image_1/cba0240.jpg".
12-09-2022 @ 10:20:51 - Row :114 - Product imported successfully.
12-09-2022 @ 10:20:51 - Row :115 - Parsing item.
12-09-2022 @ 10:20:51 - Importing as new product ID:491
12-09-2022 @ 10:20:51 - Row :115 - Processing item.
12-09-2022 @ 10:20:51 - Found simple product object. ID:491
12-09-2022 @ 10:20:51 - Setting Featured Image. URL:/files/20100105/product_image_1/20100105-1.jpg
12-09-2022 @ 10:20:51 - Unable to use image "/files/20100105/product_image_1/20100105-1.jpg".
12-09-2022 @ 10:20:51 - Row :115 - Product imported successfully.
12-09-2022 @ 10:20:51 - Row :116 - Parsing item.
12-09-2022 @ 10:20:51 - Importing as new product ID:492
12-09-2022 @ 10:20:51 - Row :116 - Processing item.
12-09-2022 @ 10:20:51 - Found simple product object. ID:492
12-09-2022 @ 10:20:51 - Setting Featured Image. URL:/files/20100106/product_image_1/20100106-1.jpg
12-09-2022 @ 10:20:51 - Unable to use image "/files/20100106/product_image_1/20100106-1.jpg".
12-09-2022 @ 10:20:51 - Row :116 - Product imported successfully.
12-09-2022 @ 10:20:51 - Row :117 - Parsing item.
12-09-2022 @ 10:20:51 - Importing as new product ID:493
12-09-2022 @ 10:20:51 - Row :117 - Processing item.
12-09-2022 @ 10:20:51 - Found simple product object. ID:493
12-09-2022 @ 10:20:51 - Setting Featured Image. URL:/files/20100595/product_image_1/20100595-1.jpg
12-09-2022 @ 10:20:51 - Unable to use image "/files/20100595/product_image_1/20100595-1.jpg".
12-09-2022 @ 10:20:51 - Row :117 - Product imported successfully.
12-09-2022 @ 10:20:51 - Row :118 - Parsing item.
12-09-2022 @ 10:20:51 - Importing as new product ID:494
12-09-2022 @ 10:20:51 - Row :118 - Processing item.
12-09-2022 @ 10:20:51 - Found simple product object. ID:494
12-09-2022 @ 10:20:51 - Setting Featured Image. URL:/files/20100066/product_image_1/20100066-1.jpg
12-09-2022 @ 10:20:51 - Unable to use image "/files/20100066/product_image_1/20100066-1.jpg".
12-09-2022 @ 10:20:51 - Row :118 - Product imported successfully.
12-09-2022 @ 10:20:51 - Row :119 - Parsing item.
12-09-2022 @ 10:20:51 - Importing as new product ID:495
12-09-2022 @ 10:20:51 - Row :119 - Processing item.
12-09-2022 @ 10:20:51 - Found simple product object. ID:495
12-09-2022 @ 10:20:51 - Setting Featured Image. URL:/files/20100084/product_image_1/20100084-1.jpg
12-09-2022 @ 10:20:51 - Unable to use image "/files/20100084/product_image_1/20100084-1.jpg".
12-09-2022 @ 10:20:51 - Row :119 - Product imported successfully.
12-09-2022 @ 10:20:51 - Row :120 - Parsing item.
12-09-2022 @ 10:20:51 - Importing as new product ID:496
12-09-2022 @ 10:20:51 - Row :120 - Processing item.
12-09-2022 @ 10:20:51 - Found simple product object. ID:496
12-09-2022 @ 10:20:51 - Setting Featured Image. URL:/files/20100086/product_image_1/20100086-1.jpg
12-09-2022 @ 10:20:51 - Unable to use image "/files/20100086/product_image_1/20100086-1.jpg".
12-09-2022 @ 10:20:51 - Row :120 - Product imported successfully.
12-09-2022 @ 10:20:52 - Preparing for import.
12-09-2022 @ 10:20:52 - Row :121 - Parsing item.
12-09-2022 @ 10:20:52 - Importing as new product ID:497
12-09-2022 @ 10:20:52 - Row :121 - Processing item.
12-09-2022 @ 10:20:52 - Found simple product object. ID:497
12-09-2022 @ 10:20:52 - Setting Featured Image. URL:/files/20100009/product_image_1/20100009-1.jpg
12-09-2022 @ 10:20:52 - Unable to use image "/files/20100009/product_image_1/20100009-1.jpg".
12-09-2022 @ 10:20:52 - Row :121 - Product imported successfully.
12-09-2022 @ 10:20:52 - Row :122 - Parsing item.
12-09-2022 @ 10:20:52 - Importing as new product ID:498
12-09-2022 @ 10:20:52 - Row :122 - Processing item.
12-09-2022 @ 10:20:52 - Found simple product object. ID:498
12-09-2022 @ 10:20:52 - Setting Featured Image. URL:/files/20100008/product_image_1/20100008-1.jpg
12-09-2022 @ 10:20:52 - Unable to use image "/files/20100008/product_image_1/20100008-1.jpg".
12-09-2022 @ 10:20:52 - Row :122 - Product imported successfully.
12-09-2022 @ 10:20:52 - Row :123 - Parsing item.
12-09-2022 @ 10:20:52 - Importing as new product ID:499
12-09-2022 @ 10:20:52 - Row :123 - Processing item.
12-09-2022 @ 10:20:52 - Found simple product object. ID:499
12-09-2022 @ 10:20:52 - Setting Featured Image. URL:/files/20100102/product_image_1/cch0450e.jpg
12-09-2022 @ 10:20:52 - Unable to use image "/files/20100102/product_image_1/cch0450e.jpg".
12-09-2022 @ 10:20:52 - Row :123 - Product imported successfully.
12-09-2022 @ 10:20:52 - Row :124 - Parsing item.
12-09-2022 @ 10:20:52 - Importing as new product ID:500
12-09-2022 @ 10:20:52 - Row :124 - Processing item.
12-09-2022 @ 10:20:52 - Found simple product object. ID:500
12-09-2022 @ 10:20:52 - Setting Featured Image. URL:/files/20100004/product_image_1/20100004-1.jpg
12-09-2022 @ 10:20:52 - Unable to use image "/files/20100004/product_image_1/20100004-1.jpg".
12-09-2022 @ 10:20:52 - Row :124 - Product imported successfully.
12-09-2022 @ 10:20:52 - Row :125 - Parsing item.
12-09-2022 @ 10:20:52 - Importing as new product ID:501
12-09-2022 @ 10:20:52 - Row :125 - Processing item.
12-09-2022 @ 10:20:52 - Found simple product object. ID:501
12-09-2022 @ 10:20:52 - Setting Featured Image. URL:/files/28700082/product_image_1/28700082-1.jpg
12-09-2022 @ 10:20:52 - Unable to use image "/files/28700082/product_image_1/28700082-1.jpg".
12-09-2022 @ 10:20:52 - Row :125 - Product imported successfully.
12-09-2022 @ 10:20:52 - Row :126 - Parsing item.
12-09-2022 @ 10:20:52 - Importing as new product ID:502
12-09-2022 @ 10:20:52 - Row :126 - Processing item.
12-09-2022 @ 10:20:52 - Found simple product object. ID:502
12-09-2022 @ 10:20:52 - Setting Featured Image. URL:/files/28700045/product_image_1/28700045-1.jpg
12-09-2022 @ 10:20:52 - Unable to use image "/files/28700045/product_image_1/28700045-1.jpg".
12-09-2022 @ 10:20:52 - Row :126 - Product imported successfully.
12-09-2022 @ 10:20:52 - Row :127 - Parsing item.
12-09-2022 @ 10:20:52 - Importing as new product ID:503
12-09-2022 @ 10:20:52 - Row :127 - Processing item.
12-09-2022 @ 10:20:52 - Found simple product object. ID:503
12-09-2022 @ 10:20:52 - Setting Featured Image. URL:/files/28700040/product_image_1/28700040-1.jpg
12-09-2022 @ 10:20:52 - Unable to use image "/files/28700040/product_image_1/28700040-1.jpg".
12-09-2022 @ 10:20:52 - Row :127 - Product imported successfully.
12-09-2022 @ 10:20:52 - Row :128 - Parsing item.
12-09-2022 @ 10:20:52 - Importing as new product ID:504
12-09-2022 @ 10:20:52 - Row :128 - Processing item.
12-09-2022 @ 10:20:52 - Found simple product object. ID:504
12-09-2022 @ 10:20:52 - Setting Featured Image. URL:/files/28700035/product_image_1/28700035-1.jpg
12-09-2022 @ 10:20:52 - Unable to use image "/files/28700035/product_image_1/28700035-1.jpg".
12-09-2022 @ 10:20:52 - Row :128 - Product imported successfully.
12-09-2022 @ 10:20:52 - Row :129 - Parsing item.
12-09-2022 @ 10:20:52 - Importing as new product ID:505
12-09-2022 @ 10:20:52 - Row :129 - Processing item.
12-09-2022 @ 10:20:52 - Found simple product object. ID:505
12-09-2022 @ 10:20:52 - Setting Featured Image. URL:/files/28700030/product_image_1/28700030-1.jpg
12-09-2022 @ 10:20:52 - Unable to use image "/files/28700030/product_image_1/28700030-1.jpg".
12-09-2022 @ 10:20:52 - Row :129 - Product imported successfully.
12-09-2022 @ 10:20:52 - Row :130 - Parsing item.
12-09-2022 @ 10:20:52 - Importing as new product ID:506
12-09-2022 @ 10:20:52 - Row :130 - Processing item.
12-09-2022 @ 10:20:52 - Found simple product object. ID:506
12-09-2022 @ 10:20:52 - Setting Featured Image. URL:/files/28700083/product_image_1/28700083-1.jpg
12-09-2022 @ 10:20:52 - Unable to use image "/files/28700083/product_image_1/28700083-1.jpg".
12-09-2022 @ 10:20:52 - Row :130 - Product imported successfully.
12-09-2022 @ 10:20:52 - Row :131 - Parsing item.
12-09-2022 @ 10:20:52 - Importing as new product ID:507
12-09-2022 @ 10:20:52 - Row :131 - Processing item.
12-09-2022 @ 10:20:52 - Found simple product object. ID:507
12-09-2022 @ 10:20:52 - Setting Featured Image. URL:/files/28700025/product_image_1/28700025-1.jpg
12-09-2022 @ 10:20:52 - Unable to use image "/files/28700025/product_image_1/28700025-1.jpg".
12-09-2022 @ 10:20:52 - Row :131 - Product imported successfully.
12-09-2022 @ 10:20:52 - Row :132 - Parsing item.
12-09-2022 @ 10:20:52 - Importing as new product ID:508
12-09-2022 @ 10:20:52 - Row :132 - Processing item.
12-09-2022 @ 10:20:52 - Found simple product object. ID:508
12-09-2022 @ 10:20:52 - Setting Featured Image. URL:/files/28700020/product_image_1/28700020-1.jpg
12-09-2022 @ 10:20:52 - Unable to use image "/files/28700020/product_image_1/28700020-1.jpg".
12-09-2022 @ 10:20:52 - Row :132 - Product imported successfully.
12-09-2022 @ 10:20:52 - Row :133 - Parsing item.
12-09-2022 @ 10:20:52 - Importing as new product ID:509
12-09-2022 @ 10:20:52 - Row :133 - Processing item.
12-09-2022 @ 10:20:52 - Found simple product object. ID:509
12-09-2022 @ 10:20:52 - Setting Featured Image. URL:/files/28700031/product_image_1/28700031-1.jpg
12-09-2022 @ 10:20:52 - Unable to use image "/files/28700031/product_image_1/28700031-1.jpg".
12-09-2022 @ 10:20:52 - Row :133 - Product imported successfully.
12-09-2022 @ 10:20:52 - Row :134 - Parsing item.
12-09-2022 @ 10:20:52 - Importing as new product ID:510
12-09-2022 @ 10:20:52 - Row :134 - Processing item.
12-09-2022 @ 10:20:52 - Found simple product object. ID:510
12-09-2022 @ 10:20:52 - Setting Featured Image. URL:/files/20100560/product_image_1/20100560-1.jpg
12-09-2022 @ 10:20:52 - Unable to use image "/files/20100560/product_image_1/20100560-1.jpg".
12-09-2022 @ 10:20:52 - Row :134 - Product imported successfully.
12-09-2022 @ 10:20:52 - Row :135 - Parsing item.
12-09-2022 @ 10:20:52 - Importing as new product ID:511
12-09-2022 @ 10:20:52 - Row :135 - Processing item.
12-09-2022 @ 10:20:52 - Found simple product object. ID:511
12-09-2022 @ 10:20:52 - Setting Featured Image. URL:/files/20100083/product_image_1/20100083-1.jpg
12-09-2022 @ 10:20:52 - Unable to use image "/files/20100083/product_image_1/20100083-1.jpg".
12-09-2022 @ 10:20:52 - Row :135 - Product imported successfully.
12-09-2022 @ 10:20:52 - Row :136 - Parsing item.
12-09-2022 @ 10:20:52 - Importing as new product ID:512
12-09-2022 @ 10:20:52 - Row :136 - Processing item.
12-09-2022 @ 10:20:52 - Found simple product object. ID:512
12-09-2022 @ 10:20:52 - Setting Featured Image. URL:/files/20100023/product_image_1/20100023-1.jpg
12-09-2022 @ 10:20:52 - Unable to use image "/files/20100023/product_image_1/20100023-1.jpg".
12-09-2022 @ 10:20:52 - Row :136 - Product imported successfully.
12-09-2022 @ 10:20:52 - Row :137 - Parsing item.
12-09-2022 @ 10:20:52 - Importing as new product ID:513
12-09-2022 @ 10:20:52 - Row :137 - Processing item.
12-09-2022 @ 10:20:52 - Found simple product object. ID:513
12-09-2022 @ 10:20:52 - Setting Featured Image. URL:/files/20100022/product_image_1/20100022-1.jpg
12-09-2022 @ 10:20:52 - Unable to use image "/files/20100022/product_image_1/20100022-1.jpg".
12-09-2022 @ 10:20:52 - Row :137 - Product imported successfully.
12-09-2022 @ 10:20:52 - Row :138 - Parsing item.
12-09-2022 @ 10:20:52 - Importing as new product ID:514
12-09-2022 @ 10:20:52 - Row :138 - Processing item.
12-09-2022 @ 10:20:52 - Found simple product object. ID:514
12-09-2022 @ 10:20:52 - Setting Featured Image. URL:/files/20100502/product_image_1/20100502-1.jpg
12-09-2022 @ 10:20:52 - Unable to use image "/files/20100502/product_image_1/20100502-1.jpg".
12-09-2022 @ 10:20:52 - Row :138 - Product imported successfully.
12-09-2022 @ 10:20:52 - Row :139 - Parsing item.
12-09-2022 @ 10:20:52 - Importing as new product ID:515
12-09-2022 @ 10:20:52 - Row :139 - Processing item.
12-09-2022 @ 10:20:52 - Found simple product object. ID:515
12-09-2022 @ 10:20:52 - Setting Featured Image. URL:/files/20100545/product_image_1/20100545-1.jpg
12-09-2022 @ 10:20:52 - Unable to use image "/files/20100545/product_image_1/20100545-1.jpg".
12-09-2022 @ 10:20:52 - Row :139 - Product imported successfully.
12-09-2022 @ 10:20:52 - Row :140 - Parsing item.
12-09-2022 @ 10:20:52 - Importing as new product ID:516
12-09-2022 @ 10:20:52 - Row :140 - Processing item.
12-09-2022 @ 10:20:52 - Found simple product object. ID:516
12-09-2022 @ 10:20:53 - Setting Featured Image. URL:/files/20100064/product_image_1/20100064-1.jpg
12-09-2022 @ 10:20:53 - Unable to use image "/files/20100064/product_image_1/20100064-1.jpg".
12-09-2022 @ 10:20:53 - Row :140 - Product imported successfully.
12-09-2022 @ 10:20:53 - Preparing for import.
12-09-2022 @ 10:20:53 - Row :141 - Parsing item.
12-09-2022 @ 10:20:53 - Importing as new product ID:517
12-09-2022 @ 10:20:53 - Row :141 - Processing item.
12-09-2022 @ 10:20:53 - Found simple product object. ID:517
12-09-2022 @ 10:20:53 - Setting Featured Image. URL:/files/20100067/product_image_1/20100067-1.jpg
12-09-2022 @ 10:20:53 - Unable to use image "/files/20100067/product_image_1/20100067-1.jpg".
12-09-2022 @ 10:20:53 - Row :141 - Product imported successfully.
12-09-2022 @ 10:20:53 - Row :142 - Parsing item.
12-09-2022 @ 10:20:53 - Importing as new product ID:518
12-09-2022 @ 10:20:53 - Row :142 - Processing item.
12-09-2022 @ 10:20:53 - Found simple product object. ID:518
12-09-2022 @ 10:20:53 - Setting Featured Image. URL:/files/20100062/product_image_1/20100062-1.jpg
12-09-2022 @ 10:20:53 - Unable to use image "/files/20100062/product_image_1/20100062-1.jpg".
12-09-2022 @ 10:20:53 - Row :142 - Product imported successfully.
12-09-2022 @ 10:20:53 - Row :143 - Parsing item.
12-09-2022 @ 10:20:53 - Importing as new product ID:519
12-09-2022 @ 10:20:53 - Row :143 - Processing item.
12-09-2022 @ 10:20:53 - Found simple product object. ID:519
12-09-2022 @ 10:20:53 - Setting Featured Image. URL:/files/20100061/product_image_1/20100061-1.jpg
12-09-2022 @ 10:20:53 - Unable to use image "/files/20100061/product_image_1/20100061-1.jpg".
12-09-2022 @ 10:20:54 - Row :143 - Product imported successfully.
12-09-2022 @ 10:20:54 - Row :144 - Parsing item.
12-09-2022 @ 10:20:54 - Importing as new product ID:520
12-09-2022 @ 10:20:54 - Row :144 - Processing item.
12-09-2022 @ 10:20:54 - Found simple product object. ID:520
12-09-2022 @ 10:20:54 - Setting Featured Image. URL:/files/20100089/product_image_1/20100089-1.jpg
12-09-2022 @ 10:20:54 - Unable to use image "/files/20100089/product_image_1/20100089-1.jpg".
12-09-2022 @ 10:20:54 - Row :144 - Product imported successfully.
12-09-2022 @ 10:20:54 - Row :145 - Parsing item.
12-09-2022 @ 10:20:54 - Importing as new product ID:521
12-09-2022 @ 10:20:54 - Row :145 - Processing item.
12-09-2022 @ 10:20:54 - Found simple product object. ID:521
12-09-2022 @ 10:20:54 - Setting Featured Image. URL:/files/28700032/product_image_1/28700032-1.jpg
12-09-2022 @ 10:20:54 - Unable to use image "/files/28700032/product_image_1/28700032-1.jpg".
12-09-2022 @ 10:20:54 - Row :145 - Product imported successfully.
12-09-2022 @ 10:20:54 - Row :146 - Parsing item.
12-09-2022 @ 10:20:54 - Importing as new product ID:522
12-09-2022 @ 10:20:54 - Row :146 - Processing item.
12-09-2022 @ 10:20:54 - Found simple product object. ID:522
12-09-2022 @ 10:20:54 - Setting Featured Image. URL:/files/20100090/product_image_1/20100090-1.jpg
12-09-2022 @ 10:20:54 - Unable to use image "/files/20100090/product_image_1/20100090-1.jpg".
12-09-2022 @ 10:20:54 - Row :146 - Product imported successfully.
12-09-2022 @ 10:20:54 - Row :147 - Parsing item.
12-09-2022 @ 10:20:54 - Importing as new product ID:523
12-09-2022 @ 10:20:54 - Row :147 - Processing item.
12-09-2022 @ 10:20:54 - Found simple product object. ID:523
12-09-2022 @ 10:20:54 - Setting Featured Image. URL:/files/20100065/product_image_1/20100065-1.jpg
12-09-2022 @ 10:20:54 - Unable to use image "/files/20100065/product_image_1/20100065-1.jpg".
12-09-2022 @ 10:20:54 - Row :147 - Product imported successfully.
12-09-2022 @ 10:20:54 - Row :148 - Parsing item.
12-09-2022 @ 10:20:54 - Importing as new product ID:524
12-09-2022 @ 10:20:54 - Row :148 - Processing item.
12-09-2022 @ 10:20:54 - Found simple product object. ID:524
12-09-2022 @ 10:20:54 - Setting Featured Image. URL:/files/20100063/product_image_1/20100063-1.jpg
12-09-2022 @ 10:20:54 - Unable to use image "/files/20100063/product_image_1/20100063-1.jpg".
12-09-2022 @ 10:20:54 - Row :148 - Product imported successfully.
12-09-2022 @ 10:20:54 - Row :149 - Parsing item.
12-09-2022 @ 10:20:54 - Importing as new product ID:525
12-09-2022 @ 10:20:54 - Row :149 - Processing item.
12-09-2022 @ 10:20:54 - Found simple product object. ID:525
12-09-2022 @ 10:20:54 - Setting Featured Image. URL:/files/20100575/product_image_1/20100575-1.jpg
12-09-2022 @ 10:20:54 - Unable to use image "/files/20100575/product_image_1/20100575-1.jpg".
12-09-2022 @ 10:20:54 - Row :149 - Product imported successfully.
12-09-2022 @ 10:20:54 - Row :150 - Parsing item.
12-09-2022 @ 10:20:54 - Importing as new product ID:526
12-09-2022 @ 10:20:54 - Row :150 - Processing item.
12-09-2022 @ 10:20:54 - Found simple product object. ID:526
12-09-2022 @ 10:20:54 - Setting Featured Image. URL:/files/20100580/product_image_1/20100580-1.jpg
12-09-2022 @ 10:20:54 - Unable to use image "/files/20100580/product_image_1/20100580-1.jpg".
12-09-2022 @ 10:20:54 - Row :150 - Product imported successfully.
12-09-2022 @ 10:20:54 - Row :151 - Parsing item.
12-09-2022 @ 10:20:54 - Importing as new product ID:527
12-09-2022 @ 10:20:54 - Row :151 - Processing item.
12-09-2022 @ 10:20:54 - Found simple product object. ID:527
12-09-2022 @ 10:20:54 - Setting Featured Image. URL:/files/20100060/product_image_1/20100060-1.jpg
12-09-2022 @ 10:20:54 - Unable to use image "/files/20100060/product_image_1/20100060-1.jpg".
12-09-2022 @ 10:20:54 - Row :151 - Product imported successfully.
12-09-2022 @ 10:20:54 - Row :152 - Parsing item.
12-09-2022 @ 10:20:54 - Importing as new product ID:528
12-09-2022 @ 10:20:54 - Row :152 - Processing item.
12-09-2022 @ 10:20:54 - Found simple product object. ID:528
12-09-2022 @ 10:20:54 - Setting Featured Image. URL:/files/28700115/product_image_1/28700115-1.jpg
12-09-2022 @ 10:20:54 - Unable to use image "/files/28700115/product_image_1/28700115-1.jpg".
12-09-2022 @ 10:20:54 - Row :152 - Product imported successfully.
12-09-2022 @ 10:20:54 - Row :153 - Parsing item.
12-09-2022 @ 10:20:54 - Importing as new product ID:529
12-09-2022 @ 10:20:54 - Row :153 - Processing item.
12-09-2022 @ 10:20:54 - Found simple product object. ID:529
12-09-2022 @ 10:20:54 - Setting Featured Image. URL:/files/28700090/product_image_1/AL2415T_EGO 15M 2.4MM TWIST LINE FOR ST1500E_ BC1500E.png
12-09-2022 @ 10:20:54 - Unable to use image "/files/28700090/product_image_1/AL2415T_EGO 15M 2.4MM TWIST LINE FOR ST1500E_ BC1500E.png".
12-09-2022 @ 10:20:54 - Row :153 - Product imported successfully.
12-09-2022 @ 10:20:54 - Row :154 - Parsing item.
12-09-2022 @ 10:20:54 - Importing as new product ID:530
12-09-2022 @ 10:20:54 - Row :154 - Processing item.
12-09-2022 @ 10:20:54 - Found simple product object. ID:530
12-09-2022 @ 10:20:54 - Setting Featured Image. URL:/files/28700132/product_image_1/28700132-1.jpg
12-09-2022 @ 10:20:54 - Unable to use image "/files/28700132/product_image_1/28700132-1.jpg".
12-09-2022 @ 10:20:54 - Row :154 - Product imported successfully.
12-09-2022 @ 10:20:54 - Row :155 - Parsing item.
12-09-2022 @ 10:20:54 - Importing as new product ID:531
12-09-2022 @ 10:20:54 - Row :155 - Processing item.
12-09-2022 @ 10:20:54 - Found simple product object. ID:531
12-09-2022 @ 10:20:54 - Setting Featured Image. URL:/files/28700131/product_image_1/28700131-1.jpg
12-09-2022 @ 10:20:54 - Unable to use image "/files/28700131/product_image_1/28700131-1.jpg".
12-09-2022 @ 10:20:54 - Row :155 - Product imported successfully.
12-09-2022 @ 10:20:54 - Row :156 - Parsing item.
12-09-2022 @ 10:20:54 - Importing as new product ID:532
12-09-2022 @ 10:20:54 - Row :156 - Processing item.
12-09-2022 @ 10:20:54 - Found simple product object. ID:532
12-09-2022 @ 10:20:54 - Setting Featured Image. URL:/files/28700015/product_image_1/28700015-1.jpg
12-09-2022 @ 10:20:54 - Unable to use image "/files/28700015/product_image_1/28700015-1.jpg".
12-09-2022 @ 10:20:54 - Row :156 - Product imported successfully.
12-09-2022 @ 10:20:54 - Row :157 - Parsing item.
12-09-2022 @ 10:20:54 - Importing as new product ID:533
12-09-2022 @ 10:20:54 - Row :157 - Processing item.
12-09-2022 @ 10:20:54 - Found simple product object. ID:533
12-09-2022 @ 10:20:54 - Setting Featured Image. URL:/files/28700010/product_image_1/28700010-1.jpg
12-09-2022 @ 10:20:54 - Unable to use image "/files/28700010/product_image_1/28700010-1.jpg".
12-09-2022 @ 10:20:54 - Row :157 - Product imported successfully.
12-09-2022 @ 10:20:54 - Row :158 - Parsing item.
12-09-2022 @ 10:20:54 - Importing as new product ID:534
12-09-2022 @ 10:20:54 - Row :158 - Processing item.
12-09-2022 @ 10:20:54 - Found simple product object. ID:534
12-09-2022 @ 10:20:54 - Setting Featured Image. URL:/files/28700005/product_image_1/28700005-1.jpg
12-09-2022 @ 10:20:54 - Unable to use image "/files/28700005/product_image_1/28700005-1.jpg".
12-09-2022 @ 10:20:54 - Row :158 - Product imported successfully.
12-09-2022 @ 10:20:54 - Row :159 - Parsing item.
12-09-2022 @ 10:20:54 - Importing as new product ID:535
12-09-2022 @ 10:20:54 - Row :159 - Processing item.
12-09-2022 @ 10:20:54 - Found simple product object. ID:535
12-09-2022 @ 10:20:54 - Setting Featured Image. URL:/files/28700000/product_image_1/28700000-1.jpg
12-09-2022 @ 10:20:54 - Unable to use image "/files/28700000/product_image_1/28700000-1.jpg".
12-09-2022 @ 10:20:54 - Row :159 - Product imported successfully.
12-09-2022 @ 10:20:54 - Row :160 - Parsing item.
12-09-2022 @ 10:20:54 - Importing as new product ID:536
12-09-2022 @ 10:20:54 - Row :160 - Processing item.
12-09-2022 @ 10:20:54 - Found simple product object. ID:536
12-09-2022 @ 10:20:54 - Setting Featured Image. URL:/files/28700137/product_image_1/28700137-1.jpg
12-09-2022 @ 10:20:54 - Unable to use image "/files/28700137/product_image_1/28700137-1.jpg".
12-09-2022 @ 10:20:54 - Row :160 - Product imported successfully.
12-09-2022 @ 10:20:55 - Preparing for import.
12-09-2022 @ 10:20:55 - Row :161 - Parsing item.
12-09-2022 @ 10:20:55 - Importing as new product ID:537
12-09-2022 @ 10:20:55 - Row :161 - Processing item.
12-09-2022 @ 10:20:55 - Found simple product object. ID:537
12-09-2022 @ 10:20:55 - Setting Featured Image. URL:/files/28700133/product_image_1/28700133-1.jpg
12-09-2022 @ 10:20:55 - Unable to use image "/files/28700133/product_image_1/28700133-1.jpg".
12-09-2022 @ 10:20:55 - Row :161 - Product imported successfully.
12-09-2022 @ 10:20:55 - Row :162 - Parsing item.
12-09-2022 @ 10:20:55 - Importing as new product ID:538
12-09-2022 @ 10:20:55 - Row :162 - Processing item.
12-09-2022 @ 10:20:55 - Found simple product object. ID:538
12-09-2022 @ 10:20:55 - Setting Featured Image. URL:/files/28700078/product_image_1/28700078-1.jpg
12-09-2022 @ 10:20:55 - Unable to use image "/files/28700078/product_image_1/28700078-1.jpg".
12-09-2022 @ 10:20:55 - Row :162 - Product imported successfully.
12-09-2022 @ 10:20:55 - Row :163 - Parsing item.
12-09-2022 @ 10:20:55 - Importing as new product ID:539
12-09-2022 @ 10:20:55 - Row :163 - Processing item.
12-09-2022 @ 10:20:55 - Found simple product object. ID:539
12-09-2022 @ 10:20:55 - Setting Featured Image. URL:/files/20100520/product_image_1/20100520-1.jpg
12-09-2022 @ 10:20:55 - Unable to use image "/files/20100520/product_image_1/20100520-1.jpg".
12-09-2022 @ 10:20:55 - Row :163 - Product imported successfully.
12-09-2022 @ 10:20:55 - Row :164 - Parsing item.
12-09-2022 @ 10:20:55 - Importing as new product ID:540
12-09-2022 @ 10:20:55 - Row :164 - Processing item.
12-09-2022 @ 10:20:55 - Found simple product object. ID:540
12-09-2022 @ 10:20:55 - Setting Featured Image. URL:/files/20100515/product_image_1/20100515-1.jpg
12-09-2022 @ 10:20:55 - Unable to use image "/files/20100515/product_image_1/20100515-1.jpg".
12-09-2022 @ 10:20:55 - Row :164 - Product imported successfully.
12-09-2022 @ 10:20:55 - Row :165 - Parsing item.
12-09-2022 @ 10:20:55 - Importing as new product ID:541
12-09-2022 @ 10:20:55 - Row :165 - Processing item.
12-09-2022 @ 10:20:55 - Found simple product object. ID:541
12-09-2022 @ 10:20:55 - Setting Featured Image. URL:/files/20100510/product_image_1/20100510-1.jpg
12-09-2022 @ 10:20:55 - Unable to use image "/files/20100510/product_image_1/20100510-1.jpg".
12-09-2022 @ 10:20:55 - Row :165 - Product imported successfully.
12-09-2022 @ 10:20:55 - Row :166 - Parsing item.
12-09-2022 @ 10:20:55 - Importing as new product ID:542
12-09-2022 @ 10:20:55 - Row :166 - Processing item.
12-09-2022 @ 10:20:55 - Found simple product object. ID:542
12-09-2022 @ 10:20:55 - Setting Featured Image. URL:/files/28700086/product_image_1/28700086-1.jpg
12-09-2022 @ 10:20:55 - Unable to use image "/files/28700086/product_image_1/28700086-1.jpg".
12-09-2022 @ 10:20:55 - Row :166 - Product imported successfully.
12-09-2022 @ 10:20:55 - Row :167 - Parsing item.
12-09-2022 @ 10:20:55 - Importing as new product ID:543
12-09-2022 @ 10:20:55 - Row :167 - Processing item.
12-09-2022 @ 10:20:55 - Found simple product object. ID:543
12-09-2022 @ 10:20:55 - Setting Featured Image. URL:/files/28700050/product_image_1/28700050-1.jpg
12-09-2022 @ 10:20:55 - Unable to use image "/files/28700050/product_image_1/28700050-1.jpg".
12-09-2022 @ 10:20:55 - Row :167 - Product imported successfully.
12-09-2022 @ 10:20:55 - Row :168 - Parsing item.
12-09-2022 @ 10:20:56 - Importing as new product ID:544
12-09-2022 @ 10:20:56 - Row :168 - Processing item.
12-09-2022 @ 10:20:56 - Found simple product object. ID:544
12-09-2022 @ 10:20:56 - Setting Featured Image. URL:/files/28700084/product_image_1/28700084-1.jpg
12-09-2022 @ 10:20:56 - Unable to use image "/files/28700084/product_image_1/28700084-1.jpg".
12-09-2022 @ 10:20:56 - Row :168 - Product imported successfully.
12-09-2022 @ 10:20:56 - Row :169 - Parsing item.
12-09-2022 @ 10:20:56 - Importing as new product ID:545
12-09-2022 @ 10:20:56 - Row :169 - Processing item.
12-09-2022 @ 10:20:56 - Found simple product object. ID:545
12-09-2022 @ 10:20:56 - Setting Featured Image. URL:/files/28700081/product_image_1/28700081-1.jpg
12-09-2022 @ 10:20:56 - Unable to use image "/files/28700081/product_image_1/28700081-1.jpg".
12-09-2022 @ 10:20:56 - Row :169 - Product imported successfully.
12-09-2022 @ 10:20:56 - Row :170 - Parsing item.
12-09-2022 @ 10:20:56 - Importing as new product ID:546
12-09-2022 @ 10:20:56 - Row :170 - Processing item.
12-09-2022 @ 10:20:56 - Found simple product object. ID:546
12-09-2022 @ 10:20:56 - Setting Featured Image. URL:/files/28700060/product_image_1/28700060-1.jpg
12-09-2022 @ 10:20:56 - Unable to use image "/files/28700060/product_image_1/28700060-1.jpg".
12-09-2022 @ 10:20:56 - Row :170 - Product imported successfully.
12-09-2022 @ 10:20:56 - Row :171 - Parsing item.
12-09-2022 @ 10:20:56 - Importing as new product ID:547
12-09-2022 @ 10:20:56 - Row :171 - Processing item.
12-09-2022 @ 10:20:56 - Found simple product object. ID:547
12-09-2022 @ 10:20:56 - Setting Featured Image. URL:/files/28700065/product_image_1/28700065-1.jpg
12-09-2022 @ 10:20:56 - Unable to use image "/files/28700065/product_image_1/28700065-1.jpg".
12-09-2022 @ 10:20:56 - Row :171 - Product imported successfully.
12-09-2022 @ 10:20:56 - Row :172 - Parsing item.
12-09-2022 @ 10:20:56 - Importing as new product ID:548
12-09-2022 @ 10:20:56 - Row :172 - Processing item.
12-09-2022 @ 10:20:56 - Found simple product object. ID:548
12-09-2022 @ 10:20:56 - Setting Featured Image. URL:/files/28700079/product_image_1/28700079-1.jpg
12-09-2022 @ 10:20:56 - Unable to use image "/files/28700079/product_image_1/28700079-1.jpg".
12-09-2022 @ 10:20:56 - Row :172 - Product imported successfully.
12-09-2022 @ 10:20:56 - Row :173 - Parsing item.
12-09-2022 @ 10:20:56 - Importing as new product ID:549
12-09-2022 @ 10:20:56 - Row :173 - Processing item.
12-09-2022 @ 10:20:56 - Found simple product object. ID:549
12-09-2022 @ 10:20:56 - Setting Featured Image. URL:/files/20100540/product_image_1/20100540-1.jpg
12-09-2022 @ 10:20:56 - Unable to use image "/files/20100540/product_image_1/20100540-1.jpg".
12-09-2022 @ 10:20:56 - Row :173 - Product imported successfully.
12-09-2022 @ 10:20:56 - Row :174 - Parsing item.
12-09-2022 @ 10:20:56 - Importing as new product ID:550
12-09-2022 @ 10:20:56 - Row :174 - Processing item.
12-09-2022 @ 10:20:56 - Found simple product object. ID:550
12-09-2022 @ 10:20:56 - Setting Featured Image. URL:/files/20100530/product_image_1/20100530-1.jpg
12-09-2022 @ 10:20:56 - Unable to use image "/files/20100530/product_image_1/20100530-1.jpg".
12-09-2022 @ 10:20:56 - Row :174 - Product imported successfully.
12-09-2022 @ 10:20:56 - Row :175 - Parsing item.
12-09-2022 @ 10:20:56 - Importing as new product ID:551
12-09-2022 @ 10:20:56 - Row :175 - Processing item.
12-09-2022 @ 10:20:56 - Found simple product object. ID:551
12-09-2022 @ 10:20:56 - Setting Featured Image. URL:/files/20100503/product_image_1/20100503-1.jpg
12-09-2022 @ 10:20:56 - Unable to use image "/files/20100503/product_image_1/20100503-1.jpg".
12-09-2022 @ 10:20:56 - Row :175 - Product imported successfully.
12-09-2022 @ 10:20:56 - Row :176 - Parsing item.
12-09-2022 @ 10:20:56 - Importing as new product ID:552
12-09-2022 @ 10:20:56 - Row :176 - Processing item.
12-09-2022 @ 10:20:56 - Found simple product object. ID:552
12-09-2022 @ 10:20:56 - Setting Featured Image. URL:/files/20100082/product_image_1/20100082-1.jpg
12-09-2022 @ 10:20:56 - Unable to use image "/files/20100082/product_image_1/20100082-1.jpg".
12-09-2022 @ 10:20:56 - Row :176 - Product imported successfully.
12-09-2022 @ 10:20:56 - Row :177 - Parsing item.
12-09-2022 @ 10:20:56 - Importing as new product ID:553
12-09-2022 @ 10:20:56 - Row :177 - Processing item.
12-09-2022 @ 10:20:56 - Found simple product object. ID:553
12-09-2022 @ 10:20:56 - Setting Featured Image. URL:/files/20100054/product_image_1/20100054-1.jpg
12-09-2022 @ 10:20:56 - Unable to use image "/files/20100054/product_image_1/20100054-1.jpg".
12-09-2022 @ 10:20:56 - Row :177 - Product imported successfully.
12-09-2022 @ 10:20:56 - Row :178 - Parsing item.
12-09-2022 @ 10:20:56 - Importing as new product ID:554
12-09-2022 @ 10:20:56 - Row :178 - Processing item.
12-09-2022 @ 10:20:56 - Found simple product object. ID:554
12-09-2022 @ 10:20:56 - Setting Featured Image. URL:/files/28700100/product_image_1/28700100-1.jpg
12-09-2022 @ 10:20:56 - Unable to use image "/files/28700100/product_image_1/28700100-1.jpg".
12-09-2022 @ 10:20:56 - Row :178 - Product imported successfully.
12-09-2022 @ 10:20:56 - Row :179 - Parsing item.
12-09-2022 @ 10:20:56 - Importing as new product ID:555
12-09-2022 @ 10:20:56 - Row :179 - Processing item.
12-09-2022 @ 10:20:56 - Found simple product object. ID:555
12-09-2022 @ 10:20:56 - Setting Featured Image. URL:/files/20100058/product_image_1/20100058-1.jpg
12-09-2022 @ 10:20:56 - Unable to use image "/files/20100058/product_image_1/20100058-1.jpg".
12-09-2022 @ 10:20:56 - Row :179 - Product imported successfully.
12-09-2022 @ 10:20:56 - Row :180 - Parsing item.
12-09-2022 @ 10:20:56 - Importing as new product ID:556
12-09-2022 @ 10:20:56 - Row :180 - Processing item.
12-09-2022 @ 10:20:56 - Found simple product object. ID:556
12-09-2022 @ 10:20:56 - Setting Featured Image. URL:/files/20100059/product_image_1/20100059-1.jpg
12-09-2022 @ 10:20:56 - Unable to use image "/files/20100059/product_image_1/20100059-1.jpg".
12-09-2022 @ 10:20:56 - Row :180 - Product imported successfully.
12-09-2022 @ 10:20:57 - Preparing for import.
12-09-2022 @ 10:20:57 - Row :181 - Parsing item.
12-09-2022 @ 10:20:57 - Importing as new product ID:557
12-09-2022 @ 10:20:57 - Row :181 - Processing item.
12-09-2022 @ 10:20:57 - Found simple product object. ID:557
12-09-2022 @ 10:20:57 - Setting Featured Image. URL:/files/20100504/product_image_1/20100504-1.jpg
12-09-2022 @ 10:20:57 - Unable to use image "/files/20100504/product_image_1/20100504-1.jpg".
12-09-2022 @ 10:20:57 - Row :181 - Product imported successfully.
12-09-2022 @ 10:20:57 - Row :182 - Parsing item.
12-09-2022 @ 10:20:57 - Importing as new product ID:558
12-09-2022 @ 10:20:57 - Row :182 - Processing item.
12-09-2022 @ 10:20:57 - Found simple product object. ID:558
12-09-2022 @ 10:20:57 - Setting Featured Image. URL:/files/20100024/product_image_1/20100024-1.jpg
12-09-2022 @ 10:20:57 - Unable to use image "/files/20100024/product_image_1/20100024-1.jpg".
12-09-2022 @ 10:20:57 - Row :182 - Product imported successfully.
12-09-2022 @ 10:20:57 - Row :183 - Parsing item.
12-09-2022 @ 10:20:57 - Importing as new product ID:559
12-09-2022 @ 10:20:57 - Row :183 - Processing item.
12-09-2022 @ 10:20:57 - Found simple product object. ID:559
12-09-2022 @ 10:20:57 - Setting Featured Image. URL:/files/20100057/product_image_1/20100057-1.jpg
12-09-2022 @ 10:20:57 - Unable to use image "/files/20100057/product_image_1/20100057-1.jpg".
12-09-2022 @ 10:20:57 - Row :183 - Product imported successfully.
12-09-2022 @ 10:20:57 - ---[ Import ended at 2022-12-09 10:20:57]---
