12-09-2022 @ 10:39:28 - ---[ New import started at 2022-12-09 10:39:28 ] PHP Memory: 1 GB, WP Memory: 40 MB
12-09-2022 @ 10:39:28 - Preparing for import.
12-09-2022 @ 10:39:28 - Row :1 - Parsing item.
12-09-2022 @ 10:39:28 - Importing as new product ID:743
12-09-2022 @ 10:39:28 - Row :1 - Processing item.
12-09-2022 @ 10:39:28 - Found simple product object. ID:743
12-09-2022 @ 10:39:28 - Row :1 - Processing failed. Reason: Ongeldig of dubbel artikelnummer.
12-09-2022 @ 10:39:28 - Row :2 - Parsing item.
12-09-2022 @ 10:39:28 - Importing as new product ID:744
12-09-2022 @ 10:39:28 - Row :2 - Processing item.
12-09-2022 @ 10:39:28 - Found simple product object. ID:744
12-09-2022 @ 10:39:28 - Row :2 - Processing failed. Reason: Ongeldig of dubbel artikelnummer.
12-09-2022 @ 10:39:28 - Row :3 - Parsing item.
12-09-2022 @ 10:39:28 - Importing as new product ID:745
12-09-2022 @ 10:39:28 - Row :3 - Processing item.
12-09-2022 @ 10:39:28 - Found simple product object. ID:745
12-09-2022 @ 10:39:28 - Row :3 - Processing failed. Reason: Ongeldig of dubbel artikelnummer.
12-09-2022 @ 10:39:28 - Row :4 - Parsing item.
12-09-2022 @ 10:39:28 - Importing as new product ID:746
12-09-2022 @ 10:39:28 - Row :4 - Processing item.
12-09-2022 @ 10:39:28 - Found simple product object. ID:746
12-09-2022 @ 10:39:28 - Row :4 - Processing failed. Reason: Ongeldig of dubbel artikelnummer.
12-09-2022 @ 10:39:28 - Row :5 - Parsing item.
12-09-2022 @ 10:39:28 - Importing as new product ID:747
12-09-2022 @ 10:39:28 - Row :5 - Processing item.
12-09-2022 @ 10:39:28 - Found simple product object. ID:747
12-09-2022 @ 10:39:28 - Row :5 - Processing failed. Reason: Ongeldig of dubbel artikelnummer.
12-09-2022 @ 10:39:28 - Row :6 - Parsing item.
12-09-2022 @ 10:39:28 - Importing as new product ID:748
12-09-2022 @ 10:39:28 - Row :6 - Processing item.
12-09-2022 @ 10:39:28 - Found simple product object. ID:748
12-09-2022 @ 10:39:28 - Row :6 - Processing failed. Reason: Ongeldig of dubbel artikelnummer.
12-09-2022 @ 10:39:28 - Row :7 - Parsing item.
12-09-2022 @ 10:39:28 - Importing as new product ID:749
12-09-2022 @ 10:39:28 - Row :7 - Processing item.
12-09-2022 @ 10:39:28 - Found simple product object. ID:749
12-09-2022 @ 10:39:28 - Row :7 - Processing failed. Reason: Ongeldig of dubbel artikelnummer.
12-09-2022 @ 10:39:28 - Row :8 - Parsing item.
12-09-2022 @ 10:39:28 - Importing as new product ID:750
12-09-2022 @ 10:39:28 - Row :8 - Processing item.
12-09-2022 @ 10:39:28 - Found simple product object. ID:750
12-09-2022 @ 10:39:28 - Row :8 - Processing failed. Reason: Ongeldig of dubbel artikelnummer.
12-09-2022 @ 10:39:28 - Row :9 - Parsing item.
12-09-2022 @ 10:39:28 - Importing as new product ID:751
12-09-2022 @ 10:39:28 - Row :9 - Processing item.
12-09-2022 @ 10:39:28 - Found simple product object. ID:751
12-09-2022 @ 10:39:28 - Row :9 - Processing failed. Reason: Ongeldig of dubbel artikelnummer.
12-09-2022 @ 10:39:28 - Row :10 - Parsing item.
12-09-2022 @ 10:39:28 - Importing as new product ID:752
12-09-2022 @ 10:39:28 - Row :10 - Processing item.
12-09-2022 @ 10:39:28 - Found simple product object. ID:752
12-09-2022 @ 10:39:28 - Row :10 - Processing failed. Reason: Ongeldig of dubbel artikelnummer.
12-09-2022 @ 10:39:28 - Row :11 - Parsing item.
12-09-2022 @ 10:39:28 - Importing as new product ID:753
12-09-2022 @ 10:39:28 - Row :11 - Processing item.
12-09-2022 @ 10:39:28 - Found simple product object. ID:753
12-09-2022 @ 10:39:28 - Row :11 - Processing failed. Reason: Ongeldig of dubbel artikelnummer.
12-09-2022 @ 10:39:28 - Row :12 - Parsing item.
12-09-2022 @ 10:39:28 - Importing as new product ID:754
12-09-2022 @ 10:39:28 - Row :12 - Processing item.
12-09-2022 @ 10:39:28 - Found simple product object. ID:754
12-09-2022 @ 10:39:28 - Row :12 - Processing failed. Reason: Ongeldig of dubbel artikelnummer.
12-09-2022 @ 10:39:28 - Row :13 - Parsing item.
12-09-2022 @ 10:39:28 - Importing as new product ID:755
12-09-2022 @ 10:39:28 - Row :13 - Processing item.
12-09-2022 @ 10:39:28 - Found simple product object. ID:755
12-09-2022 @ 10:39:28 - Row :13 - Processing failed. Reason: Ongeldig of dubbel artikelnummer.
12-09-2022 @ 10:39:28 - Row :14 - Parsing item.
12-09-2022 @ 10:39:28 - Importing as new product ID:756
12-09-2022 @ 10:39:28 - Row :14 - Processing item.
12-09-2022 @ 10:39:28 - Found simple product object. ID:756
12-09-2022 @ 10:39:28 - Row :14 - Processing failed. Reason: Ongeldig of dubbel artikelnummer.
12-09-2022 @ 10:39:28 - Row :15 - Parsing item.
12-09-2022 @ 10:39:28 - Importing as new product ID:757
12-09-2022 @ 10:39:28 - Row :15 - Processing item.
12-09-2022 @ 10:39:28 - Found simple product object. ID:757
12-09-2022 @ 10:39:28 - Row :15 - Processing failed. Reason: Ongeldig of dubbel artikelnummer.
12-09-2022 @ 10:39:28 - Row :16 - Parsing item.
12-09-2022 @ 10:39:28 - Importing as new product ID:758
12-09-2022 @ 10:39:28 - Row :16 - Processing item.
12-09-2022 @ 10:39:28 - Found simple product object. ID:758
12-09-2022 @ 10:39:28 - Row :16 - Processing failed. Reason: Ongeldig of dubbel artikelnummer.
12-09-2022 @ 10:39:28 - Row :17 - Parsing item.
12-09-2022 @ 10:39:28 - Importing as new product ID:759
12-09-2022 @ 10:39:28 - Row :17 - Processing item.
12-09-2022 @ 10:39:28 - Found simple product object. ID:759
12-09-2022 @ 10:39:28 - Row :17 - Processing failed. Reason: Ongeldig of dubbel artikelnummer.
12-09-2022 @ 10:39:28 - Row :18 - Parsing item.
12-09-2022 @ 10:39:28 - Importing as new product ID:760
12-09-2022 @ 10:39:28 - Row :18 - Processing item.
12-09-2022 @ 10:39:28 - Found simple product object. ID:760
12-09-2022 @ 10:39:28 - Row :18 - Processing failed. Reason: Ongeldig of dubbel artikelnummer.
12-09-2022 @ 10:39:28 - Row :19 - Parsing item.
12-09-2022 @ 10:39:28 - Importing as new product ID:761
12-09-2022 @ 10:39:28 - Row :19 - Processing item.
12-09-2022 @ 10:39:28 - Found simple product object. ID:761
12-09-2022 @ 10:39:28 - Row :19 - Processing failed. Reason: Ongeldig of dubbel artikelnummer.
12-09-2022 @ 10:39:28 - Row :20 - Parsing item.
12-09-2022 @ 10:39:28 - Importing as new product ID:762
12-09-2022 @ 10:39:28 - Row :20 - Processing item.
12-09-2022 @ 10:39:28 - Found simple product object. ID:762
12-09-2022 @ 10:39:28 - Row :20 - Processing failed. Reason: Ongeldig of dubbel artikelnummer.
12-09-2022 @ 10:39:29 - Preparing for import.
12-09-2022 @ 10:39:29 - Row :21 - Parsing item.
12-09-2022 @ 10:39:29 - Importing as new product ID:763
12-09-2022 @ 10:39:29 - Row :21 - Processing item.
12-09-2022 @ 10:39:29 - Found simple product object. ID:763
12-09-2022 @ 10:39:29 - Row :21 - Processing failed. Reason: Ongeldig of dubbel artikelnummer.
12-09-2022 @ 10:39:29 - Row :22 - Parsing item.
12-09-2022 @ 10:39:29 - Importing as new product ID:764
12-09-2022 @ 10:39:29 - Row :22 - Processing item.
12-09-2022 @ 10:39:29 - Found simple product object. ID:764
12-09-2022 @ 10:39:29 - Row :22 - Processing failed. Reason: Ongeldig of dubbel artikelnummer.
12-09-2022 @ 10:39:29 - Row :23 - Parsing item.
12-09-2022 @ 10:39:29 - Importing as new product ID:765
12-09-2022 @ 10:39:29 - Row :23 - Processing item.
12-09-2022 @ 10:39:29 - Found simple product object. ID:765
12-09-2022 @ 10:39:29 - Row :23 - Processing failed. Reason: Ongeldig of dubbel artikelnummer.
12-09-2022 @ 10:39:29 - Row :24 - Parsing item.
12-09-2022 @ 10:39:29 - Importing as new product ID:766
12-09-2022 @ 10:39:29 - Row :24 - Processing item.
12-09-2022 @ 10:39:29 - Found simple product object. ID:766
12-09-2022 @ 10:39:29 - Row :24 - Processing failed. Reason: Ongeldig of dubbel artikelnummer.
12-09-2022 @ 10:39:29 - Row :25 - Parsing item.
12-09-2022 @ 10:39:29 - Importing as new product ID:767
12-09-2022 @ 10:39:29 - Row :25 - Processing item.
12-09-2022 @ 10:39:29 - Found simple product object. ID:767
12-09-2022 @ 10:39:29 - Row :25 - Processing failed. Reason: Ongeldig of dubbel artikelnummer.
12-09-2022 @ 10:39:29 - Row :26 - Parsing item.
12-09-2022 @ 10:39:29 - Importing as new product ID:768
12-09-2022 @ 10:39:29 - Row :26 - Processing item.
12-09-2022 @ 10:39:29 - Found simple product object. ID:768
12-09-2022 @ 10:39:29 - Row :26 - Processing failed. Reason: Ongeldig of dubbel artikelnummer.
12-09-2022 @ 10:39:29 - Row :27 - Parsing item.
12-09-2022 @ 10:39:29 - Importing as new product ID:769
12-09-2022 @ 10:39:29 - Row :27 - Processing item.
12-09-2022 @ 10:39:29 - Found simple product object. ID:769
12-09-2022 @ 10:39:29 - Row :27 - Processing failed. Reason: Ongeldig of dubbel artikelnummer.
12-09-2022 @ 10:39:29 - Row :28 - Parsing item.
12-09-2022 @ 10:39:29 - Importing as new product ID:770
12-09-2022 @ 10:39:29 - Row :28 - Processing item.
12-09-2022 @ 10:39:29 - Found simple product object. ID:770
12-09-2022 @ 10:39:29 - Row :28 - Processing failed. Reason: Ongeldig of dubbel artikelnummer.
12-09-2022 @ 10:39:29 - Row :29 - Parsing item.
12-09-2022 @ 10:39:29 - Importing as new product ID:771
12-09-2022 @ 10:39:29 - Row :29 - Processing item.
12-09-2022 @ 10:39:29 - Found simple product object. ID:771
12-09-2022 @ 10:39:29 - Row :29 - Processing failed. Reason: Ongeldig of dubbel artikelnummer.
12-09-2022 @ 10:39:29 - Row :30 - Parsing item.
12-09-2022 @ 10:39:29 - Importing as new product ID:772
12-09-2022 @ 10:39:29 - Row :30 - Processing item.
12-09-2022 @ 10:39:29 - Found simple product object. ID:772
12-09-2022 @ 10:39:29 - Row :30 - Processing failed. Reason: Ongeldig of dubbel artikelnummer.
12-09-2022 @ 10:39:29 - Row :31 - Parsing item.
12-09-2022 @ 10:39:29 - Importing as new product ID:773
12-09-2022 @ 10:39:29 - Row :31 - Processing item.
12-09-2022 @ 10:39:29 - Found simple product object. ID:773
12-09-2022 @ 10:39:29 - Row :31 - Processing failed. Reason: Ongeldig of dubbel artikelnummer.
12-09-2022 @ 10:39:29 - Row :32 - Parsing item.
12-09-2022 @ 10:39:29 - Importing as new product ID:774
12-09-2022 @ 10:39:29 - Row :32 - Processing item.
12-09-2022 @ 10:39:29 - Found simple product object. ID:774
12-09-2022 @ 10:39:29 - Row :32 - Processing failed. Reason: Ongeldig of dubbel artikelnummer.
12-09-2022 @ 10:39:29 - Row :33 - Parsing item.
12-09-2022 @ 10:39:29 - Importing as new product ID:775
12-09-2022 @ 10:39:29 - Row :33 - Processing item.
12-09-2022 @ 10:39:29 - Found simple product object. ID:775
12-09-2022 @ 10:39:29 - Row :33 - Processing failed. Reason: Ongeldig of dubbel artikelnummer.
12-09-2022 @ 10:39:29 - Row :34 - Parsing item.
12-09-2022 @ 10:39:29 - Importing as new product ID:776
12-09-2022 @ 10:39:29 - Row :34 - Processing item.
12-09-2022 @ 10:39:29 - Found simple product object. ID:776
12-09-2022 @ 10:39:29 - Row :34 - Processing failed. Reason: Ongeldig of dubbel artikelnummer.
12-09-2022 @ 10:39:29 - Row :35 - Parsing item.
12-09-2022 @ 10:39:29 - Importing as new product ID:777
12-09-2022 @ 10:39:29 - Row :35 - Processing item.
12-09-2022 @ 10:39:29 - Found simple product object. ID:777
12-09-2022 @ 10:39:29 - Row :35 - Processing failed. Reason: Ongeldig of dubbel artikelnummer.
12-09-2022 @ 10:39:29 - Row :36 - Parsing item.
12-09-2022 @ 10:39:29 - Importing as new product ID:778
12-09-2022 @ 10:39:29 - Row :36 - Processing item.
12-09-2022 @ 10:39:29 - Found simple product object. ID:778
12-09-2022 @ 10:39:29 - Row :36 - Processing failed. Reason: Ongeldig of dubbel artikelnummer.
12-09-2022 @ 10:39:29 - Row :37 - Parsing item.
12-09-2022 @ 10:39:29 - Importing as new product ID:779
12-09-2022 @ 10:39:29 - Row :37 - Processing item.
12-09-2022 @ 10:39:29 - Found simple product object. ID:779
12-09-2022 @ 10:39:29 - Row :37 - Processing failed. Reason: Ongeldig of dubbel artikelnummer.
12-09-2022 @ 10:39:29 - Row :38 - Parsing item.
12-09-2022 @ 10:39:29 - Importing as new product ID:780
12-09-2022 @ 10:39:29 - Row :38 - Processing item.
12-09-2022 @ 10:39:29 - Found simple product object. ID:780
12-09-2022 @ 10:39:29 - Row :38 - Processing failed. Reason: Ongeldig of dubbel artikelnummer.
12-09-2022 @ 10:39:29 - Row :39 - Parsing item.
12-09-2022 @ 10:39:29 - Importing as new product ID:781
12-09-2022 @ 10:39:29 - Row :39 - Processing item.
12-09-2022 @ 10:39:29 - Found simple product object. ID:781
12-09-2022 @ 10:39:29 - Row :39 - Processing failed. Reason: Ongeldig of dubbel artikelnummer.
12-09-2022 @ 10:39:29 - Row :40 - Parsing item.
12-09-2022 @ 10:39:29 - Importing as new product ID:782
12-09-2022 @ 10:39:29 - Row :40 - Processing item.
12-09-2022 @ 10:39:29 - Found simple product object. ID:782
12-09-2022 @ 10:39:29 - Row :40 - Processing failed. Reason: Ongeldig of dubbel artikelnummer.
12-09-2022 @ 10:39:30 - Preparing for import.
12-09-2022 @ 10:39:30 - Row :41 - Parsing item.
12-09-2022 @ 10:39:30 - Importing as new product ID:783
12-09-2022 @ 10:39:30 - Row :41 - Processing item.
12-09-2022 @ 10:39:30 - Found simple product object. ID:783
12-09-2022 @ 10:39:30 - Row :41 - Processing failed. Reason: Ongeldig of dubbel artikelnummer.
12-09-2022 @ 10:39:30 - Row :42 - Parsing item.
12-09-2022 @ 10:39:30 - Importing as new product ID:784
12-09-2022 @ 10:39:30 - Row :42 - Processing item.
12-09-2022 @ 10:39:30 - Found simple product object. ID:784
12-09-2022 @ 10:39:30 - Row :42 - Processing failed. Reason: Ongeldig of dubbel artikelnummer.
12-09-2022 @ 10:39:30 - Row :43 - Parsing item.
12-09-2022 @ 10:39:30 - Importing as new product ID:785
12-09-2022 @ 10:39:30 - Row :43 - Processing item.
12-09-2022 @ 10:39:30 - Found simple product object. ID:785
12-09-2022 @ 10:39:30 - Row :43 - Processing failed. Reason: Ongeldig of dubbel artikelnummer.
12-09-2022 @ 10:39:30 - Row :44 - Parsing item.
12-09-2022 @ 10:39:30 - Importing as new product ID:786
12-09-2022 @ 10:39:30 - Row :44 - Processing item.
12-09-2022 @ 10:39:30 - Found simple product object. ID:786
12-09-2022 @ 10:39:30 - Row :44 - Processing failed. Reason: Ongeldig of dubbel artikelnummer.
12-09-2022 @ 10:39:30 - Row :45 - Parsing item.
12-09-2022 @ 10:39:30 - Importing as new product ID:787
12-09-2022 @ 10:39:30 - Row :45 - Processing item.
12-09-2022 @ 10:39:30 - Found simple product object. ID:787
12-09-2022 @ 10:39:30 - Row :45 - Processing failed. Reason: Ongeldig of dubbel artikelnummer.
12-09-2022 @ 10:39:30 - Row :46 - Parsing item.
12-09-2022 @ 10:39:30 - Importing as new product ID:788
12-09-2022 @ 10:39:30 - Row :46 - Processing item.
12-09-2022 @ 10:39:30 - Found simple product object. ID:788
12-09-2022 @ 10:39:30 - Row :46 - Processing failed. Reason: Ongeldig of dubbel artikelnummer.
12-09-2022 @ 10:39:30 - Row :47 - Parsing item.
12-09-2022 @ 10:39:30 - Importing as new product ID:789
12-09-2022 @ 10:39:30 - Row :47 - Processing item.
12-09-2022 @ 10:39:30 - Found simple product object. ID:789
12-09-2022 @ 10:39:30 - Row :47 - Processing failed. Reason: Ongeldig of dubbel artikelnummer.
12-09-2022 @ 10:39:30 - Row :48 - Parsing item.
12-09-2022 @ 10:39:30 - Importing as new product ID:790
12-09-2022 @ 10:39:30 - Row :48 - Processing item.
12-09-2022 @ 10:39:30 - Found simple product object. ID:790
12-09-2022 @ 10:39:30 - Row :48 - Processing failed. Reason: Ongeldig of dubbel artikelnummer.
12-09-2022 @ 10:39:30 - Row :49 - Parsing item.
12-09-2022 @ 10:39:30 - Importing as new product ID:791
12-09-2022 @ 10:39:30 - Row :49 - Processing item.
12-09-2022 @ 10:39:30 - Found simple product object. ID:791
12-09-2022 @ 10:39:30 - Row :49 - Processing failed. Reason: Ongeldig of dubbel artikelnummer.
12-09-2022 @ 10:39:30 - Row :50 - Parsing item.
12-09-2022 @ 10:39:30 - Importing as new product ID:792
12-09-2022 @ 10:39:30 - Row :50 - Processing item.
12-09-2022 @ 10:39:30 - Found simple product object. ID:792
12-09-2022 @ 10:39:30 - Row :50 - Processing failed. Reason: Ongeldig of dubbel artikelnummer.
12-09-2022 @ 10:39:30 - Row :51 - Parsing item.
12-09-2022 @ 10:39:30 - Importing as new product ID:793
12-09-2022 @ 10:39:30 - Row :51 - Processing item.
12-09-2022 @ 10:39:30 - Found simple product object. ID:793
12-09-2022 @ 10:39:30 - Row :51 - Processing failed. Reason: Ongeldig of dubbel artikelnummer.
12-09-2022 @ 10:39:30 - Row :52 - Parsing item.
12-09-2022 @ 10:39:30 - Importing as new product ID:794
12-09-2022 @ 10:39:30 - Row :52 - Processing item.
12-09-2022 @ 10:39:30 - Found simple product object. ID:794
12-09-2022 @ 10:39:30 - Row :52 - Processing failed. Reason: Ongeldig of dubbel artikelnummer.
12-09-2022 @ 10:39:30 - Row :53 - Parsing item.
12-09-2022 @ 10:39:30 - Importing as new product ID:795
12-09-2022 @ 10:39:30 - Row :53 - Processing item.
12-09-2022 @ 10:39:30 - Found simple product object. ID:795
12-09-2022 @ 10:39:30 - Row :53 - Processing failed. Reason: Ongeldig of dubbel artikelnummer.
12-09-2022 @ 10:39:30 - Row :54 - Parsing item.
12-09-2022 @ 10:39:30 - Importing as new product ID:796
12-09-2022 @ 10:39:30 - Row :54 - Processing item.
12-09-2022 @ 10:39:30 - Found simple product object. ID:796
12-09-2022 @ 10:39:30 - Row :54 - Processing failed. Reason: Ongeldig of dubbel artikelnummer.
12-09-2022 @ 10:39:30 - Row :55 - Parsing item.
12-09-2022 @ 10:39:30 - Importing as new product ID:797
12-09-2022 @ 10:39:30 - Row :55 - Processing item.
12-09-2022 @ 10:39:30 - Found simple product object. ID:797
12-09-2022 @ 10:39:30 - Row :55 - Processing failed. Reason: Ongeldig of dubbel artikelnummer.
12-09-2022 @ 10:39:30 - Row :56 - Parsing item.
12-09-2022 @ 10:39:30 - Importing as new product ID:798
12-09-2022 @ 10:39:30 - Row :56 - Processing item.
12-09-2022 @ 10:39:30 - Found simple product object. ID:798
12-09-2022 @ 10:39:30 - Row :56 - Processing failed. Reason: Ongeldig of dubbel artikelnummer.
12-09-2022 @ 10:39:30 - Row :57 - Parsing item.
12-09-2022 @ 10:39:30 - Importing as new product ID:799
12-09-2022 @ 10:39:30 - Row :57 - Processing item.
12-09-2022 @ 10:39:31 - Found simple product object. ID:799
12-09-2022 @ 10:39:31 - Row :57 - Processing failed. Reason: Ongeldig of dubbel artikelnummer.
12-09-2022 @ 10:39:31 - Row :58 - Parsing item.
12-09-2022 @ 10:39:31 - Importing as new product ID:800
12-09-2022 @ 10:39:31 - Row :58 - Processing item.
12-09-2022 @ 10:39:31 - Found simple product object. ID:800
12-09-2022 @ 10:39:31 - Row :58 - Processing failed. Reason: Ongeldig of dubbel artikelnummer.
12-09-2022 @ 10:39:31 - Row :59 - Parsing item.
12-09-2022 @ 10:39:31 - Importing as new product ID:801
12-09-2022 @ 10:39:31 - Row :59 - Processing item.
12-09-2022 @ 10:39:31 - Found simple product object. ID:801
12-09-2022 @ 10:39:31 - Row :59 - Processing failed. Reason: Ongeldig of dubbel artikelnummer.
12-09-2022 @ 10:39:31 - Row :60 - Parsing item.
12-09-2022 @ 10:39:31 - Importing as new product ID:802
12-09-2022 @ 10:39:31 - Row :60 - Processing item.
12-09-2022 @ 10:39:31 - Found simple product object. ID:802
12-09-2022 @ 10:39:31 - Row :60 - Processing failed. Reason: Ongeldig of dubbel artikelnummer.
12-09-2022 @ 10:39:32 - Preparing for import.
12-09-2022 @ 10:39:32 - Row :61 - Parsing item.
12-09-2022 @ 10:39:32 - Importing as new product ID:803
12-09-2022 @ 10:39:32 - Row :61 - Processing item.
12-09-2022 @ 10:39:32 - Found simple product object. ID:803
12-09-2022 @ 10:39:32 - Row :61 - Processing failed. Reason: Ongeldig of dubbel artikelnummer.
12-09-2022 @ 10:39:32 - Row :62 - Parsing item.
12-09-2022 @ 10:39:32 - Importing as new product ID:804
12-09-2022 @ 10:39:32 - Row :62 - Processing item.
12-09-2022 @ 10:39:32 - Found simple product object. ID:804
12-09-2022 @ 10:39:32 - Row :62 - Processing failed. Reason: Ongeldig of dubbel artikelnummer.
12-09-2022 @ 10:39:32 - Row :63 - Parsing item.
12-09-2022 @ 10:39:32 - Importing as new product ID:805
12-09-2022 @ 10:39:32 - Row :63 - Processing item.
12-09-2022 @ 10:39:32 - Found simple product object. ID:805
12-09-2022 @ 10:39:32 - Row :63 - Processing failed. Reason: Ongeldig of dubbel artikelnummer.
12-09-2022 @ 10:39:32 - Row :64 - Parsing item.
12-09-2022 @ 10:39:32 - Importing as new product ID:806
12-09-2022 @ 10:39:32 - Row :64 - Processing item.
12-09-2022 @ 10:39:32 - Found simple product object. ID:806
12-09-2022 @ 10:39:32 - Row :64 - Processing failed. Reason: Ongeldig of dubbel artikelnummer.
12-09-2022 @ 10:39:32 - Row :65 - Parsing item.
12-09-2022 @ 10:39:32 - Importing as new product ID:807
12-09-2022 @ 10:39:32 - Row :65 - Processing item.
12-09-2022 @ 10:39:32 - Found simple product object. ID:807
12-09-2022 @ 10:39:32 - Row :65 - Processing failed. Reason: Ongeldig of dubbel artikelnummer.
12-09-2022 @ 10:39:32 - Row :66 - Parsing item.
12-09-2022 @ 10:39:32 - Importing as new product ID:808
12-09-2022 @ 10:39:32 - Row :66 - Processing item.
12-09-2022 @ 10:39:32 - Found simple product object. ID:808
12-09-2022 @ 10:39:32 - Row :66 - Processing failed. Reason: Ongeldig of dubbel artikelnummer.
12-09-2022 @ 10:39:32 - Row :67 - Parsing item.
12-09-2022 @ 10:39:32 - Importing as new product ID:809
12-09-2022 @ 10:39:32 - Row :67 - Processing item.
12-09-2022 @ 10:39:32 - Found simple product object. ID:809
12-09-2022 @ 10:39:32 - Row :67 - Processing failed. Reason: Ongeldig of dubbel artikelnummer.
12-09-2022 @ 10:39:32 - Row :68 - Parsing item.
12-09-2022 @ 10:39:32 - Importing as new product ID:810
12-09-2022 @ 10:39:32 - Row :68 - Processing item.
12-09-2022 @ 10:39:32 - Found simple product object. ID:810
12-09-2022 @ 10:39:32 - Row :68 - Processing failed. Reason: Ongeldig of dubbel artikelnummer.
12-09-2022 @ 10:39:32 - Row :69 - Parsing item.
12-09-2022 @ 10:39:32 - Importing as new product ID:811
12-09-2022 @ 10:39:32 - Row :69 - Processing item.
12-09-2022 @ 10:39:32 - Found simple product object. ID:811
12-09-2022 @ 10:39:32 - Row :69 - Processing failed. Reason: Ongeldig of dubbel artikelnummer.
12-09-2022 @ 10:39:32 - Row :70 - Parsing item.
12-09-2022 @ 10:39:32 - Importing as new product ID:812
12-09-2022 @ 10:39:32 - Row :70 - Processing item.
12-09-2022 @ 10:39:32 - Found simple product object. ID:812
12-09-2022 @ 10:39:32 - Row :70 - Processing failed. Reason: Ongeldig of dubbel artikelnummer.
12-09-2022 @ 10:39:32 - Row :71 - Parsing item.
12-09-2022 @ 10:39:32 - Importing as new product ID:813
12-09-2022 @ 10:39:32 - Row :71 - Processing item.
12-09-2022 @ 10:39:32 - Found simple product object. ID:813
12-09-2022 @ 10:39:32 - Row :71 - Processing failed. Reason: Ongeldig of dubbel artikelnummer.
12-09-2022 @ 10:39:32 - Row :72 - Parsing item.
12-09-2022 @ 10:39:32 - Importing as new product ID:814
12-09-2022 @ 10:39:32 - Row :72 - Processing item.
12-09-2022 @ 10:39:32 - Found simple product object. ID:814
12-09-2022 @ 10:39:32 - Row :72 - Processing failed. Reason: Ongeldig of dubbel artikelnummer.
12-09-2022 @ 10:39:32 - Row :73 - Parsing item.
12-09-2022 @ 10:39:32 - Importing as new product ID:815
12-09-2022 @ 10:39:32 - Row :73 - Processing item.
12-09-2022 @ 10:39:32 - Found simple product object. ID:815
12-09-2022 @ 10:39:32 - Row :73 - Processing failed. Reason: Ongeldig of dubbel artikelnummer.
12-09-2022 @ 10:39:32 - Row :74 - Parsing item.
12-09-2022 @ 10:39:32 - Importing as new product ID:816
12-09-2022 @ 10:39:32 - Row :74 - Processing item.
12-09-2022 @ 10:39:32 - Found simple product object. ID:816
12-09-2022 @ 10:39:32 - Row :74 - Processing failed. Reason: Ongeldig of dubbel artikelnummer.
12-09-2022 @ 10:39:32 - Row :75 - Parsing item.
12-09-2022 @ 10:39:32 - Importing as new product ID:817
12-09-2022 @ 10:39:32 - Row :75 - Processing item.
12-09-2022 @ 10:39:32 - Found simple product object. ID:817
12-09-2022 @ 10:39:32 - Row :75 - Processing failed. Reason: Ongeldig of dubbel artikelnummer.
12-09-2022 @ 10:39:32 - Row :76 - Parsing item.
12-09-2022 @ 10:39:32 - Importing as new product ID:818
12-09-2022 @ 10:39:32 - Row :76 - Processing item.
12-09-2022 @ 10:39:32 - Found simple product object. ID:818
12-09-2022 @ 10:39:32 - Row :76 - Processing failed. Reason: Ongeldig of dubbel artikelnummer.
12-09-2022 @ 10:39:32 - Row :77 - Parsing item.
12-09-2022 @ 10:39:32 - Importing as new product ID:819
12-09-2022 @ 10:39:32 - Row :77 - Processing item.
12-09-2022 @ 10:39:32 - Found simple product object. ID:819
12-09-2022 @ 10:39:32 - Row :77 - Processing failed. Reason: Ongeldig of dubbel artikelnummer.
12-09-2022 @ 10:39:32 - Row :78 - Parsing item.
12-09-2022 @ 10:39:32 - Importing as new product ID:820
12-09-2022 @ 10:39:32 - Row :78 - Processing item.
12-09-2022 @ 10:39:32 - Found simple product object. ID:820
12-09-2022 @ 10:39:32 - Row :78 - Processing failed. Reason: Ongeldig of dubbel artikelnummer.
12-09-2022 @ 10:39:32 - Row :79 - Parsing item.
12-09-2022 @ 10:39:32 - Importing as new product ID:821
12-09-2022 @ 10:39:32 - Row :79 - Processing item.
12-09-2022 @ 10:39:32 - Found simple product object. ID:821
12-09-2022 @ 10:39:32 - Row :79 - Processing failed. Reason: Ongeldig of dubbel artikelnummer.
12-09-2022 @ 10:39:32 - Row :80 - Parsing item.
12-09-2022 @ 10:39:32 - Importing as new product ID:822
12-09-2022 @ 10:39:32 - Row :80 - Processing item.
12-09-2022 @ 10:39:32 - Found simple product object. ID:822
12-09-2022 @ 10:39:32 - Row :80 - Processing failed. Reason: Ongeldig of dubbel artikelnummer.
12-09-2022 @ 10:39:33 - Preparing for import.
12-09-2022 @ 10:39:33 - Row :81 - Parsing item.
12-09-2022 @ 10:39:33 - Importing as new product ID:823
12-09-2022 @ 10:39:33 - Row :81 - Processing item.
12-09-2022 @ 10:39:33 - Found simple product object. ID:823
12-09-2022 @ 10:39:33 - Row :81 - Processing failed. Reason: Ongeldig of dubbel artikelnummer.
12-09-2022 @ 10:39:33 - Row :82 - Parsing item.
12-09-2022 @ 10:39:33 - Importing as new product ID:824
12-09-2022 @ 10:39:33 - Row :82 - Processing item.
12-09-2022 @ 10:39:33 - Found simple product object. ID:824
12-09-2022 @ 10:39:33 - Row :82 - Processing failed. Reason: Ongeldig of dubbel artikelnummer.
12-09-2022 @ 10:39:33 - Row :83 - Parsing item.
12-09-2022 @ 10:39:33 - Importing as new product ID:825
12-09-2022 @ 10:39:33 - Row :83 - Processing item.
12-09-2022 @ 10:39:33 - Found simple product object. ID:825
12-09-2022 @ 10:39:33 - Row :83 - Processing failed. Reason: Ongeldig of dubbel artikelnummer.
12-09-2022 @ 10:39:33 - Row :84 - Parsing item.
12-09-2022 @ 10:39:33 - Importing as new product ID:826
12-09-2022 @ 10:39:33 - Row :84 - Processing item.
12-09-2022 @ 10:39:33 - Found simple product object. ID:826
12-09-2022 @ 10:39:33 - Row :84 - Processing failed. Reason: Ongeldig of dubbel artikelnummer.
12-09-2022 @ 10:39:33 - Row :85 - Parsing item.
12-09-2022 @ 10:39:33 - Importing as new product ID:827
12-09-2022 @ 10:39:33 - Row :85 - Processing item.
12-09-2022 @ 10:39:33 - Found simple product object. ID:827
12-09-2022 @ 10:39:33 - Row :85 - Processing failed. Reason: Ongeldig of dubbel artikelnummer.
12-09-2022 @ 10:39:33 - Row :86 - Parsing item.
12-09-2022 @ 10:39:33 - Importing as new product ID:828
12-09-2022 @ 10:39:33 - Row :86 - Processing item.
12-09-2022 @ 10:39:33 - Found simple product object. ID:828
12-09-2022 @ 10:39:33 - Row :86 - Processing failed. Reason: Ongeldig of dubbel artikelnummer.
12-09-2022 @ 10:39:33 - Row :87 - Parsing item.
12-09-2022 @ 10:39:33 - Importing as new product ID:829
12-09-2022 @ 10:39:33 - Row :87 - Processing item.
12-09-2022 @ 10:39:33 - Found simple product object. ID:829
12-09-2022 @ 10:39:33 - Row :87 - Processing failed. Reason: Ongeldig of dubbel artikelnummer.
12-09-2022 @ 10:39:33 - Row :88 - Parsing item.
12-09-2022 @ 10:39:33 - Importing as new product ID:830
12-09-2022 @ 10:39:33 - Row :88 - Processing item.
12-09-2022 @ 10:39:33 - Found simple product object. ID:830
12-09-2022 @ 10:39:33 - Row :88 - Processing failed. Reason: Ongeldig of dubbel artikelnummer.
12-09-2022 @ 10:39:33 - Row :89 - Parsing item.
12-09-2022 @ 10:39:33 - Importing as new product ID:831
12-09-2022 @ 10:39:33 - Row :89 - Processing item.
12-09-2022 @ 10:39:33 - Found simple product object. ID:831
12-09-2022 @ 10:39:33 - Row :89 - Processing failed. Reason: Ongeldig of dubbel artikelnummer.
12-09-2022 @ 10:39:33 - Row :90 - Parsing item.
12-09-2022 @ 10:39:33 - Importing as new product ID:832
12-09-2022 @ 10:39:33 - Row :90 - Processing item.
12-09-2022 @ 10:39:33 - Found simple product object. ID:832
12-09-2022 @ 10:39:33 - Row :90 - Processing failed. Reason: Ongeldig of dubbel artikelnummer.
12-09-2022 @ 10:39:33 - Row :91 - Parsing item.
12-09-2022 @ 10:39:33 - Importing as new product ID:833
12-09-2022 @ 10:39:33 - Row :91 - Processing item.
12-09-2022 @ 10:39:33 - Found simple product object. ID:833
12-09-2022 @ 10:39:33 - Row :91 - Processing failed. Reason: Ongeldig of dubbel artikelnummer.
12-09-2022 @ 10:39:33 - Row :92 - Parsing item.
12-09-2022 @ 10:39:33 - Importing as new product ID:834
12-09-2022 @ 10:39:33 - Row :92 - Processing item.
12-09-2022 @ 10:39:33 - Found simple product object. ID:834
12-09-2022 @ 10:39:33 - Row :92 - Processing failed. Reason: Ongeldig of dubbel artikelnummer.
12-09-2022 @ 10:39:33 - Row :93 - Parsing item.
12-09-2022 @ 10:39:33 - Importing as new product ID:835
12-09-2022 @ 10:39:33 - Row :93 - Processing item.
12-09-2022 @ 10:39:33 - Found simple product object. ID:835
12-09-2022 @ 10:39:33 - Row :93 - Processing failed. Reason: Ongeldig of dubbel artikelnummer.
12-09-2022 @ 10:39:33 - Row :94 - Parsing item.
12-09-2022 @ 10:39:33 - Importing as new product ID:836
12-09-2022 @ 10:39:33 - Row :94 - Processing item.
12-09-2022 @ 10:39:33 - Found simple product object. ID:836
12-09-2022 @ 10:39:33 - Row :94 - Processing failed. Reason: Ongeldig of dubbel artikelnummer.
12-09-2022 @ 10:39:33 - Row :95 - Parsing item.
12-09-2022 @ 10:39:33 - Importing as new product ID:837
12-09-2022 @ 10:39:33 - Row :95 - Processing item.
12-09-2022 @ 10:39:33 - Found simple product object. ID:837
12-09-2022 @ 10:39:33 - Row :95 - Processing failed. Reason: Ongeldig of dubbel artikelnummer.
12-09-2022 @ 10:39:33 - Row :96 - Parsing item.
12-09-2022 @ 10:39:33 - Importing as new product ID:838
12-09-2022 @ 10:39:33 - Row :96 - Processing item.
12-09-2022 @ 10:39:33 - Found simple product object. ID:838
12-09-2022 @ 10:39:33 - Row :96 - Processing failed. Reason: Ongeldig of dubbel artikelnummer.
12-09-2022 @ 10:39:33 - Row :97 - Parsing item.
12-09-2022 @ 10:39:33 - Importing as new product ID:839
12-09-2022 @ 10:39:33 - Row :97 - Processing item.
12-09-2022 @ 10:39:33 - Found simple product object. ID:839
12-09-2022 @ 10:39:33 - Row :97 - Processing failed. Reason: Ongeldig of dubbel artikelnummer.
12-09-2022 @ 10:39:33 - Row :98 - Parsing item.
12-09-2022 @ 10:39:33 - Importing as new product ID:840
12-09-2022 @ 10:39:33 - Row :98 - Processing item.
12-09-2022 @ 10:39:33 - Found simple product object. ID:840
12-09-2022 @ 10:39:33 - Row :98 - Processing failed. Reason: Ongeldig of dubbel artikelnummer.
12-09-2022 @ 10:39:33 - Row :99 - Parsing item.
12-09-2022 @ 10:39:33 - Importing as new product ID:841
12-09-2022 @ 10:39:33 - Row :99 - Processing item.
12-09-2022 @ 10:39:33 - Found simple product object. ID:841
12-09-2022 @ 10:39:33 - Row :99 - Processing failed. Reason: Ongeldig of dubbel artikelnummer.
12-09-2022 @ 10:39:33 - Row :100 - Parsing item.
12-09-2022 @ 10:39:33 - Importing as new product ID:842
12-09-2022 @ 10:39:33 - Row :100 - Processing item.
12-09-2022 @ 10:39:33 - Found simple product object. ID:842
12-09-2022 @ 10:39:33 - Row :100 - Processing failed. Reason: Ongeldig of dubbel artikelnummer.
12-09-2022 @ 10:39:34 - Preparing for import.
12-09-2022 @ 10:39:34 - Row :101 - Parsing item.
12-09-2022 @ 10:39:34 - Importing as new product ID:843
12-09-2022 @ 10:39:34 - Row :101 - Processing item.
12-09-2022 @ 10:39:34 - Found simple product object. ID:843
12-09-2022 @ 10:39:34 - Row :101 - Processing failed. Reason: Ongeldig of dubbel artikelnummer.
12-09-2022 @ 10:39:34 - Row :102 - Parsing item.
12-09-2022 @ 10:39:34 - Importing as new product ID:844
12-09-2022 @ 10:39:34 - Row :102 - Processing item.
12-09-2022 @ 10:39:34 - Found simple product object. ID:844
12-09-2022 @ 10:39:34 - Row :102 - Processing failed. Reason: Ongeldig of dubbel artikelnummer.
12-09-2022 @ 10:39:34 - Row :103 - Parsing item.
12-09-2022 @ 10:39:34 - Importing as new product ID:845
12-09-2022 @ 10:39:34 - Row :103 - Processing item.
12-09-2022 @ 10:39:34 - Found simple product object. ID:845
12-09-2022 @ 10:39:34 - Row :103 - Processing failed. Reason: Ongeldig of dubbel artikelnummer.
12-09-2022 @ 10:39:34 - Row :104 - Parsing item.
12-09-2022 @ 10:39:34 - Importing as new product ID:846
12-09-2022 @ 10:39:34 - Row :104 - Processing item.
12-09-2022 @ 10:39:34 - Found simple product object. ID:846
12-09-2022 @ 10:39:34 - Row :104 - Processing failed. Reason: Ongeldig of dubbel artikelnummer.
12-09-2022 @ 10:39:34 - Row :105 - Parsing item.
12-09-2022 @ 10:39:34 - Importing as new product ID:847
12-09-2022 @ 10:39:34 - Row :105 - Processing item.
12-09-2022 @ 10:39:34 - Found simple product object. ID:847
12-09-2022 @ 10:39:34 - Row :105 - Processing failed. Reason: Ongeldig of dubbel artikelnummer.
12-09-2022 @ 10:39:34 - Row :106 - Parsing item.
12-09-2022 @ 10:39:34 - Importing as new product ID:848
12-09-2022 @ 10:39:34 - Row :106 - Processing item.
12-09-2022 @ 10:39:34 - Found simple product object. ID:848
12-09-2022 @ 10:39:34 - Row :106 - Processing failed. Reason: Ongeldig of dubbel artikelnummer.
12-09-2022 @ 10:39:34 - Row :107 - Parsing item.
12-09-2022 @ 10:39:34 - Importing as new product ID:849
12-09-2022 @ 10:39:34 - Row :107 - Processing item.
12-09-2022 @ 10:39:34 - Found simple product object. ID:849
12-09-2022 @ 10:39:34 - Row :107 - Processing failed. Reason: Ongeldig of dubbel artikelnummer.
12-09-2022 @ 10:39:34 - Row :108 - Parsing item.
12-09-2022 @ 10:39:34 - Importing as new product ID:850
12-09-2022 @ 10:39:34 - Row :108 - Processing item.
12-09-2022 @ 10:39:34 - Found simple product object. ID:850
12-09-2022 @ 10:39:34 - Row :108 - Processing failed. Reason: Ongeldig of dubbel artikelnummer.
12-09-2022 @ 10:39:34 - Row :109 - Parsing item.
12-09-2022 @ 10:39:34 - Importing as new product ID:851
12-09-2022 @ 10:39:34 - Row :109 - Processing item.
12-09-2022 @ 10:39:34 - Found simple product object. ID:851
12-09-2022 @ 10:39:34 - Row :109 - Processing failed. Reason: Ongeldig of dubbel artikelnummer.
12-09-2022 @ 10:39:34 - Row :110 - Parsing item.
12-09-2022 @ 10:39:34 - Importing as new product ID:852
12-09-2022 @ 10:39:34 - Row :110 - Processing item.
12-09-2022 @ 10:39:34 - Found simple product object. ID:852
12-09-2022 @ 10:39:34 - Row :110 - Processing failed. Reason: Ongeldig of dubbel artikelnummer.
12-09-2022 @ 10:39:34 - Row :111 - Parsing item.
12-09-2022 @ 10:39:34 - Importing as new product ID:853
12-09-2022 @ 10:39:34 - Row :111 - Processing item.
12-09-2022 @ 10:39:34 - Found simple product object. ID:853
12-09-2022 @ 10:39:34 - Row :111 - Processing failed. Reason: Ongeldig of dubbel artikelnummer.
12-09-2022 @ 10:39:34 - Row :112 - Parsing item.
12-09-2022 @ 10:39:34 - Importing as new product ID:854
12-09-2022 @ 10:39:34 - Row :112 - Processing item.
12-09-2022 @ 10:39:34 - Found simple product object. ID:854
12-09-2022 @ 10:39:34 - Row :112 - Processing failed. Reason: Ongeldig of dubbel artikelnummer.
12-09-2022 @ 10:39:34 - Row :113 - Parsing item.
12-09-2022 @ 10:39:34 - Importing as new product ID:855
12-09-2022 @ 10:39:34 - Row :113 - Processing item.
12-09-2022 @ 10:39:34 - Found simple product object. ID:855
12-09-2022 @ 10:39:34 - Row :113 - Processing failed. Reason: Ongeldig of dubbel artikelnummer.
12-09-2022 @ 10:39:34 - Row :114 - Parsing item.
12-09-2022 @ 10:39:34 - Importing as new product ID:856
12-09-2022 @ 10:39:34 - Row :114 - Processing item.
12-09-2022 @ 10:39:34 - Found simple product object. ID:856
12-09-2022 @ 10:39:34 - Row :114 - Processing failed. Reason: Ongeldig of dubbel artikelnummer.
12-09-2022 @ 10:39:34 - Row :115 - Parsing item.
12-09-2022 @ 10:39:34 - Importing as new product ID:857
12-09-2022 @ 10:39:34 - Row :115 - Processing item.
12-09-2022 @ 10:39:34 - Found simple product object. ID:857
12-09-2022 @ 10:39:34 - Row :115 - Processing failed. Reason: Ongeldig of dubbel artikelnummer.
12-09-2022 @ 10:39:34 - Row :116 - Parsing item.
12-09-2022 @ 10:39:34 - Importing as new product ID:858
12-09-2022 @ 10:39:34 - Row :116 - Processing item.
12-09-2022 @ 10:39:34 - Found simple product object. ID:858
12-09-2022 @ 10:39:34 - Row :116 - Processing failed. Reason: Ongeldig of dubbel artikelnummer.
12-09-2022 @ 10:39:34 - Row :117 - Parsing item.
12-09-2022 @ 10:39:34 - Importing as new product ID:859
12-09-2022 @ 10:39:34 - Row :117 - Processing item.
12-09-2022 @ 10:39:34 - Found simple product object. ID:859
12-09-2022 @ 10:39:34 - Row :117 - Processing failed. Reason: Ongeldig of dubbel artikelnummer.
12-09-2022 @ 10:39:34 - Row :118 - Parsing item.
12-09-2022 @ 10:39:34 - Importing as new product ID:860
12-09-2022 @ 10:39:34 - Row :118 - Processing item.
12-09-2022 @ 10:39:34 - Found simple product object. ID:860
12-09-2022 @ 10:39:34 - Row :118 - Processing failed. Reason: Ongeldig of dubbel artikelnummer.
12-09-2022 @ 10:39:34 - Row :119 - Parsing item.
12-09-2022 @ 10:39:34 - Importing as new product ID:861
12-09-2022 @ 10:39:34 - Row :119 - Processing item.
12-09-2022 @ 10:39:34 - Found simple product object. ID:861
12-09-2022 @ 10:39:34 - Row :119 - Processing failed. Reason: Ongeldig of dubbel artikelnummer.
12-09-2022 @ 10:39:34 - Row :120 - Parsing item.
12-09-2022 @ 10:39:34 - Importing as new product ID:862
12-09-2022 @ 10:39:34 - Row :120 - Processing item.
12-09-2022 @ 10:39:34 - Found simple product object. ID:862
12-09-2022 @ 10:39:34 - Row :120 - Processing failed. Reason: Ongeldig of dubbel artikelnummer.
12-09-2022 @ 10:39:35 - Preparing for import.
12-09-2022 @ 10:39:35 - Row :121 - Parsing item.
12-09-2022 @ 10:39:35 - Importing as new product ID:863
12-09-2022 @ 10:39:35 - Row :121 - Processing item.
12-09-2022 @ 10:39:35 - Found simple product object. ID:863
12-09-2022 @ 10:39:35 - Row :121 - Processing failed. Reason: Ongeldig of dubbel artikelnummer.
12-09-2022 @ 10:39:35 - Row :122 - Parsing item.
12-09-2022 @ 10:39:35 - Importing as new product ID:864
12-09-2022 @ 10:39:35 - Row :122 - Processing item.
12-09-2022 @ 10:39:35 - Found simple product object. ID:864
12-09-2022 @ 10:39:35 - Row :122 - Processing failed. Reason: Ongeldig of dubbel artikelnummer.
12-09-2022 @ 10:39:35 - Row :123 - Parsing item.
12-09-2022 @ 10:39:35 - Importing as new product ID:865
12-09-2022 @ 10:39:35 - Row :123 - Processing item.
12-09-2022 @ 10:39:35 - Found simple product object. ID:865
12-09-2022 @ 10:39:35 - Row :123 - Processing failed. Reason: Ongeldig of dubbel artikelnummer.
12-09-2022 @ 10:39:35 - Row :124 - Parsing item.
12-09-2022 @ 10:39:35 - Importing as new product ID:866
12-09-2022 @ 10:39:35 - Row :124 - Processing item.
12-09-2022 @ 10:39:35 - Found simple product object. ID:866
12-09-2022 @ 10:39:35 - Row :124 - Processing failed. Reason: Ongeldig of dubbel artikelnummer.
12-09-2022 @ 10:39:35 - Row :125 - Parsing item.
12-09-2022 @ 10:39:35 - Importing as new product ID:867
12-09-2022 @ 10:39:35 - Row :125 - Processing item.
12-09-2022 @ 10:39:35 - Found simple product object. ID:867
12-09-2022 @ 10:39:35 - Row :125 - Processing failed. Reason: Ongeldig of dubbel artikelnummer.
12-09-2022 @ 10:39:35 - Row :126 - Parsing item.
12-09-2022 @ 10:39:35 - Importing as new product ID:868
12-09-2022 @ 10:39:35 - Row :126 - Processing item.
12-09-2022 @ 10:39:35 - Found simple product object. ID:868
12-09-2022 @ 10:39:35 - Row :126 - Processing failed. Reason: Ongeldig of dubbel artikelnummer.
12-09-2022 @ 10:39:35 - Row :127 - Parsing item.
12-09-2022 @ 10:39:35 - Importing as new product ID:869
12-09-2022 @ 10:39:35 - Row :127 - Processing item.
12-09-2022 @ 10:39:35 - Found simple product object. ID:869
12-09-2022 @ 10:39:35 - Row :127 - Processing failed. Reason: Ongeldig of dubbel artikelnummer.
12-09-2022 @ 10:39:35 - Row :128 - Parsing item.
12-09-2022 @ 10:39:35 - Importing as new product ID:870
12-09-2022 @ 10:39:35 - Row :128 - Processing item.
12-09-2022 @ 10:39:35 - Found simple product object. ID:870
12-09-2022 @ 10:39:35 - Row :128 - Processing failed. Reason: Ongeldig of dubbel artikelnummer.
12-09-2022 @ 10:39:35 - Row :129 - Parsing item.
12-09-2022 @ 10:39:35 - Importing as new product ID:871
12-09-2022 @ 10:39:35 - Row :129 - Processing item.
12-09-2022 @ 10:39:35 - Found simple product object. ID:871
12-09-2022 @ 10:39:35 - Row :129 - Processing failed. Reason: Ongeldig of dubbel artikelnummer.
12-09-2022 @ 10:39:35 - Row :130 - Parsing item.
12-09-2022 @ 10:39:35 - Importing as new product ID:872
12-09-2022 @ 10:39:35 - Row :130 - Processing item.
12-09-2022 @ 10:39:35 - Found simple product object. ID:872
12-09-2022 @ 10:39:35 - Row :130 - Processing failed. Reason: Ongeldig of dubbel artikelnummer.
12-09-2022 @ 10:39:35 - Row :131 - Parsing item.
12-09-2022 @ 10:39:35 - Importing as new product ID:873
12-09-2022 @ 10:39:35 - Row :131 - Processing item.
12-09-2022 @ 10:39:35 - Found simple product object. ID:873
12-09-2022 @ 10:39:35 - Row :131 - Processing failed. Reason: Ongeldig of dubbel artikelnummer.
12-09-2022 @ 10:39:35 - Row :132 - Parsing item.
12-09-2022 @ 10:39:35 - Importing as new product ID:874
12-09-2022 @ 10:39:35 - Row :132 - Processing item.
12-09-2022 @ 10:39:35 - Found simple product object. ID:874
12-09-2022 @ 10:39:35 - Row :132 - Processing failed. Reason: Ongeldig of dubbel artikelnummer.
12-09-2022 @ 10:39:35 - Row :133 - Parsing item.
12-09-2022 @ 10:39:35 - Importing as new product ID:875
12-09-2022 @ 10:39:35 - Row :133 - Processing item.
12-09-2022 @ 10:39:35 - Found simple product object. ID:875
12-09-2022 @ 10:39:35 - Row :133 - Processing failed. Reason: Ongeldig of dubbel artikelnummer.
12-09-2022 @ 10:39:35 - Row :134 - Parsing item.
12-09-2022 @ 10:39:35 - Importing as new product ID:876
12-09-2022 @ 10:39:35 - Row :134 - Processing item.
12-09-2022 @ 10:39:35 - Found simple product object. ID:876
12-09-2022 @ 10:39:35 - Row :134 - Processing failed. Reason: Ongeldig of dubbel artikelnummer.
12-09-2022 @ 10:39:35 - Row :135 - Parsing item.
12-09-2022 @ 10:39:35 - Importing as new product ID:877
12-09-2022 @ 10:39:35 - Row :135 - Processing item.
12-09-2022 @ 10:39:35 - Found simple product object. ID:877
12-09-2022 @ 10:39:35 - Row :135 - Processing failed. Reason: Ongeldig of dubbel artikelnummer.
12-09-2022 @ 10:39:35 - Row :136 - Parsing item.
12-09-2022 @ 10:39:35 - Importing as new product ID:878
12-09-2022 @ 10:39:35 - Row :136 - Processing item.
12-09-2022 @ 10:39:35 - Found simple product object. ID:878
12-09-2022 @ 10:39:35 - Row :136 - Processing failed. Reason: Ongeldig of dubbel artikelnummer.
12-09-2022 @ 10:39:35 - Row :137 - Parsing item.
12-09-2022 @ 10:39:35 - Importing as new product ID:879
12-09-2022 @ 10:39:35 - Row :137 - Processing item.
12-09-2022 @ 10:39:35 - Found simple product object. ID:879
12-09-2022 @ 10:39:35 - Row :137 - Processing failed. Reason: Ongeldig of dubbel artikelnummer.
12-09-2022 @ 10:39:35 - Row :138 - Parsing item.
12-09-2022 @ 10:39:35 - Importing as new product ID:880
12-09-2022 @ 10:39:35 - Row :138 - Processing item.
12-09-2022 @ 10:39:35 - Found simple product object. ID:880
12-09-2022 @ 10:39:35 - Row :138 - Processing failed. Reason: Ongeldig of dubbel artikelnummer.
12-09-2022 @ 10:39:35 - Row :139 - Parsing item.
12-09-2022 @ 10:39:35 - Importing as new product ID:881
12-09-2022 @ 10:39:35 - Row :139 - Processing item.
12-09-2022 @ 10:39:35 - Found simple product object. ID:881
12-09-2022 @ 10:39:35 - Row :139 - Processing failed. Reason: Ongeldig of dubbel artikelnummer.
12-09-2022 @ 10:39:35 - Row :140 - Parsing item.
12-09-2022 @ 10:39:35 - Importing as new product ID:882
12-09-2022 @ 10:39:35 - Row :140 - Processing item.
12-09-2022 @ 10:39:35 - Found simple product object. ID:882
12-09-2022 @ 10:39:36 - Row :140 - Processing failed. Reason: Ongeldig of dubbel artikelnummer.
12-09-2022 @ 10:39:36 - Preparing for import.
12-09-2022 @ 10:39:36 - Row :141 - Parsing item.
12-09-2022 @ 10:39:36 - Importing as new product ID:883
12-09-2022 @ 10:39:36 - Row :141 - Processing item.
12-09-2022 @ 10:39:36 - Found simple product object. ID:883
12-09-2022 @ 10:39:36 - Row :141 - Processing failed. Reason: Ongeldig of dubbel artikelnummer.
12-09-2022 @ 10:39:36 - Row :142 - Parsing item.
12-09-2022 @ 10:39:36 - Importing as new product ID:884
12-09-2022 @ 10:39:36 - Row :142 - Processing item.
12-09-2022 @ 10:39:36 - Found simple product object. ID:884
12-09-2022 @ 10:39:36 - Row :142 - Processing failed. Reason: Ongeldig of dubbel artikelnummer.
12-09-2022 @ 10:39:36 - Row :143 - Parsing item.
12-09-2022 @ 10:39:36 - Importing as new product ID:885
12-09-2022 @ 10:39:36 - Row :143 - Processing item.
12-09-2022 @ 10:39:36 - Found simple product object. ID:885
12-09-2022 @ 10:39:36 - Row :143 - Processing failed. Reason: Ongeldig of dubbel artikelnummer.
12-09-2022 @ 10:39:36 - Row :144 - Parsing item.
12-09-2022 @ 10:39:36 - Importing as new product ID:886
12-09-2022 @ 10:39:36 - Row :144 - Processing item.
12-09-2022 @ 10:39:36 - Found simple product object. ID:886
12-09-2022 @ 10:39:36 - Row :144 - Processing failed. Reason: Ongeldig of dubbel artikelnummer.
12-09-2022 @ 10:39:36 - Row :145 - Parsing item.
12-09-2022 @ 10:39:36 - Importing as new product ID:887
12-09-2022 @ 10:39:36 - Row :145 - Processing item.
12-09-2022 @ 10:39:36 - Found simple product object. ID:887
12-09-2022 @ 10:39:36 - Row :145 - Processing failed. Reason: Ongeldig of dubbel artikelnummer.
12-09-2022 @ 10:39:36 - Row :146 - Parsing item.
12-09-2022 @ 10:39:37 - Importing as new product ID:888
12-09-2022 @ 10:39:37 - Row :146 - Processing item.
12-09-2022 @ 10:39:37 - Found simple product object. ID:888
12-09-2022 @ 10:39:37 - Row :146 - Processing failed. Reason: Ongeldig of dubbel artikelnummer.
12-09-2022 @ 10:39:37 - Row :147 - Parsing item.
12-09-2022 @ 10:39:37 - Importing as new product ID:889
12-09-2022 @ 10:39:37 - Row :147 - Processing item.
12-09-2022 @ 10:39:37 - Found simple product object. ID:889
12-09-2022 @ 10:39:37 - Row :147 - Processing failed. Reason: Ongeldig of dubbel artikelnummer.
12-09-2022 @ 10:39:37 - Row :148 - Parsing item.
12-09-2022 @ 10:39:37 - Importing as new product ID:890
12-09-2022 @ 10:39:37 - Row :148 - Processing item.
12-09-2022 @ 10:39:37 - Found simple product object. ID:890
12-09-2022 @ 10:39:37 - Row :148 - Processing failed. Reason: Ongeldig of dubbel artikelnummer.
12-09-2022 @ 10:39:37 - Row :149 - Parsing item.
12-09-2022 @ 10:39:37 - Importing as new product ID:891
12-09-2022 @ 10:39:37 - Row :149 - Processing item.
12-09-2022 @ 10:39:37 - Found simple product object. ID:891
12-09-2022 @ 10:39:37 - Row :149 - Processing failed. Reason: Ongeldig of dubbel artikelnummer.
12-09-2022 @ 10:39:37 - Row :150 - Parsing item.
12-09-2022 @ 10:39:37 - Importing as new product ID:892
12-09-2022 @ 10:39:37 - Row :150 - Processing item.
12-09-2022 @ 10:39:37 - Found simple product object. ID:892
12-09-2022 @ 10:39:37 - Row :150 - Processing failed. Reason: Ongeldig of dubbel artikelnummer.
12-09-2022 @ 10:39:37 - Row :151 - Parsing item.
12-09-2022 @ 10:39:37 - Importing as new product ID:893
12-09-2022 @ 10:39:37 - Row :151 - Processing item.
12-09-2022 @ 10:39:37 - Found simple product object. ID:893
12-09-2022 @ 10:39:37 - Row :151 - Processing failed. Reason: Ongeldig of dubbel artikelnummer.
12-09-2022 @ 10:39:37 - Row :152 - Parsing item.
12-09-2022 @ 10:39:37 - Importing as new product ID:894
12-09-2022 @ 10:39:37 - Row :152 - Processing item.
12-09-2022 @ 10:39:37 - Found simple product object. ID:894
12-09-2022 @ 10:39:37 - Row :152 - Processing failed. Reason: Ongeldig of dubbel artikelnummer.
12-09-2022 @ 10:39:37 - Row :153 - Parsing item.
12-09-2022 @ 10:39:37 - Importing as new product ID:895
12-09-2022 @ 10:39:37 - Row :153 - Processing item.
12-09-2022 @ 10:39:37 - Found simple product object. ID:895
12-09-2022 @ 10:39:37 - Row :153 - Processing failed. Reason: Ongeldig of dubbel artikelnummer.
12-09-2022 @ 10:39:37 - Row :154 - Parsing item.
12-09-2022 @ 10:39:37 - Importing as new product ID:896
12-09-2022 @ 10:39:37 - Row :154 - Processing item.
12-09-2022 @ 10:39:37 - Found simple product object. ID:896
12-09-2022 @ 10:39:37 - Row :154 - Processing failed. Reason: Ongeldig of dubbel artikelnummer.
12-09-2022 @ 10:39:37 - Row :155 - Parsing item.
12-09-2022 @ 10:39:37 - Importing as new product ID:897
12-09-2022 @ 10:39:37 - Row :155 - Processing item.
12-09-2022 @ 10:39:37 - Found simple product object. ID:897
12-09-2022 @ 10:39:37 - Row :155 - Processing failed. Reason: Ongeldig of dubbel artikelnummer.
12-09-2022 @ 10:39:37 - Row :156 - Parsing item.
12-09-2022 @ 10:39:37 - Importing as new product ID:898
12-09-2022 @ 10:39:37 - Row :156 - Processing item.
12-09-2022 @ 10:39:37 - Found simple product object. ID:898
12-09-2022 @ 10:39:37 - Row :156 - Processing failed. Reason: Ongeldig of dubbel artikelnummer.
12-09-2022 @ 10:39:37 - Row :157 - Parsing item.
12-09-2022 @ 10:39:37 - Importing as new product ID:899
12-09-2022 @ 10:39:37 - Row :157 - Processing item.
12-09-2022 @ 10:39:37 - Found simple product object. ID:899
12-09-2022 @ 10:39:37 - Row :157 - Processing failed. Reason: Ongeldig of dubbel artikelnummer.
12-09-2022 @ 10:39:37 - Row :158 - Parsing item.
12-09-2022 @ 10:39:37 - Importing as new product ID:900
12-09-2022 @ 10:39:37 - Row :158 - Processing item.
12-09-2022 @ 10:39:37 - Found simple product object. ID:900
12-09-2022 @ 10:39:37 - Row :158 - Processing failed. Reason: Ongeldig of dubbel artikelnummer.
12-09-2022 @ 10:39:37 - Row :159 - Parsing item.
12-09-2022 @ 10:39:37 - Importing as new product ID:901
12-09-2022 @ 10:39:37 - Row :159 - Processing item.
12-09-2022 @ 10:39:37 - Found simple product object. ID:901
12-09-2022 @ 10:39:37 - Row :159 - Processing failed. Reason: Ongeldig of dubbel artikelnummer.
12-09-2022 @ 10:39:37 - Row :160 - Parsing item.
12-09-2022 @ 10:39:37 - Importing as new product ID:902
12-09-2022 @ 10:39:37 - Row :160 - Processing item.
12-09-2022 @ 10:39:37 - Found simple product object. ID:902
12-09-2022 @ 10:39:37 - Row :160 - Processing failed. Reason: Ongeldig of dubbel artikelnummer.
12-09-2022 @ 10:39:38 - Preparing for import.
12-09-2022 @ 10:39:38 - Row :161 - Parsing item.
12-09-2022 @ 10:39:38 - Importing as new product ID:903
12-09-2022 @ 10:39:38 - Row :161 - Processing item.
12-09-2022 @ 10:39:38 - Found simple product object. ID:903
12-09-2022 @ 10:39:38 - Row :161 - Processing failed. Reason: Ongeldig of dubbel artikelnummer.
12-09-2022 @ 10:39:38 - Row :162 - Parsing item.
12-09-2022 @ 10:39:38 - Importing as new product ID:904
12-09-2022 @ 10:39:38 - Row :162 - Processing item.
12-09-2022 @ 10:39:38 - Found simple product object. ID:904
12-09-2022 @ 10:39:38 - Row :162 - Processing failed. Reason: Ongeldig of dubbel artikelnummer.
12-09-2022 @ 10:39:38 - Row :163 - Parsing item.
12-09-2022 @ 10:39:38 - Importing as new product ID:905
12-09-2022 @ 10:39:38 - Row :163 - Processing item.
12-09-2022 @ 10:39:38 - Found simple product object. ID:905
12-09-2022 @ 10:39:38 - Row :163 - Processing failed. Reason: Ongeldig of dubbel artikelnummer.
12-09-2022 @ 10:39:38 - Row :164 - Parsing item.
12-09-2022 @ 10:39:38 - Importing as new product ID:906
12-09-2022 @ 10:39:38 - Row :164 - Processing item.
12-09-2022 @ 10:39:38 - Found simple product object. ID:906
12-09-2022 @ 10:39:38 - Row :164 - Processing failed. Reason: Ongeldig of dubbel artikelnummer.
12-09-2022 @ 10:39:38 - Row :165 - Parsing item.
12-09-2022 @ 10:39:38 - Importing as new product ID:907
12-09-2022 @ 10:39:38 - Row :165 - Processing item.
12-09-2022 @ 10:39:38 - Found simple product object. ID:907
12-09-2022 @ 10:39:38 - Row :165 - Processing failed. Reason: Ongeldig of dubbel artikelnummer.
12-09-2022 @ 10:39:38 - Row :166 - Parsing item.
12-09-2022 @ 10:39:38 - Importing as new product ID:908
12-09-2022 @ 10:39:38 - Row :166 - Processing item.
12-09-2022 @ 10:39:38 - Found simple product object. ID:908
12-09-2022 @ 10:39:38 - Row :166 - Processing failed. Reason: Ongeldig of dubbel artikelnummer.
12-09-2022 @ 10:39:38 - Row :167 - Parsing item.
12-09-2022 @ 10:39:38 - Importing as new product ID:909
12-09-2022 @ 10:39:38 - Row :167 - Processing item.
12-09-2022 @ 10:39:38 - Found simple product object. ID:909
12-09-2022 @ 10:39:38 - Row :167 - Processing failed. Reason: Ongeldig of dubbel artikelnummer.
12-09-2022 @ 10:39:38 - Row :168 - Parsing item.
12-09-2022 @ 10:39:38 - Importing as new product ID:910
12-09-2022 @ 10:39:38 - Row :168 - Processing item.
12-09-2022 @ 10:39:38 - Found simple product object. ID:910
12-09-2022 @ 10:39:38 - Row :168 - Processing failed. Reason: Ongeldig of dubbel artikelnummer.
12-09-2022 @ 10:39:38 - Row :169 - Parsing item.
12-09-2022 @ 10:39:38 - Importing as new product ID:911
12-09-2022 @ 10:39:38 - Row :169 - Processing item.
12-09-2022 @ 10:39:38 - Found simple product object. ID:911
12-09-2022 @ 10:39:38 - Row :169 - Processing failed. Reason: Ongeldig of dubbel artikelnummer.
12-09-2022 @ 10:39:38 - Row :170 - Parsing item.
12-09-2022 @ 10:39:38 - Importing as new product ID:912
12-09-2022 @ 10:39:38 - Row :170 - Processing item.
12-09-2022 @ 10:39:38 - Found simple product object. ID:912
12-09-2022 @ 10:39:38 - Row :170 - Processing failed. Reason: Ongeldig of dubbel artikelnummer.
12-09-2022 @ 10:39:38 - Row :171 - Parsing item.
12-09-2022 @ 10:39:38 - Importing as new product ID:913
12-09-2022 @ 10:39:38 - Row :171 - Processing item.
12-09-2022 @ 10:39:38 - Found simple product object. ID:913
12-09-2022 @ 10:39:38 - Row :171 - Processing failed. Reason: Ongeldig of dubbel artikelnummer.
12-09-2022 @ 10:39:38 - Row :172 - Parsing item.
12-09-2022 @ 10:39:38 - Importing as new product ID:914
12-09-2022 @ 10:39:38 - Row :172 - Processing item.
12-09-2022 @ 10:39:38 - Found simple product object. ID:914
12-09-2022 @ 10:39:38 - Row :172 - Processing failed. Reason: Ongeldig of dubbel artikelnummer.
12-09-2022 @ 10:39:38 - Row :173 - Parsing item.
12-09-2022 @ 10:39:38 - Importing as new product ID:915
12-09-2022 @ 10:39:38 - Row :173 - Processing item.
12-09-2022 @ 10:39:38 - Found simple product object. ID:915
12-09-2022 @ 10:39:38 - Row :173 - Processing failed. Reason: Ongeldig of dubbel artikelnummer.
12-09-2022 @ 10:39:38 - Row :174 - Parsing item.
12-09-2022 @ 10:39:38 - Importing as new product ID:916
12-09-2022 @ 10:39:38 - Row :174 - Processing item.
12-09-2022 @ 10:39:38 - Found simple product object. ID:916
12-09-2022 @ 10:39:38 - Row :174 - Processing failed. Reason: Ongeldig of dubbel artikelnummer.
12-09-2022 @ 10:39:38 - Row :175 - Parsing item.
12-09-2022 @ 10:39:38 - Importing as new product ID:917
12-09-2022 @ 10:39:38 - Row :175 - Processing item.
12-09-2022 @ 10:39:38 - Found simple product object. ID:917
12-09-2022 @ 10:39:38 - Row :175 - Processing failed. Reason: Ongeldig of dubbel artikelnummer.
12-09-2022 @ 10:39:38 - Row :176 - Parsing item.
12-09-2022 @ 10:39:38 - Importing as new product ID:918
12-09-2022 @ 10:39:38 - Row :176 - Processing item.
12-09-2022 @ 10:39:38 - Found simple product object. ID:918
12-09-2022 @ 10:39:38 - Row :176 - Processing failed. Reason: Ongeldig of dubbel artikelnummer.
12-09-2022 @ 10:39:38 - Row :177 - Parsing item.
12-09-2022 @ 10:39:38 - Importing as new product ID:919
12-09-2022 @ 10:39:38 - Row :177 - Processing item.
12-09-2022 @ 10:39:38 - Found simple product object. ID:919
12-09-2022 @ 10:39:38 - Row :177 - Processing failed. Reason: Ongeldig of dubbel artikelnummer.
12-09-2022 @ 10:39:38 - Row :178 - Parsing item.
12-09-2022 @ 10:39:38 - Importing as new product ID:920
12-09-2022 @ 10:39:38 - Row :178 - Processing item.
12-09-2022 @ 10:39:38 - Found simple product object. ID:920
12-09-2022 @ 10:39:38 - Row :178 - Processing failed. Reason: Ongeldig of dubbel artikelnummer.
12-09-2022 @ 10:39:38 - Row :179 - Parsing item.
12-09-2022 @ 10:39:38 - Importing as new product ID:921
12-09-2022 @ 10:39:38 - Row :179 - Processing item.
12-09-2022 @ 10:39:38 - Found simple product object. ID:921
12-09-2022 @ 10:39:38 - Row :179 - Processing failed. Reason: Ongeldig of dubbel artikelnummer.
12-09-2022 @ 10:39:38 - Row :180 - Parsing item.
12-09-2022 @ 10:39:38 - Importing as new product ID:922
12-09-2022 @ 10:39:38 - Row :180 - Processing item.
12-09-2022 @ 10:39:38 - Found simple product object. ID:922
12-09-2022 @ 10:39:38 - Row :180 - Processing failed. Reason: Ongeldig of dubbel artikelnummer.
12-09-2022 @ 10:39:39 - Preparing for import.
12-09-2022 @ 10:39:39 - Row :181 - Parsing item.
12-09-2022 @ 10:39:39 - Importing as new product ID:923
12-09-2022 @ 10:39:39 - Row :181 - Processing item.
12-09-2022 @ 10:39:39 - Found simple product object. ID:923
12-09-2022 @ 10:39:39 - Row :181 - Processing failed. Reason: Ongeldig of dubbel artikelnummer.
12-09-2022 @ 10:39:39 - Row :182 - Parsing item.
12-09-2022 @ 10:39:39 - Importing as new product ID:924
12-09-2022 @ 10:39:39 - Row :182 - Processing item.
12-09-2022 @ 10:39:39 - Found simple product object. ID:924
12-09-2022 @ 10:39:39 - Row :182 - Processing failed. Reason: Ongeldig of dubbel artikelnummer.
12-09-2022 @ 10:39:39 - Row :183 - Parsing item.
12-09-2022 @ 10:39:39 - Importing as new product ID:925
12-09-2022 @ 10:39:39 - Row :183 - Processing item.
12-09-2022 @ 10:39:39 - Found simple product object. ID:925
12-09-2022 @ 10:39:39 - Row :183 - Processing failed. Reason: Ongeldig of dubbel artikelnummer.
12-09-2022 @ 10:39:39 - ---[ Import ended at 2022-12-09 10:39:39]---
