12-09-2022 @ 10:39:56 - ---[ New import started at 2022-12-09 10:39:56 ] PHP Memory: 1 GB, WP Memory: 40 MB
12-09-2022 @ 10:39:56 - Preparing for import.
12-09-2022 @ 10:39:56 - Row :1 - Parsing item.
12-09-2022 @ 10:39:56 - Row :1 - Processing item.
12-09-2022 @ 10:39:56 - Found simple product object. ID:560
12-09-2022 @ 10:39:56 - Setting Featured Image. URL:/wp-content/uploads/files/20100087/product_image_1/20100087-1.jpg
12-09-2022 @ 10:39:56 - Unable to use image "/wp-content/uploads/files/20100087/product_image_1/20100087-1.jpg".
12-09-2022 @ 10:39:56 - Row :1 - Product updated successfully.
12-09-2022 @ 10:39:56 - Row :2 - Parsing item.
12-09-2022 @ 10:39:56 - Row :2 - Processing item.
12-09-2022 @ 10:39:56 - Found simple product object. ID:561
12-09-2022 @ 10:39:56 - Setting Featured Image. URL:/wp-content/uploads/files/20100087/product_image_1/20100087-1.jpg
12-09-2022 @ 10:39:56 - Unable to use image "/wp-content/uploads/files/20100087/product_image_1/20100087-1.jpg".
12-09-2022 @ 10:39:56 - Row :2 - Product updated successfully.
12-09-2022 @ 10:39:56 - Row :3 - Parsing item.
12-09-2022 @ 10:39:56 - Row :3 - Processing item.
12-09-2022 @ 10:39:56 - Found simple product object. ID:562
12-09-2022 @ 10:39:56 - Setting Featured Image. URL:/wp-content/uploads/files/20100087/product_image_1/20100087-1.jpg
12-09-2022 @ 10:39:56 - Unable to use image "/wp-content/uploads/files/20100087/product_image_1/20100087-1.jpg".
12-09-2022 @ 10:39:56 - Row :3 - Product updated successfully.
12-09-2022 @ 10:39:56 - Row :4 - Parsing item.
12-09-2022 @ 10:39:56 - Row :4 - Processing item.
12-09-2022 @ 10:39:56 - Found simple product object. ID:563
12-09-2022 @ 10:39:56 - Setting Featured Image. URL:/wp-content/uploads/files/20100572/product_image_1/EGO Chain Saw_14inch_CS1400E.jpg
12-09-2022 @ 10:39:56 - Unable to use image "/wp-content/uploads/files/20100572/product_image_1/EGO Chain Saw_14inch_CS1400E.jpg".
12-09-2022 @ 10:39:56 - Row :4 - Product updated successfully.
12-09-2022 @ 10:39:56 - Row :5 - Parsing item.
12-09-2022 @ 10:39:56 - Row :5 - Processing item.
12-09-2022 @ 10:39:56 - Found simple product object. ID:564
12-09-2022 @ 10:39:56 - Setting Featured Image. URL:/wp-content/uploads/files/20100572/product_image_1/EGO Chain Saw_14inch_CS1400E.jpg
12-09-2022 @ 10:39:56 - Unable to use image "/wp-content/uploads/files/20100572/product_image_1/EGO Chain Saw_14inch_CS1400E.jpg".
12-09-2022 @ 10:39:56 - Row :5 - Product updated successfully.
12-09-2022 @ 10:39:56 - Row :6 - Parsing item.
12-09-2022 @ 10:39:56 - Row :6 - Processing item.
12-09-2022 @ 10:39:56 - Found simple product object. ID:565
12-09-2022 @ 10:39:56 - Setting Featured Image. URL:/wp-content/uploads/files/20100572/product_image_1/EGO Chain Saw_14inch_CS1400E.jpg
12-09-2022 @ 10:39:56 - Unable to use image "/wp-content/uploads/files/20100572/product_image_1/EGO Chain Saw_14inch_CS1400E.jpg".
12-09-2022 @ 10:39:56 - Row :6 - Product updated successfully.
12-09-2022 @ 10:39:56 - Row :7 - Parsing item.
12-09-2022 @ 10:39:56 - Row :7 - Processing item.
12-09-2022 @ 10:39:56 - Found simple product object. ID:566
12-09-2022 @ 10:39:56 - Setting Featured Image. URL:/wp-content/uploads/files/20100572/product_image_1/EGO Chain Saw_14inch_CS1400E.jpg
12-09-2022 @ 10:39:56 - Unable to use image "/wp-content/uploads/files/20100572/product_image_1/EGO Chain Saw_14inch_CS1400E.jpg".
12-09-2022 @ 10:39:56 - Row :7 - Product updated successfully.
12-09-2022 @ 10:39:56 - Row :8 - Parsing item.
12-09-2022 @ 10:39:56 - Row :8 - Processing item.
12-09-2022 @ 10:39:56 - Found simple product object. ID:567
12-09-2022 @ 10:39:56 - Setting Featured Image. URL:/wp-content/uploads/files/20100572/product_image_1/EGO Chain Saw_14inch_CS1400E.jpg
12-09-2022 @ 10:39:56 - Unable to use image "/wp-content/uploads/files/20100572/product_image_1/EGO Chain Saw_14inch_CS1400E.jpg".
12-09-2022 @ 10:39:56 - Row :8 - Product updated successfully.
12-09-2022 @ 10:39:56 - Row :9 - Parsing item.
12-09-2022 @ 10:39:56 - Row :9 - Processing item.
12-09-2022 @ 10:39:56 - Found simple product object. ID:568
12-09-2022 @ 10:39:56 - Setting Featured Image. URL:/wp-content/uploads/files/20100572/product_image_1/EGO Chain Saw_14inch_CS1400E.jpg
12-09-2022 @ 10:39:56 - Unable to use image "/wp-content/uploads/files/20100572/product_image_1/EGO Chain Saw_14inch_CS1400E.jpg".
12-09-2022 @ 10:39:56 - Row :9 - Product updated successfully.
12-09-2022 @ 10:39:56 - Row :10 - Parsing item.
12-09-2022 @ 10:39:56 - Row :10 - Processing item.
12-09-2022 @ 10:39:56 - Found simple product object. ID:569
12-09-2022 @ 10:39:56 - Setting Featured Image. URL:/wp-content/uploads/files/20100572/product_image_1/EGO Chain Saw_14inch_CS1400E.jpg
12-09-2022 @ 10:39:56 - Unable to use image "/wp-content/uploads/files/20100572/product_image_1/EGO Chain Saw_14inch_CS1400E.jpg".
12-09-2022 @ 10:39:56 - Row :10 - Product updated successfully.
12-09-2022 @ 10:39:56 - Row :11 - Parsing item.
12-09-2022 @ 10:39:56 - Row :11 - Processing item.
12-09-2022 @ 10:39:56 - Found simple product object. ID:570
12-09-2022 @ 10:39:56 - Setting Featured Image. URL:/wp-content/uploads/files/20100572/product_image_1/EGO Chain Saw_14inch_CS1400E.jpg
12-09-2022 @ 10:39:56 - Unable to use image "/wp-content/uploads/files/20100572/product_image_1/EGO Chain Saw_14inch_CS1400E.jpg".
12-09-2022 @ 10:39:56 - Row :11 - Product updated successfully.
12-09-2022 @ 10:39:56 - Row :12 - Parsing item.
12-09-2022 @ 10:39:56 - Row :12 - Processing item.
12-09-2022 @ 10:39:56 - Found simple product object. ID:571
12-09-2022 @ 10:39:56 - Setting Featured Image. URL:/wp-content/uploads/files/20100572/product_image_1/EGO Chain Saw_14inch_CS1400E.jpg
12-09-2022 @ 10:39:56 - Unable to use image "/wp-content/uploads/files/20100572/product_image_1/EGO Chain Saw_14inch_CS1400E.jpg".
12-09-2022 @ 10:39:56 - Row :12 - Product updated successfully.
12-09-2022 @ 10:39:56 - Row :13 - Parsing item.
12-09-2022 @ 10:39:56 - Row :13 - Processing item.
12-09-2022 @ 10:39:56 - Found simple product object. ID:572
12-09-2022 @ 10:39:56 - Setting Featured Image. URL:/wp-content/uploads/files/20100572/product_image_1/EGO Chain Saw_14inch_CS1400E.jpg
12-09-2022 @ 10:39:56 - Unable to use image "/wp-content/uploads/files/20100572/product_image_1/EGO Chain Saw_14inch_CS1400E.jpg".
12-09-2022 @ 10:39:56 - Row :13 - Product updated successfully.
12-09-2022 @ 10:39:56 - Row :14 - Parsing item.
12-09-2022 @ 10:39:56 - Row :14 - Processing item.
12-09-2022 @ 10:39:56 - Found simple product object. ID:573
12-09-2022 @ 10:39:56 - Setting Featured Image. URL:/wp-content/uploads/files/20100572/product_image_1/EGO Chain Saw_14inch_CS1400E.jpg
12-09-2022 @ 10:39:56 - Unable to use image "/wp-content/uploads/files/20100572/product_image_1/EGO Chain Saw_14inch_CS1400E.jpg".
12-09-2022 @ 10:39:56 - Row :14 - Product updated successfully.
12-09-2022 @ 10:39:56 - Row :15 - Parsing item.
12-09-2022 @ 10:39:56 - Row :15 - Processing item.
12-09-2022 @ 10:39:56 - Found simple product object. ID:574
12-09-2022 @ 10:39:56 - Setting Featured Image. URL:/wp-content/uploads/files/20100572/product_image_1/EGO Chain Saw_14inch_CS1400E.jpg
12-09-2022 @ 10:39:56 - Unable to use image "/wp-content/uploads/files/20100572/product_image_1/EGO Chain Saw_14inch_CS1400E.jpg".
12-09-2022 @ 10:39:56 - Row :15 - Product updated successfully.
12-09-2022 @ 10:39:56 - Row :16 - Parsing item.
12-09-2022 @ 10:39:56 - Row :16 - Processing item.
12-09-2022 @ 10:39:56 - Found simple product object. ID:575
12-09-2022 @ 10:39:56 - Setting Featured Image. URL:/wp-content/uploads/files/20100572/product_image_1/EGO Chain Saw_14inch_CS1400E.jpg
12-09-2022 @ 10:39:56 - Unable to use image "/wp-content/uploads/files/20100572/product_image_1/EGO Chain Saw_14inch_CS1400E.jpg".
12-09-2022 @ 10:39:56 - Row :16 - Product updated successfully.
12-09-2022 @ 10:39:56 - Row :17 - Parsing item.
12-09-2022 @ 10:39:56 - Row :17 - Processing item.
12-09-2022 @ 10:39:56 - Found simple product object. ID:576
12-09-2022 @ 10:39:56 - Setting Featured Image. URL:/wp-content/uploads/files/20100572/product_image_1/EGO Chain Saw_14inch_CS1400E.jpg
12-09-2022 @ 10:39:56 - Unable to use image "/wp-content/uploads/files/20100572/product_image_1/EGO Chain Saw_14inch_CS1400E.jpg".
12-09-2022 @ 10:39:56 - Row :17 - Product updated successfully.
12-09-2022 @ 10:39:56 - Row :18 - Parsing item.
12-09-2022 @ 10:39:56 - Row :18 - Processing item.
12-09-2022 @ 10:39:56 - Found simple product object. ID:577
12-09-2022 @ 10:39:56 - Setting Featured Image. URL:/wp-content/uploads/files/20100572/product_image_1/EGO Chain Saw_14inch_CS1400E.jpg
12-09-2022 @ 10:39:56 - Unable to use image "/wp-content/uploads/files/20100572/product_image_1/EGO Chain Saw_14inch_CS1400E.jpg".
12-09-2022 @ 10:39:56 - Row :18 - Product updated successfully.
12-09-2022 @ 10:39:56 - Row :19 - Parsing item.
12-09-2022 @ 10:39:56 - Row :19 - Processing item.
12-09-2022 @ 10:39:56 - Found simple product object. ID:578
12-09-2022 @ 10:39:56 - Setting Featured Image. URL:/wp-content/uploads/files/20100572/product_image_1/EGO Chain Saw_14inch_CS1400E.jpg
12-09-2022 @ 10:39:56 - Unable to use image "/wp-content/uploads/files/20100572/product_image_1/EGO Chain Saw_14inch_CS1400E.jpg".
12-09-2022 @ 10:39:56 - Row :19 - Product updated successfully.
12-09-2022 @ 10:39:56 - Row :20 - Parsing item.
12-09-2022 @ 10:39:56 - Row :20 - Processing item.
12-09-2022 @ 10:39:56 - Found simple product object. ID:579
12-09-2022 @ 10:39:56 - Setting Featured Image. URL:/wp-content/uploads/files/20100572/product_image_1/EGO Chain Saw_14inch_CS1400E.jpg
12-09-2022 @ 10:39:56 - Unable to use image "/wp-content/uploads/files/20100572/product_image_1/EGO Chain Saw_14inch_CS1400E.jpg".
12-09-2022 @ 10:39:56 - Row :20 - Product updated successfully.
12-09-2022 @ 10:39:57 - Preparing for import.
12-09-2022 @ 10:39:57 - Row :21 - Parsing item.
12-09-2022 @ 10:39:57 - Row :21 - Processing item.
12-09-2022 @ 10:39:57 - Found simple product object. ID:580
12-09-2022 @ 10:39:57 - Setting Featured Image. URL:/wp-content/uploads/files/20100572/product_image_1/EGO Chain Saw_14inch_CS1400E.jpg
12-09-2022 @ 10:39:57 - Unable to use image "/wp-content/uploads/files/20100572/product_image_1/EGO Chain Saw_14inch_CS1400E.jpg".
12-09-2022 @ 10:39:57 - Row :21 - Product updated successfully.
12-09-2022 @ 10:39:57 - Row :22 - Parsing item.
12-09-2022 @ 10:39:57 - Row :22 - Processing item.
12-09-2022 @ 10:39:57 - Found simple product object. ID:581
12-09-2022 @ 10:39:57 - Setting Featured Image. URL:/wp-content/uploads/files/20100572/product_image_1/EGO Chain Saw_14inch_CS1400E.jpg
12-09-2022 @ 10:39:57 - Unable to use image "/wp-content/uploads/files/20100572/product_image_1/EGO Chain Saw_14inch_CS1400E.jpg".
12-09-2022 @ 10:39:57 - Row :22 - Product updated successfully.
12-09-2022 @ 10:39:57 - Row :23 - Parsing item.
12-09-2022 @ 10:39:57 - Row :23 - Processing item.
12-09-2022 @ 10:39:57 - Found simple product object. ID:582
12-09-2022 @ 10:39:57 - Setting Featured Image. URL:/wp-content/uploads/files/20100572/product_image_1/EGO Chain Saw_14inch_CS1400E.jpg
12-09-2022 @ 10:39:57 - Unable to use image "/wp-content/uploads/files/20100572/product_image_1/EGO Chain Saw_14inch_CS1400E.jpg".
12-09-2022 @ 10:39:57 - Row :23 - Product updated successfully.
12-09-2022 @ 10:39:57 - Row :24 - Parsing item.
12-09-2022 @ 10:39:57 - Row :24 - Processing item.
12-09-2022 @ 10:39:57 - Found simple product object. ID:583
12-09-2022 @ 10:39:57 - Setting Featured Image. URL:/wp-content/uploads/files/20100572/product_image_1/EGO Chain Saw_14inch_CS1400E.jpg
12-09-2022 @ 10:39:57 - Unable to use image "/wp-content/uploads/files/20100572/product_image_1/EGO Chain Saw_14inch_CS1400E.jpg".
12-09-2022 @ 10:39:57 - Row :24 - Product updated successfully.
12-09-2022 @ 10:39:57 - Row :25 - Parsing item.
12-09-2022 @ 10:39:57 - Row :25 - Processing item.
12-09-2022 @ 10:39:57 - Found simple product object. ID:584
12-09-2022 @ 10:39:57 - Setting Featured Image. URL:/wp-content/uploads/files/20100572/product_image_1/EGO Chain Saw_14inch_CS1400E.jpg
12-09-2022 @ 10:39:57 - Unable to use image "/wp-content/uploads/files/20100572/product_image_1/EGO Chain Saw_14inch_CS1400E.jpg".
12-09-2022 @ 10:39:57 - Row :25 - Product updated successfully.
12-09-2022 @ 10:39:57 - Row :26 - Parsing item.
12-09-2022 @ 10:39:57 - Row :26 - Processing item.
12-09-2022 @ 10:39:57 - Found simple product object. ID:585
12-09-2022 @ 10:39:57 - Setting Featured Image. URL:/wp-content/uploads/files/20100572/product_image_1/EGO Chain Saw_14inch_CS1400E.jpg
12-09-2022 @ 10:39:57 - Unable to use image "/wp-content/uploads/files/20100572/product_image_1/EGO Chain Saw_14inch_CS1400E.jpg".
12-09-2022 @ 10:39:57 - Row :26 - Product updated successfully.
12-09-2022 @ 10:39:57 - Row :27 - Parsing item.
12-09-2022 @ 10:39:57 - Row :27 - Processing item.
12-09-2022 @ 10:39:57 - Found simple product object. ID:586
12-09-2022 @ 10:39:57 - Setting Featured Image. URL:/wp-content/uploads/files/20100572/product_image_1/EGO Chain Saw_14inch_CS1400E.jpg
12-09-2022 @ 10:39:57 - Unable to use image "/wp-content/uploads/files/20100572/product_image_1/EGO Chain Saw_14inch_CS1400E.jpg".
12-09-2022 @ 10:39:57 - Row :27 - Product updated successfully.
12-09-2022 @ 10:39:57 - Row :28 - Parsing item.
12-09-2022 @ 10:39:57 - Row :28 - Processing item.
12-09-2022 @ 10:39:57 - Found simple product object. ID:587
12-09-2022 @ 10:39:57 - Setting Featured Image. URL:/wp-content/uploads/files/20100572/product_image_1/EGO Chain Saw_14inch_CS1400E.jpg
12-09-2022 @ 10:39:57 - Unable to use image "/wp-content/uploads/files/20100572/product_image_1/EGO Chain Saw_14inch_CS1400E.jpg".
12-09-2022 @ 10:39:57 - Row :28 - Product updated successfully.
12-09-2022 @ 10:39:57 - Row :29 - Parsing item.
12-09-2022 @ 10:39:57 - Row :29 - Processing item.
12-09-2022 @ 10:39:57 - Found simple product object. ID:588
12-09-2022 @ 10:39:57 - Setting Featured Image. URL:/wp-content/uploads/files/20100572/product_image_1/EGO Chain Saw_14inch_CS1400E.jpg
12-09-2022 @ 10:39:57 - Unable to use image "/wp-content/uploads/files/20100572/product_image_1/EGO Chain Saw_14inch_CS1400E.jpg".
12-09-2022 @ 10:39:57 - Row :29 - Product updated successfully.
12-09-2022 @ 10:39:57 - Row :30 - Parsing item.
12-09-2022 @ 10:39:57 - Row :30 - Processing item.
12-09-2022 @ 10:39:57 - Found simple product object. ID:589
12-09-2022 @ 10:39:57 - Setting Featured Image. URL:/wp-content/uploads/files/20100572/product_image_1/EGO Chain Saw_14inch_CS1400E.jpg
12-09-2022 @ 10:39:57 - Unable to use image "/wp-content/uploads/files/20100572/product_image_1/EGO Chain Saw_14inch_CS1400E.jpg".
12-09-2022 @ 10:39:57 - Row :30 - Product updated successfully.
12-09-2022 @ 10:39:57 - Row :31 - Parsing item.
12-09-2022 @ 10:39:57 - Row :31 - Processing item.
12-09-2022 @ 10:39:57 - Found simple product object. ID:590
12-09-2022 @ 10:39:57 - Setting Featured Image. URL:/wp-content/uploads/files/20100572/product_image_1/EGO Chain Saw_14inch_CS1400E.jpg
12-09-2022 @ 10:39:57 - Unable to use image "/wp-content/uploads/files/20100572/product_image_1/EGO Chain Saw_14inch_CS1400E.jpg".
12-09-2022 @ 10:39:57 - Row :31 - Product updated successfully.
12-09-2022 @ 10:39:57 - Row :32 - Parsing item.
12-09-2022 @ 10:39:57 - Row :32 - Processing item.
12-09-2022 @ 10:39:57 - Found simple product object. ID:591
12-09-2022 @ 10:39:57 - Setting Featured Image. URL:/wp-content/uploads/files/20100572/product_image_1/EGO Chain Saw_14inch_CS1400E.jpg
12-09-2022 @ 10:39:57 - Unable to use image "/wp-content/uploads/files/20100572/product_image_1/EGO Chain Saw_14inch_CS1400E.jpg".
12-09-2022 @ 10:39:57 - Row :32 - Product updated successfully.
12-09-2022 @ 10:39:57 - Row :33 - Parsing item.
12-09-2022 @ 10:39:57 - Row :33 - Processing item.
12-09-2022 @ 10:39:57 - Found simple product object. ID:592
12-09-2022 @ 10:39:57 - Setting Featured Image. URL:/wp-content/uploads/files/20100572/product_image_1/EGO Chain Saw_14inch_CS1400E.jpg
12-09-2022 @ 10:39:57 - Unable to use image "/wp-content/uploads/files/20100572/product_image_1/EGO Chain Saw_14inch_CS1400E.jpg".
12-09-2022 @ 10:39:57 - Row :33 - Product updated successfully.
12-09-2022 @ 10:39:57 - Row :34 - Parsing item.
12-09-2022 @ 10:39:57 - Row :34 - Processing item.
12-09-2022 @ 10:39:57 - Found simple product object. ID:593
12-09-2022 @ 10:39:57 - Setting Featured Image. URL:/wp-content/uploads/files/20100572/product_image_1/EGO Chain Saw_14inch_CS1400E.jpg
12-09-2022 @ 10:39:57 - Unable to use image "/wp-content/uploads/files/20100572/product_image_1/EGO Chain Saw_14inch_CS1400E.jpg".
12-09-2022 @ 10:39:57 - Row :34 - Product updated successfully.
12-09-2022 @ 10:39:57 - Row :35 - Parsing item.
12-09-2022 @ 10:39:57 - Row :35 - Processing item.
12-09-2022 @ 10:39:57 - Found simple product object. ID:594
12-09-2022 @ 10:39:57 - Setting Featured Image. URL:/wp-content/uploads/files/20100572/product_image_1/EGO Chain Saw_14inch_CS1400E.jpg
12-09-2022 @ 10:39:57 - Unable to use image "/wp-content/uploads/files/20100572/product_image_1/EGO Chain Saw_14inch_CS1400E.jpg".
12-09-2022 @ 10:39:57 - Row :35 - Product updated successfully.
12-09-2022 @ 10:39:57 - Row :36 - Parsing item.
12-09-2022 @ 10:39:57 - Row :36 - Processing item.
12-09-2022 @ 10:39:57 - Found simple product object. ID:595
12-09-2022 @ 10:39:57 - Setting Featured Image. URL:/wp-content/uploads/files/20100572/product_image_1/EGO Chain Saw_14inch_CS1400E.jpg
12-09-2022 @ 10:39:57 - Unable to use image "/wp-content/uploads/files/20100572/product_image_1/EGO Chain Saw_14inch_CS1400E.jpg".
12-09-2022 @ 10:39:57 - Row :36 - Product updated successfully.
12-09-2022 @ 10:39:57 - Row :37 - Parsing item.
12-09-2022 @ 10:39:57 - Row :37 - Processing item.
12-09-2022 @ 10:39:57 - Found simple product object. ID:596
12-09-2022 @ 10:39:57 - Setting Featured Image. URL:/wp-content/uploads/files/20100572/product_image_1/EGO Chain Saw_14inch_CS1400E.jpg
12-09-2022 @ 10:39:57 - Unable to use image "/wp-content/uploads/files/20100572/product_image_1/EGO Chain Saw_14inch_CS1400E.jpg".
12-09-2022 @ 10:39:57 - Row :37 - Product updated successfully.
12-09-2022 @ 10:39:57 - Row :38 - Parsing item.
12-09-2022 @ 10:39:57 - Row :38 - Processing item.
12-09-2022 @ 10:39:57 - Found simple product object. ID:597
12-09-2022 @ 10:39:57 - Setting Featured Image. URL:/wp-content/uploads/files/20100572/product_image_1/EGO Chain Saw_14inch_CS1400E.jpg
12-09-2022 @ 10:39:57 - Unable to use image "/wp-content/uploads/files/20100572/product_image_1/EGO Chain Saw_14inch_CS1400E.jpg".
12-09-2022 @ 10:39:57 - Row :38 - Product updated successfully.
12-09-2022 @ 10:39:57 - Row :39 - Parsing item.
12-09-2022 @ 10:39:57 - Row :39 - Processing item.
12-09-2022 @ 10:39:57 - Found simple product object. ID:598
12-09-2022 @ 10:39:57 - Setting Featured Image. URL:/wp-content/uploads/files/20100572/product_image_1/EGO Chain Saw_14inch_CS1400E.jpg
12-09-2022 @ 10:39:57 - Unable to use image "/wp-content/uploads/files/20100572/product_image_1/EGO Chain Saw_14inch_CS1400E.jpg".
12-09-2022 @ 10:39:57 - Row :39 - Product updated successfully.
12-09-2022 @ 10:39:57 - Row :40 - Parsing item.
12-09-2022 @ 10:39:57 - Row :40 - Processing item.
12-09-2022 @ 10:39:57 - Found simple product object. ID:599
12-09-2022 @ 10:39:57 - Setting Featured Image. URL:/wp-content/uploads/files/20100572/product_image_1/EGO Chain Saw_14inch_CS1400E.jpg
12-09-2022 @ 10:39:57 - Unable to use image "/wp-content/uploads/files/20100572/product_image_1/EGO Chain Saw_14inch_CS1400E.jpg".
12-09-2022 @ 10:39:57 - Row :40 - Product updated successfully.
12-09-2022 @ 10:39:58 - Preparing for import.
12-09-2022 @ 10:39:58 - Row :41 - Parsing item.
12-09-2022 @ 10:39:58 - Row :41 - Processing item.
12-09-2022 @ 10:39:58 - Found simple product object. ID:600
12-09-2022 @ 10:39:58 - Setting Featured Image. URL:/wp-content/uploads/files/20100572/product_image_1/EGO Chain Saw_14inch_CS1400E.jpg
12-09-2022 @ 10:39:58 - Unable to use image "/wp-content/uploads/files/20100572/product_image_1/EGO Chain Saw_14inch_CS1400E.jpg".
12-09-2022 @ 10:39:58 - Row :41 - Product updated successfully.
12-09-2022 @ 10:39:58 - Row :42 - Parsing item.
12-09-2022 @ 10:39:58 - Row :42 - Processing item.
12-09-2022 @ 10:39:58 - Found simple product object. ID:601
12-09-2022 @ 10:39:58 - Setting Featured Image. URL:/wp-content/uploads/files/20100572/product_image_1/EGO Chain Saw_14inch_CS1400E.jpg
12-09-2022 @ 10:39:58 - Unable to use image "/wp-content/uploads/files/20100572/product_image_1/EGO Chain Saw_14inch_CS1400E.jpg".
12-09-2022 @ 10:39:58 - Row :42 - Product updated successfully.
12-09-2022 @ 10:39:58 - Row :43 - Parsing item.
12-09-2022 @ 10:39:58 - Row :43 - Processing item.
12-09-2022 @ 10:39:58 - Found simple product object. ID:602
12-09-2022 @ 10:39:58 - Setting Featured Image. URL:/wp-content/uploads/files/20100572/product_image_1/EGO Chain Saw_14inch_CS1400E.jpg
12-09-2022 @ 10:39:58 - Unable to use image "/wp-content/uploads/files/20100572/product_image_1/EGO Chain Saw_14inch_CS1400E.jpg".
12-09-2022 @ 10:39:58 - Row :43 - Product updated successfully.
12-09-2022 @ 10:39:58 - Row :44 - Parsing item.
12-09-2022 @ 10:39:58 - Row :44 - Processing item.
12-09-2022 @ 10:39:58 - Found simple product object. ID:603
12-09-2022 @ 10:39:58 - Setting Featured Image. URL:/wp-content/uploads/files/20100572/product_image_1/EGO Chain Saw_14inch_CS1400E.jpg
12-09-2022 @ 10:39:58 - Unable to use image "/wp-content/uploads/files/20100572/product_image_1/EGO Chain Saw_14inch_CS1400E.jpg".
12-09-2022 @ 10:39:58 - Row :44 - Product updated successfully.
12-09-2022 @ 10:39:58 - Row :45 - Parsing item.
12-09-2022 @ 10:39:58 - Row :45 - Processing item.
12-09-2022 @ 10:39:58 - Found simple product object. ID:604
12-09-2022 @ 10:39:58 - Row :45 - Product updated successfully.
12-09-2022 @ 10:39:58 - Row :46 - Parsing item.
12-09-2022 @ 10:39:58 - Row :46 - Processing item.
12-09-2022 @ 10:39:58 - Found simple product object. ID:605
12-09-2022 @ 10:39:58 - Row :46 - Product updated successfully.
12-09-2022 @ 10:39:58 - Row :47 - Parsing item.
12-09-2022 @ 10:39:58 - Row :47 - Processing item.
12-09-2022 @ 10:39:58 - Found simple product object. ID:606
12-09-2022 @ 10:39:58 - Row :47 - Product updated successfully.
12-09-2022 @ 10:39:58 - Row :48 - Parsing item.
12-09-2022 @ 10:39:58 - Row :48 - Processing item.
12-09-2022 @ 10:39:58 - Found simple product object. ID:607
12-09-2022 @ 10:39:58 - Row :48 - Product updated successfully.
12-09-2022 @ 10:39:58 - Row :49 - Parsing item.
12-09-2022 @ 10:39:58 - Row :49 - Processing item.
12-09-2022 @ 10:39:58 - Found simple product object. ID:608
12-09-2022 @ 10:39:58 - Row :49 - Product updated successfully.
12-09-2022 @ 10:39:58 - Row :50 - Parsing item.
12-09-2022 @ 10:39:58 - Row :50 - Processing item.
12-09-2022 @ 10:39:58 - Found simple product object. ID:609
12-09-2022 @ 10:39:58 - Row :50 - Product updated successfully.
12-09-2022 @ 10:39:58 - Row :51 - Parsing item.
12-09-2022 @ 10:39:58 - Row :51 - Processing item.
12-09-2022 @ 10:39:58 - Found simple product object. ID:610
12-09-2022 @ 10:39:58 - Row :51 - Product updated successfully.
12-09-2022 @ 10:39:58 - Row :52 - Parsing item.
12-09-2022 @ 10:39:58 - Row :52 - Processing item.
12-09-2022 @ 10:39:58 - Found simple product object. ID:611
12-09-2022 @ 10:39:58 - Row :52 - Product updated successfully.
12-09-2022 @ 10:39:58 - Row :53 - Parsing item.
12-09-2022 @ 10:39:58 - Row :53 - Processing item.
12-09-2022 @ 10:39:58 - Found simple product object. ID:612
12-09-2022 @ 10:39:58 - Row :53 - Product updated successfully.
12-09-2022 @ 10:39:58 - Row :54 - Parsing item.
12-09-2022 @ 10:39:58 - Row :54 - Processing item.
12-09-2022 @ 10:39:58 - Found simple product object. ID:613
12-09-2022 @ 10:39:58 - Row :54 - Product updated successfully.
12-09-2022 @ 10:39:58 - Row :55 - Parsing item.
12-09-2022 @ 10:39:58 - Row :55 - Processing item.
12-09-2022 @ 10:39:58 - Found simple product object. ID:614
12-09-2022 @ 10:39:58 - Row :55 - Product updated successfully.
12-09-2022 @ 10:39:58 - Row :56 - Parsing item.
12-09-2022 @ 10:39:58 - Row :56 - Processing item.
12-09-2022 @ 10:39:58 - Found simple product object. ID:615
12-09-2022 @ 10:39:58 - Setting Featured Image. URL:/wp-content/uploads/files/20100812/product_image_1/HT2410_1.png
12-09-2022 @ 10:39:58 - Unable to use image "/wp-content/uploads/files/20100812/product_image_1/HT2410_1.png".
12-09-2022 @ 10:39:58 - Row :56 - Product updated successfully.
12-09-2022 @ 10:39:58 - Row :57 - Parsing item.
12-09-2022 @ 10:39:58 - Row :57 - Processing item.
12-09-2022 @ 10:39:58 - Found simple product object. ID:616
12-09-2022 @ 10:39:58 - Setting Featured Image. URL:/wp-content/uploads/files/20100812/product_image_1/HT2410_1.png
12-09-2022 @ 10:39:58 - Unable to use image "/wp-content/uploads/files/20100812/product_image_1/HT2410_1.png".
12-09-2022 @ 10:39:58 - Row :57 - Product updated successfully.
12-09-2022 @ 10:39:58 - Row :58 - Parsing item.
12-09-2022 @ 10:39:58 - Row :58 - Processing item.
12-09-2022 @ 10:39:58 - Found simple product object. ID:617
12-09-2022 @ 10:39:58 - Setting Featured Image. URL:/wp-content/uploads/files/20100812/product_image_1/HT2410_1.png
12-09-2022 @ 10:39:58 - Unable to use image "/wp-content/uploads/files/20100812/product_image_1/HT2410_1.png".
12-09-2022 @ 10:39:58 - Row :58 - Product updated successfully.
12-09-2022 @ 10:39:58 - Row :59 - Parsing item.
12-09-2022 @ 10:39:58 - Row :59 - Processing item.
12-09-2022 @ 10:39:58 - Found simple product object. ID:618
12-09-2022 @ 10:39:58 - Setting Featured Image. URL:/wp-content/uploads/files/20100812/product_image_1/HT2410_1.png
12-09-2022 @ 10:39:58 - Unable to use image "/wp-content/uploads/files/20100812/product_image_1/HT2410_1.png".
12-09-2022 @ 10:39:58 - Row :59 - Product updated successfully.
12-09-2022 @ 10:39:58 - Row :60 - Parsing item.
12-09-2022 @ 10:39:58 - Row :60 - Processing item.
12-09-2022 @ 10:39:58 - Found simple product object. ID:619
12-09-2022 @ 10:39:58 - Setting Featured Image. URL:/wp-content/uploads/files/20100812/product_image_1/HT2410_1.png
12-09-2022 @ 10:39:58 - Unable to use image "/wp-content/uploads/files/20100812/product_image_1/HT2410_1.png".
12-09-2022 @ 10:39:58 - Row :60 - Product updated successfully.
12-09-2022 @ 10:39:59 - Preparing for import.
12-09-2022 @ 10:39:59 - Row :61 - Parsing item.
12-09-2022 @ 10:39:59 - Row :61 - Processing item.
12-09-2022 @ 10:39:59 - Found simple product object. ID:620
12-09-2022 @ 10:39:59 - Setting Featured Image. URL:/wp-content/uploads/files/20100812/product_image_1/HT2410_1.png
12-09-2022 @ 10:39:59 - Unable to use image "/wp-content/uploads/files/20100812/product_image_1/HT2410_1.png".
12-09-2022 @ 10:39:59 - Row :61 - Product updated successfully.
12-09-2022 @ 10:39:59 - Row :62 - Parsing item.
12-09-2022 @ 10:39:59 - Row :62 - Processing item.
12-09-2022 @ 10:39:59 - Found simple product object. ID:621
12-09-2022 @ 10:39:59 - Setting Featured Image. URL:/wp-content/uploads/files/20100812/product_image_1/HT2410_1.png
12-09-2022 @ 10:39:59 - Unable to use image "/wp-content/uploads/files/20100812/product_image_1/HT2410_1.png".
12-09-2022 @ 10:39:59 - Row :62 - Product updated successfully.
12-09-2022 @ 10:39:59 - Row :63 - Parsing item.
12-09-2022 @ 10:39:59 - Row :63 - Processing item.
12-09-2022 @ 10:39:59 - Found simple product object. ID:622
12-09-2022 @ 10:39:59 - Setting Featured Image. URL:/wp-content/uploads/files/20100812/product_image_1/HT2410_1.png
12-09-2022 @ 10:39:59 - Unable to use image "/wp-content/uploads/files/20100812/product_image_1/HT2410_1.png".
12-09-2022 @ 10:39:59 - Row :63 - Product updated successfully.
12-09-2022 @ 10:39:59 - Row :64 - Parsing item.
12-09-2022 @ 10:39:59 - Row :64 - Processing item.
12-09-2022 @ 10:39:59 - Found simple product object. ID:623
12-09-2022 @ 10:39:59 - Setting Featured Image. URL:/wp-content/uploads/files/20100812/product_image_1/HT2410_1.png
12-09-2022 @ 10:39:59 - Unable to use image "/wp-content/uploads/files/20100812/product_image_1/HT2410_1.png".
12-09-2022 @ 10:39:59 - Row :64 - Product updated successfully.
12-09-2022 @ 10:39:59 - Row :65 - Parsing item.
12-09-2022 @ 10:39:59 - Row :65 - Processing item.
12-09-2022 @ 10:39:59 - Found simple product object. ID:624
12-09-2022 @ 10:39:59 - Setting Featured Image. URL:/wp-content/uploads/files/20100812/product_image_1/HT2410_1.png
12-09-2022 @ 10:39:59 - Unable to use image "/wp-content/uploads/files/20100812/product_image_1/HT2410_1.png".
12-09-2022 @ 10:39:59 - Row :65 - Product updated successfully.
12-09-2022 @ 10:39:59 - Row :66 - Parsing item.
12-09-2022 @ 10:39:59 - Row :66 - Processing item.
12-09-2022 @ 10:39:59 - Found simple product object. ID:625
12-09-2022 @ 10:39:59 - Setting Featured Image. URL:/wp-content/uploads/files/20100812/product_image_1/HT2410_1.png
12-09-2022 @ 10:39:59 - Unable to use image "/wp-content/uploads/files/20100812/product_image_1/HT2410_1.png".
12-09-2022 @ 10:39:59 - Row :66 - Product updated successfully.
12-09-2022 @ 10:39:59 - Row :67 - Parsing item.
12-09-2022 @ 10:39:59 - Row :67 - Processing item.
12-09-2022 @ 10:39:59 - Found simple product object. ID:626
12-09-2022 @ 10:39:59 - Setting Featured Image. URL:/wp-content/uploads/files/20100812/product_image_1/HT2410_1.png
12-09-2022 @ 10:39:59 - Unable to use image "/wp-content/uploads/files/20100812/product_image_1/HT2410_1.png".
12-09-2022 @ 10:39:59 - Row :67 - Product updated successfully.
12-09-2022 @ 10:39:59 - Row :68 - Parsing item.
12-09-2022 @ 10:39:59 - Row :68 - Processing item.
12-09-2022 @ 10:39:59 - Found simple product object. ID:627
12-09-2022 @ 10:39:59 - Setting Featured Image. URL:/wp-content/uploads/files/20100812/product_image_1/HT2410_1.png
12-09-2022 @ 10:39:59 - Unable to use image "/wp-content/uploads/files/20100812/product_image_1/HT2410_1.png".
12-09-2022 @ 10:39:59 - Row :68 - Product updated successfully.
12-09-2022 @ 10:39:59 - Row :69 - Parsing item.
12-09-2022 @ 10:39:59 - Row :69 - Processing item.
12-09-2022 @ 10:39:59 - Found simple product object. ID:628
12-09-2022 @ 10:39:59 - Setting Featured Image. URL:/wp-content/uploads/files/20100812/product_image_1/HT2410_1.png
12-09-2022 @ 10:39:59 - Unable to use image "/wp-content/uploads/files/20100812/product_image_1/HT2410_1.png".
12-09-2022 @ 10:39:59 - Row :69 - Product updated successfully.
12-09-2022 @ 10:39:59 - Row :70 - Parsing item.
12-09-2022 @ 10:39:59 - Row :70 - Processing item.
12-09-2022 @ 10:39:59 - Found simple product object. ID:629
12-09-2022 @ 10:39:59 - Setting Featured Image. URL:/wp-content/uploads/files/20100812/product_image_1/HT2410_1.png
12-09-2022 @ 10:39:59 - Unable to use image "/wp-content/uploads/files/20100812/product_image_1/HT2410_1.png".
12-09-2022 @ 10:39:59 - Row :70 - Product updated successfully.
12-09-2022 @ 10:39:59 - Row :71 - Parsing item.
12-09-2022 @ 10:39:59 - Row :71 - Processing item.
12-09-2022 @ 10:39:59 - Found simple product object. ID:630
12-09-2022 @ 10:39:59 - Setting Featured Image. URL:/wp-content/uploads/files/20100812/product_image_1/HT2410_1.png
12-09-2022 @ 10:39:59 - Unable to use image "/wp-content/uploads/files/20100812/product_image_1/HT2410_1.png".
12-09-2022 @ 10:39:59 - Row :71 - Product updated successfully.
12-09-2022 @ 10:39:59 - Row :72 - Parsing item.
12-09-2022 @ 10:39:59 - Row :72 - Processing item.
12-09-2022 @ 10:40:00 - Found simple product object. ID:631
12-09-2022 @ 10:40:00 - Setting Featured Image. URL:/wp-content/uploads/files/20100812/product_image_1/HT2410_1.png
12-09-2022 @ 10:40:00 - Unable to use image "/wp-content/uploads/files/20100812/product_image_1/HT2410_1.png".
12-09-2022 @ 10:40:00 - Row :72 - Product updated successfully.
12-09-2022 @ 10:40:00 - Row :73 - Parsing item.
12-09-2022 @ 10:40:00 - Row :73 - Processing item.
12-09-2022 @ 10:40:00 - Found simple product object. ID:632
12-09-2022 @ 10:40:00 - Row :73 - Product updated successfully.
12-09-2022 @ 10:40:00 - Row :74 - Parsing item.
12-09-2022 @ 10:40:00 - Row :74 - Processing item.
12-09-2022 @ 10:40:00 - Found simple product object. ID:633
12-09-2022 @ 10:40:00 - Setting Featured Image. URL:/wp-content/uploads/files/20100813/product_image_1/sneeuwfrees uit folder.jpg
12-09-2022 @ 10:40:00 - Unable to use image "/wp-content/uploads/files/20100813/product_image_1/sneeuwfrees uit folder.jpg".
12-09-2022 @ 10:40:00 - Row :74 - Product updated successfully.
12-09-2022 @ 10:40:00 - Row :75 - Parsing item.
12-09-2022 @ 10:40:00 - Row :75 - Processing item.
12-09-2022 @ 10:40:00 - Found simple product object. ID:634
12-09-2022 @ 10:40:00 - Row :75 - Product updated successfully.
12-09-2022 @ 10:40:00 - Row :76 - Parsing item.
12-09-2022 @ 10:40:00 - Row :76 - Processing item.
12-09-2022 @ 10:40:00 - Found simple product object. ID:635
12-09-2022 @ 10:40:00 - Setting Featured Image. URL:/wp-content/uploads/files/20100813/product_image_1/sneeuwfrees uit folder.jpg
12-09-2022 @ 10:40:00 - Unable to use image "/wp-content/uploads/files/20100813/product_image_1/sneeuwfrees uit folder.jpg".
12-09-2022 @ 10:40:00 - Row :76 - Product updated successfully.
12-09-2022 @ 10:40:00 - Row :77 - Parsing item.
12-09-2022 @ 10:40:00 - Row :77 - Processing item.
12-09-2022 @ 10:40:00 - Found simple product object. ID:636
12-09-2022 @ 10:40:00 - Setting Featured Image. URL:/wp-content/uploads/files/20100813/product_image_1/sneeuwfrees uit folder.jpg
12-09-2022 @ 10:40:00 - Unable to use image "/wp-content/uploads/files/20100813/product_image_1/sneeuwfrees uit folder.jpg".
12-09-2022 @ 10:40:00 - Row :77 - Product updated successfully.
12-09-2022 @ 10:40:00 - Row :78 - Parsing item.
12-09-2022 @ 10:40:00 - Row :78 - Processing item.
12-09-2022 @ 10:40:00 - Found simple product object. ID:637
12-09-2022 @ 10:40:00 - Setting Featured Image. URL:/wp-content/uploads/files/28700188/product_image_1/AH1520.jpg
12-09-2022 @ 10:40:00 - Unable to use image "/wp-content/uploads/files/28700188/product_image_1/AH1520.jpg".
12-09-2022 @ 10:40:00 - Row :78 - Product updated successfully.
12-09-2022 @ 10:40:00 - Row :79 - Parsing item.
12-09-2022 @ 10:40:00 - Row :79 - Processing item.
12-09-2022 @ 10:40:00 - Found simple product object. ID:638
12-09-2022 @ 10:40:00 - Row :79 - Product updated successfully.
12-09-2022 @ 10:40:00 - Row :80 - Parsing item.
12-09-2022 @ 10:40:00 - Row :80 - Processing item.
12-09-2022 @ 10:40:00 - Found simple product object. ID:639
12-09-2022 @ 10:40:00 - Row :80 - Product updated successfully.
12-09-2022 @ 10:40:00 - Preparing for import.
12-09-2022 @ 10:40:00 - Row :81 - Parsing item.
12-09-2022 @ 10:40:00 - Row :81 - Processing item.
12-09-2022 @ 10:40:00 - Found simple product object. ID:640
12-09-2022 @ 10:40:00 - Row :81 - Product updated successfully.
12-09-2022 @ 10:40:00 - Row :82 - Parsing item.
12-09-2022 @ 10:40:00 - Row :82 - Processing item.
12-09-2022 @ 10:40:00 - Found simple product object. ID:641
12-09-2022 @ 10:40:01 - Row :82 - Product updated successfully.
12-09-2022 @ 10:40:01 - Row :83 - Parsing item.
12-09-2022 @ 10:40:01 - Row :83 - Processing item.
12-09-2022 @ 10:40:01 - Found simple product object. ID:642
12-09-2022 @ 10:40:01 - Row :83 - Product updated successfully.
12-09-2022 @ 10:40:01 - Row :84 - Parsing item.
12-09-2022 @ 10:40:01 - Row :84 - Processing item.
12-09-2022 @ 10:40:01 - Found simple product object. ID:643
12-09-2022 @ 10:40:01 - Setting Featured Image. URL:/wp-content/uploads/files/28700193/product_image_1/AG1200.jpg
12-09-2022 @ 10:40:01 - Unable to use image "/wp-content/uploads/files/28700193/product_image_1/AG1200.jpg".
12-09-2022 @ 10:40:01 - Row :84 - Product updated successfully.
12-09-2022 @ 10:40:01 - Row :85 - Parsing item.
12-09-2022 @ 10:40:01 - Row :85 - Processing item.
12-09-2022 @ 10:40:01 - Found simple product object. ID:644
12-09-2022 @ 10:40:01 - Setting Featured Image. URL:/wp-content/uploads/files/28700193/product_image_1/AG1200.jpg
12-09-2022 @ 10:40:01 - Unable to use image "/wp-content/uploads/files/28700193/product_image_1/AG1200.jpg".
12-09-2022 @ 10:40:01 - Row :85 - Product updated successfully.
12-09-2022 @ 10:40:01 - Row :86 - Parsing item.
12-09-2022 @ 10:40:01 - Row :86 - Processing item.
12-09-2022 @ 10:40:01 - Found simple product object. ID:645
12-09-2022 @ 10:40:01 - Setting Featured Image. URL:/wp-content/uploads/files/28700193/product_image_1/AG1200.jpg
12-09-2022 @ 10:40:01 - Unable to use image "/wp-content/uploads/files/28700193/product_image_1/AG1200.jpg".
12-09-2022 @ 10:40:01 - Row :86 - Product updated successfully.
12-09-2022 @ 10:40:01 - Row :87 - Parsing item.
12-09-2022 @ 10:40:01 - Row :87 - Processing item.
12-09-2022 @ 10:40:01 - Found simple product object. ID:646
12-09-2022 @ 10:40:01 - Setting Featured Image. URL:/wp-content/uploads/files/28700193/product_image_1/AG1200.jpg
12-09-2022 @ 10:40:01 - Unable to use image "/wp-content/uploads/files/28700193/product_image_1/AG1200.jpg".
12-09-2022 @ 10:40:01 - Row :87 - Product updated successfully.
12-09-2022 @ 10:40:01 - Row :88 - Parsing item.
12-09-2022 @ 10:40:01 - Row :88 - Processing item.
12-09-2022 @ 10:40:01 - Found simple product object. ID:647
12-09-2022 @ 10:40:01 - Setting Featured Image. URL:/wp-content/uploads/files/28700193/product_image_1/AG1200.jpg
12-09-2022 @ 10:40:01 - Unable to use image "/wp-content/uploads/files/28700193/product_image_1/AG1200.jpg".
12-09-2022 @ 10:40:01 - Row :88 - Product updated successfully.
12-09-2022 @ 10:40:01 - Row :89 - Parsing item.
12-09-2022 @ 10:40:01 - Row :89 - Processing item.
12-09-2022 @ 10:40:01 - Found simple product object. ID:648
12-09-2022 @ 10:40:01 - Setting Featured Image. URL:/wp-content/uploads/files/28700193/product_image_1/AG1200.jpg
12-09-2022 @ 10:40:01 - Unable to use image "/wp-content/uploads/files/28700193/product_image_1/AG1200.jpg".
12-09-2022 @ 10:40:01 - Row :89 - Product updated successfully.
12-09-2022 @ 10:40:01 - Row :90 - Parsing item.
12-09-2022 @ 10:40:01 - Row :90 - Processing item.
12-09-2022 @ 10:40:01 - Found simple product object. ID:649
12-09-2022 @ 10:40:01 - Setting Featured Image. URL:/wp-content/uploads/files/28700193/product_image_1/AG1200.jpg
12-09-2022 @ 10:40:01 - Unable to use image "/wp-content/uploads/files/28700193/product_image_1/AG1200.jpg".
12-09-2022 @ 10:40:01 - Row :90 - Product updated successfully.
12-09-2022 @ 10:40:01 - Row :91 - Parsing item.
12-09-2022 @ 10:40:01 - Row :91 - Processing item.
12-09-2022 @ 10:40:01 - Found simple product object. ID:650
12-09-2022 @ 10:40:01 - Setting Featured Image. URL:/wp-content/uploads/files/28700193/product_image_1/AG1200.jpg
12-09-2022 @ 10:40:01 - Unable to use image "/wp-content/uploads/files/28700193/product_image_1/AG1200.jpg".
12-09-2022 @ 10:40:01 - Row :91 - Product updated successfully.
12-09-2022 @ 10:40:01 - Row :92 - Parsing item.
12-09-2022 @ 10:40:01 - Row :92 - Processing item.
12-09-2022 @ 10:40:01 - Found simple product object. ID:651
12-09-2022 @ 10:40:01 - Setting Featured Image. URL:/wp-content/uploads/files/28700193/product_image_1/AG1200.jpg
12-09-2022 @ 10:40:01 - Unable to use image "/wp-content/uploads/files/28700193/product_image_1/AG1200.jpg".
12-09-2022 @ 10:40:01 - Row :92 - Product updated successfully.
12-09-2022 @ 10:40:01 - Row :93 - Parsing item.
12-09-2022 @ 10:40:01 - Row :93 - Processing item.
12-09-2022 @ 10:40:01 - Found simple product object. ID:652
12-09-2022 @ 10:40:01 - Setting Featured Image. URL:/wp-content/uploads/files/28700193/product_image_1/AG1200.jpg
12-09-2022 @ 10:40:01 - Unable to use image "/wp-content/uploads/files/28700193/product_image_1/AG1200.jpg".
12-09-2022 @ 10:40:01 - Row :93 - Product updated successfully.
12-09-2022 @ 10:40:01 - Row :94 - Parsing item.
12-09-2022 @ 10:40:01 - Row :94 - Processing item.
12-09-2022 @ 10:40:01 - Found simple product object. ID:653
12-09-2022 @ 10:40:01 - Setting Featured Image. URL:/wp-content/uploads/files/28700193/product_image_1/AG1200.jpg
12-09-2022 @ 10:40:01 - Unable to use image "/wp-content/uploads/files/28700193/product_image_1/AG1200.jpg".
12-09-2022 @ 10:40:01 - Row :94 - Product updated successfully.
12-09-2022 @ 10:40:01 - Row :95 - Parsing item.
12-09-2022 @ 10:40:01 - Row :95 - Processing item.
12-09-2022 @ 10:40:01 - Found simple product object. ID:654
12-09-2022 @ 10:40:01 - Setting Featured Image. URL:/wp-content/uploads/files/28700193/product_image_1/AG1200.jpg
12-09-2022 @ 10:40:01 - Unable to use image "/wp-content/uploads/files/28700193/product_image_1/AG1200.jpg".
12-09-2022 @ 10:40:01 - Row :95 - Product updated successfully.
12-09-2022 @ 10:40:01 - Row :96 - Parsing item.
12-09-2022 @ 10:40:01 - Row :96 - Processing item.
12-09-2022 @ 10:40:01 - Found simple product object. ID:655
12-09-2022 @ 10:40:01 - Setting Featured Image. URL:/wp-content/uploads/files/28700193/product_image_1/AG1200.jpg
12-09-2022 @ 10:40:01 - Unable to use image "/wp-content/uploads/files/28700193/product_image_1/AG1200.jpg".
12-09-2022 @ 10:40:01 - Row :96 - Product updated successfully.
12-09-2022 @ 10:40:01 - Row :97 - Parsing item.
12-09-2022 @ 10:40:01 - Row :97 - Processing item.
12-09-2022 @ 10:40:01 - Found simple product object. ID:656
12-09-2022 @ 10:40:01 - Setting Featured Image. URL:/wp-content/uploads/files/28700193/product_image_1/AG1200.jpg
12-09-2022 @ 10:40:01 - Unable to use image "/wp-content/uploads/files/28700193/product_image_1/AG1200.jpg".
12-09-2022 @ 10:40:01 - Row :97 - Product updated successfully.
12-09-2022 @ 10:40:01 - Row :98 - Parsing item.
12-09-2022 @ 10:40:01 - Row :98 - Processing item.
12-09-2022 @ 10:40:01 - Found simple product object. ID:657
12-09-2022 @ 10:40:01 - Setting Featured Image. URL:/wp-content/uploads/files/28700193/product_image_1/AG1200.jpg
12-09-2022 @ 10:40:01 - Unable to use image "/wp-content/uploads/files/28700193/product_image_1/AG1200.jpg".
12-09-2022 @ 10:40:01 - Row :98 - Product updated successfully.
12-09-2022 @ 10:40:01 - Row :99 - Parsing item.
12-09-2022 @ 10:40:01 - Row :99 - Processing item.
12-09-2022 @ 10:40:01 - Found simple product object. ID:658
12-09-2022 @ 10:40:01 - Setting Featured Image. URL:/wp-content/uploads/files/28700193/product_image_1/AG1200.jpg
12-09-2022 @ 10:40:01 - Unable to use image "/wp-content/uploads/files/28700193/product_image_1/AG1200.jpg".
12-09-2022 @ 10:40:01 - Row :99 - Product updated successfully.
12-09-2022 @ 10:40:01 - Row :100 - Parsing item.
12-09-2022 @ 10:40:01 - Row :100 - Processing item.
12-09-2022 @ 10:40:01 - Found simple product object. ID:659
12-09-2022 @ 10:40:01 - Setting Featured Image. URL:/wp-content/uploads/files/28700193/product_image_1/AG1200.jpg
12-09-2022 @ 10:40:01 - Unable to use image "/wp-content/uploads/files/28700193/product_image_1/AG1200.jpg".
12-09-2022 @ 10:40:01 - Row :100 - Product updated successfully.
12-09-2022 @ 10:40:02 - Preparing for import.
12-09-2022 @ 10:40:02 - Row :101 - Parsing item.
12-09-2022 @ 10:40:02 - Row :101 - Processing item.
12-09-2022 @ 10:40:02 - Found simple product object. ID:660
12-09-2022 @ 10:40:02 - Setting Featured Image. URL:/wp-content/uploads/files/28700193/product_image_1/AG1200.jpg
12-09-2022 @ 10:40:02 - Unable to use image "/wp-content/uploads/files/28700193/product_image_1/AG1200.jpg".
12-09-2022 @ 10:40:02 - Row :101 - Product updated successfully.
12-09-2022 @ 10:40:02 - Row :102 - Parsing item.
12-09-2022 @ 10:40:02 - Row :102 - Processing item.
12-09-2022 @ 10:40:02 - Found simple product object. ID:661
12-09-2022 @ 10:40:02 - Setting Featured Image. URL:/wp-content/uploads/files/28700193/product_image_1/AG1200.jpg
12-09-2022 @ 10:40:02 - Unable to use image "/wp-content/uploads/files/28700193/product_image_1/AG1200.jpg".
12-09-2022 @ 10:40:02 - Row :102 - Product updated successfully.
12-09-2022 @ 10:40:02 - Row :103 - Parsing item.
12-09-2022 @ 10:40:02 - Row :103 - Processing item.
12-09-2022 @ 10:40:02 - Found simple product object. ID:662
12-09-2022 @ 10:40:02 - Setting Featured Image. URL:/wp-content/uploads/files/28700193/product_image_1/AG1200.jpg
12-09-2022 @ 10:40:02 - Unable to use image "/wp-content/uploads/files/28700193/product_image_1/AG1200.jpg".
12-09-2022 @ 10:40:02 - Row :103 - Product updated successfully.
12-09-2022 @ 10:40:02 - Row :104 - Parsing item.
12-09-2022 @ 10:40:02 - Row :104 - Processing item.
12-09-2022 @ 10:40:02 - Found simple product object. ID:663
12-09-2022 @ 10:40:02 - Setting Featured Image. URL:/wp-content/uploads/files/28700193/product_image_1/AG1200.jpg
12-09-2022 @ 10:40:02 - Unable to use image "/wp-content/uploads/files/28700193/product_image_1/AG1200.jpg".
12-09-2022 @ 10:40:02 - Row :104 - Product updated successfully.
12-09-2022 @ 10:40:02 - Row :105 - Parsing item.
12-09-2022 @ 10:40:02 - Row :105 - Processing item.
12-09-2022 @ 10:40:02 - Found simple product object. ID:664
12-09-2022 @ 10:40:02 - Setting Featured Image. URL:/wp-content/uploads/files/28700193/product_image_1/AG1200.jpg
12-09-2022 @ 10:40:02 - Unable to use image "/wp-content/uploads/files/28700193/product_image_1/AG1200.jpg".
12-09-2022 @ 10:40:02 - Row :105 - Product updated successfully.
12-09-2022 @ 10:40:02 - Row :106 - Parsing item.
12-09-2022 @ 10:40:02 - Row :106 - Processing item.
12-09-2022 @ 10:40:02 - Found simple product object. ID:665
12-09-2022 @ 10:40:02 - Setting Featured Image. URL:/wp-content/uploads/files/28700193/product_image_1/AG1200.jpg
12-09-2022 @ 10:40:02 - Unable to use image "/wp-content/uploads/files/28700193/product_image_1/AG1200.jpg".
12-09-2022 @ 10:40:02 - Row :106 - Product updated successfully.
12-09-2022 @ 10:40:02 - Row :107 - Parsing item.
12-09-2022 @ 10:40:02 - Row :107 - Processing item.
12-09-2022 @ 10:40:02 - Found simple product object. ID:666
12-09-2022 @ 10:40:02 - Setting Featured Image. URL:/wp-content/uploads/files/28700193/product_image_1/AG1200.jpg
12-09-2022 @ 10:40:02 - Unable to use image "/wp-content/uploads/files/28700193/product_image_1/AG1200.jpg".
12-09-2022 @ 10:40:02 - Row :107 - Product updated successfully.
12-09-2022 @ 10:40:02 - Row :108 - Parsing item.
12-09-2022 @ 10:40:02 - Row :108 - Processing item.
12-09-2022 @ 10:40:02 - Found simple product object. ID:667
12-09-2022 @ 10:40:02 - Setting Featured Image. URL:/wp-content/uploads/files/28700193/product_image_1/AG1200.jpg
12-09-2022 @ 10:40:02 - Unable to use image "/wp-content/uploads/files/28700193/product_image_1/AG1200.jpg".
12-09-2022 @ 10:40:02 - Row :108 - Product updated successfully.
12-09-2022 @ 10:40:02 - Row :109 - Parsing item.
12-09-2022 @ 10:40:02 - Row :109 - Processing item.
12-09-2022 @ 10:40:02 - Found simple product object. ID:668
12-09-2022 @ 10:40:02 - Setting Featured Image. URL:/wp-content/uploads/files/28700193/product_image_1/AG1200.jpg
12-09-2022 @ 10:40:02 - Unable to use image "/wp-content/uploads/files/28700193/product_image_1/AG1200.jpg".
12-09-2022 @ 10:40:02 - Row :109 - Product updated successfully.
12-09-2022 @ 10:40:02 - Row :110 - Parsing item.
12-09-2022 @ 10:40:02 - Row :110 - Processing item.
12-09-2022 @ 10:40:02 - Found simple product object. ID:669
12-09-2022 @ 10:40:02 - Setting Featured Image. URL:/wp-content/uploads/files/28700193/product_image_1/AG1200.jpg
12-09-2022 @ 10:40:02 - Unable to use image "/wp-content/uploads/files/28700193/product_image_1/AG1200.jpg".
12-09-2022 @ 10:40:02 - Row :110 - Product updated successfully.
12-09-2022 @ 10:40:02 - Row :111 - Parsing item.
12-09-2022 @ 10:40:02 - Row :111 - Processing item.
12-09-2022 @ 10:40:02 - Found simple product object. ID:670
12-09-2022 @ 10:40:02 - Setting Featured Image. URL:/wp-content/uploads/files/28700193/product_image_1/AG1200.jpg
12-09-2022 @ 10:40:02 - Unable to use image "/wp-content/uploads/files/28700193/product_image_1/AG1200.jpg".
12-09-2022 @ 10:40:02 - Row :111 - Product updated successfully.
12-09-2022 @ 10:40:02 - Row :112 - Parsing item.
12-09-2022 @ 10:40:02 - Row :112 - Processing item.
12-09-2022 @ 10:40:02 - Found simple product object. ID:671
12-09-2022 @ 10:40:02 - Setting Featured Image. URL:/wp-content/uploads/files/28700193/product_image_1/AG1200.jpg
12-09-2022 @ 10:40:02 - Unable to use image "/wp-content/uploads/files/28700193/product_image_1/AG1200.jpg".
12-09-2022 @ 10:40:02 - Row :112 - Product updated successfully.
12-09-2022 @ 10:40:02 - Row :113 - Parsing item.
12-09-2022 @ 10:40:02 - Row :113 - Processing item.
12-09-2022 @ 10:40:02 - Found simple product object. ID:672
12-09-2022 @ 10:40:02 - Row :113 - Product updated successfully.
12-09-2022 @ 10:40:02 - Row :114 - Parsing item.
12-09-2022 @ 10:40:02 - Row :114 - Processing item.
12-09-2022 @ 10:40:02 - Found simple product object. ID:673
12-09-2022 @ 10:40:02 - Setting Featured Image. URL:/wp-content/uploads/files/20100100/product_image_1/cba0240.jpg
12-09-2022 @ 10:40:02 - Unable to use image "/wp-content/uploads/files/20100100/product_image_1/cba0240.jpg".
12-09-2022 @ 10:40:02 - Row :114 - Product updated successfully.
12-09-2022 @ 10:40:02 - Row :115 - Parsing item.
12-09-2022 @ 10:40:02 - Row :115 - Processing item.
12-09-2022 @ 10:40:02 - Found simple product object. ID:674
12-09-2022 @ 10:40:02 - Setting Featured Image. URL:/wp-content/uploads/files/20100100/product_image_1/cba0240.jpg
12-09-2022 @ 10:40:02 - Unable to use image "/wp-content/uploads/files/20100100/product_image_1/cba0240.jpg".
12-09-2022 @ 10:40:02 - Row :115 - Product updated successfully.
12-09-2022 @ 10:40:02 - Row :116 - Parsing item.
12-09-2022 @ 10:40:02 - Row :116 - Processing item.
12-09-2022 @ 10:40:02 - Found simple product object. ID:675
12-09-2022 @ 10:40:02 - Setting Featured Image. URL:/wp-content/uploads/files/20100100/product_image_1/cba0240.jpg
12-09-2022 @ 10:40:02 - Unable to use image "/wp-content/uploads/files/20100100/product_image_1/cba0240.jpg".
12-09-2022 @ 10:40:02 - Row :116 - Product updated successfully.
12-09-2022 @ 10:40:02 - Row :117 - Parsing item.
12-09-2022 @ 10:40:02 - Row :117 - Processing item.
12-09-2022 @ 10:40:02 - Found simple product object. ID:676
12-09-2022 @ 10:40:02 - Setting Featured Image. URL:/wp-content/uploads/files/20100100/product_image_1/cba0240.jpg
12-09-2022 @ 10:40:02 - Unable to use image "/wp-content/uploads/files/20100100/product_image_1/cba0240.jpg".
12-09-2022 @ 10:40:02 - Row :117 - Product updated successfully.
12-09-2022 @ 10:40:02 - Row :118 - Parsing item.
12-09-2022 @ 10:40:02 - Row :118 - Processing item.
12-09-2022 @ 10:40:02 - Found simple product object. ID:677
12-09-2022 @ 10:40:02 - Setting Featured Image. URL:/wp-content/uploads/files/20100100/product_image_1/cba0240.jpg
12-09-2022 @ 10:40:02 - Unable to use image "/wp-content/uploads/files/20100100/product_image_1/cba0240.jpg".
12-09-2022 @ 10:40:02 - Row :118 - Product updated successfully.
12-09-2022 @ 10:40:02 - Row :119 - Parsing item.
12-09-2022 @ 10:40:02 - Row :119 - Processing item.
12-09-2022 @ 10:40:02 - Found simple product object. ID:678
12-09-2022 @ 10:40:02 - Setting Featured Image. URL:/wp-content/uploads/files/20100100/product_image_1/cba0240.jpg
12-09-2022 @ 10:40:02 - Unable to use image "/wp-content/uploads/files/20100100/product_image_1/cba0240.jpg".
12-09-2022 @ 10:40:02 - Row :119 - Product updated successfully.
12-09-2022 @ 10:40:02 - Row :120 - Parsing item.
12-09-2022 @ 10:40:02 - Row :120 - Processing item.
12-09-2022 @ 10:40:02 - Found simple product object. ID:679
12-09-2022 @ 10:40:02 - Setting Featured Image. URL:/wp-content/uploads/files/20100100/product_image_1/cba0240.jpg
12-09-2022 @ 10:40:02 - Unable to use image "/wp-content/uploads/files/20100100/product_image_1/cba0240.jpg".
12-09-2022 @ 10:40:02 - Row :120 - Product updated successfully.
12-09-2022 @ 10:40:03 - Preparing for import.
12-09-2022 @ 10:40:03 - Row :121 - Parsing item.
12-09-2022 @ 10:40:03 - Row :121 - Processing item.
12-09-2022 @ 10:40:03 - Found simple product object. ID:680
12-09-2022 @ 10:40:03 - Setting Featured Image. URL:/wp-content/uploads/files/20100100/product_image_1/cba0240.jpg
12-09-2022 @ 10:40:03 - Unable to use image "/wp-content/uploads/files/20100100/product_image_1/cba0240.jpg".
12-09-2022 @ 10:40:03 - Row :121 - Product updated successfully.
12-09-2022 @ 10:40:03 - Row :122 - Parsing item.
12-09-2022 @ 10:40:03 - Row :122 - Processing item.
12-09-2022 @ 10:40:03 - Found simple product object. ID:681
12-09-2022 @ 10:40:03 - Setting Featured Image. URL:/wp-content/uploads/files/20100100/product_image_1/cba0240.jpg
12-09-2022 @ 10:40:03 - Unable to use image "/wp-content/uploads/files/20100100/product_image_1/cba0240.jpg".
12-09-2022 @ 10:40:03 - Row :122 - Product updated successfully.
12-09-2022 @ 10:40:03 - Row :123 - Parsing item.
12-09-2022 @ 10:40:03 - Row :123 - Processing item.
12-09-2022 @ 10:40:03 - Found simple product object. ID:682
12-09-2022 @ 10:40:03 - Setting Featured Image. URL:/wp-content/uploads/files/20100100/product_image_1/cba0240.jpg
12-09-2022 @ 10:40:03 - Unable to use image "/wp-content/uploads/files/20100100/product_image_1/cba0240.jpg".
12-09-2022 @ 10:40:03 - Row :123 - Product updated successfully.
12-09-2022 @ 10:40:03 - Row :124 - Parsing item.
12-09-2022 @ 10:40:03 - Row :124 - Processing item.
12-09-2022 @ 10:40:03 - Found simple product object. ID:683
12-09-2022 @ 10:40:03 - Setting Featured Image. URL:/wp-content/uploads/files/20100100/product_image_1/cba0240.jpg
12-09-2022 @ 10:40:03 - Unable to use image "/wp-content/uploads/files/20100100/product_image_1/cba0240.jpg".
12-09-2022 @ 10:40:03 - Row :124 - Product updated successfully.
12-09-2022 @ 10:40:03 - Row :125 - Parsing item.
12-09-2022 @ 10:40:03 - Row :125 - Processing item.
12-09-2022 @ 10:40:03 - Found simple product object. ID:684
12-09-2022 @ 10:40:03 - Setting Featured Image. URL:/wp-content/uploads/files/20100100/product_image_1/cba0240.jpg
12-09-2022 @ 10:40:03 - Unable to use image "/wp-content/uploads/files/20100100/product_image_1/cba0240.jpg".
12-09-2022 @ 10:40:03 - Row :125 - Product updated successfully.
12-09-2022 @ 10:40:03 - Row :126 - Parsing item.
12-09-2022 @ 10:40:03 - Row :126 - Processing item.
12-09-2022 @ 10:40:03 - Found simple product object. ID:685
12-09-2022 @ 10:40:03 - Setting Featured Image. URL:/wp-content/uploads/files/20100100/product_image_1/cba0240.jpg
12-09-2022 @ 10:40:03 - Unable to use image "/wp-content/uploads/files/20100100/product_image_1/cba0240.jpg".
12-09-2022 @ 10:40:03 - Row :126 - Product updated successfully.
12-09-2022 @ 10:40:03 - Row :127 - Parsing item.
12-09-2022 @ 10:40:03 - Row :127 - Processing item.
12-09-2022 @ 10:40:03 - Found simple product object. ID:686
12-09-2022 @ 10:40:03 - Setting Featured Image. URL:/wp-content/uploads/files/20100100/product_image_1/cba0240.jpg
12-09-2022 @ 10:40:03 - Unable to use image "/wp-content/uploads/files/20100100/product_image_1/cba0240.jpg".
12-09-2022 @ 10:40:03 - Row :127 - Product updated successfully.
12-09-2022 @ 10:40:03 - Row :128 - Parsing item.
12-09-2022 @ 10:40:03 - Row :128 - Processing item.
12-09-2022 @ 10:40:03 - Found simple product object. ID:687
12-09-2022 @ 10:40:03 - Setting Featured Image. URL:/wp-content/uploads/files/20100100/product_image_1/cba0240.jpg
12-09-2022 @ 10:40:03 - Unable to use image "/wp-content/uploads/files/20100100/product_image_1/cba0240.jpg".
12-09-2022 @ 10:40:03 - Row :128 - Product updated successfully.
12-09-2022 @ 10:40:03 - Row :129 - Parsing item.
12-09-2022 @ 10:40:03 - Row :129 - Processing item.
12-09-2022 @ 10:40:03 - Found simple product object. ID:688
12-09-2022 @ 10:40:03 - Setting Featured Image. URL:/wp-content/uploads/files/20100100/product_image_1/cba0240.jpg
12-09-2022 @ 10:40:03 - Unable to use image "/wp-content/uploads/files/20100100/product_image_1/cba0240.jpg".
12-09-2022 @ 10:40:03 - Row :129 - Product updated successfully.
12-09-2022 @ 10:40:03 - Row :130 - Parsing item.
12-09-2022 @ 10:40:03 - Row :130 - Processing item.
12-09-2022 @ 10:40:03 - Found simple product object. ID:689
12-09-2022 @ 10:40:03 - Setting Featured Image. URL:/wp-content/uploads/files/20100100/product_image_1/cba0240.jpg
12-09-2022 @ 10:40:03 - Unable to use image "/wp-content/uploads/files/20100100/product_image_1/cba0240.jpg".
12-09-2022 @ 10:40:03 - Row :130 - Product updated successfully.
12-09-2022 @ 10:40:03 - Row :131 - Parsing item.
12-09-2022 @ 10:40:03 - Row :131 - Processing item.
12-09-2022 @ 10:40:03 - Found simple product object. ID:690
12-09-2022 @ 10:40:03 - Setting Featured Image. URL:/wp-content/uploads/files/20100100/product_image_1/cba0240.jpg
12-09-2022 @ 10:40:03 - Unable to use image "/wp-content/uploads/files/20100100/product_image_1/cba0240.jpg".
12-09-2022 @ 10:40:03 - Row :131 - Product updated successfully.
12-09-2022 @ 10:40:03 - Row :132 - Parsing item.
12-09-2022 @ 10:40:03 - Row :132 - Processing item.
12-09-2022 @ 10:40:03 - Found simple product object. ID:691
12-09-2022 @ 10:40:03 - Setting Featured Image. URL:/wp-content/uploads/files/20100100/product_image_1/cba0240.jpg
12-09-2022 @ 10:40:03 - Unable to use image "/wp-content/uploads/files/20100100/product_image_1/cba0240.jpg".
12-09-2022 @ 10:40:03 - Row :132 - Product updated successfully.
12-09-2022 @ 10:40:03 - Row :133 - Parsing item.
12-09-2022 @ 10:40:03 - Row :133 - Processing item.
12-09-2022 @ 10:40:03 - Found simple product object. ID:692
12-09-2022 @ 10:40:03 - Setting Featured Image. URL:/wp-content/uploads/files/20100100/product_image_1/cba0240.jpg
12-09-2022 @ 10:40:03 - Unable to use image "/wp-content/uploads/files/20100100/product_image_1/cba0240.jpg".
12-09-2022 @ 10:40:03 - Row :133 - Product updated successfully.
12-09-2022 @ 10:40:03 - Row :134 - Parsing item.
12-09-2022 @ 10:40:03 - Row :134 - Processing item.
12-09-2022 @ 10:40:03 - Found simple product object. ID:693
12-09-2022 @ 10:40:03 - Setting Featured Image. URL:/wp-content/uploads/files/20100100/product_image_1/cba0240.jpg
12-09-2022 @ 10:40:03 - Unable to use image "/wp-content/uploads/files/20100100/product_image_1/cba0240.jpg".
12-09-2022 @ 10:40:03 - Row :134 - Product updated successfully.
12-09-2022 @ 10:40:03 - Row :135 - Parsing item.
12-09-2022 @ 10:40:03 - Row :135 - Processing item.
12-09-2022 @ 10:40:03 - Found simple product object. ID:694
12-09-2022 @ 10:40:03 - Setting Featured Image. URL:/wp-content/uploads/files/20100100/product_image_1/cba0240.jpg
12-09-2022 @ 10:40:03 - Unable to use image "/wp-content/uploads/files/20100100/product_image_1/cba0240.jpg".
12-09-2022 @ 10:40:03 - Row :135 - Product updated successfully.
12-09-2022 @ 10:40:03 - Row :136 - Parsing item.
12-09-2022 @ 10:40:03 - Row :136 - Processing item.
12-09-2022 @ 10:40:03 - Found simple product object. ID:695
12-09-2022 @ 10:40:03 - Setting Featured Image. URL:/wp-content/uploads/files/20100100/product_image_1/cba0240.jpg
12-09-2022 @ 10:40:03 - Unable to use image "/wp-content/uploads/files/20100100/product_image_1/cba0240.jpg".
12-09-2022 @ 10:40:03 - Row :136 - Product updated successfully.
12-09-2022 @ 10:40:03 - Row :137 - Parsing item.
12-09-2022 @ 10:40:03 - Row :137 - Processing item.
12-09-2022 @ 10:40:03 - Found simple product object. ID:696
12-09-2022 @ 10:40:03 - Setting Featured Image. URL:/wp-content/uploads/files/20100100/product_image_1/cba0240.jpg
12-09-2022 @ 10:40:03 - Unable to use image "/wp-content/uploads/files/20100100/product_image_1/cba0240.jpg".
12-09-2022 @ 10:40:03 - Row :137 - Product updated successfully.
12-09-2022 @ 10:40:03 - Row :138 - Parsing item.
12-09-2022 @ 10:40:03 - Row :138 - Processing item.
12-09-2022 @ 10:40:03 - Found simple product object. ID:697
12-09-2022 @ 10:40:03 - Setting Featured Image. URL:/wp-content/uploads/files/20100100/product_image_1/cba0240.jpg
12-09-2022 @ 10:40:03 - Unable to use image "/wp-content/uploads/files/20100100/product_image_1/cba0240.jpg".
12-09-2022 @ 10:40:03 - Row :138 - Product updated successfully.
12-09-2022 @ 10:40:03 - Row :139 - Parsing item.
12-09-2022 @ 10:40:03 - Row :139 - Processing item.
12-09-2022 @ 10:40:03 - Found simple product object. ID:698
12-09-2022 @ 10:40:03 - Setting Featured Image. URL:/wp-content/uploads/files/20100100/product_image_1/cba0240.jpg
12-09-2022 @ 10:40:03 - Unable to use image "/wp-content/uploads/files/20100100/product_image_1/cba0240.jpg".
12-09-2022 @ 10:40:03 - Row :139 - Product updated successfully.
12-09-2022 @ 10:40:03 - Row :140 - Parsing item.
12-09-2022 @ 10:40:03 - Row :140 - Processing item.
12-09-2022 @ 10:40:03 - Found simple product object. ID:699
12-09-2022 @ 10:40:03 - Setting Featured Image. URL:/wp-content/uploads/files/20100100/product_image_1/cba0240.jpg
12-09-2022 @ 10:40:03 - Unable to use image "/wp-content/uploads/files/20100100/product_image_1/cba0240.jpg".
12-09-2022 @ 10:40:03 - Row :140 - Product updated successfully.
12-09-2022 @ 10:40:04 - Preparing for import.
12-09-2022 @ 10:40:04 - Row :141 - Parsing item.
12-09-2022 @ 10:40:04 - Row :141 - Processing item.
12-09-2022 @ 10:40:04 - Found simple product object. ID:700
12-09-2022 @ 10:40:04 - Setting Featured Image. URL:/wp-content/uploads/files/20100100/product_image_1/cba0240.jpg
12-09-2022 @ 10:40:04 - Unable to use image "/wp-content/uploads/files/20100100/product_image_1/cba0240.jpg".
12-09-2022 @ 10:40:04 - Row :141 - Product updated successfully.
12-09-2022 @ 10:40:04 - Row :142 - Parsing item.
12-09-2022 @ 10:40:04 - Row :142 - Processing item.
12-09-2022 @ 10:40:04 - Found simple product object. ID:701
12-09-2022 @ 10:40:04 - Setting Featured Image. URL:/wp-content/uploads/files/20100100/product_image_1/cba0240.jpg
12-09-2022 @ 10:40:04 - Unable to use image "/wp-content/uploads/files/20100100/product_image_1/cba0240.jpg".
12-09-2022 @ 10:40:04 - Row :142 - Product updated successfully.
12-09-2022 @ 10:40:04 - Row :143 - Parsing item.
12-09-2022 @ 10:40:04 - Row :143 - Processing item.
12-09-2022 @ 10:40:04 - Found simple product object. ID:702
12-09-2022 @ 10:40:04 - Setting Featured Image. URL:/wp-content/uploads/files/20100100/product_image_1/cba0240.jpg
12-09-2022 @ 10:40:04 - Unable to use image "/wp-content/uploads/files/20100100/product_image_1/cba0240.jpg".
12-09-2022 @ 10:40:04 - Row :143 - Product updated successfully.
12-09-2022 @ 10:40:04 - Row :144 - Parsing item.
12-09-2022 @ 10:40:04 - Row :144 - Processing item.
12-09-2022 @ 10:40:04 - Found simple product object. ID:703
12-09-2022 @ 10:40:04 - Setting Featured Image. URL:/wp-content/uploads/files/20100100/product_image_1/cba0240.jpg
12-09-2022 @ 10:40:04 - Unable to use image "/wp-content/uploads/files/20100100/product_image_1/cba0240.jpg".
12-09-2022 @ 10:40:04 - Row :144 - Product updated successfully.
12-09-2022 @ 10:40:04 - Row :145 - Parsing item.
12-09-2022 @ 10:40:04 - Row :145 - Processing item.
12-09-2022 @ 10:40:04 - Found simple product object. ID:704
12-09-2022 @ 10:40:04 - Setting Featured Image. URL:/wp-content/uploads/files/20100100/product_image_1/cba0240.jpg
12-09-2022 @ 10:40:04 - Unable to use image "/wp-content/uploads/files/20100100/product_image_1/cba0240.jpg".
12-09-2022 @ 10:40:04 - Row :145 - Product updated successfully.
12-09-2022 @ 10:40:04 - Row :146 - Parsing item.
12-09-2022 @ 10:40:04 - Row :146 - Processing item.
12-09-2022 @ 10:40:04 - Found simple product object. ID:705
12-09-2022 @ 10:40:04 - Setting Featured Image. URL:/wp-content/uploads/files/20100100/product_image_1/cba0240.jpg
12-09-2022 @ 10:40:04 - Unable to use image "/wp-content/uploads/files/20100100/product_image_1/cba0240.jpg".
12-09-2022 @ 10:40:04 - Row :146 - Product updated successfully.
12-09-2022 @ 10:40:04 - Row :147 - Parsing item.
12-09-2022 @ 10:40:04 - Row :147 - Processing item.
12-09-2022 @ 10:40:04 - Found simple product object. ID:706
12-09-2022 @ 10:40:04 - Setting Featured Image. URL:/wp-content/uploads/files/20100100/product_image_1/cba0240.jpg
12-09-2022 @ 10:40:04 - Unable to use image "/wp-content/uploads/files/20100100/product_image_1/cba0240.jpg".
12-09-2022 @ 10:40:04 - Row :147 - Product updated successfully.
12-09-2022 @ 10:40:04 - Row :148 - Parsing item.
12-09-2022 @ 10:40:04 - Row :148 - Processing item.
12-09-2022 @ 10:40:04 - Found simple product object. ID:707
12-09-2022 @ 10:40:04 - Setting Featured Image. URL:/wp-content/uploads/files/20100100/product_image_1/cba0240.jpg
12-09-2022 @ 10:40:04 - Unable to use image "/wp-content/uploads/files/20100100/product_image_1/cba0240.jpg".
12-09-2022 @ 10:40:04 - Row :148 - Product updated successfully.
12-09-2022 @ 10:40:04 - Row :149 - Parsing item.
12-09-2022 @ 10:40:04 - Row :149 - Processing item.
12-09-2022 @ 10:40:04 - Found simple product object. ID:708
12-09-2022 @ 10:40:04 - Setting Featured Image. URL:/wp-content/uploads/files/20100100/product_image_1/cba0240.jpg
12-09-2022 @ 10:40:04 - Unable to use image "/wp-content/uploads/files/20100100/product_image_1/cba0240.jpg".
12-09-2022 @ 10:40:04 - Row :149 - Product updated successfully.
12-09-2022 @ 10:40:04 - Row :150 - Parsing item.
12-09-2022 @ 10:40:04 - Row :150 - Processing item.
12-09-2022 @ 10:40:04 - Found simple product object. ID:709
12-09-2022 @ 10:40:04 - Setting Featured Image. URL:/wp-content/uploads/files/20100100/product_image_1/cba0240.jpg
12-09-2022 @ 10:40:04 - Unable to use image "/wp-content/uploads/files/20100100/product_image_1/cba0240.jpg".
12-09-2022 @ 10:40:04 - Row :150 - Product updated successfully.
12-09-2022 @ 10:40:04 - Row :151 - Parsing item.
12-09-2022 @ 10:40:04 - Row :151 - Processing item.
12-09-2022 @ 10:40:04 - Found simple product object. ID:710
12-09-2022 @ 10:40:04 - Setting Featured Image. URL:/wp-content/uploads/files/20100100/product_image_1/cba0240.jpg
12-09-2022 @ 10:40:04 - Unable to use image "/wp-content/uploads/files/20100100/product_image_1/cba0240.jpg".
12-09-2022 @ 10:40:04 - Row :151 - Product updated successfully.
12-09-2022 @ 10:40:04 - Row :152 - Parsing item.
12-09-2022 @ 10:40:04 - Row :152 - Processing item.
12-09-2022 @ 10:40:04 - Found simple product object. ID:711
12-09-2022 @ 10:40:04 - Setting Featured Image. URL:/wp-content/uploads/files/20100100/product_image_1/cba0240.jpg
12-09-2022 @ 10:40:04 - Unable to use image "/wp-content/uploads/files/20100100/product_image_1/cba0240.jpg".
12-09-2022 @ 10:40:04 - Row :152 - Product updated successfully.
12-09-2022 @ 10:40:04 - Row :153 - Parsing item.
12-09-2022 @ 10:40:04 - Row :153 - Processing item.
12-09-2022 @ 10:40:04 - Found simple product object. ID:712
12-09-2022 @ 10:40:04 - Setting Featured Image. URL:/wp-content/uploads/files/20100100/product_image_1/cba0240.jpg
12-09-2022 @ 10:40:04 - Unable to use image "/wp-content/uploads/files/20100100/product_image_1/cba0240.jpg".
12-09-2022 @ 10:40:04 - Row :153 - Product updated successfully.
12-09-2022 @ 10:40:04 - Row :154 - Parsing item.
12-09-2022 @ 10:40:04 - Row :154 - Processing item.
12-09-2022 @ 10:40:04 - Found simple product object. ID:713
12-09-2022 @ 10:40:04 - Setting Featured Image. URL:/wp-content/uploads/files/20100100/product_image_1/cba0240.jpg
12-09-2022 @ 10:40:04 - Unable to use image "/wp-content/uploads/files/20100100/product_image_1/cba0240.jpg".
12-09-2022 @ 10:40:04 - Row :154 - Product updated successfully.
12-09-2022 @ 10:40:04 - Row :155 - Parsing item.
12-09-2022 @ 10:40:04 - Row :155 - Processing item.
12-09-2022 @ 10:40:04 - Found simple product object. ID:714
12-09-2022 @ 10:40:04 - Setting Featured Image. URL:/wp-content/uploads/files/20100100/product_image_1/cba0240.jpg
12-09-2022 @ 10:40:04 - Unable to use image "/wp-content/uploads/files/20100100/product_image_1/cba0240.jpg".
12-09-2022 @ 10:40:04 - Row :155 - Product updated successfully.
12-09-2022 @ 10:40:04 - Row :156 - Parsing item.
12-09-2022 @ 10:40:04 - Row :156 - Processing item.
12-09-2022 @ 10:40:04 - Found simple product object. ID:715
12-09-2022 @ 10:40:04 - Setting Featured Image. URL:/wp-content/uploads/files/20100100/product_image_1/cba0240.jpg
12-09-2022 @ 10:40:04 - Unable to use image "/wp-content/uploads/files/20100100/product_image_1/cba0240.jpg".
12-09-2022 @ 10:40:04 - Row :156 - Product updated successfully.
12-09-2022 @ 10:40:04 - Row :157 - Parsing item.
12-09-2022 @ 10:40:04 - Row :157 - Processing item.
12-09-2022 @ 10:40:04 - Found simple product object. ID:716
12-09-2022 @ 10:40:04 - Setting Featured Image. URL:/wp-content/uploads/files/20100100/product_image_1/cba0240.jpg
12-09-2022 @ 10:40:04 - Unable to use image "/wp-content/uploads/files/20100100/product_image_1/cba0240.jpg".
12-09-2022 @ 10:40:04 - Row :157 - Product updated successfully.
12-09-2022 @ 10:40:04 - Row :158 - Parsing item.
12-09-2022 @ 10:40:04 - Row :158 - Processing item.
12-09-2022 @ 10:40:04 - Found simple product object. ID:717
12-09-2022 @ 10:40:04 - Setting Featured Image. URL:/wp-content/uploads/files/20100100/product_image_1/cba0240.jpg
12-09-2022 @ 10:40:04 - Unable to use image "/wp-content/uploads/files/20100100/product_image_1/cba0240.jpg".
12-09-2022 @ 10:40:04 - Row :158 - Product updated successfully.
12-09-2022 @ 10:40:04 - Row :159 - Parsing item.
12-09-2022 @ 10:40:04 - Row :159 - Processing item.
12-09-2022 @ 10:40:04 - Found simple product object. ID:718
12-09-2022 @ 10:40:04 - Setting Featured Image. URL:/wp-content/uploads/files/20100100/product_image_1/cba0240.jpg
12-09-2022 @ 10:40:04 - Unable to use image "/wp-content/uploads/files/20100100/product_image_1/cba0240.jpg".
12-09-2022 @ 10:40:04 - Row :159 - Product updated successfully.
12-09-2022 @ 10:40:04 - Row :160 - Parsing item.
12-09-2022 @ 10:40:04 - Row :160 - Processing item.
12-09-2022 @ 10:40:04 - Found simple product object. ID:719
12-09-2022 @ 10:40:04 - Setting Featured Image. URL:/wp-content/uploads/files/20100100/product_image_1/cba0240.jpg
12-09-2022 @ 10:40:04 - Unable to use image "/wp-content/uploads/files/20100100/product_image_1/cba0240.jpg".
12-09-2022 @ 10:40:05 - Row :160 - Product updated successfully.
12-09-2022 @ 10:40:06 - Preparing for import.
12-09-2022 @ 10:40:06 - Row :161 - Parsing item.
12-09-2022 @ 10:40:06 - Row :161 - Processing item.
12-09-2022 @ 10:40:06 - Found simple product object. ID:720
12-09-2022 @ 10:40:06 - Setting Featured Image. URL:/wp-content/uploads/files/20100100/product_image_1/cba0240.jpg
12-09-2022 @ 10:40:06 - Unable to use image "/wp-content/uploads/files/20100100/product_image_1/cba0240.jpg".
12-09-2022 @ 10:40:06 - Row :161 - Product updated successfully.
12-09-2022 @ 10:40:06 - Row :162 - Parsing item.
12-09-2022 @ 10:40:06 - Row :162 - Processing item.
12-09-2022 @ 10:40:06 - Found simple product object. ID:721
12-09-2022 @ 10:40:06 - Setting Featured Image. URL:/wp-content/uploads/files/20100100/product_image_1/cba0240.jpg
12-09-2022 @ 10:40:06 - Unable to use image "/wp-content/uploads/files/20100100/product_image_1/cba0240.jpg".
12-09-2022 @ 10:40:06 - Row :162 - Product updated successfully.
12-09-2022 @ 10:40:06 - Row :163 - Parsing item.
12-09-2022 @ 10:40:06 - Row :163 - Processing item.
12-09-2022 @ 10:40:06 - Found simple product object. ID:722
12-09-2022 @ 10:40:06 - Setting Featured Image. URL:/wp-content/uploads/files/20100100/product_image_1/cba0240.jpg
12-09-2022 @ 10:40:06 - Unable to use image "/wp-content/uploads/files/20100100/product_image_1/cba0240.jpg".
12-09-2022 @ 10:40:06 - Row :163 - Product updated successfully.
12-09-2022 @ 10:40:06 - Row :164 - Parsing item.
12-09-2022 @ 10:40:06 - Row :164 - Processing item.
12-09-2022 @ 10:40:06 - Found simple product object. ID:723
12-09-2022 @ 10:40:06 - Setting Featured Image. URL:/wp-content/uploads/files/20100100/product_image_1/cba0240.jpg
12-09-2022 @ 10:40:06 - Unable to use image "/wp-content/uploads/files/20100100/product_image_1/cba0240.jpg".
12-09-2022 @ 10:40:06 - Row :164 - Product updated successfully.
12-09-2022 @ 10:40:06 - Row :165 - Parsing item.
12-09-2022 @ 10:40:06 - Row :165 - Processing item.
12-09-2022 @ 10:40:06 - Found simple product object. ID:724
12-09-2022 @ 10:40:06 - Setting Featured Image. URL:/wp-content/uploads/files/20100100/product_image_1/cba0240.jpg
12-09-2022 @ 10:40:06 - Unable to use image "/wp-content/uploads/files/20100100/product_image_1/cba0240.jpg".
12-09-2022 @ 10:40:06 - Row :165 - Product updated successfully.
12-09-2022 @ 10:40:06 - Row :166 - Parsing item.
12-09-2022 @ 10:40:06 - Row :166 - Processing item.
12-09-2022 @ 10:40:06 - Found simple product object. ID:725
12-09-2022 @ 10:40:06 - Setting Featured Image. URL:/wp-content/uploads/files/20100100/product_image_1/cba0240.jpg
12-09-2022 @ 10:40:06 - Unable to use image "/wp-content/uploads/files/20100100/product_image_1/cba0240.jpg".
12-09-2022 @ 10:40:06 - Row :166 - Product updated successfully.
12-09-2022 @ 10:40:06 - Row :167 - Parsing item.
12-09-2022 @ 10:40:06 - Row :167 - Processing item.
12-09-2022 @ 10:40:06 - Found simple product object. ID:726
12-09-2022 @ 10:40:06 - Setting Featured Image. URL:/wp-content/uploads/files/20100100/product_image_1/cba0240.jpg
12-09-2022 @ 10:40:06 - Unable to use image "/wp-content/uploads/files/20100100/product_image_1/cba0240.jpg".
12-09-2022 @ 10:40:06 - Row :167 - Product updated successfully.
12-09-2022 @ 10:40:06 - Row :168 - Parsing item.
12-09-2022 @ 10:40:06 - Row :168 - Processing item.
12-09-2022 @ 10:40:06 - Found simple product object. ID:727
12-09-2022 @ 10:40:06 - Setting Featured Image. URL:/wp-content/uploads/files/20100100/product_image_1/cba0240.jpg
12-09-2022 @ 10:40:06 - Unable to use image "/wp-content/uploads/files/20100100/product_image_1/cba0240.jpg".
12-09-2022 @ 10:40:06 - Row :168 - Product updated successfully.
12-09-2022 @ 10:40:06 - Row :169 - Parsing item.
12-09-2022 @ 10:40:06 - Row :169 - Processing item.
12-09-2022 @ 10:40:06 - Found simple product object. ID:728
12-09-2022 @ 10:40:06 - Setting Featured Image. URL:/wp-content/uploads/files/20100100/product_image_1/cba0240.jpg
12-09-2022 @ 10:40:06 - Unable to use image "/wp-content/uploads/files/20100100/product_image_1/cba0240.jpg".
12-09-2022 @ 10:40:07 - Row :169 - Product updated successfully.
12-09-2022 @ 10:40:07 - Row :170 - Parsing item.
12-09-2022 @ 10:40:07 - Row :170 - Processing item.
12-09-2022 @ 10:40:07 - Found simple product object. ID:729
12-09-2022 @ 10:40:07 - Setting Featured Image. URL:/wp-content/uploads/files/20100100/product_image_1/cba0240.jpg
12-09-2022 @ 10:40:07 - Unable to use image "/wp-content/uploads/files/20100100/product_image_1/cba0240.jpg".
12-09-2022 @ 10:40:07 - Row :170 - Product updated successfully.
12-09-2022 @ 10:40:07 - Row :171 - Parsing item.
12-09-2022 @ 10:40:07 - Row :171 - Processing item.
12-09-2022 @ 10:40:07 - Found simple product object. ID:730
12-09-2022 @ 10:40:07 - Setting Featured Image. URL:/wp-content/uploads/files/20100100/product_image_1/cba0240.jpg
12-09-2022 @ 10:40:07 - Unable to use image "/wp-content/uploads/files/20100100/product_image_1/cba0240.jpg".
12-09-2022 @ 10:40:07 - Row :171 - Product updated successfully.
12-09-2022 @ 10:40:07 - Row :172 - Parsing item.
12-09-2022 @ 10:40:07 - Row :172 - Processing item.
12-09-2022 @ 10:40:07 - Found simple product object. ID:731
12-09-2022 @ 10:40:07 - Setting Featured Image. URL:/wp-content/uploads/files/20100100/product_image_1/cba0240.jpg
12-09-2022 @ 10:40:07 - Unable to use image "/wp-content/uploads/files/20100100/product_image_1/cba0240.jpg".
12-09-2022 @ 10:40:07 - Row :172 - Product updated successfully.
12-09-2022 @ 10:40:07 - Row :173 - Parsing item.
12-09-2022 @ 10:40:07 - Row :173 - Processing item.
12-09-2022 @ 10:40:07 - Found simple product object. ID:732
12-09-2022 @ 10:40:07 - Setting Featured Image. URL:/wp-content/uploads/files/20100100/product_image_1/cba0240.jpg
12-09-2022 @ 10:40:07 - Unable to use image "/wp-content/uploads/files/20100100/product_image_1/cba0240.jpg".
12-09-2022 @ 10:40:07 - Row :173 - Product updated successfully.
12-09-2022 @ 10:40:07 - Row :174 - Parsing item.
12-09-2022 @ 10:40:07 - Row :174 - Processing item.
12-09-2022 @ 10:40:07 - Found simple product object. ID:733
12-09-2022 @ 10:40:07 - Setting Featured Image. URL:/wp-content/uploads/files/20100100/product_image_1/cba0240.jpg
12-09-2022 @ 10:40:07 - Unable to use image "/wp-content/uploads/files/20100100/product_image_1/cba0240.jpg".
12-09-2022 @ 10:40:07 - Row :174 - Product updated successfully.
12-09-2022 @ 10:40:07 - Row :175 - Parsing item.
12-09-2022 @ 10:40:07 - Row :175 - Processing item.
12-09-2022 @ 10:40:07 - Found simple product object. ID:734
12-09-2022 @ 10:40:07 - Setting Featured Image. URL:/wp-content/uploads/files/20100100/product_image_1/cba0240.jpg
12-09-2022 @ 10:40:07 - Unable to use image "/wp-content/uploads/files/20100100/product_image_1/cba0240.jpg".
12-09-2022 @ 10:40:07 - Row :175 - Product updated successfully.
12-09-2022 @ 10:40:07 - Row :176 - Parsing item.
12-09-2022 @ 10:40:07 - Row :176 - Processing item.
12-09-2022 @ 10:40:07 - Found simple product object. ID:735
12-09-2022 @ 10:40:07 - Setting Featured Image. URL:/wp-content/uploads/files/20100100/product_image_1/cba0240.jpg
12-09-2022 @ 10:40:07 - Unable to use image "/wp-content/uploads/files/20100100/product_image_1/cba0240.jpg".
12-09-2022 @ 10:40:07 - Row :176 - Product updated successfully.
12-09-2022 @ 10:40:07 - Row :177 - Parsing item.
12-09-2022 @ 10:40:07 - Row :177 - Processing item.
12-09-2022 @ 10:40:07 - Found simple product object. ID:736
12-09-2022 @ 10:40:07 - Setting Featured Image. URL:/wp-content/uploads/files/20100100/product_image_1/cba0240.jpg
12-09-2022 @ 10:40:07 - Unable to use image "/wp-content/uploads/files/20100100/product_image_1/cba0240.jpg".
12-09-2022 @ 10:40:07 - Row :177 - Product updated successfully.
12-09-2022 @ 10:40:07 - Row :178 - Parsing item.
12-09-2022 @ 10:40:07 - Row :178 - Processing item.
12-09-2022 @ 10:40:07 - Found simple product object. ID:737
12-09-2022 @ 10:40:07 - Setting Featured Image. URL:/wp-content/uploads/files/20100100/product_image_1/cba0240.jpg
12-09-2022 @ 10:40:07 - Unable to use image "/wp-content/uploads/files/20100100/product_image_1/cba0240.jpg".
12-09-2022 @ 10:40:07 - Row :178 - Product updated successfully.
12-09-2022 @ 10:40:07 - Row :179 - Parsing item.
12-09-2022 @ 10:40:07 - Row :179 - Processing item.
12-09-2022 @ 10:40:07 - Found simple product object. ID:738
12-09-2022 @ 10:40:07 - Setting Featured Image. URL:/wp-content/uploads/files/20100100/product_image_1/cba0240.jpg
12-09-2022 @ 10:40:07 - Unable to use image "/wp-content/uploads/files/20100100/product_image_1/cba0240.jpg".
12-09-2022 @ 10:40:07 - Row :179 - Product updated successfully.
12-09-2022 @ 10:40:07 - Row :180 - Parsing item.
12-09-2022 @ 10:40:07 - Row :180 - Processing item.
12-09-2022 @ 10:40:07 - Found simple product object. ID:739
12-09-2022 @ 10:40:07 - Setting Featured Image. URL:/wp-content/uploads/files/20100100/product_image_1/cba0240.jpg
12-09-2022 @ 10:40:07 - Unable to use image "/wp-content/uploads/files/20100100/product_image_1/cba0240.jpg".
12-09-2022 @ 10:40:07 - Row :180 - Product updated successfully.
12-09-2022 @ 10:40:08 - Preparing for import.
12-09-2022 @ 10:40:08 - Row :181 - Parsing item.
12-09-2022 @ 10:40:08 - Row :181 - Processing item.
12-09-2022 @ 10:40:08 - Found simple product object. ID:740
12-09-2022 @ 10:40:08 - Setting Featured Image. URL:/wp-content/uploads/files/20100100/product_image_1/cba0240.jpg
12-09-2022 @ 10:40:08 - Unable to use image "/wp-content/uploads/files/20100100/product_image_1/cba0240.jpg".
12-09-2022 @ 10:40:08 - Row :181 - Product updated successfully.
12-09-2022 @ 10:40:08 - Row :182 - Parsing item.
12-09-2022 @ 10:40:08 - Row :182 - Processing item.
12-09-2022 @ 10:40:08 - Found simple product object. ID:741
12-09-2022 @ 10:40:08 - Setting Featured Image. URL:/wp-content/uploads/files/20100100/product_image_1/cba0240.jpg
12-09-2022 @ 10:40:08 - Unable to use image "/wp-content/uploads/files/20100100/product_image_1/cba0240.jpg".
12-09-2022 @ 10:40:08 - Row :182 - Product updated successfully.
12-09-2022 @ 10:40:08 - Row :183 - Parsing item.
12-09-2022 @ 10:40:08 - Row :183 - Processing item.
12-09-2022 @ 10:40:08 - Found simple product object. ID:742
12-09-2022 @ 10:40:08 - Setting Featured Image. URL:/wp-content/uploads/files/20100100/product_image_1/cba0240.jpg
12-09-2022 @ 10:40:08 - Unable to use image "/wp-content/uploads/files/20100100/product_image_1/cba0240.jpg".
12-09-2022 @ 10:40:08 - Row :183 - Product updated successfully.
12-09-2022 @ 10:40:08 - ---[ Import ended at 2022-12-09 10:40:08]---
